#
# A fatal error has been detected by the Java Runtime Environment:
#
#  EXCEPTION_ACCESS_VIOLATION (0xc0000005) at pc=0x00007fff91efc9e6, pid=5104, tid=8612
#
# JRE version: OpenJDK Runtime Environment (11.0.10) (build 11.0.10+0-b96-7249189)
# Java VM: OpenJDK 64-Bit Server VM (11.0.10+0-b96-7249189, mixed mode, tiered, compressed oops, g1 gc, windows-amd64)
# Problematic frame:
# V  [jvm.dll+0x18c9e6]
#
# No core dump will be written. Minidumps are not enabled by default on client versions of Windows
#
# If you would like to submit a bug report, please visit:
#   https://bugreport.java.com/bugreport/crash.jsp
#

---------------  S U M M A R Y ------------

Command Line: --add-opens=java.base/java.util=ALL-UNNAMED --add-opens=java.base/java.lang=ALL-UNNAMED --add-opens=java.base/java.lang.invoke=ALL-UNNAMED --add-opens=java.base/java.util=ALL-UNNAMED --add-opens=java.prefs/java.util.prefs=ALL-UNNAMED --add-opens=java.prefs/java.util.prefs=ALL-UNNAMED --add-opens=java.base/java.nio.charset=ALL-UNNAMED --add-opens=java.base/java.net=ALL-UNNAMED --add-opens=java.base/java.util.concurrent.atomic=ALL-UNNAMED -Xmx2048m -Dfile.encoding=UTF-8 -Duser.country=MX -Duser.language=es -Duser.variant org.gradle.launcher.daemon.bootstrap.GradleDaemon 7.0.2

Host: Intel(R) Core(TM) i5-3337U CPU @ 1.80GHz, 4 cores, 11G,  Windows 10 , 64 bit Build 19041 (10.0.19041.1202)
Time: Wed Nov 24 19:47:49 2021 Hora est. Pacífico, Sudamérica elapsed time: 5.331323 seconds (0d 0h 0m 5s)

---------------  T H R E A D  ---------------

Current thread (0x0000024c5b406800):  GCTaskThread "GC Thread#1" [stack: 0x000000e8ed200000,0x000000e8ed300000] [id=8612]

Stack: [0x000000e8ed200000,0x000000e8ed300000],  sp=0x000000e8ed2fe0d8,  free space=1016k
Native frames: (J=compiled Java code, j=interpreted, Vv=VM code, C=native code)
V  [jvm.dll+0x18c9e6]


siginfo: EXCEPTION_ACCESS_VIOLATION (0xc0000005), reading address 0x0000000100400828


Register to memory mapping:

RIP=0x00007fff91efc9e6 jvm.dll
RAX=0x0000000000000001 is an unknown value
RBX=0x00000000872ffc7c is pointing into object: java.lang.String 
{0x00000000872ffc70} - klass: 'java/lang/String'
RCX=
[error occurred during error reporting (printing register info), id 0xc0000005, EXCEPTION_ACCESS_VIOLATION (0xc0000005) at pc=0x00007fff91efc9e6]

Registers:
RAX=0x0000000000000001, RBX=0x00000000872ffc7c, RCX=0x0000000087c68a10, RDX=0x0000000087c68a10
RSP=0x000000e8ed2fe0d8, RBP=0x0000000000000009, RSI=0x0000024c5e583ed0, RDI=0x0000024c5e583ed0
R8 =0x0000000087c68a10, R9 =0x0000000100400820, R10=0x0000000087c68a10, R11=0x0000024c5e584040
R12=0x0000000000000000, R13=0x0000000000000000, R14=0x0000024c3e7d9ce0, R15=0x0000000087c68a10
RIP=0x00007fff91efc9e6, EFLAGS=0x0000000000010202

Top of Stack: (sp=0x000000e8ed2fe0d8)
0x000000e8ed2fe0d8:   00007fff9206f61c 00000000872ffc01
0x000000e8ed2fe0e8:   000000000000000d 0000024c5e583ed0
0x000000e8ed2fe0f8:   00000000873e8e45 0000024c3e7d9c60
0x000000e8ed2fe108:   000000000000000b 000000075e584040
0x000000e8ed2fe118:   0000000000000015 0000000000000000
0x000000e8ed2fe128:   0000024c5e583ed0 0000000000000040
0x000000e8ed2fe138:   0000024c3e7d9ce0 0000000000000000
0x000000e8ed2fe148:   0000024c5e583ed0 0000024c5c77b800
0x000000e8ed2fe158:   00007fff92041282 0000024c5e583ed0
0x000000e8ed2fe168:   00007fff92037401 0000000000000ad6
0x000000e8ed2fe178:   00000000872ffc7c 0000024c3e7d9c60
0x000000e8ed2fe188:   00007fff9206db7b 00000000000003f0
0x000000e8ed2fe198:   00000000000003bc 0000024c5c77b800
0x000000e8ed2fe1a8:   00007fff92044144 0000024c5b406800
0x000000e8ed2fe1b8:   00007fff92044144 0000000000000000
0x000000e8ed2fe1c8:   00007fff923570ff 000000e8ed2fe270 

Instructions: (pc=0x00007fff91efc9e6)
0x00007fff91efc8e6:   82 00 48 d3 e0 48 03 05 1e 22 82 00 eb 04 48 8b
0x00007fff91efc8f6:   43 08 81 78 08 00 00 00 c0 73 7d 48 8b 4f 38 48
0x00007fff91efc906:   8b d3 48 8b 01 ff 50 20 84 c0 75 6c 38 05 80 ac
0x00007fff91efc916:   86 00 74 15 8b 53 08 8b 0d f5 21 82 00 48 d3 e2
0x00007fff91efc926:   48 03 15 e3 21 82 00 eb 04 48 8b 53 08 48 8b cb
0x00007fff91efc936:   48 89 5c 24 20 e8 a0 00 00 00 80 7f 30 00 48 63
0x00007fff91efc946:   c8 48 89 4c 24 28 0f 28 44 24 20 74 17 0f 11 86
0x00007fff91efc956:   98 03 00 00 48 8b 5c 24 40 48 8b 74 24 48 48 83
0x00007fff91efc966:   c4 30 5f c3 48 8b 07 48 8d 54 24 20 48 8b cf 66
0x00007fff91efc976:   0f 7f 44 24 20 ff 50 38 48 8b 5c 24 40 48 8b 74
0x00007fff91efc986:   24 48 48 83 c4 30 5f c3 cc cc 48 8b 49 38 48 8b
0x00007fff91efc996:   01 48 ff 60 28 cc cc cc cc cc 80 3d f1 ab 86 00
0x00007fff91efc9a6:   00 48 8b c1 74 1b 8b 51 08 8b 0d 63 21 82 00 48
0x00007fff91efc9b6:   d3 e2 48 8b c8 48 03 15 4e 21 82 00 e9 19 00 00
0x00007fff91efc9c6:   00 48 8b 51 08 48 8b c8 e9 0d 00 00 00 cc cc cc
0x00007fff91efc9d6:   cc cc cc cc cc cc cc cc cc cc 4c 8b ca 48 8b d1
0x00007fff91efc9e6:   45 8b 41 08 45 85 c0 7e 0e 41 f6 c0 01 75 59 41
0x00007fff91efc9f6:   c1 f8 03 41 8b c0 c3 79 4f 80 3d 92 ab 86 00 00
0x00007fff91efca06:   b8 0c 00 00 00 b9 10 00 00 00 0f 45 c8 8b 05 ab
0x00007fff91efca16:   6c 80 00 ff c8 4c 63 c8 48 63 c1 41 8b c8 83 e1
0x00007fff91efca26:   3f 48 63 14 10 41 8b c0 48 c1 f8 10 0f b6 c0 48
0x00007fff91efca36:   d3 e2 49 8d 0c 11 49 f7 d1 48 03 c1 49 c1 e9 03
0x00007fff91efca46:   48 c1 e8 03 41 23 c1 c3 49 8b 01 49 8b c9 48 ff
0x00007fff91efca56:   a0 10 01 00 00 cc cc cc cc cc 48 83 ec 38 0f 10
0x00007fff91efca66:   02 48 8b 49 38 48 8d 54 24 20 0f 29 44 24 20 e8
0x00007fff91efca76:   56 f0 ff ff 48 83 c4 38 c3 cc 48 89 5c 24 08 55
0x00007fff91efca86:   56 57 41 54 41 55 41 56 41 57 48 8d 6c 24 e0 48
0x00007fff91efca96:   81 ec 20 01 00 00 48 8b 05 5d a5 83 00 48 33 c4
0x00007fff91efcaa6:   48 89 45 10 48 8b 05 df 15 86 00 45 33 ed 4c 8b
0x00007fff91efcab6:   b5 80 00 00 00 4c 8b fa 48 8b bd 88 00 00 00 4d
0x00007fff91efcac6:   8b c6 49 8b d6 49 8b f1 48 8b 48 38 48 8b 59 48
0x00007fff91efcad6:   49 8b cf c7 45 c0 ff ff ff ff 44 89 6d d4 4c 89 


Stack slot to memory mapping:
stack at sp + 0 slots: 0x00007fff9206f61c jvm.dll
stack at sp + 1 slots: 0x00000000872ffc01 is pointing into object: [Lsun.reflect.generics.tree.TypeArgument; 
{0x00000000872ffbf8} - klass: 'sun/reflect/generics/tree/TypeArgument'[]
 - length: 0
stack at sp + 2 slots: 0x000000000000000d is an unknown value
stack at sp + 3 slots: 0x0000024c5e583ed0 points into unknown readable memory: 0x00007fff925930f8 | f8 30 59 92 ff 7f 00 00
stack at sp + 4 slots: 0x00000000873e8e45 is pointing into object: [Ljava.lang.Object; 
{0x00000000873e6d28} - klass: 'java/lang/Object'[]
 - length: 2774
stack at sp + 5 slots: 0x0000024c3e7d9c60 points into unknown readable memory: 0x00000000000003f0 | f0 03 00 00 00 00 00 00
stack at sp + 6 slots: 0x000000000000000b is an unknown value
stack at sp + 7 slots: 0x000000075e584040 is an unknown value


---------------  P R O C E S S  ---------------

Threads class SMR info:
_java_thread_list=0x0000024c5e52c3f0, length=29, elements={
0x0000024c3e7bf800, 0x0000024c5a304000, 0x0000024c5a305000, 0x0000024c5ab72800,
0x0000024c5ab73000, 0x0000024c5ab77800, 0x0000024c5ab7d000, 0x0000024c5ab84000,
0x0000024c5ab85800, 0x0000024c5acd8800, 0x0000024c5cc6c000, 0x0000024c5bbd5000,
0x0000024c5dfb6000, 0x0000024c5b900000, 0x0000024c5c1e6800, 0x0000024c5c77c800,
0x0000024c5c77b800, 0x0000024c5c77a000, 0x0000024c5c77e000, 0x0000024c5c77e800,
0x0000024c5c779000, 0x0000024c5c77d000, 0x0000024c5c77f800, 0x0000024c5d1d9800,
0x0000024c5c77a800, 0x0000024c5e88a800, 0x0000024c5e88b000, 0x0000024c5e887000,
0x0000024c5e886800
}

Java Threads: ( => current thread )
  0x0000024c3e7bf800 JavaThread "main" [_thread_blocked, id=10468, stack(0x000000e8ec000000,0x000000e8ec100000)]
  0x0000024c5a304000 JavaThread "Reference Handler" daemon [_thread_blocked, id=1836, stack(0x000000e8ec700000,0x000000e8ec800000)]
  0x0000024c5a305000 JavaThread "Finalizer" daemon [_thread_blocked, id=6548, stack(0x000000e8ec800000,0x000000e8ec900000)]
  0x0000024c5ab72800 JavaThread "Signal Dispatcher" daemon [_thread_blocked, id=11200, stack(0x000000e8ec900000,0x000000e8eca00000)]
  0x0000024c5ab73000 JavaThread "Attach Listener" daemon [_thread_blocked, id=1072, stack(0x000000e8eca00000,0x000000e8ecb00000)]
  0x0000024c5ab77800 JavaThread "Service Thread" daemon [_thread_blocked, id=6952, stack(0x000000e8ecb00000,0x000000e8ecc00000)]
  0x0000024c5ab7d000 JavaThread "C2 CompilerThread0" daemon [_thread_blocked, id=1908, stack(0x000000e8ecc00000,0x000000e8ecd00000)]
  0x0000024c5ab84000 JavaThread "C1 CompilerThread0" daemon [_thread_blocked, id=10080, stack(0x000000e8ecd00000,0x000000e8ece00000)]
  0x0000024c5ab85800 JavaThread "Sweeper thread" daemon [_thread_blocked, id=10392, stack(0x000000e8ece00000,0x000000e8ecf00000)]
  0x0000024c5acd8800 JavaThread "Common-Cleaner" daemon [_thread_blocked, id=8608, stack(0x000000e8ecf00000,0x000000e8ed000000)]
  0x0000024c5cc6c000 JavaThread "Daemon health stats" [_thread_blocked, id=10748, stack(0x000000e8ed500000,0x000000e8ed600000)]
  0x0000024c5bbd5000 JavaThread "Incoming local TCP Connector on port 50115" [_thread_in_native, id=4728, stack(0x000000e8ed100000,0x000000e8ed200000)]
  0x0000024c5dfb6000 JavaThread "Daemon periodic checks" [_thread_blocked, id=8504, stack(0x000000e8ed600000,0x000000e8ed700000)]
  0x0000024c5b900000 JavaThread "Daemon" [_thread_blocked, id=4924, stack(0x000000e8ed700000,0x000000e8ed800000)]
  0x0000024c5c1e6800 JavaThread "Handler for socket connection from /127.0.0.1:50115 to /127.0.0.1:50116" [_thread_in_native, id=10484, stack(0x000000e8ed800000,0x000000e8ed900000)]
  0x0000024c5c77c800 JavaThread "Cancel handler" [_thread_blocked, id=7244, stack(0x000000e8ed900000,0x000000e8eda00000)]
  0x0000024c5c77b800 JavaThread "Daemon worker" [_thread_blocked, id=9964, stack(0x000000e8eda00000,0x000000e8edb00000)]
  0x0000024c5c77a000 JavaThread "Asynchronous log dispatcher for DefaultDaemonConnection: socket connection from /127.0.0.1:50115 to /127.0.0.1:50116" [_thread_blocked, id=4968, stack(0x000000e8edb00000,0x000000e8edc00000)]
  0x0000024c5c77e000 JavaThread "Stdin handler" [_thread_blocked, id=4888, stack(0x000000e8edc00000,0x000000e8edd00000)]
  0x0000024c5c77e800 JavaThread "Daemon client event forwarder" [_thread_blocked, id=8184, stack(0x000000e8edd00000,0x000000e8ede00000)]
  0x0000024c5c779000 JavaThread "Cache worker for file hash cache (C:\Users\TabSan\.gradle\caches\7.0.2\fileHashes)" [_thread_blocked, id=10704, stack(0x000000e8ede00000,0x000000e8edf00000)]
  0x0000024c5c77d000 JavaThread "File lock request listener" [_thread_in_native, id=10480, stack(0x000000e8edf00000,0x000000e8ee000000)]
  0x0000024c5c77f800 JavaThread "Cache worker for journal cache (C:\Users\TabSan\.gradle\caches\journal-1)" [_thread_blocked, id=12076, stack(0x000000e8ee000000,0x000000e8ee100000)]
  0x0000024c5d1d9800 JavaThread "C2 CompilerThread1" daemon [_thread_blocked, id=9932, stack(0x000000e8ee100000,0x000000e8ee200000)]
  0x0000024c5c77a800 JavaThread "Cache worker for file hash cache (C:\Users\TabSan\AndroidStudioProjects\OurApp\.gradle\7.0.2\fileHashes)" [_thread_blocked, id=7448, stack(0x000000e8ee200000,0x000000e8ee300000)]
  0x0000024c5e88a800 JavaThread "File watcher server" daemon [_thread_in_native, id=11012, stack(0x000000e8ee300000,0x000000e8ee400000)]
  0x0000024c5e88b000 JavaThread "File watcher consumer" daemon [_thread_blocked, id=4584, stack(0x000000e8ee400000,0x000000e8ee500000)]
  0x0000024c5e887000 JavaThread "Cache worker for checksums cache (C:\Users\TabSan\AndroidStudioProjects\OurApp\.gradle\checksums)" [_thread_blocked, id=644, stack(0x000000e8ee500000,0x000000e8ee600000)]
  0x0000024c5e886800 JavaThread "Cache worker for cache directory md-supplier (C:\Users\TabSan\.gradle\caches\7.0.2\md-supplier)" [_thread_blocked, id=11260, stack(0x000000e8ee600000,0x000000e8ee700000)]

Other Threads:
  0x0000024c5ab22800 VMThread "VM Thread" [stack: 0x000000e8ec600000,0x000000e8ec700000] [id=8276]
  0x0000024c5ad15800 WatcherThread [stack: 0x000000e8ed000000,0x000000e8ed100000] [id=11276]
  0x0000024c3e7d9000 GCTaskThread "GC Thread#0" [stack: 0x000000e8ec100000,0x000000e8ec200000] [id=8952]
=>0x0000024c5b406800 GCTaskThread "GC Thread#1" [stack: 0x000000e8ed200000,0x000000e8ed300000] [id=8612]
  0x0000024c5b9f7800 GCTaskThread "GC Thread#2" [stack: 0x000000e8ed300000,0x000000e8ed400000] [id=3520]
  0x0000024c5b3bc800 GCTaskThread "GC Thread#3" [stack: 0x000000e8ed400000,0x000000e8ed500000] [id=8972]
  0x0000024c3e809800 ConcurrentGCThread "G1 Main Marker" [stack: 0x000000e8ec200000,0x000000e8ec300000] [id=11792]
  0x0000024c3e80a800 ConcurrentGCThread "G1 Conc#0" [stack: 0x000000e8ec300000,0x000000e8ec400000] [id=9860]
  0x0000024c5a150800 ConcurrentGCThread "G1 Refine#0" [stack: 0x000000e8ec400000,0x000000e8ec500000] [id=6260]
  0x0000024c5a151800 ConcurrentGCThread "G1 Young RemSet Sampling" [stack: 0x000000e8ec500000,0x000000e8ec600000] [id=11060]

Threads with active compile tasks:
C2 CompilerThread0   5452 2260       4       java.lang.reflect.ProxyGenerator$ConstantPool::getValue (87 bytes)
C2 CompilerThread1   5452 2259       4       java.lang.reflect.ProxyGenerator$ConstantPool::getUtf8 (18 bytes)

VM state:at safepoint (normal execution)

VM Mutex/Monitor currently owned by a thread:  ([mutex/lock_event])
[0x0000024c3e7bcd80] Threads_lock - owner thread: 0x0000024c5ab22800
[0x0000024c3e7bb3a0] Heap_lock - owner thread: 0x0000024c5c77b800

Heap address: 0x0000000080000000, size: 2048 MB, Compressed Oops mode: 32-bit
Narrow klass base: 0x0000000000000000, Narrow klass shift: 3
Compressed class space size: 1073741824 Address: 0x0000000100000000

Heap:
 garbage-first heap   total 196608K, used 86762K [0x0000000080000000, 0x0000000100000000)
  region size 1024K, 74 young (75776K), 6 survivors (6144K)
 Metaspace       used 27193K, capacity 27867K, committed 27904K, reserved 1073152K
  class space    used 3590K, capacity 3827K, committed 3840K, reserved 1048576K
Heap Regions: E=young(eden), S=young(survivor), O=old, HS=humongous(starts), HC=humongous(continues), CS=collection set, F=free, A=archive, TAMS=top-at-mark-start (previous, next)
|   0|0x0000000080000000, 0x0000000080100000, 0x0000000080100000|100%| O|  |TAMS 0x0000000080100000, 0x0000000080000000| Untracked 
|   1|0x0000000080100000, 0x0000000080200000, 0x0000000080200000|100%| O|  |TAMS 0x00000000801eee00, 0x0000000080100000| Untracked 
|   2|0x0000000080200000, 0x0000000080300000, 0x0000000080300000|100%| O|  |TAMS 0x0000000080200000, 0x0000000080200000| Untracked 
|   3|0x0000000080300000, 0x0000000080400000, 0x0000000080400000|100%|HS|  |TAMS 0x0000000080400000, 0x0000000080300000| Complete 
|   4|0x0000000080400000, 0x0000000080500000, 0x0000000080500000|100%|HC|  |TAMS 0x0000000080500000, 0x0000000080400000| Complete 
|   5|0x0000000080500000, 0x0000000080600000, 0x0000000080600000|100%|HC|  |TAMS 0x0000000080600000, 0x0000000080500000| Complete 
|   6|0x0000000080600000, 0x0000000080700000, 0x0000000080700000|100%| O|  |TAMS 0x0000000080700000, 0x0000000080600000| Untracked 
|   7|0x0000000080700000, 0x0000000080800000, 0x0000000080800000|100%| O|  |TAMS 0x0000000080800000, 0x0000000080700000| Untracked 
|   8|0x0000000080800000, 0x0000000080900000, 0x0000000080900000|100%| O|  |TAMS 0x0000000080900000, 0x0000000080800000| Untracked 
|   9|0x0000000080900000, 0x0000000080a00000, 0x0000000080a00000|100%| O|  |TAMS 0x0000000080a00000, 0x0000000080900000| Untracked 
|  10|0x0000000080a00000, 0x0000000080b00000, 0x0000000080b00000|100%| O|  |TAMS 0x0000000080a00000, 0x0000000080a00000| Untracked 
|  11|0x0000000080b00000, 0x0000000080c00000, 0x0000000080c00000|100%| O|  |TAMS 0x0000000080b00000, 0x0000000080b00000| Untracked 
|  12|0x0000000080c00000, 0x0000000080d00000, 0x0000000080d00000|100%| O|  |TAMS 0x0000000080c00000, 0x0000000080c00000| Untracked 
|  13|0x0000000080d00000, 0x0000000080d4b7d0, 0x0000000080e00000| 29%| O|  |TAMS 0x0000000080d00000, 0x0000000080d00000| Untracked 
|  14|0x0000000080e00000, 0x0000000080e00000, 0x0000000080f00000|  0%| F|  |TAMS 0x0000000080e00000, 0x0000000080e00000| Untracked 
|  15|0x0000000080f00000, 0x0000000080f00000, 0x0000000081000000|  0%| F|  |TAMS 0x0000000080f00000, 0x0000000080f00000| Untracked 
|  16|0x0000000081000000, 0x0000000081000000, 0x0000000081100000|  0%| F|  |TAMS 0x0000000081000000, 0x0000000081000000| Untracked 
|  17|0x0000000081100000, 0x0000000081100000, 0x0000000081200000|  0%| F|  |TAMS 0x0000000081100000, 0x0000000081100000| Untracked 
|  18|0x0000000081200000, 0x0000000081200000, 0x0000000081300000|  0%| F|  |TAMS 0x0000000081200000, 0x0000000081200000| Untracked 
|  19|0x0000000081300000, 0x0000000081300000, 0x0000000081400000|  0%| F|  |TAMS 0x0000000081300000, 0x0000000081300000| Untracked 
|  20|0x0000000081400000, 0x0000000081400000, 0x0000000081500000|  0%| F|  |TAMS 0x0000000081400000, 0x0000000081400000| Untracked 
|  21|0x0000000081500000, 0x0000000081500000, 0x0000000081600000|  0%| F|  |TAMS 0x0000000081500000, 0x0000000081500000| Untracked 
|  22|0x0000000081600000, 0x0000000081600000, 0x0000000081700000|  0%| F|  |TAMS 0x0000000081600000, 0x0000000081600000| Untracked 
|  23|0x0000000081700000, 0x0000000081700000, 0x0000000081800000|  0%| F|  |TAMS 0x0000000081700000, 0x0000000081700000| Untracked 
|  24|0x0000000081800000, 0x0000000081800000, 0x0000000081900000|  0%| F|  |TAMS 0x0000000081800000, 0x0000000081800000| Untracked 
|  25|0x0000000081900000, 0x0000000081900000, 0x0000000081a00000|  0%| F|  |TAMS 0x0000000081900000, 0x0000000081900000| Untracked 
|  26|0x0000000081a00000, 0x0000000081a00000, 0x0000000081b00000|  0%| F|  |TAMS 0x0000000081a00000, 0x0000000081a00000| Untracked 
|  27|0x0000000081b00000, 0x0000000081b00000, 0x0000000081c00000|  0%| F|  |TAMS 0x0000000081b00000, 0x0000000081b00000| Untracked 
|  28|0x0000000081c00000, 0x0000000081c00000, 0x0000000081d00000|  0%| F|  |TAMS 0x0000000081c00000, 0x0000000081c00000| Untracked 
|  29|0x0000000081d00000, 0x0000000081d00000, 0x0000000081e00000|  0%| F|  |TAMS 0x0000000081d00000, 0x0000000081d00000| Untracked 
|  30|0x0000000081e00000, 0x0000000081e00000, 0x0000000081f00000|  0%| F|  |TAMS 0x0000000081e00000, 0x0000000081e00000| Untracked 
|  31|0x0000000081f00000, 0x0000000081f00000, 0x0000000082000000|  0%| F|  |TAMS 0x0000000081f00000, 0x0000000081f00000| Untracked 
|  32|0x0000000082000000, 0x0000000082000000, 0x0000000082100000|  0%| F|  |TAMS 0x0000000082000000, 0x0000000082000000| Untracked 
|  33|0x0000000082100000, 0x0000000082100000, 0x0000000082200000|  0%| F|  |TAMS 0x0000000082100000, 0x0000000082100000| Untracked 
|  34|0x0000000082200000, 0x0000000082200000, 0x0000000082300000|  0%| F|  |TAMS 0x0000000082200000, 0x0000000082200000| Untracked 
|  35|0x0000000082300000, 0x0000000082300000, 0x0000000082400000|  0%| F|  |TAMS 0x0000000082300000, 0x0000000082300000| Untracked 
|  36|0x0000000082400000, 0x0000000082400000, 0x0000000082500000|  0%| F|  |TAMS 0x0000000082400000, 0x0000000082400000| Untracked 
|  37|0x0000000082500000, 0x0000000082500000, 0x0000000082600000|  0%| F|  |TAMS 0x0000000082500000, 0x0000000082500000| Untracked 
|  38|0x0000000082600000, 0x0000000082600000, 0x0000000082700000|  0%| F|  |TAMS 0x0000000082600000, 0x0000000082600000| Untracked 
|  39|0x0000000082700000, 0x0000000082700000, 0x0000000082800000|  0%| F|  |TAMS 0x0000000082700000, 0x0000000082700000| Untracked 
|  40|0x0000000082800000, 0x0000000082800000, 0x0000000082900000|  0%| F|  |TAMS 0x0000000082800000, 0x0000000082800000| Untracked 
|  41|0x0000000082900000, 0x0000000082900000, 0x0000000082a00000|  0%| F|  |TAMS 0x0000000082900000, 0x0000000082900000| Untracked 
|  42|0x0000000082a00000, 0x0000000082a00000, 0x0000000082b00000|  0%| F|  |TAMS 0x0000000082a00000, 0x0000000082a00000| Untracked 
|  43|0x0000000082b00000, 0x0000000082b00000, 0x0000000082c00000|  0%| F|  |TAMS 0x0000000082b00000, 0x0000000082b00000| Untracked 
|  44|0x0000000082c00000, 0x0000000082c00000, 0x0000000082d00000|  0%| F|  |TAMS 0x0000000082c00000, 0x0000000082c00000| Untracked 
|  45|0x0000000082d00000, 0x0000000082d00000, 0x0000000082e00000|  0%| F|  |TAMS 0x0000000082d00000, 0x0000000082d00000| Untracked 
|  46|0x0000000082e00000, 0x0000000082e00000, 0x0000000082f00000|  0%| F|  |TAMS 0x0000000082e00000, 0x0000000082e00000| Untracked 
|  47|0x0000000082f00000, 0x0000000082f00000, 0x0000000083000000|  0%| F|  |TAMS 0x0000000082f00000, 0x0000000082f00000| Untracked 
|  48|0x0000000083000000, 0x0000000083000000, 0x0000000083100000|  0%| F|  |TAMS 0x0000000083000000, 0x0000000083000000| Untracked 
|  49|0x0000000083100000, 0x0000000083100000, 0x0000000083200000|  0%| F|  |TAMS 0x0000000083100000, 0x0000000083100000| Untracked 
|  50|0x0000000083200000, 0x0000000083200000, 0x0000000083300000|  0%| F|  |TAMS 0x0000000083200000, 0x0000000083200000| Untracked 
|  51|0x0000000083300000, 0x0000000083300000, 0x0000000083400000|  0%| F|  |TAMS 0x0000000083300000, 0x0000000083300000| Untracked 
|  52|0x0000000083400000, 0x0000000083400000, 0x0000000083500000|  0%| F|  |TAMS 0x0000000083400000, 0x0000000083400000| Untracked 
|  53|0x0000000083500000, 0x0000000083500000, 0x0000000083600000|  0%| F|  |TAMS 0x0000000083500000, 0x0000000083500000| Untracked 
|  54|0x0000000083600000, 0x0000000083600000, 0x0000000083700000|  0%| F|  |TAMS 0x0000000083600000, 0x0000000083600000| Untracked 
|  55|0x0000000083700000, 0x0000000083700000, 0x0000000083800000|  0%| F|  |TAMS 0x0000000083700000, 0x0000000083700000| Untracked 
|  56|0x0000000083800000, 0x0000000083800000, 0x0000000083900000|  0%| F|  |TAMS 0x0000000083800000, 0x0000000083800000| Untracked 
|  57|0x0000000083900000, 0x0000000083900000, 0x0000000083a00000|  0%| F|  |TAMS 0x0000000083900000, 0x0000000083900000| Untracked 
|  58|0x0000000083a00000, 0x0000000083a00000, 0x0000000083b00000|  0%| F|  |TAMS 0x0000000083a00000, 0x0000000083a00000| Untracked 
|  59|0x0000000083b00000, 0x0000000083b00000, 0x0000000083c00000|  0%| F|  |TAMS 0x0000000083b00000, 0x0000000083b00000| Untracked 
|  60|0x0000000083c00000, 0x0000000083c00000, 0x0000000083d00000|  0%| F|  |TAMS 0x0000000083c00000, 0x0000000083c00000| Untracked 
|  61|0x0000000083d00000, 0x0000000083d00000, 0x0000000083e00000|  0%| F|  |TAMS 0x0000000083d00000, 0x0000000083d00000| Untracked 
|  62|0x0000000083e00000, 0x0000000083e00000, 0x0000000083f00000|  0%| F|  |TAMS 0x0000000083e00000, 0x0000000083e00000| Untracked 
|  63|0x0000000083f00000, 0x0000000083f00000, 0x0000000084000000|  0%| F|  |TAMS 0x0000000083f00000, 0x0000000083f00000| Untracked 
|  64|0x0000000084000000, 0x0000000084000000, 0x0000000084100000|  0%| F|  |TAMS 0x0000000084000000, 0x0000000084000000| Untracked 
|  65|0x0000000084100000, 0x0000000084100000, 0x0000000084200000|  0%| F|  |TAMS 0x0000000084100000, 0x0000000084100000| Untracked 
|  66|0x0000000084200000, 0x0000000084200000, 0x0000000084300000|  0%| F|  |TAMS 0x0000000084200000, 0x0000000084200000| Untracked 
|  67|0x0000000084300000, 0x0000000084300000, 0x0000000084400000|  0%| F|  |TAMS 0x0000000084300000, 0x0000000084300000| Untracked 
|  68|0x0000000084400000, 0x0000000084400000, 0x0000000084500000|  0%| F|  |TAMS 0x0000000084400000, 0x0000000084400000| Untracked 
|  69|0x0000000084500000, 0x0000000084500000, 0x0000000084600000|  0%| F|  |TAMS 0x0000000084500000, 0x0000000084500000| Untracked 
|  70|0x0000000084600000, 0x0000000084600000, 0x0000000084700000|  0%| F|  |TAMS 0x0000000084600000, 0x0000000084600000| Untracked 
|  71|0x0000000084700000, 0x0000000084700000, 0x0000000084800000|  0%| F|  |TAMS 0x0000000084700000, 0x0000000084700000| Untracked 
|  72|0x0000000084800000, 0x0000000084800000, 0x0000000084900000|  0%| F|  |TAMS 0x0000000084800000, 0x0000000084800000| Untracked 
|  73|0x0000000084900000, 0x0000000084900000, 0x0000000084a00000|  0%| F|  |TAMS 0x0000000084900000, 0x0000000084900000| Untracked 
|  74|0x0000000084a00000, 0x0000000084a00000, 0x0000000084b00000|  0%| F|  |TAMS 0x0000000084a00000, 0x0000000084a00000| Untracked 
|  75|0x0000000084b00000, 0x0000000084b00000, 0x0000000084c00000|  0%| F|  |TAMS 0x0000000084b00000, 0x0000000084b00000| Untracked 
|  76|0x0000000084c00000, 0x0000000084c00000, 0x0000000084d00000|  0%| F|  |TAMS 0x0000000084c00000, 0x0000000084c00000| Untracked 
|  77|0x0000000084d00000, 0x0000000084d00000, 0x0000000084e00000|  0%| F|  |TAMS 0x0000000084d00000, 0x0000000084d00000| Untracked 
|  78|0x0000000084e00000, 0x0000000084e00000, 0x0000000084f00000|  0%| F|  |TAMS 0x0000000084e00000, 0x0000000084e00000| Untracked 
|  79|0x0000000084f00000, 0x0000000084f00000, 0x0000000085000000|  0%| F|  |TAMS 0x0000000084f00000, 0x0000000084f00000| Untracked 
|  80|0x0000000085000000, 0x0000000085000000, 0x0000000085100000|  0%| F|  |TAMS 0x0000000085000000, 0x0000000085000000| Untracked 
|  81|0x0000000085100000, 0x0000000085100000, 0x0000000085200000|  0%| F|  |TAMS 0x0000000085100000, 0x0000000085100000| Untracked 
|  82|0x0000000085200000, 0x0000000085200000, 0x0000000085300000|  0%| F|  |TAMS 0x0000000085200000, 0x0000000085200000| Untracked 
|  83|0x0000000085300000, 0x0000000085300000, 0x0000000085400000|  0%| F|  |TAMS 0x0000000085300000, 0x0000000085300000| Untracked 
|  84|0x0000000085400000, 0x0000000085400000, 0x0000000085500000|  0%| F|  |TAMS 0x0000000085400000, 0x0000000085400000| Untracked 
|  85|0x0000000085500000, 0x0000000085500000, 0x0000000085600000|  0%| F|  |TAMS 0x0000000085500000, 0x0000000085500000| Untracked 
|  86|0x0000000085600000, 0x0000000085600000, 0x0000000085700000|  0%| F|  |TAMS 0x0000000085600000, 0x0000000085600000| Untracked 
|  87|0x0000000085700000, 0x0000000085700000, 0x0000000085800000|  0%| F|  |TAMS 0x0000000085700000, 0x0000000085700000| Untracked 
|  88|0x0000000085800000, 0x0000000085800000, 0x0000000085900000|  0%| F|  |TAMS 0x0000000085800000, 0x0000000085800000| Untracked 
|  89|0x0000000085900000, 0x0000000085900000, 0x0000000085a00000|  0%| F|  |TAMS 0x0000000085900000, 0x0000000085900000| Untracked 
|  90|0x0000000085a00000, 0x0000000085a00000, 0x0000000085b00000|  0%| F|  |TAMS 0x0000000085a00000, 0x0000000085a00000| Untracked 
|  91|0x0000000085b00000, 0x0000000085b00000, 0x0000000085c00000|  0%| F|  |TAMS 0x0000000085b00000, 0x0000000085b00000| Untracked 
|  92|0x0000000085c00000, 0x0000000085c00000, 0x0000000085d00000|  0%| F|  |TAMS 0x0000000085c00000, 0x0000000085c00000| Untracked 
|  93|0x0000000085d00000, 0x0000000085d00000, 0x0000000085e00000|  0%| F|  |TAMS 0x0000000085d00000, 0x0000000085d00000| Untracked 
|  94|0x0000000085e00000, 0x0000000085e00000, 0x0000000085f00000|  0%| F|  |TAMS 0x0000000085e00000, 0x0000000085e00000| Untracked 
|  95|0x0000000085f00000, 0x0000000085f00000, 0x0000000086000000|  0%| F|  |TAMS 0x0000000085f00000, 0x0000000085f00000| Untracked 
|  96|0x0000000086000000, 0x0000000086000000, 0x0000000086100000|  0%| F|  |TAMS 0x0000000086000000, 0x0000000086000000| Untracked 
|  97|0x0000000086100000, 0x0000000086100000, 0x0000000086200000|  0%| F|  |TAMS 0x0000000086100000, 0x0000000086100000| Untracked 
|  98|0x0000000086200000, 0x0000000086200000, 0x0000000086300000|  0%| F|  |TAMS 0x0000000086200000, 0x0000000086200000| Untracked 
|  99|0x0000000086300000, 0x0000000086300000, 0x0000000086400000|  0%| F|  |TAMS 0x0000000086300000, 0x0000000086300000| Untracked 
| 100|0x0000000086400000, 0x0000000086400000, 0x0000000086500000|  0%| F|  |TAMS 0x0000000086400000, 0x0000000086400000| Untracked 
| 101|0x0000000086500000, 0x0000000086500000, 0x0000000086600000|  0%| F|  |TAMS 0x0000000086500000, 0x0000000086500000| Untracked 
| 102|0x0000000086600000, 0x0000000086600000, 0x0000000086700000|  0%| F|  |TAMS 0x0000000086600000, 0x0000000086600000| Untracked 
| 103|0x0000000086700000, 0x0000000086700000, 0x0000000086800000|  0%| F|  |TAMS 0x0000000086700000, 0x0000000086700000| Untracked 
| 104|0x0000000086800000, 0x0000000086800000, 0x0000000086900000|  0%| F|  |TAMS 0x0000000086800000, 0x0000000086800000| Untracked 
| 105|0x0000000086900000, 0x0000000086900000, 0x0000000086a00000|  0%| F|  |TAMS 0x0000000086900000, 0x0000000086900000| Untracked 
| 106|0x0000000086a00000, 0x0000000086a00000, 0x0000000086b00000|  0%| F|  |TAMS 0x0000000086a00000, 0x0000000086a00000| Untracked 
| 107|0x0000000086b00000, 0x0000000086b00000, 0x0000000086c00000|  0%| F|  |TAMS 0x0000000086b00000, 0x0000000086b00000| Untracked 
| 108|0x0000000086c00000, 0x0000000086c00000, 0x0000000086d00000|  0%| F|  |TAMS 0x0000000086c00000, 0x0000000086c00000| Untracked 
| 109|0x0000000086d00000, 0x0000000086d00000, 0x0000000086e00000|  0%| F|  |TAMS 0x0000000086d00000, 0x0000000086d00000| Untracked 
| 110|0x0000000086e00000, 0x0000000086e303f8, 0x0000000086f00000| 18%| S|  |TAMS 0x0000000086e00000, 0x0000000086e00000| Complete 
| 111|0x0000000086f00000, 0x0000000087000000, 0x0000000087000000|100%| S|  |TAMS 0x0000000086f00000, 0x0000000086f00000| Complete 
| 112|0x0000000087000000, 0x0000000087100000, 0x0000000087100000|100%| S|  |TAMS 0x0000000087000000, 0x0000000087000000| Complete 
| 113|0x0000000087100000, 0x0000000087200000, 0x0000000087200000|100%| S|  |TAMS 0x0000000087100000, 0x0000000087100000| Complete 
| 114|0x0000000087200000, 0x0000000087300000, 0x0000000087300000|100%| S|  |TAMS 0x0000000087200000, 0x0000000087200000| Complete 
| 115|0x0000000087300000, 0x0000000087400000, 0x0000000087400000|100%| S|  |TAMS 0x0000000087300000, 0x0000000087300000| Complete 
| 116|0x0000000087400000, 0x0000000087500000, 0x0000000087500000|100%| E|CS|TAMS 0x0000000087400000, 0x0000000087400000| Complete 
| 117|0x0000000087500000, 0x0000000087600000, 0x0000000087600000|100%| E|CS|TAMS 0x0000000087500000, 0x0000000087500000| Complete 
| 118|0x0000000087600000, 0x0000000087700000, 0x0000000087700000|100%| E|CS|TAMS 0x0000000087600000, 0x0000000087600000| Complete 
| 119|0x0000000087700000, 0x0000000087800000, 0x0000000087800000|100%| E|CS|TAMS 0x0000000087700000, 0x0000000087700000| Complete 
| 120|0x0000000087800000, 0x0000000087900000, 0x0000000087900000|100%| E|CS|TAMS 0x0000000087800000, 0x0000000087800000| Complete 
| 121|0x0000000087900000, 0x0000000087a00000, 0x0000000087a00000|100%| E|CS|TAMS 0x0000000087900000, 0x0000000087900000| Complete 
| 122|0x0000000087a00000, 0x0000000087b00000, 0x0000000087b00000|100%| E|CS|TAMS 0x0000000087a00000, 0x0000000087a00000| Complete 
| 123|0x0000000087b00000, 0x0000000087bcbb40, 0x0000000087c00000| 79%| E|CS|TAMS 0x0000000087b00000, 0x0000000087b00000| Complete 
| 124|0x0000000087c00000, 0x0000000087d00000, 0x0000000087d00000|100%| E|CS|TAMS 0x0000000087c00000, 0x0000000087c00000| Complete 
| 125|0x0000000087d00000, 0x0000000087e00000, 0x0000000087e00000|100%| E|CS|TAMS 0x0000000087d00000, 0x0000000087d00000| Complete 
| 126|0x0000000087e00000, 0x0000000087f00000, 0x0000000087f00000|100%| E|CS|TAMS 0x0000000087e00000, 0x0000000087e00000| Complete 
| 127|0x0000000087f00000, 0x0000000088000000, 0x0000000088000000|100%| E|CS|TAMS 0x0000000087f00000, 0x0000000087f00000| Complete 
| 128|0x0000000088000000, 0x0000000088100000, 0x0000000088100000|100%| E|CS|TAMS 0x0000000088000000, 0x0000000088000000| Complete 
| 129|0x0000000088100000, 0x0000000088200000, 0x0000000088200000|100%| E|CS|TAMS 0x0000000088100000, 0x0000000088100000| Complete 
| 130|0x0000000088200000, 0x0000000088300000, 0x0000000088300000|100%| E|CS|TAMS 0x0000000088200000, 0x0000000088200000| Complete 
| 131|0x0000000088300000, 0x0000000088400000, 0x0000000088400000|100%| E|CS|TAMS 0x0000000088300000, 0x0000000088300000| Complete 
| 132|0x0000000088400000, 0x0000000088500000, 0x0000000088500000|100%| E|CS|TAMS 0x0000000088400000, 0x0000000088400000| Complete 
| 133|0x0000000088500000, 0x0000000088600000, 0x0000000088600000|100%| E|CS|TAMS 0x0000000088500000, 0x0000000088500000| Complete 
| 134|0x0000000088600000, 0x0000000088700000, 0x0000000088700000|100%| E|CS|TAMS 0x0000000088600000, 0x0000000088600000| Complete 
| 135|0x0000000088700000, 0x0000000088800000, 0x0000000088800000|100%| E|CS|TAMS 0x0000000088700000, 0x0000000088700000| Complete 
| 136|0x0000000088800000, 0x0000000088900000, 0x0000000088900000|100%| E|CS|TAMS 0x0000000088800000, 0x0000000088800000| Complete 
| 137|0x0000000088900000, 0x0000000088a00000, 0x0000000088a00000|100%| E|CS|TAMS 0x0000000088900000, 0x0000000088900000| Complete 
| 138|0x0000000088a00000, 0x0000000088b00000, 0x0000000088b00000|100%| E|CS|TAMS 0x0000000088a00000, 0x0000000088a00000| Complete 
| 139|0x0000000088b00000, 0x0000000088c00000, 0x0000000088c00000|100%| E|CS|TAMS 0x0000000088b00000, 0x0000000088b00000| Complete 
| 140|0x0000000088c00000, 0x0000000088d00000, 0x0000000088d00000|100%| E|CS|TAMS 0x0000000088c00000, 0x0000000088c00000| Complete 
| 141|0x0000000088d00000, 0x0000000088e00000, 0x0000000088e00000|100%| E|CS|TAMS 0x0000000088d00000, 0x0000000088d00000| Complete 
| 142|0x0000000088e00000, 0x0000000088f00000, 0x0000000088f00000|100%| E|CS|TAMS 0x0000000088e00000, 0x0000000088e00000| Complete 
| 143|0x0000000088f00000, 0x0000000089000000, 0x0000000089000000|100%| E|CS|TAMS 0x0000000088f00000, 0x0000000088f00000| Complete 
| 144|0x0000000089000000, 0x0000000089100000, 0x0000000089100000|100%| E|CS|TAMS 0x0000000089000000, 0x0000000089000000| Complete 
| 145|0x0000000089100000, 0x0000000089200000, 0x0000000089200000|100%| E|CS|TAMS 0x0000000089100000, 0x0000000089100000| Complete 
| 146|0x0000000089200000, 0x0000000089300000, 0x0000000089300000|100%| E|CS|TAMS 0x0000000089200000, 0x0000000089200000| Complete 
| 147|0x0000000089300000, 0x0000000089400000, 0x0000000089400000|100%| E|CS|TAMS 0x0000000089300000, 0x0000000089300000| Complete 
| 148|0x0000000089400000, 0x0000000089500000, 0x0000000089500000|100%| E|CS|TAMS 0x0000000089400000, 0x0000000089400000| Complete 
| 149|0x0000000089500000, 0x0000000089600000, 0x0000000089600000|100%| E|CS|TAMS 0x0000000089500000, 0x0000000089500000| Complete 
| 150|0x0000000089600000, 0x0000000089700000, 0x0000000089700000|100%| E|CS|TAMS 0x0000000089600000, 0x0000000089600000| Complete 
| 151|0x0000000089700000, 0x0000000089800000, 0x0000000089800000|100%| E|CS|TAMS 0x0000000089700000, 0x0000000089700000| Complete 
| 152|0x0000000089800000, 0x0000000089900000, 0x0000000089900000|100%| E|CS|TAMS 0x0000000089800000, 0x0000000089800000| Complete 
| 153|0x0000000089900000, 0x0000000089a00000, 0x0000000089a00000|100%| E|CS|TAMS 0x0000000089900000, 0x0000000089900000| Complete 
| 154|0x0000000089a00000, 0x0000000089b00000, 0x0000000089b00000|100%| E|CS|TAMS 0x0000000089a00000, 0x0000000089a00000| Complete 
| 155|0x0000000089b00000, 0x0000000089c00000, 0x0000000089c00000|100%| E|CS|TAMS 0x0000000089b00000, 0x0000000089b00000| Complete 
| 156|0x0000000089c00000, 0x0000000089d00000, 0x0000000089d00000|100%| E|CS|TAMS 0x0000000089c00000, 0x0000000089c00000| Complete 
| 157|0x0000000089d00000, 0x0000000089e00000, 0x0000000089e00000|100%| E|CS|TAMS 0x0000000089d00000, 0x0000000089d00000| Complete 
| 158|0x0000000089e00000, 0x0000000089f00000, 0x0000000089f00000|100%| E|CS|TAMS 0x0000000089e00000, 0x0000000089e00000| Complete 
| 159|0x0000000089f00000, 0x000000008a000000, 0x000000008a000000|100%| E|CS|TAMS 0x0000000089f00000, 0x0000000089f00000| Complete 
| 160|0x000000008a000000, 0x000000008a100000, 0x000000008a100000|100%| E|CS|TAMS 0x000000008a000000, 0x000000008a000000| Complete 
| 161|0x000000008a100000, 0x000000008a200000, 0x000000008a200000|100%| E|CS|TAMS 0x000000008a100000, 0x000000008a100000| Complete 
| 162|0x000000008a200000, 0x000000008a300000, 0x000000008a300000|100%| E|CS|TAMS 0x000000008a200000, 0x000000008a200000| Complete 
| 163|0x000000008a300000, 0x000000008a400000, 0x000000008a400000|100%| E|CS|TAMS 0x000000008a300000, 0x000000008a300000| Complete 
| 164|0x000000008a400000, 0x000000008a500000, 0x000000008a500000|100%| E|CS|TAMS 0x000000008a400000, 0x000000008a400000| Complete 
| 165|0x000000008a500000, 0x000000008a600000, 0x000000008a600000|100%| E|CS|TAMS 0x000000008a500000, 0x000000008a500000| Complete 
| 166|0x000000008a600000, 0x000000008a700000, 0x000000008a700000|100%| E|CS|TAMS 0x000000008a600000, 0x000000008a600000| Complete 
| 167|0x000000008a700000, 0x000000008a800000, 0x000000008a800000|100%| E|CS|TAMS 0x000000008a700000, 0x000000008a700000| Complete 
| 168|0x000000008a800000, 0x000000008a900000, 0x000000008a900000|100%| E|CS|TAMS 0x000000008a800000, 0x000000008a800000| Complete 
| 169|0x000000008a900000, 0x000000008aa00000, 0x000000008aa00000|100%| E|CS|TAMS 0x000000008a900000, 0x000000008a900000| Complete 
| 170|0x000000008aa00000, 0x000000008ab00000, 0x000000008ab00000|100%| E|CS|TAMS 0x000000008aa00000, 0x000000008aa00000| Complete 
| 171|0x000000008ab00000, 0x000000008ac00000, 0x000000008ac00000|100%| E|CS|TAMS 0x000000008ab00000, 0x000000008ab00000| Complete 
| 172|0x000000008ac00000, 0x000000008ad00000, 0x000000008ad00000|100%| E|CS|TAMS 0x000000008ac00000, 0x000000008ac00000| Complete 
| 173|0x000000008ad00000, 0x000000008ae00000, 0x000000008ae00000|100%| E|CS|TAMS 0x000000008ad00000, 0x000000008ad00000| Complete 
| 174|0x000000008ae00000, 0x000000008af00000, 0x000000008af00000|100%| E|CS|TAMS 0x000000008ae00000, 0x000000008ae00000| Complete 
| 175|0x000000008af00000, 0x000000008b000000, 0x000000008b000000|100%| E|CS|TAMS 0x000000008af00000, 0x000000008af00000| Complete 
| 176|0x000000008b000000, 0x000000008b100000, 0x000000008b100000|100%| E|CS|TAMS 0x000000008b000000, 0x000000008b000000| Complete 
| 177|0x000000008b100000, 0x000000008b200000, 0x000000008b200000|100%| E|CS|TAMS 0x000000008b100000, 0x000000008b100000| Complete 
| 178|0x000000008b200000, 0x000000008b300000, 0x000000008b300000|100%| E|CS|TAMS 0x000000008b200000, 0x000000008b200000| Complete 
| 179|0x000000008b300000, 0x000000008b400000, 0x000000008b400000|100%| E|CS|TAMS 0x000000008b300000, 0x000000008b300000| Complete 
| 180|0x000000008b400000, 0x000000008b500000, 0x000000008b500000|100%| E|CS|TAMS 0x000000008b400000, 0x000000008b400000| Complete 
| 181|0x000000008b500000, 0x000000008b600000, 0x000000008b600000|100%| E|CS|TAMS 0x000000008b500000, 0x000000008b500000| Complete 
| 182|0x000000008b600000, 0x000000008b700000, 0x000000008b700000|100%| E|CS|TAMS 0x000000008b600000, 0x000000008b600000| Complete 
| 183|0x000000008b700000, 0x000000008b800000, 0x000000008b800000|100%| E|CS|TAMS 0x000000008b700000, 0x000000008b700000| Complete 
| 184|0x000000008b800000, 0x000000008b900000, 0x000000008b900000|100%| E|CS|TAMS 0x000000008b800000, 0x000000008b800000| Complete 
| 185|0x000000008b900000, 0x000000008ba00000, 0x000000008ba00000|100%| E|CS|TAMS 0x000000008b900000, 0x000000008b900000| Complete 
| 186|0x000000008ba00000, 0x000000008bb00000, 0x000000008bb00000|100%| E|CS|TAMS 0x000000008ba00000, 0x000000008ba00000| Complete 
| 187|0x000000008bb00000, 0x000000008bc00000, 0x000000008bc00000|100%| E|CS|TAMS 0x000000008bb00000, 0x000000008bb00000| Complete 
| 188|0x000000008bc00000, 0x000000008bd00000, 0x000000008bd00000|100%| E|CS|TAMS 0x000000008bc00000, 0x000000008bc00000| Complete 
| 189|0x000000008bd00000, 0x000000008be00000, 0x000000008be00000|100%| E|CS|TAMS 0x000000008bd00000, 0x000000008bd00000| Complete 
| 190|0x000000008be00000, 0x000000008bf00000, 0x000000008bf00000|100%| E|CS|TAMS 0x000000008be00000, 0x000000008be00000| Complete 
| 191|0x000000008bf00000, 0x000000008c000000, 0x000000008c000000|100%| E|CS|TAMS 0x000000008bf00000, 0x000000008bf00000| Complete 

Card table byte_map: [0x0000024c534e0000,0x0000024c538e0000] _byte_map_base: 0x0000024c530e0000

Marking Bits (Prev, Next): (CMBitMap*) 0x0000024c3e800910, (CMBitMap*) 0x0000024c3e8008d8
 Prev Bits: [0x0000024c55ce0000, 0x0000024c57ce0000)
 Next Bits: [0x0000024c53ce0000, 0x0000024c55ce0000)

Polling page: 0x0000024c3e620000

Metaspace:

Usage:
  Non-class:     23.48 MB capacity,    23.05 MB ( 98%) used,   382.30 KB (  2%) free+waste,    54.81 KB ( <1%) overhead. 
      Class:      3.74 MB capacity,     3.51 MB ( 94%) used,   208.19 KB (  5%) free+waste,    27.88 KB ( <1%) overhead. 
       Both:     27.21 MB capacity,    26.56 MB ( 98%) used,   590.49 KB (  2%) free+waste,    82.69 KB ( <1%) overhead. 

Virtual space:
  Non-class space:       24.00 MB reserved,      23.50 MB ( 98%) committed 
      Class space:        1.00 GB reserved,       3.75 MB ( <1%) committed 
             Both:        1.02 GB reserved,      27.25 MB (  3%) committed 

Chunk freelists:
   Non-Class:  24.00 KB
       Class:  13.00 KB
        Both:  37.00 KB

MaxMetaspaceSize: 17179869184.00 GB
CompressedClassSpaceSize: 1.00 GB

CodeHeap 'non-profiled nmethods': size=120064Kb used=1121Kb max_used=1121Kb free=118942Kb
 bounds [0x0000024c4b570000, 0x0000024c4b7e0000, 0x0000024c52ab0000]
CodeHeap 'profiled nmethods': size=120000Kb used=4891Kb max_used=4891Kb free=115108Kb
 bounds [0x0000024c44040000, 0x0000024c44510000, 0x0000024c4b570000]
CodeHeap 'non-nmethods': size=5696Kb used=1160Kb max_used=1209Kb free=4535Kb
 bounds [0x0000024c43ab0000, 0x0000024c43d20000, 0x0000024c44040000]
 total_blobs=2767 nmethods=2264 adapters=414
 compilation: enabled
              stopped_count=0, restarted_count=0
 full_count=0

Compilation events (20 events):
Event: 5.269 Thread 0x0000024c5ab84000 2268   !   3       sun.reflect.annotation.AnnotationParser::parseAnnotations (37 bytes)
Event: 5.269 Thread 0x0000024c5ab84000 nmethod 2268 0x0000024c44501890 code [0x0000024c44501a80, 0x0000024c44501d88]
Event: 5.269 Thread 0x0000024c5ab84000 2270       3       org.objectweb.asm.Label::<init> (5 bytes)
Event: 5.270 Thread 0x0000024c5ab84000 nmethod 2270 0x0000024c44501f10 code [0x0000024c445020c0, 0x0000024c44502218]
Event: 5.270 Thread 0x0000024c5ab84000 2269       3       com.google.common.collect.ImmutableList::iterator (5 bytes)
Event: 5.271 Thread 0x0000024c5ab84000 nmethod 2269 0x0000024c44502310 code [0x0000024c44502560, 0x0000024c44502fe8]
Event: 5.302 Thread 0x0000024c5ab84000 2271       3       org.gradle.internal.reflect.MutableClassDetails::method (12 bytes)
Event: 5.302 Thread 0x0000024c5ab84000 nmethod 2271 0x0000024c44503310 code [0x0000024c445034c0, 0x0000024c44503688]
Event: 5.303 Thread 0x0000024c5ab84000 2272       3       org.gradle.internal.reflect.MethodSet::add (50 bytes)
Event: 5.304 Thread 0x0000024c5ab84000 nmethod 2272 0x0000024c44503790 code [0x0000024c445039c0, 0x0000024c44504238]
Event: 5.304 Thread 0x0000024c5ab84000 2273       3       org.gradle.internal.reflect.MethodSet$MethodKey::<init> (6 bytes)
Event: 5.306 Thread 0x0000024c5ab84000 nmethod 2273 0x0000024c44504510 code [0x0000024c44504700, 0x0000024c44504b88]
Event: 5.306 Thread 0x0000024c5ab84000 2274       3       org.gradle.internal.reflect.MethodSet$MethodKey::equals (89 bytes)
Event: 5.307 Thread 0x0000024c5ab84000 nmethod 2274 0x0000024c44504d10 code [0x0000024c44504f40, 0x0000024c445057d8]
Event: 5.307 Thread 0x0000024c5ab84000 2276       3       org.gradle.internal.reflect.MutableClassDetails::instanceMethod (9 bytes)
Event: 5.307 Thread 0x0000024c5ab84000 nmethod 2276 0x0000024c44505a10 code [0x0000024c44505bc0, 0x0000024c44505d08]
Event: 5.307 Thread 0x0000024c5ab84000 2275       3       java.lang.reflect.Field::<init> (44 bytes)
Event: 5.307 Thread 0x0000024c5ab84000 nmethod 2275 0x0000024c44505e10 code [0x0000024c44505fe0, 0x0000024c44506398]
Event: 5.308 Thread 0x0000024c5ab84000 2277       3       org.gradle.internal.reflect.MethodSet::shouldReplace (45 bytes)
Event: 5.308 Thread 0x0000024c5ab84000 nmethod 2277 0x0000024c44506490 code [0x0000024c44506680, 0x0000024c44506bb8]

GC Heap History (9 events):
Event: 0.811 GC heap before
{Heap before GC invocations=0 (full 0):
 garbage-first heap   total 196608K, used 19456K [0x0000000080000000, 0x0000000100000000)
  region size 1024K, 14 young (14336K), 0 survivors (0K)
 Metaspace       used 6738K, capacity 6925K, committed 7168K, reserved 1056768K
  class space    used 582K, capacity 650K, committed 768K, reserved 1048576K
}
Event: 0.822 GC heap after
{Heap after GC invocations=1 (full 0):
 garbage-first heap   total 196608K, used 8374K [0x0000000080000000, 0x0000000100000000)
  region size 1024K, 2 young (2048K), 2 survivors (2048K)
 Metaspace       used 6738K, capacity 6925K, committed 7168K, reserved 1056768K
  class space    used 582K, capacity 650K, committed 768K, reserved 1048576K
}
Event: 1.265 GC heap before
{Heap before GC invocations=1 (full 0):
 garbage-first heap   total 196608K, used 19638K [0x0000000080000000, 0x0000000100000000)
  region size 1024K, 13 young (13312K), 2 survivors (2048K)
 Metaspace       used 10218K, capacity 10427K, committed 10624K, reserved 1058816K
  class space    used 1065K, capacity 1141K, committed 1152K, reserved 1048576K
}
Event: 1.269 GC heap after
{Heap after GC invocations=2 (full 0):
 garbage-first heap   total 196608K, used 9311K [0x0000000080000000, 0x0000000100000000)
  region size 1024K, 2 young (2048K), 2 survivors (2048K)
 Metaspace       used 10218K, capacity 10427K, committed 10624K, reserved 1058816K
  class space    used 1065K, capacity 1141K, committed 1152K, reserved 1048576K
}
Event: 2.141 GC heap before
{Heap before GC invocations=2 (full 0):
 garbage-first heap   total 196608K, used 49247K [0x0000000080000000, 0x0000000100000000)
  region size 1024K, 41 young (41984K), 2 survivors (2048K)
 Metaspace       used 11254K, capacity 11522K, committed 11776K, reserved 1060864K
  class space    used 1179K, capacity 1251K, committed 1280K, reserved 1048576K
}
Event: 2.148 GC heap after
{Heap after GC invocations=3 (full 0):
 garbage-first heap   total 196608K, used 13625K [0x0000000080000000, 0x0000000100000000)
  region size 1024K, 6 young (6144K), 6 survivors (6144K)
 Metaspace       used 11254K, capacity 11522K, committed 11776K, reserved 1060864K
  class space    used 1179K, capacity 1251K, committed 1280K, reserved 1048576K
}
Event: 4.168 GC heap before
{Heap before GC invocations=3 (full 0):
 garbage-first heap   total 196608K, used 68921K [0x0000000080000000, 0x0000000100000000)
  region size 1024K, 61 young (62464K), 6 survivors (6144K)
 Metaspace       used 20589K, capacity 21092K, committed 21248K, reserved 1067008K
  class space    used 2508K, capacity 2690K, committed 2816K, reserved 1048576K
}
Event: 4.181 GC heap after
{Heap after GC invocations=4 (full 0):
 garbage-first heap   total 196608K, used 17130K [0x0000000080000000, 0x0000000100000000)
  region size 1024K, 8 young (8192K), 8 survivors (8192K)
 Metaspace       used 20589K, capacity 21092K, committed 21248K, reserved 1067008K
  class space    used 2508K, capacity 2690K, committed 2816K, reserved 1048576K
}
Event: 5.318 GC heap before
{Heap before GC invocations=5 (full 0):
 garbage-first heap   total 196608K, used 86762K [0x0000000080000000, 0x0000000100000000)
  region size 1024K, 76 young (77824K), 8 survivors (8192K)
 Metaspace       used 27193K, capacity 27867K, committed 27904K, reserved 1073152K
  class space    used 3590K, capacity 3827K, committed 3840K, reserved 1048576K
}

Deoptimization events (20 events):
Event: 4.501 Thread 0x0000024c5c77b800 DEOPT PACKING pc=0x0000024c4b5e3054 sp=0x000000e8edafca90
Event: 4.501 Thread 0x0000024c5c77b800 DEOPT UNPACKING pc=0x0000024c43ad782f sp=0x000000e8edafca10 mode 2
Event: 4.505 Thread 0x0000024c5c77b800 Uncommon trap: trap_request=0xffffff4d fr.pc=0x0000024c4b5bf37c relative=0x000000000000023c
Event: 4.505 Thread 0x0000024c5c77b800 Uncommon trap: reason=unstable_if action=reinterpret pc=0x0000024c4b5bf37c method=java.util.concurrent.ConcurrentHashMap.get(Ljava/lang/Object;)Ljava/lang/Object; @ 76 c2
Event: 4.505 Thread 0x0000024c5c77b800 DEOPT PACKING pc=0x0000024c4b5bf37c sp=0x000000e8edafabc0
Event: 4.505 Thread 0x0000024c5c77b800 DEOPT UNPACKING pc=0x0000024c43ad782f sp=0x000000e8edafab28 mode 2
Event: 4.665 Thread 0x0000024c5c77b800 DEOPT PACKING pc=0x0000024c44102b4c sp=0x000000e8edaf7f20
Event: 4.665 Thread 0x0000024c5c77b800 DEOPT UNPACKING pc=0x0000024c43ad764e sp=0x000000e8edaf74c0 mode 0
Event: 4.932 Thread 0x0000024c5c77b800 Uncommon trap: trap_request=0xffffff7e fr.pc=0x0000024c4b670fb0 relative=0x0000000000000150
Event: 4.932 Thread 0x0000024c5c77b800 Uncommon trap: reason=predicate action=maybe_recompile pc=0x0000024c4b670fb0 method=com.google.common.base.CharMatcher.indexIn(Ljava/lang/CharSequence;I)I @ 19 c2
Event: 4.932 Thread 0x0000024c5c77b800 DEOPT PACKING pc=0x0000024c4b670fb0 sp=0x000000e8edafbbc0
Event: 4.932 Thread 0x0000024c5c77b800 DEOPT UNPACKING pc=0x0000024c43ad782f sp=0x000000e8edafbb50 mode 2
Event: 4.987 Thread 0x0000024c5c77b800 Uncommon trap: trap_request=0xffffffde fr.pc=0x0000024c4b6569a8 relative=0x00000000000002e8
Event: 4.987 Thread 0x0000024c5c77b800 Uncommon trap: reason=class_check action=maybe_recompile pc=0x0000024c4b6569a8 method=java.util.Collections$SetFromMap.remove(Ljava/lang/Object;)Z @ 5 c2
Event: 4.987 Thread 0x0000024c5c77b800 DEOPT PACKING pc=0x0000024c4b6569a8 sp=0x000000e8edafc5d0
Event: 4.987 Thread 0x0000024c5c77b800 DEOPT UNPACKING pc=0x0000024c43ad782f sp=0x000000e8edafc5c8 mode 2
Event: 4.987 Thread 0x0000024c5c77b800 Uncommon trap: trap_request=0xffffffde fr.pc=0x0000024c4b6569a8 relative=0x00000000000002e8
Event: 4.987 Thread 0x0000024c5c77b800 Uncommon trap: reason=class_check action=maybe_recompile pc=0x0000024c4b6569a8 method=java.util.Collections$SetFromMap.remove(Ljava/lang/Object;)Z @ 5 c2
Event: 4.987 Thread 0x0000024c5c77b800 DEOPT PACKING pc=0x0000024c4b6569a8 sp=0x000000e8edafc550
Event: 4.987 Thread 0x0000024c5c77b800 DEOPT UNPACKING pc=0x0000024c43ad782f sp=0x000000e8edafc548 mode 2

Classes redefined (0 events):
No events

Internal exceptions (20 events):
Event: 4.206 Thread 0x0000024c5c77b800 Exception <a 'java/lang/NoSuchMethodError'{0x000000008bfc9da8}: 'java.lang.Object java.lang.invoke.DirectMethodHandle$Holder.invokeInterface(java.lang.Object, java.lang.Object, java.lang.Object)'> (0x000000008bfc9da8) thrown at [./src/hotspot/share/interpreter/linkResolver.cpp, line 773]
Event: 4.206 Thread 0x0000024c5c77b800 Exception <a 'java/lang/IncompatibleClassChangeError'{0x000000008bfcd280}: Found class java.lang.Object, but interface was expected> (0x000000008bfcd280) thrown at [./src/hotspot/share/interpreter/linkResolver.cpp, line 839]
Event: 4.219 Thread 0x0000024c5c77b800 Exception <a 'java/lang/NoSuchMethodError'{0x000000008beb2470}: 'void java.lang.invoke.DirectMethodHandle$Holder.invokeStatic(java.lang.Object, java.lang.Object, java.lang.Object, java.lang.Object, java.lang.Object)'> (0x000000008beb2470) thrown at [./src/hotspot/share/interpreter/linkResolver.cpp, line 773]
Event: 4.306 Thread 0x0000024c5c77b800 Exception <a 'java/lang/NoSuchMethodError'{0x000000008b935518}: 'void java.lang.invoke.DirectMethodHandle$Holder.invokeSpecial(java.lang.Object, java.lang.Object)'> (0x000000008b935518) thrown at [./src/hotspot/share/interpreter/linkResolver.cpp, line 773]
Event: 4.346 Thread 0x0000024c5c77b800 Exception <a 'java/lang/NoSuchMethodError'{0x000000008b768670}: 'java.lang.Object java.lang.invoke.DirectMethodHandle$Holder.invokeSpecial(java.lang.Object, java.lang.Object, java.lang.Object, java.lang.Object, java.lang.Object, java.lang.Object, java.lang.Object, java.lang.Object, java.lang.Object)'> (0x000000008b768670) thrown at [./src/hotspot/share/interpreter/linkResolver.cpp, line 773]
Event: 4.424 Thread 0x0000024c5c77b800 Exception <a 'java/lang/NoSuchMethodError'{0x000000008ad03ec0}: 'java.lang.Object java.lang.invoke.DirectMethodHandle$Holder.invokeVirtual(java.lang.Object, java.lang.Object, java.lang.Object, java.lang.Object)'> (0x000000008ad03ec0) thrown at [./src/hotspot/share/interpreter/linkResolver.cpp, line 773]
Event: 4.447 Thread 0x0000024c5c77b800 Exception <a 'java/lang/NoSuchMethodError'{0x000000008abcbc90}: 'java.lang.Object java.lang.invoke.Invokers$Holder.invoker(java.lang.Object, java.lang.Object, java.lang.Object, java.lang.Object, java.lang.Object)'> (0x000000008abcbc90) thrown at [./src/hotspot/share/interpreter/linkResolver.cpp, line 773]
Event: 4.550 Thread 0x0000024c5c77b800 Exception <a 'java/lang/NoSuchMethodError'{0x000000008a656970}: 'void java.lang.invoke.DirectMethodHandle$Holder.invokeSpecial(java.lang.Object, java.lang.Object, java.lang.Object, java.lang.Object, java.lang.Object, java.lang.Object)'> (0x000000008a656970) thrown at [./src/hotspot/share/interpreter/linkResolver.cpp, line 773]
Event: 4.569 Thread 0x0000024c5c77b800 Exception <a 'java/lang/NoSuchMethodError'{0x000000008a6bc168}: 'void java.lang.invoke.DirectMethodHandle$Holder.invokeSpecial(java.lang.Object, java.lang.Object, java.lang.Object, java.lang.Object, java.lang.Object, java.lang.Object, java.lang.Object)'> (0x000000008a6bc168) thrown at [./src/hotspot/share/interpreter/linkResolver.cpp, line 773]
Event: 4.570 Thread 0x0000024c5c77b800 Exception <a 'java/lang/NoSuchMethodError'{0x000000008a6c43b0}: 'java.lang.Object java.lang.invoke.Invokers$Holder.linkToTargetMethod(java.lang.Object, java.lang.Object, java.lang.Object, java.lang.Object, java.lang.Object, java.lang.Object)'> (0x000000008a6c43b0) thrown at [./src/hotspot/share/interpreter/linkResolver.cpp, line 773]
Event: 4.812 Thread 0x0000024c5c77b800 Exception <a 'java/lang/NoSuchMethodError'{0x00000000899faef8}: 'void java.lang.invoke.DirectMethodHandle$Holder.invokeStaticInit(java.lang.Object, java.lang.Object)'> (0x00000000899faef8) thrown at [./src/hotspot/share/interpreter/linkResolver.cpp, line 773]
Event: 4.976 Thread 0x0000024c5c77b800 Exception <a 'java/lang/NoSuchMethodError'{0x0000000089248058}: 'void java.lang.invoke.DirectMethodHandle$Holder.invokeStatic(java.lang.Object, java.lang.Object, java.lang.Object, java.lang.Object)'> (0x0000000089248058) thrown at [./src/hotspot/share/interpreter/linkResolver.cpp, line 773]
Event: 4.980 Thread 0x0000024c5c77b800 Exception <a 'java/lang/NoSuchMethodError'{0x000000008925bab8}: 'int java.lang.invoke.DirectMethodHandle$Holder.invokeInterface(java.lang.Object, java.lang.Object)'> (0x000000008925bab8) thrown at [./src/hotspot/share/interpreter/linkResolver.cpp, line 773]
Event: 5.143 Thread 0x0000024c5c77b800 Exception <a 'java/lang/NoSuchMethodError'{0x00000000887eea08}: 'java.lang.Object java.lang.invoke.DirectMethodHandle$Holder.invokeSpecialIFC(java.lang.Object, java.lang.Object, java.lang.Object, java.lang.Object)'> (0x00000000887eea08) thrown at [./src/hotspot/share/interpreter/linkResolver.cpp, line 773]
Event: 5.155 Thread 0x0000024c5c77b800 Exception <a 'java/lang/NoSuchMethodError'{0x00000000886d2fc0}: 'java.lang.Object java.lang.invoke.DirectMethodHandle$Holder.invokeSpecial(java.lang.Object, java.lang.Object, java.lang.Object, java.lang.Object, java.lang.Object, java.lang.Object, java.lang.Object, java.lang.Object, java.lang.Object, java.lang.Object, java.lang.Object, java.lang.Object, java.lang.Object)'> (0x00000000886d2fc0) thrown at [./src/hotspot/share/interpreter/linkResolver.cpp, line 773]
Event: 5.156 Thread 0x0000024c5c77b800 Exception <a 'java/lang/NoSuchMethodError'{0x00000000886e4248}: 'java.lang.Object java.lang.invoke.DirectMethodHandle$Holder.invokeSpecial(java.lang.Object, java.lang.Object, java.lang.Object, java.lang.Object, java.lang.Object, java.lang.Object, java.lang.Object, java.lang.Object, java.lang.Object, java.lang.Object, java.lang.Object, java.lang.Object)'> (0x00000000886e4248) thrown at [./src/hotspot/share/interpreter/linkResolver.cpp, line 773]
Event: 5.157 Thread 0x0000024c5c77b800 Exception <a 'java/lang/NoSuchMethodError'{0x00000000886e9370}: 'java.lang.Object java.lang.invoke.Invokers$Holder.linkToTargetMethod(java.lang.Object, java.lang.Object, java.lang.Object, java.lang.Object, java.lang.Object, java.lang.Object, java.lang.Object, java.lang.Object, java.lang.Object, java.lang.Object, java.lang.Object)'> (0x00000000886e9370) thrown at [./src/hotspot/share/interpreter/linkResolver.cpp, line 773]
Event: 5.171 Thread 0x0000024c5c77b800 Exception <a 'java/lang/NoSuchMethodError'{0x00000000884346c8}: 'java.lang.Object java.lang.invoke.DirectMethodHandle$Holder.invokeSpecial(java.lang.Object, java.lang.Object, java.lang.Object, java.lang.Object, java.lang.Object, java.lang.Object, java.lang.Object, java.lang.Object, java.lang.Object, java.lang.Object, java.lang.Object, java.lang.Object, java.lang.Object, java.lang.Object)'> (0x00000000884346c8) thrown at [./src/hotspot/share/interpreter/linkResolver.cpp, line 773]
Event: 5.172 Thread 0x0000024c5c77b800 Exception <a 'java/lang/NoSuchMethodError'{0x0000000088445cc0}: 'java.lang.Object java.lang.invoke.Invokers$Holder.linkToTargetMethod(java.lang.Object, java.lang.Object, java.lang.Object, java.lang.Object, java.lang.Object, java.lang.Object, java.lang.Object, java.lang.Object, java.lang.Object, java.lang.Object, java.lang.Object, java.lang.Object)'> (0x0000000088445cc0) thrown at [./src/hotspot/share/interpreter/linkResolver.cpp, line 773]
Event: 5.180 Thread 0x0000024c5c77b800 Exception <a 'java/lang/NoSuchMethodError'{0x00000000884da9b0}: 'java.lang.Object java.lang.invoke.DirectMethodHandle$Holder.invokeStaticInit(java.lang.Object, java.lang.Object, java.lang.Object, java.lang.Object)'> (0x00000000884da9b0) thrown at [./src/hotspot/share/interpreter/linkResolver.cpp, line 773]

Events (20 events):
Event: 5.311 loading class com/google/common/reflect/Invokable$MethodInvokable done
Event: 5.312 loading class com/google/common/reflect/TypeToken$2
Event: 5.312 loading class com/google/common/reflect/TypeToken$2 done
Event: 5.312 loading class com/google/common/reflect/Invokable$ConstructorInvokable
Event: 5.312 loading class com/google/common/reflect/Invokable$ConstructorInvokable done
Event: 5.312 loading class com/google/common/reflect/TypeToken$SimpleTypeToken
Event: 5.312 loading class com/google/common/reflect/TypeToken$SimpleTypeToken done
Event: 5.313 loading class com/google/common/reflect/TypeToken$4
Event: 5.313 loading class com/google/common/reflect/TypeToken$4 done
Event: 5.313 loading class com/google/common/reflect/TypeVisitor
Event: 5.313 loading class com/google/common/reflect/TypeVisitor done
Event: 5.315 loading class com/google/common/reflect/TypeResolver
Event: 5.315 loading class com/google/common/reflect/TypeResolver done
Event: 5.316 loading class com/google/common/reflect/TypeResolver$TypeTable
Event: 5.316 loading class com/google/common/reflect/TypeResolver$TypeTable done
Event: 5.317 loading class com/google/common/reflect/TypeResolver$TypeTable$1
Event: 5.317 loading class com/google/common/reflect/TypeResolver$TypeTable$1 done
Event: 5.318 loading class com/google/common/reflect/TypeResolver$TypeMappingIntrospector
Event: 5.318 loading class com/google/common/reflect/TypeResolver$TypeMappingIntrospector done
Event: 5.318 Executing VM operation: G1CollectForAllocation


Dynamic libraries:
0x00007ff73d710000 - 0x00007ff73d71a000 	C:\Program Files\Android\Android Studio\jre\bin\java.exe
0x00007fffceeb0000 - 0x00007fffcf0a5000 	C:\WINDOWS\SYSTEM32\ntdll.dll
0x00007fffcd7b0000 - 0x00007fffcd86e000 	C:\WINDOWS\System32\KERNEL32.DLL
0x00007fffcc9a0000 - 0x00007fffccc69000 	C:\WINDOWS\System32\KERNELBASE.dll
0x00007fffcc840000 - 0x00007fffcc940000 	C:\WINDOWS\System32\ucrtbase.dll
0x00007fffbee70000 - 0x00007fffbee87000 	C:\Program Files\Android\Android Studio\jre\bin\VCRUNTIME140.dll
0x00007fffbe070000 - 0x00007fffbe089000 	C:\Program Files\Android\Android Studio\jre\bin\jli.dll
0x00007fffce0b0000 - 0x00007fffce251000 	C:\WINDOWS\System32\USER32.dll
0x00007fffb60c0000 - 0x00007fffb635a000 	C:\WINDOWS\WinSxS\amd64_microsoft.windows.common-controls_6595b64144ccf1df_6.0.19041.1110_none_60b5254171f9507e\COMCTL32.dll
0x00007fffcc810000 - 0x00007fffcc832000 	C:\WINDOWS\System32\win32u.dll
0x00007fffcd560000 - 0x00007fffcd5fe000 	C:\WINDOWS\System32\msvcrt.dll
0x00007fffce020000 - 0x00007fffce04b000 	C:\WINDOWS\System32\GDI32.dll
0x00007fffcc670000 - 0x00007fffcc77b000 	C:\WINDOWS\System32\gdi32full.dll
0x00007fffcc5d0000 - 0x00007fffcc66d000 	C:\WINDOWS\System32\msvcp_win.dll
0x00007fffcda60000 - 0x00007fffcda90000 	C:\WINDOWS\System32\IMM32.DLL
0x00007fffbdfd0000 - 0x00007fffbe06d000 	C:\Program Files\Android\Android Studio\jre\bin\msvcp140.dll
0x00007fff91d70000 - 0x00007fff9283f000 	C:\Program Files\Android\Android Studio\jre\bin\server\jvm.dll
0x00007fffcd0e0000 - 0x00007fffcd18c000 	C:\WINDOWS\System32\ADVAPI32.dll
0x00007fffcda90000 - 0x00007fffcdb2b000 	C:\WINDOWS\System32\sechost.dll
0x00007fffccfb0000 - 0x00007fffcd0da000 	C:\WINDOWS\System32\RPCRT4.dll
0x00007fffce4e0000 - 0x00007fffce4e8000 	C:\WINDOWS\System32\PSAPI.DLL
0x00007fffc85e0000 - 0x00007fffc85e9000 	C:\WINDOWS\SYSTEM32\WSOCK32.dll
0x00007fffc1c00000 - 0x00007fffc1c0a000 	C:\WINDOWS\SYSTEM32\VERSION.dll
0x00007fffbc8c0000 - 0x00007fffbc8e7000 	C:\WINDOWS\SYSTEM32\WINMM.dll
0x00007fffcdfb0000 - 0x00007fffce01b000 	C:\WINDOWS\System32\WS2_32.dll
0x00007fffcaea0000 - 0x00007fffcaeb2000 	C:\WINDOWS\SYSTEM32\kernel.appcore.dll
0x00007fffc85c0000 - 0x00007fffc85d1000 	C:\Program Files\Android\Android Studio\jre\bin\verify.dll
0x00007fffb8440000 - 0x00007fffb8624000 	C:\WINDOWS\SYSTEM32\DBGHELP.DLL
0x00007fffb7390000 - 0x00007fffb73bc000 	C:\WINDOWS\SYSTEM32\dbgcore.DLL
0x00007fffcc780000 - 0x00007fffcc803000 	C:\WINDOWS\System32\bcryptPrimitives.dll
0x00007fffc8590000 - 0x00007fffc85b9000 	C:\Program Files\Android\Android Studio\jre\bin\java.dll
0x00007fffc8580000 - 0x00007fffc858b000 	C:\Program Files\Android\Android Studio\jre\bin\jimage.dll
0x00007fffc8540000 - 0x00007fffc8558000 	C:\Program Files\Android\Android Studio\jre\bin\zip.dll
0x00007fffce4f0000 - 0x00007fffcec2f000 	C:\WINDOWS\System32\SHELL32.dll
0x00007fffca4a0000 - 0x00007fffcac30000 	C:\WINDOWS\SYSTEM32\windows.storage.dll
0x00007fffcd200000 - 0x00007fffcd555000 	C:\WINDOWS\System32\combase.dll
0x00007fffcbf50000 - 0x00007fffcbf7c000 	C:\WINDOWS\SYSTEM32\Wldp.dll
0x00007fffccf00000 - 0x00007fffccfae000 	C:\WINDOWS\System32\SHCORE.dll
0x00007fffce260000 - 0x00007fffce2b5000 	C:\WINDOWS\System32\shlwapi.dll
0x00007fffcc510000 - 0x00007fffcc52f000 	C:\WINDOWS\SYSTEM32\profapi.dll
0x00007fffc84e0000 - 0x00007fffc84fa000 	C:\Program Files\Android\Android Studio\jre\bin\net.dll
0x00007fffc4a90000 - 0x00007fffc4b98000 	C:\WINDOWS\SYSTEM32\WINHTTP.dll
0x00007fffcbcb0000 - 0x00007fffcbd1a000 	C:\WINDOWS\system32\mswsock.dll
0x00007fffc79a0000 - 0x00007fffc79b4000 	C:\Program Files\Android\Android Studio\jre\bin\nio.dll
0x00007fffbee90000 - 0x00007fffbeeb7000 	C:\Users\TabSan\.gradle\native\8bec1ad78214c89d9ad589b4d07fe93259594b29d510b10fafb7a158f7737e5d\windows-amd64\native-platform.dll
0x00007fffbe0d0000 - 0x00007fffbe20d000 	C:\Users\TabSan\.gradle\native\53dbd7edfb1c66fb8903c78663c9afc45aea4f116125fa6feffd364cf09443e8\windows-amd64\native-platform-file-events.dll
0x00007fffb8d60000 - 0x00007fffb8d6a000 	C:\Program Files\Android\Android Studio\jre\bin\management.dll
0x00007fffb6990000 - 0x00007fffb699c000 	C:\Program Files\Android\Android Studio\jre\bin\management_ext.dll
0x00007fffcbeb0000 - 0x00007fffcbec8000 	C:\WINDOWS\SYSTEM32\CRYPTSP.dll
0x00007fffcb630000 - 0x00007fffcb664000 	C:\WINDOWS\system32\rsaenh.dll
0x00007fffccd20000 - 0x00007fffccd47000 	C:\WINDOWS\System32\bcrypt.dll
0x00007fffcc4d0000 - 0x00007fffcc4fe000 	C:\WINDOWS\SYSTEM32\USERENV.dll
0x00007fffcbea0000 - 0x00007fffcbeac000 	C:\WINDOWS\SYSTEM32\CRYPTBASE.dll
0x00007fffcb9a0000 - 0x00007fffcb9db000 	C:\WINDOWS\SYSTEM32\IPHLPAPI.DLL
0x00007fffce2c0000 - 0x00007fffce2c8000 	C:\WINDOWS\System32\NSI.dll
0x00007fffc54a0000 - 0x00007fffc54b7000 	C:\WINDOWS\SYSTEM32\dhcpcsvc6.DLL
0x00007fffc57a0000 - 0x00007fffc57bd000 	C:\WINDOWS\SYSTEM32\dhcpcsvc.DLL
0x00007fffcba30000 - 0x00007fffcbafc000 	C:\WINDOWS\SYSTEM32\DNSAPI.dll

dbghelp: loaded successfully - version: 4.0.5 - missing functions: none
symbol engine: initialized successfully - sym options: 0x614 - pdb path: .;C:\Program Files\Android\Android Studio\jre\bin;C:\WINDOWS\SYSTEM32;C:\WINDOWS\WinSxS\amd64_microsoft.windows.common-controls_6595b64144ccf1df_6.0.19041.1110_none_60b5254171f9507e;C:\Program Files\Android\Android Studio\jre\bin\server;C:\Users\TabSan\.gradle\native\8bec1ad78214c89d9ad589b4d07fe93259594b29d510b10fafb7a158f7737e5d\windows-amd64;C:\Users\TabSan\.gradle\native\53dbd7edfb1c66fb8903c78663c9afc45aea4f116125fa6feffd364cf09443e8\windows-amd64

VM Arguments:
jvm_args: --add-opens=java.base/java.util=ALL-UNNAMED --add-opens=java.base/java.lang=ALL-UNNAMED --add-opens=java.base/java.lang.invoke=ALL-UNNAMED --add-opens=java.base/java.util=ALL-UNNAMED --add-opens=java.prefs/java.util.prefs=ALL-UNNAMED --add-opens=java.prefs/java.util.prefs=ALL-UNNAMED --add-opens=java.base/java.nio.charset=ALL-UNNAMED --add-opens=java.base/java.net=ALL-UNNAMED --add-opens=java.base/java.util.concurrent.atomic=ALL-UNNAMED -Xmx2048m -Dfile.encoding=UTF-8 -Duser.country=MX -Duser.language=es -Duser.variant 
java_command: org.gradle.launcher.daemon.bootstrap.GradleDaemon 7.0.2
java_class_path (initial): C:\Users\TabSan\.gradle\wrapper\dists\gradle-7.0.2-bin\857tjihv64xamwrf0h14cai3r\gradle-7.0.2\lib\gradle-launcher-7.0.2.jar
Launcher Type: SUN_STANDARD

[Global flags]
     intx CICompilerCount                          = 3                                         {product} {ergonomic}
     uint ConcGCThreads                            = 1                                         {product} {ergonomic}
     uint G1ConcRefinementThreads                  = 4                                         {product} {ergonomic}
   size_t G1HeapRegionSize                         = 1048576                                   {product} {ergonomic}
    uintx GCDrainStackTargetSize                   = 64                                        {product} {ergonomic}
   size_t InitialHeapSize                          = 201326592                                 {product} {ergonomic}
   size_t MarkStackSize                            = 4194304                                   {product} {ergonomic}
   size_t MaxHeapSize                              = 2147483648                                {product} {command line}
   size_t MaxNewSize                               = 1287651328                                {product} {ergonomic}
   size_t MinHeapDeltaBytes                        = 1048576                                   {product} {ergonomic}
    uintx NonNMethodCodeHeapSize                   = 5830732                                {pd product} {ergonomic}
    uintx NonProfiledCodeHeapSize                  = 122913754                              {pd product} {ergonomic}
    uintx ProfiledCodeHeapSize                     = 122913754                              {pd product} {ergonomic}
    uintx ReservedCodeCacheSize                    = 251658240                              {pd product} {ergonomic}
     bool SegmentedCodeCache                       = true                                      {product} {ergonomic}
     bool UseCompressedClassPointers               = true                                 {lp64_product} {ergonomic}
     bool UseCompressedOops                        = true                                 {lp64_product} {ergonomic}
     bool UseG1GC                                  = true                                      {product} {ergonomic}
     bool UseLargePagesIndividualAllocation        = false                                  {pd product} {ergonomic}

Logging:
Log output configuration:
 #0: stdout all=warning uptime,level,tags
 #1: stderr all=off uptime,level,tags

Environment Variables:
JAVA_HOME=C:\Program Files\AdoptOpenJDK\jdk-11.0.11.9-hotspot\
PATH=C:\kotlinc\bin;C:\ProgramData\Oracle\Java\javapath;C:\WINDOWS\system32;C:\WINDOWS;C:\WINDOWS\System32\Wbem;C:\WINDOWS\System32\WindowsPowerShell\v1.0\;C:\Program Files\Java\jdk1.8.0_144\bin;C:\WINDOWS\System32\OpenSSH\;C:\Program Files\Common Files\Autodesk Shared\;C:\Program Files (x86)\Microsoft SQL Server\100\Tools\Binn\;C:\Program Files\Microsoft SQL Server\100\Tools\Binn\;C:\Program Files\Microsoft SQL Server\100\DTS\Binn\;C:\Program Files (x86)\Microsoft SQL Server\100\Tools\Binn\VSShell\Common7\IDE\;C:\Program Files (x86)\Microsoft SQL Server\100\DTS\Binn\;C:\Program Files (x86)\Microsoft Visual Studio 9.0\Common7\IDE\PrivateAssemblies\;C:\Program Files\Git\cmd;C:\Program Files\dotnet\;C:\Program Files\nodejs\;C:\ProgramData\chocolatey\bin;C:\Program Files (x86)\PDFtk Server\bin\;C:\Users\TabSan\AppData\Local\Programs\Python\Python35\Scripts\;C:\Users\TabSan\AppData\Local\Programs\Python\Python35\;C:\Users\TabSan\AppData\Local\Programs\Python\Python39\Scripts\;C:\Users\TabSan\AppData\Local\Programs\Python\Python39\;C:\Users\TabSan\AppData\Local\Programs\Python\Python38\Scripts\;C:\Users\TabSan\AppData\Local\Programs\Python\Python38\;C:\Users\TabSan\AppData\Local\Microsoft\WindowsApps;C:\Users\TabSan\AppData\Local\atom\bin;C:\Users\TabSan\AppData\Local\Microsoft\WindowsApps;C:\Users\TabSan\.dotnet\tools;E:\DOCUMENTOS\SQLite\sqlite-tools-win32-x86-3360000;C:\Users\TabSan\AppData\Local\Programs\Microsoft VS Code\bin;C:\Users\TabSan\AppData\Roaming\npm;C:\Program Files\MongoDB\Server\4.2\bin;C:\kotlinc\bin;
USERNAME=TabSan
OS=Windows_NT
PROCESSOR_IDENTIFIER=Intel64 Family 6 Model 58 Stepping 9, GenuineIntel



---------------  S Y S T E M  ---------------

OS: Windows 10 , 64 bit Build 19041 (10.0.19041.1202)
OS uptime: 0 days 0:29 hours

CPU:total 4 (initial active 4) (2 cores per cpu, 2 threads per core) family 6 model 58 stepping 9 microcode 0x21, cmov, cx8, fxsr, mmx, sse, sse2, sse3, ssse3, sse4.1, sse4.2, popcnt, avx, aes, clmul, erms, ht, tsc, tscinvbit, tscinv

Memory: 4k page, system-wide physical 12170M (6857M free)
TotalPageFile size 14986M (AvailPageFile size 9673M)
current process WorkingSet (physical memory assigned to process): 198M, peak: 206M
current process commit charge ("private bytes"): 331M, peak: 349M

vm_info: OpenJDK 64-Bit Server VM (11.0.10+0-b96-7249189) for windows-amd64 JRE (11.0.10+0-b96-7249189), built on Mar 31 2021 21:44:00 by "builder" with MS VC++ 14.0 (VS2015)

END.
