#
# A fatal error has been detected by the Java Runtime Environment:
#
#  EXCEPTION_ACCESS_VIOLATION (0xc0000005) at pc=0x00007fff920c3019, pid=12036, tid=12284
#
# JRE version: OpenJDK Runtime Environment (11.0.10) (build 11.0.10+0-b96-7249189)
# Java VM: OpenJDK 64-Bit Server VM (11.0.10+0-b96-7249189, mixed mode, tiered, compressed oops, g1 gc, windows-amd64)
# Problematic frame:
# V  [jvm.dll+0x353019]
#
# No core dump will be written. Minidumps are not enabled by default on client versions of Windows
#
# If you would like to submit a bug report, please visit:
#   https://bugreport.java.com/bugreport/crash.jsp
#

---------------  S U M M A R Y ------------

Command Line: --add-opens=java.base/java.util=ALL-UNNAMED --add-opens=java.base/java.lang=ALL-UNNAMED --add-opens=java.base/java.lang.invoke=ALL-UNNAMED --add-opens=java.base/java.util=ALL-UNNAMED --add-opens=java.prefs/java.util.prefs=ALL-UNNAMED --add-opens=java.prefs/java.util.prefs=ALL-UNNAMED --add-opens=java.base/java.nio.charset=ALL-UNNAMED --add-opens=java.base/java.net=ALL-UNNAMED --add-opens=java.base/java.util.concurrent.atomic=ALL-UNNAMED -Xmx2048m -Dfile.encoding=UTF-8 -Duser.country=MX -Duser.language=es -Duser.variant org.gradle.launcher.daemon.bootstrap.GradleDaemon 7.0.2

Host: Intel(R) Core(TM) i5-3337U CPU @ 1.80GHz, 4 cores, 11G,  Windows 10 , 64 bit Build 19041 (10.0.19041.1202)
Time: Wed Nov 24 19:49:05 2021 Hora est. Pacífico, Sudamérica elapsed time: 20.346598 seconds (0d 0h 0m 20s)

---------------  T H R E A D  ---------------

Current thread (0x000002c04886e000):  JavaThread "C2 CompilerThread0" daemon [_thread_in_native, id=12284, stack(0x000000c7bfc00000,0x000000c7bfd00000)]


Current CompileTask:
C2:  20346 7256       4       org.gradle.internal.instantiation.generator.AbstractClassGenerator$ClassMetadata::property (42 bytes)

Stack: [0x000000c7bfc00000,0x000000c7bfd00000],  sp=0x000000c7bfcfbea0,  free space=1007k
Native frames: (J=compiled Java code, j=interpreted, Vv=VM code, C=native code)
V  [jvm.dll+0x353019]
V  [jvm.dll+0x351ae3]
V  [jvm.dll+0x197e40]
V  [jvm.dll+0x1fb70e]
V  [jvm.dll+0x1fa7f4]
V  [jvm.dll+0x18354c]
V  [jvm.dll+0x208ee7]
V  [jvm.dll+0x207731]
V  [jvm.dll+0x6eb1cf]
V  [jvm.dll+0x6e3d45]
V  [jvm.dll+0x5ebe96]
C  [ucrtbase.dll+0x21bb2]
C  [KERNEL32.DLL+0x17034]
C  [ntdll.dll+0x52651]


siginfo: EXCEPTION_ACCESS_VIOLATION (0xc0000005), writing address 0x00007fff92567c4c


Register to memory mapping:

RIP=0x00007fff920c3019 jvm.dll
RAX=0x000000006277735f is an unknown value
RBX=0x0000000000000011 is an unknown value
RCX=0x000000006275735f is an unknown value
RDX=0x0000000000020000 is an unknown value
RSP=0x000000c7bfcfbea0 is pointing into the stack for thread: 0x000002c04886e000
RBP=0x0000000000000a3d is an unknown value
RSI=0x0000000000000005 is an unknown value
RDI=0x000002c052485240 points into unknown readable memory: 0x0000000000000003 | 03 00 00 00 00 00 00 00
R8 =0x00007fff92567c38 jvm.dll
R9 =0x000000c7bfcfbec0 is pointing into the stack for thread: 0x000002c04886e000
R10=0x00007fff91d70000 jvm.dll
R11=0x000000c7bfcfbfc0 is pointing into the stack for thread: 0x000002c04886e000
R12=0x00007fff91d70000 jvm.dll
R13=0x00007fff92767c38 jvm.dll
R14=0x000002c050761360 points into unknown readable memory: 0x3f7472c2509dab2a | 2a ab 9d 50 c2 72 74 3f
R15=0x000000c7bfcfc570 is pointing into the stack for thread: 0x000002c04886e000


Registers:
RAX=0x000000006277735f, RBX=0x0000000000000011, RCX=0x000000006275735f, RDX=0x0000000000020000
RSP=0x000000c7bfcfbea0, RBP=0x0000000000000a3d, RSI=0x0000000000000005, RDI=0x000002c052485240
R8 =0x00007fff92567c38, R9 =0x000000c7bfcfbec0, R10=0x00007fff91d70000, R11=0x000000c7bfcfbfc0
R12=0x00007fff91d70000, R13=0x00007fff92767c38, R14=0x000002c050761360, R15=0x000000c7bfcfc570
RIP=0x00007fff920c3019, EFLAGS=0x0000000000010206

Top of Stack: (sp=0x000000c7bfcfbea0)
0x000000c7bfcfbea0:   0000000000000016 0000000000000a3d
0x000000c7bfcfbeb0:   0000000000000002 0000000000000000
0x000000c7bfcfbec0:   000008b400000000 00007fff00000006
0x000000c7bfcfbed0:   000002c04ea08400 0000000000000009
0x000000c7bfcfbee0:   000000c7bfcfbfd0 000000000000000d
0x000000c7bfcfbef0:   000000c7bfcfbfc0 00007fff923b30b0
0x000000c7bfcfbf00:   0000000000000007 000002c04bc99168
0x000000c7bfcfbf10:   0000000000000000 000000c7bfcfc030
0x000000c7bfcfbf20:   000002c050761360 00007fff920c1ae3
0x000000c7bfcfbf30:   000000c7bfcfc570 000000000000000b
0x000000c7bfcfbf40:   000002c049be5320 000000000000000a
0x000000c7bfcfbf50:   000000c7bfcfbf88 3f810a4c988363f8
0x000000c7bfcfbf60:   0000000000000a3d 000000070000000b
0x000000c7bfcfbf70:   0000000d0000000c 0000000000000000
0x000000c7bfcfbf80:   0000000c00000003 0000000700000000
0x000000c7bfcfbf90:   0000000e00000000 00007fff00000000 

Instructions: (pc=0x00007fff920c3019)
0x00007fff920c2f19:   00 0b c8 8b 42 7c 41 23 46 7c 0b c8 8b 42 78 41
0x00007fff920c2f29:   23 46 78 0b c8 8b 42 74 41 23 46 74 0b c8 8b 42
0x00007fff920c2f39:   70 41 23 46 70 0b c8 8b 42 6c 41 23 46 6c 0b c8
0x00007fff920c2f49:   8b 42 68 41 23 46 68 0b c8 8b 42 64 41 23 46 64
0x00007fff920c2f59:   0b c8 8b 42 60 41 23 46 60 0b c8 8b 42 5c 41 23
0x00007fff920c2f69:   46 5c 0b c8 8b 42 58 41 23 46 58 0b c8 8b 42 54
0x00007fff920c2f79:   41 23 46 54 0b c8 8b 42 50 41 23 46 50 0b c8 8b
0x00007fff920c2f89:   42 4c 41 23 46 4c 0b c8 8b 42 48 41 23 46 48 0b
0x00007fff920c2f99:   c8 8b 42 44 41 23 46 44 0b c8 8b 42 40 41 23 46
0x00007fff920c2fa9:   40 0b c8 8b 42 3c 41 23 46 3c 0b c8 41 8b 46 38
0x00007fff920c2fb9:   23 42 38 0b c8 74 63 48 8b c5 3b eb 73 04 8b c3
0x00007fff920c2fc9:   8b dd 48 8d 3c 80 48 c1 e7 05 49 03 78 10 85 db
0x00007fff920c2fd9:   74 48 48 8b 47 08 8b cb 48 c1 e9 08 8b f3 4c 8b
0x00007fff920c2fe9:   04 c8 4d 3b c5 75 0d 8b d3 48 8b cf e8 26 4f 00
0x00007fff920c2ff9:   00 4c 8b c0 48 c1 ee 05 83 e3 1f 83 e6 07 0f b6
0x00007fff920c3009:   cb ba 01 00 00 00 d3 e2 41 8b 0c b0 8b c1 0b c2
0x00007fff920c3019:   41 89 04 b0 85 ca 75 02 ff 07 8b 44 24 20 85 c0
0x00007fff920c3029:   74 3e 44 8b 44 24 24 a8 1f 75 0b c1 e8 05 41 83
0x00007fff920c3039:   c0 05 a8 1f 74 f5 8b d0 83 e2 1f 42 0f b6 8c 22
0x00007fff920c3049:   40 cd 82 00 42 0f b6 9c 22 20 cd 82 00 d3 e8 89
0x00007fff920c3059:   44 24 20 41 03 d8 42 8d 04 01 89 44 24 24 eb 0c
0x00007fff920c3069:   48 8d 4c 24 20 e8 ad 4c 00 00 8b d8 85 db 0f 85
0x00007fff920c3079:   53 fe ff ff 4c 8b ac 24 a0 00 00 00 48 8b bc 24
0x00007fff920c3089:   98 00 00 00 48 8b b4 24 90 00 00 00 48 83 c4 60
0x00007fff920c3099:   41 5f 41 5e 41 5c 5d 5b c3 cc cc cc cc cc cc cc
0x00007fff920c30a9:   cc cc cc cc cc cc cc 48 89 5c 24 08 48 89 74 24
0x00007fff920c30b9:   10 57 48 83 ec 20 49 8d 49 38 49 8b d9 41 8b f8
0x00007fff920c30c9:   e8 c2 ff 2e 00 84 c0 74 45 83 bb 90 00 00 00 00
0x00007fff920c30d9:   74 3c f6 83 98 00 00 00 06 74 07 48 8b 4c 24 60
0x00007fff920c30e9:   eb 19 48 8b 15 c6 ac 6a 00 48 8d 4b 38 e8 75 4c
0x00007fff920c30f9:   e8 ff 85 c0 74 18 48 8b 4c 24 58 0f b7 83 96 00
0x00007fff920c3109:   00 00 29 01 8b 01 3b 41 0c 75 03 89 79 04 48 8b 


Stack slot to memory mapping:
stack at sp + 0 slots: 0x0000000000000016 is an unknown value
stack at sp + 1 slots: 0x0000000000000a3d is an unknown value
stack at sp + 2 slots: 0x0000000000000002 is an unknown value
stack at sp + 3 slots: 0x0 is NULL
stack at sp + 4 slots: 0x000008b400000000 is an unknown value
stack at sp + 5 slots: 0x00007fff00000006 is an unknown value
stack at sp + 6 slots: 0x000002c04ea08400 points into unknown readable memory: 0x0000000000000000 | 00 00 00 00 00 00 00 00
stack at sp + 7 slots: 0x0000000000000009 is an unknown value


---------------  P R O C E S S  ---------------

Threads class SMR info:
_java_thread_list=0x000002c04cde53c0, length=43, elements={
0x000002c02ec53000, 0x000002c049071800, 0x000002c049072800, 0x000002c048863800,
0x000002c048864800, 0x000002c048867000, 0x000002c04886e000, 0x000002c0490c9800,
0x000002c0490cb800, 0x000002c04922e800, 0x000002c04aa5a000, 0x000002c04b640800,
0x000002c04acfd800, 0x000002c0495d2800, 0x000002c04b36c000, 0x000002c04bc02000,
0x000002c04c11c800, 0x000002c04a932800, 0x000002c04bb4f000, 0x000002c04c252000,
0x000002c04c24f000, 0x000002c04c24f800, 0x000002c04c24c800, 0x000002c04a6d5000,
0x000002c04c251800, 0x000002c04c253000, 0x000002c04c24d800, 0x000002c04c24e000,
0x000002c04c250800, 0x000002c04bf31000, 0x000002c04bf2f800, 0x000002c04bf2b800,
0x000002c04bf30800, 0x000002c04bf2d000, 0x000002c04bf34800, 0x000002c04bf35000,
0x000002c04bf36000, 0x000002c04bf33800, 0x000002c04bf33000, 0x000002c04bf37000,
0x000002c04bf37800, 0x000002c04bf38800, 0x000002c04bf39800
}

Java Threads: ( => current thread )
  0x000002c02ec53000 JavaThread "main" [_thread_blocked, id=5388, stack(0x000000c7bf000000,0x000000c7bf100000)]
  0x000002c049071800 JavaThread "Reference Handler" daemon [_thread_blocked, id=4104, stack(0x000000c7bf700000,0x000000c7bf800000)]
  0x000002c049072800 JavaThread "Finalizer" daemon [_thread_blocked, id=1784, stack(0x000000c7bf800000,0x000000c7bf900000)]
  0x000002c048863800 JavaThread "Signal Dispatcher" daemon [_thread_blocked, id=4964, stack(0x000000c7bf900000,0x000000c7bfa00000)]
  0x000002c048864800 JavaThread "Attach Listener" daemon [_thread_blocked, id=9800, stack(0x000000c7bfa00000,0x000000c7bfb00000)]
  0x000002c048867000 JavaThread "Service Thread" daemon [_thread_blocked, id=4628, stack(0x000000c7bfb00000,0x000000c7bfc00000)]
=>0x000002c04886e000 JavaThread "C2 CompilerThread0" daemon [_thread_in_native, id=12284, stack(0x000000c7bfc00000,0x000000c7bfd00000)]
  0x000002c0490c9800 JavaThread "C1 CompilerThread0" daemon [_thread_blocked, id=10448, stack(0x000000c7bfd00000,0x000000c7bfe00000)]
  0x000002c0490cb800 JavaThread "Sweeper thread" daemon [_thread_blocked, id=6248, stack(0x000000c7bfe00000,0x000000c7bff00000)]
  0x000002c04922e800 JavaThread "Common-Cleaner" daemon [_thread_blocked, id=9284, stack(0x000000c7bff00000,0x000000c7c0000000)]
  0x000002c04aa5a000 JavaThread "Daemon health stats" [_thread_blocked, id=5048, stack(0x000000c7c0500000,0x000000c7c0600000)]
  0x000002c04b640800 JavaThread "Incoming local TCP Connector on port 50225" [_thread_in_native, id=11884, stack(0x000000c7c0100000,0x000000c7c0200000)]
  0x000002c04acfd800 JavaThread "Daemon periodic checks" [_thread_blocked, id=5372, stack(0x000000c7c0600000,0x000000c7c0700000)]
  0x000002c0495d2800 JavaThread "Daemon" [_thread_blocked, id=3272, stack(0x000000c7c0700000,0x000000c7c0800000)]
  0x000002c04b36c000 JavaThread "Handler for socket connection from /127.0.0.1:50225 to /127.0.0.1:50229" [_thread_in_native, id=11968, stack(0x000000c7c0800000,0x000000c7c0900000)]
  0x000002c04bc02000 JavaThread "Cancel handler" [_thread_blocked, id=7260, stack(0x000000c7c0900000,0x000000c7c0a00000)]
  0x000002c04c11c800 JavaThread "Daemon worker" [_thread_in_vm, id=4672, stack(0x000000c7c0a00000,0x000000c7c0b00000)]
  0x000002c04a932800 JavaThread "Asynchronous log dispatcher for DefaultDaemonConnection: socket connection from /127.0.0.1:50225 to /127.0.0.1:50229" [_thread_blocked, id=1200, stack(0x000000c7c0b00000,0x000000c7c0c00000)]
  0x000002c04bb4f000 JavaThread "Stdin handler" [_thread_blocked, id=11828, stack(0x000000c7c0c00000,0x000000c7c0d00000)]
  0x000002c04c252000 JavaThread "Daemon client event forwarder" [_thread_blocked, id=6252, stack(0x000000c7c0d00000,0x000000c7c0e00000)]
  0x000002c04c24f000 JavaThread "Cache worker for file hash cache (C:\Users\TabSan\.gradle\caches\7.0.2\fileHashes)" [_thread_blocked, id=4472, stack(0x000000c7c0e00000,0x000000c7c0f00000)]
  0x000002c04c24f800 JavaThread "File lock request listener" [_thread_in_native, id=2828, stack(0x000000c7c0f00000,0x000000c7c1000000)]
  0x000002c04c24c800 JavaThread "Cache worker for journal cache (C:\Users\TabSan\.gradle\caches\journal-1)" [_thread_blocked, id=3980, stack(0x000000c7c1000000,0x000000c7c1100000)]
  0x000002c04a6d5000 JavaThread "C2 CompilerThread1" daemon [_thread_in_native, id=6720, stack(0x000000c7c1100000,0x000000c7c1200000)]
  0x000002c04c251800 JavaThread "Cache worker for file hash cache (C:\Users\TabSan\AndroidStudioProjects\OurApp\.gradle\7.0.2\fileHashes)" [_thread_blocked, id=6308, stack(0x000000c7c1200000,0x000000c7c1300000)]
  0x000002c04c253000 JavaThread "File watcher server" daemon [_thread_in_native, id=2276, stack(0x000000c7c1300000,0x000000c7c1400000)]
  0x000002c04c24d800 JavaThread "File watcher consumer" daemon [_thread_blocked, id=5772, stack(0x000000c7c1400000,0x000000c7c1500000)]
  0x000002c04c24e000 JavaThread "Cache worker for checksums cache (C:\Users\TabSan\AndroidStudioProjects\OurApp\.gradle\checksums)" [_thread_blocked, id=11464, stack(0x000000c7c1500000,0x000000c7c1600000)]
  0x000002c04c250800 JavaThread "Cache worker for cache directory md-supplier (C:\Users\TabSan\.gradle\caches\7.0.2\md-supplier)" [_thread_blocked, id=4172, stack(0x000000c7c1600000,0x000000c7c1700000)]
  0x000002c04bf31000 JavaThread "Cache worker for cache directory md-rule (C:\Users\TabSan\.gradle\caches\7.0.2\md-rule)" [_thread_blocked, id=1288, stack(0x000000c7c1700000,0x000000c7c1800000)]
  0x000002c04bf2f800 JavaThread "Cache worker for execution history cache (C:\Users\TabSan\.gradle\caches\7.0.2\executionHistory)" [_thread_blocked, id=10492, stack(0x000000c7c1800000,0x000000c7c1900000)]
  0x000002c04bf2b800 JavaThread "jar transforms" [_thread_blocked, id=4704, stack(0x000000c7c1900000,0x000000c7c1a00000)]
  0x000002c04bf30800 JavaThread "jar transforms Thread 2" [_thread_blocked, id=3628, stack(0x000000c7c1a00000,0x000000c7c1b00000)]
  0x000002c04bf2d000 JavaThread "Cache worker for file content cache (C:\Users\TabSan\.gradle\caches\7.0.2\fileContent)" [_thread_blocked, id=11980, stack(0x000000c7c1b00000,0x000000c7c1c00000)]
  0x000002c04bf34800 JavaThread "Cache worker for dependencies-accessors (C:\Users\TabSan\AndroidStudioProjects\OurApp\.gradle\7.0.2\dependencies-accessors)" [_thread_blocked, id=5764, stack(0x000000c7c1c00000,0x000000c7c1d00000)]
  0x000002c04bf35000 JavaThread "jar transforms Thread 3" [_thread_blocked, id=9268, stack(0x000000c7c1d00000,0x000000c7c1e00000)]
  0x000002c04bf36000 JavaThread "Cache worker for Build Output Cleanup Cache (C:\Users\TabSan\AndroidStudioProjects\OurApp\.gradle\buildOutputCleanup)" [_thread_blocked, id=12016, stack(0x000000c7c1e00000,0x000000c7c1f00000)]
  0x000002c04bf33800 JavaThread "Build operations" [_thread_blocked, id=3988, stack(0x000000c7c1f00000,0x000000c7c2000000)]
  0x000002c04bf33000 JavaThread "Build operations Thread 2" [_thread_blocked, id=10916, stack(0x000000c7c2000000,0x000000c7c2100000)]
  0x000002c04bf37000 JavaThread "Build operations Thread 3" [_thread_blocked, id=10300, stack(0x000000c7c2100000,0x000000c7c2200000)]
  0x000002c04bf37800 JavaThread "Build operations Thread 4" [_thread_blocked, id=9968, stack(0x000000c7c2200000,0x000000c7c2300000)]
  0x000002c04bf38800 JavaThread "jar transforms Thread 4" [_thread_blocked, id=10632, stack(0x000000c7c2300000,0x000000c7c2400000)]
  0x000002c04bf39800 JavaThread "Memory manager" [_thread_blocked, id=5684, stack(0x000000c7c2400000,0x000000c7c2500000)]

Other Threads:
  0x000002c048852000 VMThread "VM Thread" [stack: 0x000000c7bf600000,0x000000c7bf700000] [id=5980]
  0x000002c049238000 WatcherThread [stack: 0x000000c7c0000000,0x000000c7c0100000] [id=7752]
  0x000002c02ec67000 GCTaskThread "GC Thread#0" [stack: 0x000000c7bf100000,0x000000c7bf200000] [id=9804]
  0x000002c04997a800 GCTaskThread "GC Thread#1" [stack: 0x000000c7c0200000,0x000000c7c0300000] [id=10960]
  0x000002c049e97000 GCTaskThread "GC Thread#2" [stack: 0x000000c7c0300000,0x000000c7c0400000] [id=10616]
  0x000002c049e98000 GCTaskThread "GC Thread#3" [stack: 0x000000c7c0400000,0x000000c7c0500000] [id=9228]
  0x000002c02ec96800 ConcurrentGCThread "G1 Main Marker" [stack: 0x000000c7bf200000,0x000000c7bf300000] [id=7264]
  0x000002c02ec98000 ConcurrentGCThread "G1 Conc#0" [stack: 0x000000c7bf300000,0x000000c7bf400000] [id=4692]
  0x000002c02ed2e000 ConcurrentGCThread "G1 Refine#0" [stack: 0x000000c7bf400000,0x000000c7bf500000] [id=10824]
  0x000002c0486a0800 ConcurrentGCThread "G1 Young RemSet Sampling" [stack: 0x000000c7bf500000,0x000000c7bf600000] [id=10820]

Threads with active compile tasks:
C2 CompilerThread0  20456 7256       4       org.gradle.internal.instantiation.generator.AbstractClassGenerator$ClassMetadata::property (42 bytes)
C2 CompilerThread1  20456 7169 %     4       org.gradle.internal.instantiation.generator.AbstractClassGenerator::inspectType @ 207 (560 bytes)

VM state:not at safepoint (normal execution)

VM Mutex/Monitor currently owned by a thread: None

Heap address: 0x0000000080000000, size: 2048 MB, Compressed Oops mode: 32-bit
Narrow klass base: 0x0000000000000000, Narrow klass shift: 3
Compressed class space size: 1073741824 Address: 0x0000000100000000

Heap:
 garbage-first heap   total 236544K, used 97930K [0x0000000080000000, 0x0000000100000000)
  region size 1024K, 49 young (50176K), 10 survivors (10240K)
 Metaspace       used 76461K, capacity 78259K, committed 78456K, reserved 1118208K
  class space    used 9963K, capacity 10614K, committed 10700K, reserved 1048576K
Heap Regions: E=young(eden), S=young(survivor), O=old, HS=humongous(starts), HC=humongous(continues), CS=collection set, F=free, A=archive, TAMS=top-at-mark-start (previous, next)
|   0|0x0000000080000000, 0x0000000080100000, 0x0000000080100000|100%| O|  |TAMS 0x0000000080100000, 0x0000000080000000| Untracked 
|   1|0x0000000080100000, 0x0000000080200000, 0x0000000080200000|100%| O|  |TAMS 0x0000000080200000, 0x0000000080100000| Untracked 
|   2|0x0000000080200000, 0x0000000080300000, 0x0000000080300000|100%| O|  |TAMS 0x0000000080300000, 0x0000000080200000| Untracked 
|   3|0x0000000080300000, 0x0000000080400000, 0x0000000080400000|100%|HS|  |TAMS 0x0000000080400000, 0x0000000080300000| Complete 
|   4|0x0000000080400000, 0x0000000080500000, 0x0000000080500000|100%|HC|  |TAMS 0x0000000080500000, 0x0000000080400000| Complete 
|   5|0x0000000080500000, 0x0000000080600000, 0x0000000080600000|100%|HC|  |TAMS 0x0000000080600000, 0x0000000080500000| Complete 
|   6|0x0000000080600000, 0x0000000080700000, 0x0000000080700000|100%| O|  |TAMS 0x0000000080700000, 0x0000000080600000| Untracked 
|   7|0x0000000080700000, 0x0000000080800000, 0x0000000080800000|100%| O|  |TAMS 0x0000000080800000, 0x0000000080700000| Untracked 
|   8|0x0000000080800000, 0x0000000080900000, 0x0000000080900000|100%| O|  |TAMS 0x0000000080900000, 0x0000000080800000| Untracked 
|   9|0x0000000080900000, 0x0000000080a00000, 0x0000000080a00000|100%| O|  |TAMS 0x0000000080a00000, 0x0000000080900000| Untracked 
|  10|0x0000000080a00000, 0x0000000080b00000, 0x0000000080b00000|100%| O|  |TAMS 0x0000000080b00000, 0x0000000080a00000| Untracked 
|  11|0x0000000080b00000, 0x0000000080c00000, 0x0000000080c00000|100%| O|  |TAMS 0x0000000080c00000, 0x0000000080b00000| Untracked 
|  12|0x0000000080c00000, 0x0000000080d00000, 0x0000000080d00000|100%| O|  |TAMS 0x0000000080d00000, 0x0000000080c00000| Untracked 
|  13|0x0000000080d00000, 0x0000000080e00000, 0x0000000080e00000|100%| O|  |TAMS 0x0000000080e00000, 0x0000000080d00000| Untracked 
|  14|0x0000000080e00000, 0x0000000080f00000, 0x0000000080f00000|100%| O|  |TAMS 0x0000000080f00000, 0x0000000080e00000| Untracked 
|  15|0x0000000080f00000, 0x0000000081000000, 0x0000000081000000|100%| O|  |TAMS 0x0000000081000000, 0x0000000080f00000| Untracked 
|  16|0x0000000081000000, 0x0000000081100000, 0x0000000081100000|100%|HS|  |TAMS 0x0000000081100000, 0x0000000081000000| Complete 
|  17|0x0000000081100000, 0x0000000081200000, 0x0000000081200000|100%|HS|  |TAMS 0x0000000081200000, 0x0000000081100000| Complete 
|  18|0x0000000081200000, 0x0000000081300000, 0x0000000081300000|100%|HS|  |TAMS 0x0000000081300000, 0x0000000081200000| Complete 
|  19|0x0000000081300000, 0x0000000081400000, 0x0000000081400000|100%|HC|  |TAMS 0x0000000081400000, 0x0000000081300000| Complete 
|  20|0x0000000081400000, 0x0000000081500000, 0x0000000081500000|100%| O|  |TAMS 0x0000000081500000, 0x0000000081400000| Untracked 
|  21|0x0000000081500000, 0x0000000081600000, 0x0000000081600000|100%| O|  |TAMS 0x0000000081600000, 0x0000000081500000| Untracked 
|  22|0x0000000081600000, 0x0000000081700000, 0x0000000081700000|100%| O|  |TAMS 0x0000000081700000, 0x0000000081600000| Untracked 
|  23|0x0000000081700000, 0x0000000081800000, 0x0000000081800000|100%| O|  |TAMS 0x0000000081800000, 0x0000000081700000| Untracked 
|  24|0x0000000081800000, 0x0000000081900000, 0x0000000081900000|100%| O|  |TAMS 0x0000000081900000, 0x0000000081800000| Untracked 
|  25|0x0000000081900000, 0x0000000081a00000, 0x0000000081a00000|100%| O|  |TAMS 0x0000000081a00000, 0x0000000081900000| Untracked 
|  26|0x0000000081a00000, 0x0000000081b00000, 0x0000000081b00000|100%| O|  |TAMS 0x0000000081b00000, 0x0000000081a00000| Untracked 
|  27|0x0000000081b00000, 0x0000000081c00000, 0x0000000081c00000|100%| O|  |TAMS 0x0000000081c00000, 0x0000000081b00000| Untracked 
|  28|0x0000000081c00000, 0x0000000081d00000, 0x0000000081d00000|100%| O|  |TAMS 0x0000000081d00000, 0x0000000081c00000| Untracked 
|  29|0x0000000081d00000, 0x0000000081e00000, 0x0000000081e00000|100%| O|  |TAMS 0x0000000081e00000, 0x0000000081d00000| Untracked 
|  30|0x0000000081e00000, 0x0000000081f00000, 0x0000000081f00000|100%| O|  |TAMS 0x0000000081f00000, 0x0000000081e00000| Untracked 
|  31|0x0000000081f00000, 0x0000000082000000, 0x0000000082000000|100%| O|  |TAMS 0x0000000082000000, 0x0000000081f00000| Untracked 
|  32|0x0000000082000000, 0x0000000082100000, 0x0000000082100000|100%| O|  |TAMS 0x0000000082100000, 0x0000000082000000| Untracked 
|  33|0x0000000082100000, 0x0000000082200000, 0x0000000082200000|100%| O|  |TAMS 0x0000000082200000, 0x0000000082100000| Untracked 
|  34|0x0000000082200000, 0x0000000082300000, 0x0000000082300000|100%| O|  |TAMS 0x0000000082300000, 0x0000000082200000| Untracked 
|  35|0x0000000082300000, 0x0000000082400000, 0x0000000082400000|100%| O|  |TAMS 0x0000000082400000, 0x0000000082300000| Untracked 
|  36|0x0000000082400000, 0x0000000082500000, 0x0000000082500000|100%| O|  |TAMS 0x0000000082500000, 0x0000000082400000| Untracked 
|  37|0x0000000082500000, 0x0000000082600000, 0x0000000082600000|100%| O|  |TAMS 0x0000000082600000, 0x0000000082500000| Untracked 
|  38|0x0000000082600000, 0x0000000082700000, 0x0000000082700000|100%| O|  |TAMS 0x0000000082700000, 0x0000000082600000| Untracked 
|  39|0x0000000082700000, 0x0000000082800000, 0x0000000082800000|100%| O|  |TAMS 0x0000000082800000, 0x0000000082700000| Untracked 
|  40|0x0000000082800000, 0x0000000082900000, 0x0000000082900000|100%| O|  |TAMS 0x0000000082900000, 0x0000000082800000| Untracked 
|  41|0x0000000082900000, 0x0000000082a00000, 0x0000000082a00000|100%| O|  |TAMS 0x0000000082a00000, 0x0000000082900000| Untracked 
|  42|0x0000000082a00000, 0x0000000082b00000, 0x0000000082b00000|100%| O|  |TAMS 0x0000000082b00000, 0x0000000082a00000| Untracked 
|  43|0x0000000082b00000, 0x0000000082c00000, 0x0000000082c00000|100%| O|  |TAMS 0x0000000082c00000, 0x0000000082b00000| Untracked 
|  44|0x0000000082c00000, 0x0000000082d00000, 0x0000000082d00000|100%| O|  |TAMS 0x0000000082d00000, 0x0000000082c00000| Untracked 
|  45|0x0000000082d00000, 0x0000000082e00000, 0x0000000082e00000|100%| O|  |TAMS 0x0000000082e00000, 0x0000000082d00000| Untracked 
|  46|0x0000000082e00000, 0x0000000082f00000, 0x0000000082f00000|100%| O|  |TAMS 0x0000000082f00000, 0x0000000082e00000| Untracked 
|  47|0x0000000082f00000, 0x0000000082fa2800, 0x0000000083000000| 63%| O|  |TAMS 0x0000000082fa2800, 0x0000000082f00000| Untracked 
|  48|0x0000000083000000, 0x0000000083000000, 0x0000000083100000|  0%| F|  |TAMS 0x0000000083000000, 0x0000000083000000| Untracked 
|  49|0x0000000083100000, 0x0000000083100000, 0x0000000083200000|  0%| F|  |TAMS 0x0000000083100000, 0x0000000083100000| Untracked 
|  50|0x0000000083200000, 0x0000000083200000, 0x0000000083300000|  0%| F|  |TAMS 0x0000000083200000, 0x0000000083200000| Untracked 
|  51|0x0000000083300000, 0x0000000083300000, 0x0000000083400000|  0%| F|  |TAMS 0x0000000083300000, 0x0000000083300000| Untracked 
|  52|0x0000000083400000, 0x0000000083400000, 0x0000000083500000|  0%| F|  |TAMS 0x0000000083400000, 0x0000000083400000| Untracked 
|  53|0x0000000083500000, 0x0000000083500000, 0x0000000083600000|  0%| F|  |TAMS 0x0000000083500000, 0x0000000083500000| Untracked 
|  54|0x0000000083600000, 0x0000000083600000, 0x0000000083700000|  0%| F|  |TAMS 0x0000000083600000, 0x0000000083600000| Untracked 
|  55|0x0000000083700000, 0x0000000083700000, 0x0000000083800000|  0%| F|  |TAMS 0x0000000083700000, 0x0000000083700000| Untracked 
|  56|0x0000000083800000, 0x0000000083800000, 0x0000000083900000|  0%| F|  |TAMS 0x0000000083800000, 0x0000000083800000| Untracked 
|  57|0x0000000083900000, 0x0000000083900000, 0x0000000083a00000|  0%| F|  |TAMS 0x0000000083900000, 0x0000000083900000| Untracked 
|  58|0x0000000083a00000, 0x0000000083a00000, 0x0000000083b00000|  0%| F|  |TAMS 0x0000000083a00000, 0x0000000083a00000| Untracked 
|  59|0x0000000083b00000, 0x0000000083b00000, 0x0000000083c00000|  0%| F|  |TAMS 0x0000000083b00000, 0x0000000083b00000| Untracked 
|  60|0x0000000083c00000, 0x0000000083c00000, 0x0000000083d00000|  0%| F|  |TAMS 0x0000000083c00000, 0x0000000083c00000| Untracked 
|  61|0x0000000083d00000, 0x0000000083d00000, 0x0000000083e00000|  0%| F|  |TAMS 0x0000000083d00000, 0x0000000083d00000| Untracked 
|  62|0x0000000083e00000, 0x0000000083e00000, 0x0000000083f00000|  0%| F|  |TAMS 0x0000000083e00000, 0x0000000083e00000| Untracked 
|  63|0x0000000083f00000, 0x0000000083f00000, 0x0000000084000000|  0%| F|  |TAMS 0x0000000083f00000, 0x0000000083f00000| Untracked 
|  64|0x0000000084000000, 0x0000000084000000, 0x0000000084100000|  0%| F|  |TAMS 0x0000000084000000, 0x0000000084000000| Untracked 
|  65|0x0000000084100000, 0x0000000084100000, 0x0000000084200000|  0%| F|  |TAMS 0x0000000084100000, 0x0000000084100000| Untracked 
|  66|0x0000000084200000, 0x0000000084200000, 0x0000000084300000|  0%| F|  |TAMS 0x0000000084200000, 0x0000000084200000| Untracked 
|  67|0x0000000084300000, 0x0000000084300000, 0x0000000084400000|  0%| F|  |TAMS 0x0000000084300000, 0x0000000084300000| Untracked 
|  68|0x0000000084400000, 0x0000000084400000, 0x0000000084500000|  0%| F|  |TAMS 0x0000000084400000, 0x0000000084400000| Untracked 
|  69|0x0000000084500000, 0x0000000084500000, 0x0000000084600000|  0%| F|  |TAMS 0x0000000084500000, 0x0000000084500000| Untracked 
|  70|0x0000000084600000, 0x0000000084600000, 0x0000000084700000|  0%| F|  |TAMS 0x0000000084600000, 0x0000000084600000| Untracked 
|  71|0x0000000084700000, 0x0000000084700000, 0x0000000084800000|  0%| F|  |TAMS 0x0000000084700000, 0x0000000084700000| Untracked 
|  72|0x0000000084800000, 0x0000000084800000, 0x0000000084900000|  0%| F|  |TAMS 0x0000000084800000, 0x0000000084800000| Untracked 
|  73|0x0000000084900000, 0x0000000084900000, 0x0000000084a00000|  0%| F|  |TAMS 0x0000000084900000, 0x0000000084900000| Untracked 
|  74|0x0000000084a00000, 0x0000000084a00000, 0x0000000084b00000|  0%| F|  |TAMS 0x0000000084a00000, 0x0000000084a00000| Untracked 
|  75|0x0000000084b00000, 0x0000000084b00000, 0x0000000084c00000|  0%| F|  |TAMS 0x0000000084b00000, 0x0000000084b00000| Untracked 
|  76|0x0000000084c00000, 0x0000000084c00000, 0x0000000084d00000|  0%| F|  |TAMS 0x0000000084c00000, 0x0000000084c00000| Untracked 
|  77|0x0000000084d00000, 0x0000000084d00000, 0x0000000084e00000|  0%| F|  |TAMS 0x0000000084d00000, 0x0000000084d00000| Untracked 
|  78|0x0000000084e00000, 0x0000000084e00000, 0x0000000084f00000|  0%| F|  |TAMS 0x0000000084e00000, 0x0000000084e00000| Untracked 
|  79|0x0000000084f00000, 0x0000000084f00000, 0x0000000085000000|  0%| F|  |TAMS 0x0000000084f00000, 0x0000000084f00000| Untracked 
|  80|0x0000000085000000, 0x0000000085000000, 0x0000000085100000|  0%| F|  |TAMS 0x0000000085000000, 0x0000000085000000| Untracked 
|  81|0x0000000085100000, 0x0000000085100000, 0x0000000085200000|  0%| F|  |TAMS 0x0000000085100000, 0x0000000085100000| Untracked 
|  82|0x0000000085200000, 0x0000000085200000, 0x0000000085300000|  0%| F|  |TAMS 0x0000000085200000, 0x0000000085200000| Untracked 
|  83|0x0000000085300000, 0x0000000085300000, 0x0000000085400000|  0%| F|  |TAMS 0x0000000085300000, 0x0000000085300000| Untracked 
|  84|0x0000000085400000, 0x0000000085400000, 0x0000000085500000|  0%| F|  |TAMS 0x0000000085400000, 0x0000000085400000| Untracked 
|  85|0x0000000085500000, 0x0000000085500000, 0x0000000085600000|  0%| F|  |TAMS 0x0000000085500000, 0x0000000085500000| Untracked 
|  86|0x0000000085600000, 0x0000000085600000, 0x0000000085700000|  0%| F|  |TAMS 0x0000000085600000, 0x0000000085600000| Untracked 
|  87|0x0000000085700000, 0x0000000085700000, 0x0000000085800000|  0%| F|  |TAMS 0x0000000085700000, 0x0000000085700000| Untracked 
|  88|0x0000000085800000, 0x0000000085800000, 0x0000000085900000|  0%| F|  |TAMS 0x0000000085800000, 0x0000000085800000| Untracked 
|  89|0x0000000085900000, 0x0000000085900000, 0x0000000085a00000|  0%| F|  |TAMS 0x0000000085900000, 0x0000000085900000| Untracked 
|  90|0x0000000085a00000, 0x0000000085a00000, 0x0000000085b00000|  0%| F|  |TAMS 0x0000000085a00000, 0x0000000085a00000| Untracked 
|  91|0x0000000085b00000, 0x0000000085b00000, 0x0000000085c00000|  0%| F|  |TAMS 0x0000000085b00000, 0x0000000085b00000| Untracked 
|  92|0x0000000085c00000, 0x0000000085c00000, 0x0000000085d00000|  0%| F|  |TAMS 0x0000000085c00000, 0x0000000085c00000| Untracked 
|  93|0x0000000085d00000, 0x0000000085d00000, 0x0000000085e00000|  0%| F|  |TAMS 0x0000000085d00000, 0x0000000085d00000| Untracked 
|  94|0x0000000085e00000, 0x0000000085e00000, 0x0000000085f00000|  0%| F|  |TAMS 0x0000000085e00000, 0x0000000085e00000| Untracked 
|  95|0x0000000085f00000, 0x0000000085f00000, 0x0000000086000000|  0%| F|  |TAMS 0x0000000085f00000, 0x0000000085f00000| Untracked 
|  96|0x0000000086000000, 0x0000000086000000, 0x0000000086100000|  0%| F|  |TAMS 0x0000000086000000, 0x0000000086000000| Untracked 
|  97|0x0000000086100000, 0x0000000086100000, 0x0000000086200000|  0%| F|  |TAMS 0x0000000086100000, 0x0000000086100000| Untracked 
|  98|0x0000000086200000, 0x0000000086200000, 0x0000000086300000|  0%| F|  |TAMS 0x0000000086200000, 0x0000000086200000| Untracked 
|  99|0x0000000086300000, 0x0000000086300000, 0x0000000086400000|  0%| F|  |TAMS 0x0000000086300000, 0x0000000086300000| Untracked 
| 100|0x0000000086400000, 0x0000000086400000, 0x0000000086500000|  0%| F|  |TAMS 0x0000000086400000, 0x0000000086400000| Untracked 
| 101|0x0000000086500000, 0x0000000086500000, 0x0000000086600000|  0%| F|  |TAMS 0x0000000086500000, 0x0000000086500000| Untracked 
| 102|0x0000000086600000, 0x0000000086600000, 0x0000000086700000|  0%| F|  |TAMS 0x0000000086600000, 0x0000000086600000| Untracked 
| 103|0x0000000086700000, 0x0000000086700000, 0x0000000086800000|  0%| F|  |TAMS 0x0000000086700000, 0x0000000086700000| Untracked 
| 104|0x0000000086800000, 0x0000000086800000, 0x0000000086900000|  0%| F|  |TAMS 0x0000000086800000, 0x0000000086800000| Untracked 
| 105|0x0000000086900000, 0x0000000086900000, 0x0000000086a00000|  0%| F|  |TAMS 0x0000000086900000, 0x0000000086900000| Untracked 
| 106|0x0000000086a00000, 0x0000000086a00000, 0x0000000086b00000|  0%| F|  |TAMS 0x0000000086a00000, 0x0000000086a00000| Untracked 
| 107|0x0000000086b00000, 0x0000000086b00000, 0x0000000086c00000|  0%| F|  |TAMS 0x0000000086b00000, 0x0000000086b00000| Untracked 
| 108|0x0000000086c00000, 0x0000000086c00000, 0x0000000086d00000|  0%| F|  |TAMS 0x0000000086c00000, 0x0000000086c00000| Untracked 
| 109|0x0000000086d00000, 0x0000000086d00000, 0x0000000086e00000|  0%| F|  |TAMS 0x0000000086d00000, 0x0000000086d00000| Untracked 
| 110|0x0000000086e00000, 0x0000000086e00000, 0x0000000086f00000|  0%| F|  |TAMS 0x0000000086e00000, 0x0000000086e00000| Untracked 
| 111|0x0000000086f00000, 0x0000000086f00000, 0x0000000087000000|  0%| F|  |TAMS 0x0000000086f00000, 0x0000000086f00000| Untracked 
| 112|0x0000000087000000, 0x0000000087000000, 0x0000000087100000|  0%| F|  |TAMS 0x0000000087000000, 0x0000000087000000| Untracked 
| 113|0x0000000087100000, 0x0000000087100000, 0x0000000087200000|  0%| F|  |TAMS 0x0000000087100000, 0x0000000087100000| Untracked 
| 114|0x0000000087200000, 0x0000000087200000, 0x0000000087300000|  0%| F|  |TAMS 0x0000000087200000, 0x0000000087200000| Untracked 
| 115|0x0000000087300000, 0x0000000087300000, 0x0000000087400000|  0%| F|  |TAMS 0x0000000087300000, 0x0000000087300000| Untracked 
| 116|0x0000000087400000, 0x0000000087400000, 0x0000000087500000|  0%| F|  |TAMS 0x0000000087400000, 0x0000000087400000| Untracked 
| 117|0x0000000087500000, 0x0000000087500000, 0x0000000087600000|  0%| F|  |TAMS 0x0000000087500000, 0x0000000087500000| Untracked 
| 118|0x0000000087600000, 0x0000000087600000, 0x0000000087700000|  0%| F|  |TAMS 0x0000000087600000, 0x0000000087600000| Untracked 
| 119|0x0000000087700000, 0x0000000087700000, 0x0000000087800000|  0%| F|  |TAMS 0x0000000087700000, 0x0000000087700000| Untracked 
| 120|0x0000000087800000, 0x0000000087800000, 0x0000000087900000|  0%| F|  |TAMS 0x0000000087800000, 0x0000000087800000| Untracked 
| 121|0x0000000087900000, 0x0000000087900000, 0x0000000087a00000|  0%| F|  |TAMS 0x0000000087900000, 0x0000000087900000| Untracked 
| 122|0x0000000087a00000, 0x0000000087a00000, 0x0000000087b00000|  0%| F|  |TAMS 0x0000000087a00000, 0x0000000087a00000| Untracked 
| 123|0x0000000087b00000, 0x0000000087b00000, 0x0000000087c00000|  0%| F|  |TAMS 0x0000000087b00000, 0x0000000087b00000| Untracked 
| 124|0x0000000087c00000, 0x0000000087c00000, 0x0000000087d00000|  0%| F|  |TAMS 0x0000000087c00000, 0x0000000087c00000| Untracked 
| 125|0x0000000087d00000, 0x0000000087d00000, 0x0000000087e00000|  0%| F|  |TAMS 0x0000000087d00000, 0x0000000087d00000| Untracked 
| 126|0x0000000087e00000, 0x0000000087e00000, 0x0000000087f00000|  0%| F|  |TAMS 0x0000000087e00000, 0x0000000087e00000| Untracked 
| 127|0x0000000087f00000, 0x0000000087f00000, 0x0000000088000000|  0%| F|  |TAMS 0x0000000087f00000, 0x0000000087f00000| Untracked 
| 128|0x0000000088000000, 0x0000000088000000, 0x0000000088100000|  0%| F|  |TAMS 0x0000000088000000, 0x0000000088000000| Untracked 
| 129|0x0000000088100000, 0x0000000088100000, 0x0000000088200000|  0%| F|  |TAMS 0x0000000088100000, 0x0000000088100000| Untracked 
| 130|0x0000000088200000, 0x0000000088200000, 0x0000000088300000|  0%| F|  |TAMS 0x0000000088200000, 0x0000000088200000| Untracked 
| 131|0x0000000088300000, 0x0000000088300000, 0x0000000088400000|  0%| F|  |TAMS 0x0000000088300000, 0x0000000088300000| Untracked 
| 132|0x0000000088400000, 0x0000000088400000, 0x0000000088500000|  0%| F|  |TAMS 0x0000000088400000, 0x0000000088400000| Untracked 
| 133|0x0000000088500000, 0x0000000088500000, 0x0000000088600000|  0%| F|  |TAMS 0x0000000088500000, 0x0000000088500000| Untracked 
| 134|0x0000000088600000, 0x0000000088600000, 0x0000000088700000|  0%| F|  |TAMS 0x0000000088600000, 0x0000000088600000| Untracked 
| 135|0x0000000088700000, 0x0000000088700000, 0x0000000088800000|  0%| F|  |TAMS 0x0000000088700000, 0x0000000088700000| Untracked 
| 136|0x0000000088800000, 0x0000000088800000, 0x0000000088900000|  0%| F|  |TAMS 0x0000000088800000, 0x0000000088800000| Untracked 
| 137|0x0000000088900000, 0x0000000088900000, 0x0000000088a00000|  0%| F|  |TAMS 0x0000000088900000, 0x0000000088900000| Untracked 
| 138|0x0000000088a00000, 0x0000000088a00000, 0x0000000088b00000|  0%| F|  |TAMS 0x0000000088a00000, 0x0000000088a00000| Untracked 
| 139|0x0000000088b00000, 0x0000000088b00000, 0x0000000088c00000|  0%| F|  |TAMS 0x0000000088b00000, 0x0000000088b00000| Untracked 
| 140|0x0000000088c00000, 0x0000000088c00000, 0x0000000088d00000|  0%| F|  |TAMS 0x0000000088c00000, 0x0000000088c00000| Untracked 
| 141|0x0000000088d00000, 0x0000000088d00000, 0x0000000088e00000|  0%| F|  |TAMS 0x0000000088d00000, 0x0000000088d00000| Untracked 
| 142|0x0000000088e00000, 0x0000000088e00000, 0x0000000088f00000|  0%| F|  |TAMS 0x0000000088e00000, 0x0000000088e00000| Untracked 
| 143|0x0000000088f00000, 0x0000000088f00000, 0x0000000089000000|  0%| F|  |TAMS 0x0000000088f00000, 0x0000000088f00000| Untracked 
| 144|0x0000000089000000, 0x0000000089000000, 0x0000000089100000|  0%| F|  |TAMS 0x0000000089000000, 0x0000000089000000| Untracked 
| 145|0x0000000089100000, 0x0000000089100000, 0x0000000089200000|  0%| F|  |TAMS 0x0000000089100000, 0x0000000089100000| Untracked 
| 146|0x0000000089200000, 0x0000000089200000, 0x0000000089300000|  0%| F|  |TAMS 0x0000000089200000, 0x0000000089200000| Untracked 
| 147|0x0000000089300000, 0x0000000089300000, 0x0000000089400000|  0%| F|  |TAMS 0x0000000089300000, 0x0000000089300000| Untracked 
| 148|0x0000000089400000, 0x0000000089400000, 0x0000000089500000|  0%| F|  |TAMS 0x0000000089400000, 0x0000000089400000| Untracked 
| 149|0x0000000089500000, 0x0000000089500000, 0x0000000089600000|  0%| F|  |TAMS 0x0000000089500000, 0x0000000089500000| Untracked 
| 150|0x0000000089600000, 0x0000000089600000, 0x0000000089700000|  0%| F|  |TAMS 0x0000000089600000, 0x0000000089600000| Untracked 
| 151|0x0000000089700000, 0x0000000089700000, 0x0000000089800000|  0%| F|  |TAMS 0x0000000089700000, 0x0000000089700000| Untracked 
| 152|0x0000000089800000, 0x0000000089800000, 0x0000000089900000|  0%| F|  |TAMS 0x0000000089800000, 0x0000000089800000| Untracked 
| 153|0x0000000089900000, 0x0000000089900000, 0x0000000089a00000|  0%| F|  |TAMS 0x0000000089900000, 0x0000000089900000| Untracked 
| 154|0x0000000089a00000, 0x0000000089a00000, 0x0000000089b00000|  0%| F|  |TAMS 0x0000000089a00000, 0x0000000089a00000| Untracked 
| 155|0x0000000089b00000, 0x0000000089b00000, 0x0000000089c00000|  0%| F|  |TAMS 0x0000000089b00000, 0x0000000089b00000| Untracked 
| 156|0x0000000089c00000, 0x0000000089c00000, 0x0000000089d00000|  0%| F|  |TAMS 0x0000000089c00000, 0x0000000089c00000| Untracked 
| 157|0x0000000089d00000, 0x0000000089d00000, 0x0000000089e00000|  0%| F|  |TAMS 0x0000000089d00000, 0x0000000089d00000| Untracked 
| 158|0x0000000089e00000, 0x0000000089e00000, 0x0000000089f00000|  0%| F|  |TAMS 0x0000000089e00000, 0x0000000089e00000| Untracked 
| 159|0x0000000089f00000, 0x0000000089f00000, 0x000000008a000000|  0%| F|  |TAMS 0x0000000089f00000, 0x0000000089f00000| Untracked 
| 160|0x000000008a000000, 0x000000008a000000, 0x000000008a100000|  0%| F|  |TAMS 0x000000008a000000, 0x000000008a000000| Untracked 
| 161|0x000000008a100000, 0x000000008a100000, 0x000000008a200000|  0%| F|  |TAMS 0x000000008a100000, 0x000000008a100000| Untracked 
| 162|0x000000008a200000, 0x000000008a200000, 0x000000008a300000|  0%| F|  |TAMS 0x000000008a200000, 0x000000008a200000| Untracked 
| 163|0x000000008a300000, 0x000000008a300000, 0x000000008a400000|  0%| F|  |TAMS 0x000000008a300000, 0x000000008a300000| Untracked 
| 164|0x000000008a400000, 0x000000008a400000, 0x000000008a500000|  0%| F|  |TAMS 0x000000008a400000, 0x000000008a400000| Untracked 
| 165|0x000000008a500000, 0x000000008a500000, 0x000000008a600000|  0%| F|  |TAMS 0x000000008a500000, 0x000000008a500000| Untracked 
| 166|0x000000008a600000, 0x000000008a600000, 0x000000008a700000|  0%| F|  |TAMS 0x000000008a600000, 0x000000008a600000| Untracked 
| 167|0x000000008a700000, 0x000000008a700000, 0x000000008a800000|  0%| F|  |TAMS 0x000000008a700000, 0x000000008a700000| Untracked 
| 168|0x000000008a800000, 0x000000008a800000, 0x000000008a900000|  0%| F|  |TAMS 0x000000008a800000, 0x000000008a800000| Untracked 
| 169|0x000000008a900000, 0x000000008a900000, 0x000000008aa00000|  0%| F|  |TAMS 0x000000008a900000, 0x000000008a900000| Untracked 
| 170|0x000000008aa00000, 0x000000008aa00000, 0x000000008ab00000|  0%| F|  |TAMS 0x000000008aa00000, 0x000000008aa00000| Untracked 
| 171|0x000000008ab00000, 0x000000008ab00000, 0x000000008ac00000|  0%| F|  |TAMS 0x000000008ab00000, 0x000000008ab00000| Untracked 
| 172|0x000000008ac00000, 0x000000008ac00000, 0x000000008ad00000|  0%| F|  |TAMS 0x000000008ac00000, 0x000000008ac00000| Untracked 
| 173|0x000000008ad00000, 0x000000008ad00000, 0x000000008ae00000|  0%| F|  |TAMS 0x000000008ad00000, 0x000000008ad00000| Untracked 
| 174|0x000000008ae00000, 0x000000008ae00000, 0x000000008af00000|  0%| F|  |TAMS 0x000000008ae00000, 0x000000008ae00000| Untracked 
| 175|0x000000008af00000, 0x000000008af00000, 0x000000008b000000|  0%| F|  |TAMS 0x000000008af00000, 0x000000008af00000| Untracked 
| 176|0x000000008b000000, 0x000000008b000000, 0x000000008b100000|  0%| F|  |TAMS 0x000000008b000000, 0x000000008b000000| Untracked 
| 177|0x000000008b100000, 0x000000008b100000, 0x000000008b200000|  0%| F|  |TAMS 0x000000008b100000, 0x000000008b100000| Untracked 
| 178|0x000000008b200000, 0x000000008b200000, 0x000000008b300000|  0%| F|  |TAMS 0x000000008b200000, 0x000000008b200000| Untracked 
| 179|0x000000008b300000, 0x000000008b300000, 0x000000008b400000|  0%| F|  |TAMS 0x000000008b300000, 0x000000008b300000| Untracked 
| 180|0x000000008b400000, 0x000000008b400000, 0x000000008b500000|  0%| F|  |TAMS 0x000000008b400000, 0x000000008b400000| Untracked 
| 181|0x000000008b500000, 0x000000008b580800, 0x000000008b600000| 50%| E|  |TAMS 0x000000008b500000, 0x000000008b500000| Complete 
| 182|0x000000008b600000, 0x000000008b700000, 0x000000008b700000|100%| E|CS|TAMS 0x000000008b600000, 0x000000008b600000| Complete 
| 183|0x000000008b700000, 0x000000008b800000, 0x000000008b800000|100%| E|CS|TAMS 0x000000008b700000, 0x000000008b700000| Complete 
| 184|0x000000008b800000, 0x000000008b900000, 0x000000008b900000|100%| E|CS|TAMS 0x000000008b800000, 0x000000008b800000| Complete 
| 185|0x000000008b900000, 0x000000008ba00000, 0x000000008ba00000|100%| E|CS|TAMS 0x000000008b900000, 0x000000008b900000| Complete 
| 186|0x000000008ba00000, 0x000000008bb00000, 0x000000008bb00000|100%| E|CS|TAMS 0x000000008ba00000, 0x000000008ba00000| Complete 
| 187|0x000000008bb00000, 0x000000008bc00000, 0x000000008bc00000|100%| E|CS|TAMS 0x000000008bb00000, 0x000000008bb00000| Complete 
| 188|0x000000008bc00000, 0x000000008bd00000, 0x000000008bd00000|100%| E|CS|TAMS 0x000000008bc00000, 0x000000008bc00000| Complete 
| 189|0x000000008bd00000, 0x000000008be00000, 0x000000008be00000|100%| E|CS|TAMS 0x000000008bd00000, 0x000000008bd00000| Complete 
| 190|0x000000008be00000, 0x000000008bf00000, 0x000000008bf00000|100%| E|CS|TAMS 0x000000008be00000, 0x000000008be00000| Complete 
| 191|0x000000008bf00000, 0x000000008c000000, 0x000000008c000000|100%| E|CS|TAMS 0x000000008bf00000, 0x000000008bf00000| Complete 
| 192|0x000000008c000000, 0x000000008c100000, 0x000000008c100000|100%| E|CS|TAMS 0x000000008c000000, 0x000000008c000000| Complete 
| 193|0x000000008c100000, 0x000000008c200000, 0x000000008c200000|100%| E|CS|TAMS 0x000000008c100000, 0x000000008c100000| Complete 
| 194|0x000000008c200000, 0x000000008c300000, 0x000000008c300000|100%| E|CS|TAMS 0x000000008c200000, 0x000000008c200000| Complete 
| 195|0x000000008c300000, 0x000000008c400000, 0x000000008c400000|100%| E|CS|TAMS 0x000000008c300000, 0x000000008c300000| Complete 
| 196|0x000000008c400000, 0x000000008c500000, 0x000000008c500000|100%| E|CS|TAMS 0x000000008c400000, 0x000000008c400000| Complete 
| 197|0x000000008c500000, 0x000000008c600000, 0x000000008c600000|100%| E|CS|TAMS 0x000000008c500000, 0x000000008c500000| Complete 
| 198|0x000000008c600000, 0x000000008c700000, 0x000000008c700000|100%| E|CS|TAMS 0x000000008c600000, 0x000000008c600000| Complete 
| 199|0x000000008c700000, 0x000000008c800000, 0x000000008c800000|100%| E|CS|TAMS 0x000000008c700000, 0x000000008c700000| Complete 
| 200|0x000000008c800000, 0x000000008c900000, 0x000000008c900000|100%| E|CS|TAMS 0x000000008c800000, 0x000000008c800000| Complete 
| 201|0x000000008c900000, 0x000000008ca00000, 0x000000008ca00000|100%| E|CS|TAMS 0x000000008c900000, 0x000000008c900000| Complete 
| 202|0x000000008ca00000, 0x000000008cb00000, 0x000000008cb00000|100%| S|CS|TAMS 0x000000008ca00000, 0x000000008ca00000| Complete 
| 203|0x000000008cb00000, 0x000000008cc00000, 0x000000008cc00000|100%| S|CS|TAMS 0x000000008cb00000, 0x000000008cb00000| Complete 
| 204|0x000000008cc00000, 0x000000008cd00000, 0x000000008cd00000|100%| S|CS|TAMS 0x000000008cc00000, 0x000000008cc00000| Complete 
| 205|0x000000008cd00000, 0x000000008ce00000, 0x000000008ce00000|100%| S|CS|TAMS 0x000000008cd00000, 0x000000008cd00000| Complete 
| 206|0x000000008ce00000, 0x000000008cf00000, 0x000000008cf00000|100%| S|CS|TAMS 0x000000008ce00000, 0x000000008ce00000| Complete 
| 207|0x000000008cf00000, 0x000000008d000000, 0x000000008d000000|100%| S|CS|TAMS 0x000000008cf00000, 0x000000008cf00000| Complete 
| 208|0x000000008d000000, 0x000000008d100000, 0x000000008d100000|100%| S|CS|TAMS 0x000000008d000000, 0x000000008d000000| Complete 
| 209|0x000000008d100000, 0x000000008d200000, 0x000000008d200000|100%| S|CS|TAMS 0x000000008d100000, 0x000000008d100000| Complete 
| 210|0x000000008d200000, 0x000000008d300000, 0x000000008d300000|100%| S|CS|TAMS 0x000000008d200000, 0x000000008d200000| Complete 
| 211|0x000000008d300000, 0x000000008d400000, 0x000000008d400000|100%| S|CS|TAMS 0x000000008d300000, 0x000000008d300000| Complete 
| 212|0x000000008d400000, 0x000000008d500000, 0x000000008d500000|100%| E|CS|TAMS 0x000000008d400000, 0x000000008d400000| Complete 
| 213|0x000000008d500000, 0x000000008d600000, 0x000000008d600000|100%| E|CS|TAMS 0x000000008d500000, 0x000000008d500000| Complete 
| 214|0x000000008d600000, 0x000000008d700000, 0x000000008d700000|100%| E|CS|TAMS 0x000000008d600000, 0x000000008d600000| Complete 
| 215|0x000000008d700000, 0x000000008d800000, 0x000000008d800000|100%| E|CS|TAMS 0x000000008d700000, 0x000000008d700000| Complete 
| 216|0x000000008d800000, 0x000000008d900000, 0x000000008d900000|100%| E|CS|TAMS 0x000000008d800000, 0x000000008d800000| Complete 
| 217|0x000000008d900000, 0x000000008da00000, 0x000000008da00000|100%| E|CS|TAMS 0x000000008d900000, 0x000000008d900000| Complete 
| 218|0x000000008da00000, 0x000000008db00000, 0x000000008db00000|100%| E|CS|TAMS 0x000000008da00000, 0x000000008da00000| Complete 
| 219|0x000000008db00000, 0x000000008dc00000, 0x000000008dc00000|100%| E|CS|TAMS 0x000000008db00000, 0x000000008db00000| Complete 
| 220|0x000000008dc00000, 0x000000008dd00000, 0x000000008dd00000|100%| E|CS|TAMS 0x000000008dc00000, 0x000000008dc00000| Complete 
| 221|0x000000008dd00000, 0x000000008de00000, 0x000000008de00000|100%| E|CS|TAMS 0x000000008dd00000, 0x000000008dd00000| Complete 
| 222|0x000000008de00000, 0x000000008df00000, 0x000000008df00000|100%| E|CS|TAMS 0x000000008de00000, 0x000000008de00000| Complete 
| 223|0x000000008df00000, 0x000000008e000000, 0x000000008e000000|100%| E|CS|TAMS 0x000000008df00000, 0x000000008df00000| Complete 
| 224|0x000000008e000000, 0x000000008e100000, 0x000000008e100000|100%| E|CS|TAMS 0x000000008e000000, 0x000000008e000000| Complete 
| 225|0x000000008e100000, 0x000000008e200000, 0x000000008e200000|100%| E|CS|TAMS 0x000000008e100000, 0x000000008e100000| Complete 
| 226|0x000000008e200000, 0x000000008e300000, 0x000000008e300000|100%| E|CS|TAMS 0x000000008e200000, 0x000000008e200000| Complete 
| 227|0x000000008e300000, 0x000000008e400000, 0x000000008e400000|100%| E|CS|TAMS 0x000000008e300000, 0x000000008e300000| Complete 
| 228|0x000000008e400000, 0x000000008e500000, 0x000000008e500000|100%| E|CS|TAMS 0x000000008e400000, 0x000000008e400000| Complete 
| 229|0x000000008e500000, 0x000000008e600000, 0x000000008e600000|100%| E|CS|TAMS 0x000000008e500000, 0x000000008e500000| Complete 
| 230|0x000000008e600000, 0x000000008e700000, 0x000000008e700000|100%| E|CS|TAMS 0x000000008e600000, 0x000000008e600000| Complete 

Card table byte_map: [0x000002c041b40000,0x000002c041f40000] _byte_map_base: 0x000002c041740000

Marking Bits (Prev, Next): (CMBitMap*) 0x000002c02ec8dba8, (CMBitMap*) 0x000002c02ec8dbe0
 Prev Bits: [0x000002c042340000, 0x000002c044340000)
 Next Bits: [0x000002c044340000, 0x000002c046340000)

Polling page: 0x000002c02cc70000

Metaspace:

Usage:
  Non-class:     66.12 MB capacity,    65.00 MB ( 98%) used,   958.62 KB (  1%) free+waste,   190.69 KB ( <1%) overhead. 
      Class:     10.37 MB capacity,     9.74 MB ( 94%) used,   552.45 KB (  5%) free+waste,    89.00 KB ( <1%) overhead. 
       Both:     76.49 MB capacity,    74.74 MB ( 98%) used,     1.48 MB (  2%) free+waste,   279.69 KB ( <1%) overhead. 

Virtual space:
  Non-class space:       68.00 MB reserved,      66.17 MB ( 97%) committed 
      Class space:        1.00 GB reserved,      10.45 MB (  1%) committed 
             Both:        1.07 GB reserved,      76.62 MB (  7%) committed 

Chunk freelists:
   Non-Class:  46.00 KB
       Class:  10.00 KB
        Both:  56.00 KB

MaxMetaspaceSize: 17179869184.00 GB
CompressedClassSpaceSize: 1.00 GB

CodeHeap 'non-profiled nmethods': size=120064Kb used=4473Kb max_used=4473Kb free=115590Kb
 bounds [0x000002c03a200000, 0x000002c03a660000, 0x000002c041740000]
CodeHeap 'profiled nmethods': size=120000Kb used=16100Kb max_used=16100Kb free=103899Kb
 bounds [0x000002c032cd0000, 0x000002c033c90000, 0x000002c03a200000]
CodeHeap 'non-nmethods': size=5696Kb used=2270Kb max_used=2320Kb free=3425Kb
 bounds [0x000002c032740000, 0x000002c0329b0000, 0x000002c032cd0000]
 total_blobs=8307 nmethods=7441 adapters=777
 compilation: enabled
              stopped_count=0, restarted_count=0
 full_count=0

Compilation events (20 events):
Event: 20.292 Thread 0x000002c0490c9800 nmethod 7360 0x000002c033c56290 code [0x000002c033c56460, 0x000002c033c566a8]
Event: 20.292 Thread 0x000002c0490c9800 7361       3       java.lang.invoke.MethodHandles::makeIdentity (23 bytes)
Event: 20.294 Thread 0x000002c0490c9800 nmethod 7361 0x000002c033c56810 code [0x000002c033c56aa0, 0x000002c033c576f8]
Event: 20.294 Thread 0x000002c0490c9800 7362       3       java.lang.invoke.LambdaForm::identityForm (27 bytes)
Event: 20.294 Thread 0x000002c0490c9800 nmethod 7362 0x000002c033c57b90 code [0x000002c033c57d60, 0x000002c033c57f48]
Event: 20.297 Thread 0x000002c0490c9800 7364       2       groovy.lang.MetaMethod::equal (44 bytes)
Event: 20.297 Thread 0x000002c0490c9800 nmethod 7364 0x000002c033c58090 code [0x000002c033c58240, 0x000002c033c58418]
Event: 20.300 Thread 0x000002c0490c9800 7366       2       sun.reflect.generics.parser.SignatureParser::parseBounds (111 bytes)
Event: 20.302 Thread 0x000002c0490c9800 nmethod 7366 0x000002c033c58590 code [0x000002c033c58820, 0x000002c033c59058]
Event: 20.302 Thread 0x000002c0490c9800 7365       2       sun.reflect.generics.parser.SignatureParser::parseFormalTypeParameter (16 bytes)
Event: 20.302 Thread 0x000002c0490c9800 nmethod 7365 0x000002c033c59510 code [0x000002c033c596e0, 0x000002c033c59988]
Event: 20.302 Thread 0x000002c0490c9800 7367       2       sun.reflect.generics.tree.FormalTypeParameter::<init> (15 bytes)
Event: 20.302 Thread 0x000002c0490c9800 nmethod 7367 0x000002c033c59b10 code [0x000002c033c59cc0, 0x000002c033c59e58]
Event: 20.304 Thread 0x000002c0490c9800 7368       2       groovyjarjarasm.asm.SymbolTable::addTypeInternal (85 bytes)
Event: 20.305 Thread 0x000002c0490c9800 nmethod 7368 0x000002c033c59f10 code [0x000002c033c5a100, 0x000002c033c5a5d8]
Event: 20.305 Thread 0x000002c0490c9800 7370       2       groovyjarjarasm.asm.Handler::getExceptionTableLength (21 bytes)
Event: 20.305 Thread 0x000002c0490c9800 nmethod 7370 0x000002c033c5a790 code [0x000002c033c5a940, 0x000002c033c5aa78]
Event: 20.305 Thread 0x000002c0490c9800 7369       2       groovyjarjarasm.asm.Frame::push (59 bytes)
Event: 20.306 Thread 0x000002c0490c9800 nmethod 7369 0x000002c033c5ab90 code [0x000002c033c5ada0, 0x000002c033c5b118]
Event: 20.308 Thread 0x000002c0490c9800 7371       2       java.util.ArrayList::<init> (63 bytes)

GC Heap History (20 events):
Event: 1.400 GC heap before
{Heap before GC invocations=1 (full 0):
 garbage-first heap   total 196608K, used 20168K [0x0000000080000000, 0x0000000100000000)
  region size 1024K, 14 young (14336K), 2 survivors (2048K)
 Metaspace       used 10228K, capacity 10427K, committed 10624K, reserved 1058816K
  class space    used 1066K, capacity 1141K, committed 1152K, reserved 1048576K
}
Event: 1.405 GC heap after
{Heap after GC invocations=2 (full 0):
 garbage-first heap   total 196608K, used 9296K [0x0000000080000000, 0x0000000100000000)
  region size 1024K, 2 young (2048K), 2 survivors (2048K)
 Metaspace       used 10228K, capacity 10427K, committed 10624K, reserved 1058816K
  class space    used 1066K, capacity 1141K, committed 1152K, reserved 1048576K
}
Event: 2.158 GC heap before
{Heap before GC invocations=2 (full 0):
 garbage-first heap   total 196608K, used 41040K [0x0000000080000000, 0x0000000100000000)
  region size 1024K, 33 young (33792K), 2 survivors (2048K)
 Metaspace       used 11179K, capacity 11444K, committed 11520K, reserved 1058816K
  class space    used 1168K, capacity 1245K, committed 1280K, reserved 1048576K
}
Event: 2.163 GC heap after
{Heap after GC invocations=3 (full 0):
 garbage-first heap   total 196608K, used 12211K [0x0000000080000000, 0x0000000100000000)
  region size 1024K, 5 young (5120K), 5 survivors (5120K)
 Metaspace       used 11179K, capacity 11444K, committed 11520K, reserved 1058816K
  class space    used 1168K, capacity 1245K, committed 1280K, reserved 1048576K
}
Event: 4.624 GC heap before
{Heap before GC invocations=3 (full 0):
 garbage-first heap   total 196608K, used 74675K [0x0000000080000000, 0x0000000100000000)
  region size 1024K, 67 young (68608K), 5 survivors (5120K)
 Metaspace       used 20603K, capacity 21092K, committed 21248K, reserved 1067008K
  class space    used 2510K, capacity 2690K, committed 2816K, reserved 1048576K
}
Event: 4.639 GC heap after
{Heap after GC invocations=4 (full 0):
 garbage-first heap   total 196608K, used 16791K [0x0000000080000000, 0x0000000100000000)
  region size 1024K, 9 young (9216K), 9 survivors (9216K)
 Metaspace       used 20603K, capacity 21092K, committed 21248K, reserved 1067008K
  class space    used 2510K, capacity 2690K, committed 2816K, reserved 1048576K
}
Event: 7.779 GC heap before
{Heap before GC invocations=5 (full 0):
 garbage-first heap   total 196608K, used 125335K [0x0000000080000000, 0x0000000100000000)
  region size 1024K, 115 young (117760K), 9 survivors (9216K)
 Metaspace       used 34289K, capacity 35039K, committed 35200K, reserved 1079296K
  class space    used 4456K, capacity 4730K, committed 4736K, reserved 1048576K
}
Event: 7.797 GC heap after
{Heap after GC invocations=6 (full 0):
 garbage-first heap   total 196608K, used 22232K [0x0000000080000000, 0x0000000100000000)
  region size 1024K, 13 young (13312K), 13 survivors (13312K)
 Metaspace       used 34289K, capacity 35039K, committed 35200K, reserved 1079296K
  class space    used 4456K, capacity 4730K, committed 4736K, reserved 1048576K
}
Event: 7.953 GC heap before
{Heap before GC invocations=6 (full 0):
 garbage-first heap   total 196608K, used 26328K [0x0000000080000000, 0x0000000100000000)
  region size 1024K, 18 young (18432K), 13 survivors (13312K)
 Metaspace       used 35070K, capacity 35826K, committed 35840K, reserved 1081344K
  class space    used 4541K, capacity 4864K, committed 4864K, reserved 1048576K
}
Event: 7.970 GC heap after
{Heap after GC invocations=7 (full 0):
 garbage-first heap   total 196608K, used 22293K [0x0000000080000000, 0x0000000100000000)
  region size 1024K, 6 young (6144K), 6 survivors (6144K)
 Metaspace       used 35070K, capacity 35826K, committed 35840K, reserved 1081344K
  class space    used 4541K, capacity 4864K, committed 4864K, reserved 1048576K
}
Event: 10.881 GC heap before
{Heap before GC invocations=8 (full 0):
 garbage-first heap   total 196608K, used 138005K [0x0000000080000000, 0x0000000100000000)
  region size 1024K, 115 young (117760K), 6 survivors (6144K)
 Metaspace       used 43859K, capacity 44933K, committed 45260K, reserved 1089536K
  class space    used 5604K, capacity 5972K, committed 6092K, reserved 1048576K
}
Event: 10.910 GC heap after
{Heap after GC invocations=9 (full 0):
 garbage-first heap   total 196608K, used 28904K [0x0000000080000000, 0x0000000100000000)
  region size 1024K, 13 young (13312K), 13 survivors (13312K)
 Metaspace       used 43859K, capacity 44933K, committed 45260K, reserved 1089536K
  class space    used 5604K, capacity 5972K, committed 6092K, reserved 1048576K
}
Event: 13.821 GC heap before
{Heap before GC invocations=10 (full 0):
 garbage-first heap   total 196608K, used 136424K [0x0000000080000000, 0x0000000100000000)
  region size 1024K, 115 young (117760K), 13 survivors (13312K)
 Metaspace       used 52066K, capacity 53553K, committed 53836K, reserved 1095680K
  class space    used 6628K, capacity 7165K, committed 7244K, reserved 1048576K
}
Event: 13.851 GC heap after
{Heap after GC invocations=11 (full 0):
 garbage-first heap   total 196608K, used 41733K [0x0000000080000000, 0x0000000100000000)
  region size 1024K, 15 young (15360K), 15 survivors (15360K)
 Metaspace       used 52066K, capacity 53553K, committed 53836K, reserved 1095680K
  class space    used 6628K, capacity 7165K, committed 7244K, reserved 1048576K
}
Event: 16.512 GC heap before
{Heap before GC invocations=11 (full 0):
 garbage-first heap   total 196608K, used 144133K [0x0000000080000000, 0x0000000100000000)
  region size 1024K, 115 young (117760K), 15 survivors (15360K)
 Metaspace       used 63433K, capacity 64978K, committed 65228K, reserved 1105920K
  class space    used 8046K, capacity 8585K, committed 8652K, reserved 1048576K
}
Event: 16.545 GC heap after
{Heap after GC invocations=12 (full 0):
 garbage-first heap   total 236544K, used 49664K [0x0000000080000000, 0x0000000100000000)
  region size 1024K, 8 young (8192K), 8 survivors (8192K)
 Metaspace       used 63433K, capacity 64978K, committed 65228K, reserved 1105920K
  class space    used 8046K, capacity 8585K, committed 8652K, reserved 1048576K
}
Event: 19.140 GC heap before
{Heap before GC invocations=12 (full 0):
 garbage-first heap   total 236544K, used 168448K [0x0000000080000000, 0x0000000100000000)
  region size 1024K, 124 young (126976K), 8 survivors (8192K)
 Metaspace       used 71158K, capacity 72877K, committed 73164K, reserved 1112064K
  class space    used 9241K, capacity 9842K, committed 9932K, reserved 1048576K
}
Event: 19.165 GC heap after
{Heap after GC invocations=13 (full 0):
 garbage-first heap   total 236544K, used 57747K [0x0000000080000000, 0x0000000100000000)
  region size 1024K, 16 young (16384K), 16 survivors (16384K)
 Metaspace       used 71158K, capacity 72877K, committed 73164K, reserved 1112064K
  class space    used 9241K, capacity 9842K, committed 9932K, reserved 1048576K
}
Event: 19.545 GC heap before
{Heap before GC invocations=13 (full 0):
 garbage-first heap   total 236544K, used 76179K [0x0000000080000000, 0x0000000100000000)
  region size 1024K, 35 young (35840K), 16 survivors (16384K)
 Metaspace       used 73415K, capacity 75185K, committed 75340K, reserved 1114112K
  class space    used 9585K, capacity 10218K, committed 10316K, reserved 1048576K
}
Event: 19.578 GC heap after
{Heap after GC invocations=14 (full 0):
 garbage-first heap   total 236544K, used 59018K [0x0000000080000000, 0x0000000100000000)
  region size 1024K, 10 young (10240K), 10 survivors (10240K)
 Metaspace       used 73415K, capacity 75185K, committed 75340K, reserved 1114112K
  class space    used 9585K, capacity 10218K, committed 10316K, reserved 1048576K
}

Deoptimization events (20 events):
Event: 19.925 Thread 0x000002c04c11c800 DEOPT PACKING pc=0x000002c0333f4bc4 sp=0x000000c7c0af8070
Event: 19.925 Thread 0x000002c04c11c800 DEOPT UNPACKING pc=0x000002c03276764e sp=0x000000c7c0af74a8 mode 0
Event: 19.925 Thread 0x000002c04c11c800 DEOPT PACKING pc=0x000002c0333f4ccc sp=0x000000c7c0af80e0
Event: 19.925 Thread 0x000002c04c11c800 DEOPT UNPACKING pc=0x000002c03276764e sp=0x000000c7c0af7580 mode 0
Event: 19.925 Thread 0x000002c04c11c800 DEOPT PACKING pc=0x000002c0334d99d4 sp=0x000000c7c0af8150
Event: 19.925 Thread 0x000002c04c11c800 DEOPT UNPACKING pc=0x000002c03276764e sp=0x000000c7c0af7550 mode 0
Event: 19.943 Thread 0x000002c04c11c800 Uncommon trap: trap_request=0xffffff4d fr.pc=0x000002c03a4bd080 relative=0x0000000000000700
Event: 19.943 Thread 0x000002c04c11c800 Uncommon trap: reason=unstable_if action=reinterpret pc=0x000002c03a4bd080 method=java.util.HashMap.putVal(ILjava/lang/Object;Ljava/lang/Object;ZZ)Ljava/lang/Object; @ 109 c2
Event: 19.943 Thread 0x000002c04c11c800 DEOPT PACKING pc=0x000002c03a4bd080 sp=0x000000c7c0af8300
Event: 19.943 Thread 0x000002c04c11c800 DEOPT UNPACKING pc=0x000002c03276782f sp=0x000000c7c0af8218 mode 2
Event: 19.943 Thread 0x000002c04c11c800 Uncommon trap: trap_request=0xffffff4d fr.pc=0x000002c03a4b0204 relative=0x0000000000000684
Event: 19.943 Thread 0x000002c04c11c800 Uncommon trap: reason=unstable_if action=reinterpret pc=0x000002c03a4b0204 method=java.util.HashMap.putVal(ILjava/lang/Object;Ljava/lang/Object;ZZ)Ljava/lang/Object; @ 109 c2
Event: 19.943 Thread 0x000002c04c11c800 DEOPT PACKING pc=0x000002c03a4b0204 sp=0x000000c7c0af8250
Event: 19.943 Thread 0x000002c04c11c800 DEOPT UNPACKING pc=0x000002c03276782f sp=0x000000c7c0af8208 mode 2
Event: 20.055 Thread 0x000002c04c11c800 Uncommon trap: trap_request=0xffffff4d fr.pc=0x000002c03a64cda4 relative=0x00000000000001e4
Event: 20.055 Thread 0x000002c04c11c800 Uncommon trap: reason=unstable_if action=reinterpret pc=0x000002c03a64cda4 method=org.gradle.internal.instantiation.generator.AbstractClassGenerator.isNameProperty(Lorg/gradle/internal/instantiation/generator/AbstractClassGenerator$PropertyMetadata;)Z @ 2
Event: 20.055 Thread 0x000002c04c11c800 DEOPT PACKING pc=0x000002c03a64cda4 sp=0x000000c7c0af7db0
Event: 20.055 Thread 0x000002c04c11c800 DEOPT UNPACKING pc=0x000002c03276782f sp=0x000000c7c0af7d40 mode 2
Event: 20.081 Thread 0x000002c04c11c800 DEOPT PACKING pc=0x000002c032d8e89b sp=0x000000c7c0af7dd0
Event: 20.081 Thread 0x000002c04c11c800 DEOPT UNPACKING pc=0x000002c03276764e sp=0x000000c7c0af7310 mode 0

Classes redefined (0 events):
No events

Internal exceptions (20 events):
Event: 20.233 Thread 0x000002c04c11c800 Exception <a 'java/lang/ClassNotFoundException'{0x000000008c469810}: com/android/build/gradle/tasks/MergeResources_DecoratedBeanInfo> (0x000000008c469810) thrown at [./src/hotspot/share/classfile/systemDictionary.cpp, line 231]
Event: 20.234 Thread 0x000002c04c11c800 Exception <a 'java/lang/ClassNotFoundException'{0x000000008c482e50}: com/android/build/gradle/tasks/MergeResourcesBeanInfo> (0x000000008c482e50) thrown at [./src/hotspot/share/classfile/systemDictionary.cpp, line 231]
Event: 20.235 Thread 0x000002c04c11c800 Exception <a 'java/lang/ClassNotFoundException'{0x000000008c49eed8}: com/android/build/gradle/internal/tasks/NewIncrementalTaskBeanInfo> (0x000000008c49eed8) thrown at [./src/hotspot/share/classfile/systemDictionary.cpp, line 231]
Event: 20.236 Thread 0x000002c04c11c800 Exception <a 'java/lang/ClassNotFoundException'{0x000000008c4bb4b8}: com/android/build/gradle/internal/tasks/AndroidVariantTaskBeanInfo> (0x000000008c4bb4b8) thrown at [./src/hotspot/share/classfile/systemDictionary.cpp, line 231]
Event: 20.237 Thread 0x000002c04c11c800 Exception <a 'java/lang/ClassNotFoundException'{0x000000008c4d5ef8}: com/android/build/gradle/internal/tasks/BaseTaskBeanInfo> (0x000000008c4d5ef8) thrown at [./src/hotspot/share/classfile/systemDictionary.cpp, line 231]
Event: 20.238 Thread 0x000002c04c11c800 Exception <a 'java/lang/ClassNotFoundException'{0x000000008c4f13d0}: com/android/build/gradle/internal/tasks/BaseTaskCustomizer> (0x000000008c4f13d0) thrown at [./src/hotspot/share/classfile/systemDictionary.cpp, line 231]
Event: 20.241 Thread 0x000002c04c11c800 Exception <a 'java/lang/ClassNotFoundException'{0x000000008c31e618}: com/android/build/gradle/internal/tasks/AndroidVariantTaskCustomizer> (0x000000008c31e618) thrown at [./src/hotspot/share/classfile/systemDictionary.cpp, line 231]
Event: 20.243 Thread 0x000002c04c11c800 Exception <a 'java/lang/ClassNotFoundException'{0x000000008c3486e0}: com/android/build/gradle/internal/tasks/NewIncrementalTaskCustomizer> (0x000000008c3486e0) thrown at [./src/hotspot/share/classfile/systemDictionary.cpp, line 231]
Event: 20.244 Thread 0x000002c04c11c800 Exception <a 'java/lang/ClassNotFoundException'{0x000000008c36f858}: com/android/build/gradle/tasks/MergeResourcesCustomizer> (0x000000008c36f858) thrown at [./src/hotspot/share/classfile/systemDictionary.cpp, line 231]
Event: 20.248 Thread 0x000002c04c11c800 Exception <a 'java/lang/ClassNotFoundException'{0x000000008c3c74c8}: com/android/build/gradle/tasks/MergeResources_DecoratedCustomizer> (0x000000008c3c74c8) thrown at [./src/hotspot/share/classfile/systemDictionary.cpp, line 231]
Event: 20.273 Thread 0x000002c04c11c800 Exception <a 'java/lang/ClassNotFoundException'{0x000000008c162a80}: com/google/gms/googleservices/GoogleServicesTask_DecoratedBeanInfo> (0x000000008c162a80) thrown at [./src/hotspot/share/classfile/systemDictionary.cpp, line 231]
Event: 20.274 Thread 0x000002c04c11c800 Exception <a 'java/lang/ClassNotFoundException'{0x000000008c17c128}: com/google/gms/googleservices/GoogleServicesTaskBeanInfo> (0x000000008c17c128) thrown at [./src/hotspot/share/classfile/systemDictionary.cpp, line 231]
Event: 20.274 Thread 0x000002c04c11c800 Exception <a 'java/lang/ClassNotFoundException'{0x000000008c196290}: com/google/gms/googleservices/GoogleServicesTaskCustomizer> (0x000000008c196290) thrown at [./src/hotspot/share/classfile/systemDictionary.cpp, line 231]
Event: 20.275 Thread 0x000002c04c11c800 Exception <a 'java/lang/ClassNotFoundException'{0x000000008c1c5ad0}: com/google/gms/googleservices/GoogleServicesTask_DecoratedCustomizer> (0x000000008c1c5ad0) thrown at [./src/hotspot/share/classfile/systemDictionary.cpp, line 231]
Event: 20.285 Thread 0x000002c04c11c800 Exception <a 'java/lang/ClassNotFoundException'{0x000000008c058da8}: com/android/build/gradle/internal/api/ReadOnlyBuildTypeBeanInfo> (0x000000008c058da8) thrown at [./src/hotspot/share/classfile/systemDictionary.cpp, line 231]
Event: 20.286 Thread 0x000002c04c11c800 Exception <a 'java/lang/ClassNotFoundException'{0x000000008c073b68}: com/android/build/gradle/internal/api/ReadOnlyBaseConfigBeanInfo> (0x000000008c073b68) thrown at [./src/hotspot/share/classfile/systemDictionary.cpp, line 231]
Event: 20.287 Thread 0x000002c04c11c800 Exception <a 'java/lang/ClassNotFoundException'{0x000000008c08f0f0}: com/android/build/gradle/internal/api/ReadOnlyBaseConfigCustomizer> (0x000000008c08f0f0) thrown at [./src/hotspot/share/classfile/systemDictionary.cpp, line 231]
Event: 20.288 Thread 0x000002c04c11c800 Exception <a 'java/lang/ClassNotFoundException'{0x000000008c0ba348}: com/android/build/gradle/internal/api/ReadOnlyBuildTypeCustomizer> (0x000000008c0ba348) thrown at [./src/hotspot/share/classfile/systemDictionary.cpp, line 231]
Event: 20.299 Thread 0x000002c04c11c800 Exception <a 'java/lang/ClassNotFoundException'{0x000000008be23dc8}: com/android/build/gradle/internal/api/ImmutableFlavorListBeanInfo> (0x000000008be23dc8) thrown at [./src/hotspot/share/classfile/systemDictionary.cpp, line 231]
Event: 20.300 Thread 0x000002c04c11c800 Exception <a 'java/lang/ClassNotFoundException'{0x000000008be3f8a8}: com/android/build/gradle/internal/api/ImmutableFlavorListCustomizer> (0x000000008be3f8a8) thrown at [./src/hotspot/share/classfile/systemDictionary.cpp, line 231]

Events (20 events):
Event: 20.298 loading class com/android/build/gradle/internal/api/ImmutableFlavorListBeanInfo
Event: 20.298 loading class com/android/build/gradle/internal/api/ImmutableFlavorListBeanInfo done
Event: 20.298 loading class com/android/build/gradle/internal/api/ImmutableFlavorListBeanInfo
Event: 20.298 loading class com/android/build/gradle/internal/api/ImmutableFlavorListBeanInfo done
Event: 20.299 loading class com/android/build/gradle/internal/api/ImmutableFlavorListCustomizer
Event: 20.299 loading class com/android/build/gradle/internal/api/ImmutableFlavorListCustomizer done
Event: 20.299 loading class com/android/build/gradle/internal/api/ImmutableFlavorListCustomizer
Event: 20.299 loading class com/android/build/gradle/internal/api/ImmutableFlavorListCustomizer done
Event: 20.300 loading class com/android/build/gradle/internal/api/ImmutableFlavorListCustomizer
Event: 20.300 loading class com/android/build/gradle/internal/api/ImmutableFlavorListCustomizer done
Event: 20.301 loading class org/codehaus/groovy/runtime/dgm$99
Event: 20.301 loading class org/codehaus/groovy/runtime/dgm$99 done
Event: 20.302 loading class org/codehaus/groovy/runtime/dgm$95
Event: 20.302 loading class org/codehaus/groovy/runtime/dgm$95 done
Event: 20.303 loading class org/codehaus/groovy/runtime/dgm$101
Event: 20.303 loading class org/codehaus/groovy/runtime/dgm$101 done
Event: 20.303 loading class com/android/build/gradle/internal/api/ImmutableFlavorList$1
Event: 20.303 loading class com/android/build/gradle/internal/api/ImmutableFlavorList$1 done
Event: 20.305 loading class groovy/runtime/metaclass/org/gradle/api/internal/file/collections/DefaultConfigurableFileCollectionMetaClass
Event: 20.305 loading class groovy/runtime/metaclass/org/gradle/api/internal/file/collections/DefaultConfigurableFileCollectionMetaClass done


Dynamic libraries:
0x00007ff73d710000 - 0x00007ff73d71a000 	C:\Program Files\Android\Android Studio\jre\bin\java.exe
0x00007fffceeb0000 - 0x00007fffcf0a5000 	C:\WINDOWS\SYSTEM32\ntdll.dll
0x00007fffcd7b0000 - 0x00007fffcd86e000 	C:\WINDOWS\System32\KERNEL32.DLL
0x00007fffcc9a0000 - 0x00007fffccc69000 	C:\WINDOWS\System32\KERNELBASE.dll
0x00007fffcc840000 - 0x00007fffcc940000 	C:\WINDOWS\System32\ucrtbase.dll
0x00007fffbee70000 - 0x00007fffbee87000 	C:\Program Files\Android\Android Studio\jre\bin\VCRUNTIME140.dll
0x00007fffbe070000 - 0x00007fffbe089000 	C:\Program Files\Android\Android Studio\jre\bin\jli.dll
0x00007fffce0b0000 - 0x00007fffce251000 	C:\WINDOWS\System32\USER32.dll
0x00007fffcc810000 - 0x00007fffcc832000 	C:\WINDOWS\System32\win32u.dll
0x00007fffce020000 - 0x00007fffce04b000 	C:\WINDOWS\System32\GDI32.dll
0x00007fffb60c0000 - 0x00007fffb635a000 	C:\WINDOWS\WinSxS\amd64_microsoft.windows.common-controls_6595b64144ccf1df_6.0.19041.1110_none_60b5254171f9507e\COMCTL32.dll
0x00007fffcc670000 - 0x00007fffcc77b000 	C:\WINDOWS\System32\gdi32full.dll
0x00007fffcd560000 - 0x00007fffcd5fe000 	C:\WINDOWS\System32\msvcrt.dll
0x00007fffcc5d0000 - 0x00007fffcc66d000 	C:\WINDOWS\System32\msvcp_win.dll
0x00007fffcda60000 - 0x00007fffcda90000 	C:\WINDOWS\System32\IMM32.DLL
0x00007fffbdfd0000 - 0x00007fffbe06d000 	C:\Program Files\Android\Android Studio\jre\bin\msvcp140.dll
0x00007fff91d70000 - 0x00007fff9283f000 	C:\Program Files\Android\Android Studio\jre\bin\server\jvm.dll
0x00007fffcd0e0000 - 0x00007fffcd18c000 	C:\WINDOWS\System32\ADVAPI32.dll
0x00007fffcda90000 - 0x00007fffcdb2b000 	C:\WINDOWS\System32\sechost.dll
0x00007fffccfb0000 - 0x00007fffcd0da000 	C:\WINDOWS\System32\RPCRT4.dll
0x00007fffce4e0000 - 0x00007fffce4e8000 	C:\WINDOWS\System32\PSAPI.DLL
0x00007fffc85e0000 - 0x00007fffc85e9000 	C:\WINDOWS\SYSTEM32\WSOCK32.dll
0x00007fffcdfb0000 - 0x00007fffce01b000 	C:\WINDOWS\System32\WS2_32.dll
0x00007fffbc8c0000 - 0x00007fffbc8e7000 	C:\WINDOWS\SYSTEM32\WINMM.dll
0x00007fffc1c00000 - 0x00007fffc1c0a000 	C:\WINDOWS\SYSTEM32\VERSION.dll
0x00007fffcaea0000 - 0x00007fffcaeb2000 	C:\WINDOWS\SYSTEM32\kernel.appcore.dll
0x00007fffc85c0000 - 0x00007fffc85d1000 	C:\Program Files\Android\Android Studio\jre\bin\verify.dll
0x00007fffb8440000 - 0x00007fffb8624000 	C:\WINDOWS\SYSTEM32\DBGHELP.DLL
0x00007fffb7390000 - 0x00007fffb73bc000 	C:\WINDOWS\SYSTEM32\dbgcore.DLL
0x00007fffcc780000 - 0x00007fffcc803000 	C:\WINDOWS\System32\bcryptPrimitives.dll
0x00007fffc8590000 - 0x00007fffc85b9000 	C:\Program Files\Android\Android Studio\jre\bin\java.dll
0x00007fffc8580000 - 0x00007fffc858b000 	C:\Program Files\Android\Android Studio\jre\bin\jimage.dll
0x00007fffc8540000 - 0x00007fffc8558000 	C:\Program Files\Android\Android Studio\jre\bin\zip.dll
0x00007fffce4f0000 - 0x00007fffcec2f000 	C:\WINDOWS\System32\SHELL32.dll
0x00007fffca4a0000 - 0x00007fffcac30000 	C:\WINDOWS\SYSTEM32\windows.storage.dll
0x00007fffcd200000 - 0x00007fffcd555000 	C:\WINDOWS\System32\combase.dll
0x00007fffcbf50000 - 0x00007fffcbf7c000 	C:\WINDOWS\SYSTEM32\Wldp.dll
0x00007fffccf00000 - 0x00007fffccfae000 	C:\WINDOWS\System32\SHCORE.dll
0x00007fffce260000 - 0x00007fffce2b5000 	C:\WINDOWS\System32\shlwapi.dll
0x00007fffcc510000 - 0x00007fffcc52f000 	C:\WINDOWS\SYSTEM32\profapi.dll
0x00007fffc84e0000 - 0x00007fffc84fa000 	C:\Program Files\Android\Android Studio\jre\bin\net.dll
0x00007fffc4a90000 - 0x00007fffc4b98000 	C:\WINDOWS\SYSTEM32\WINHTTP.dll
0x00007fffcbcb0000 - 0x00007fffcbd1a000 	C:\WINDOWS\system32\mswsock.dll
0x00007fffc79a0000 - 0x00007fffc79b4000 	C:\Program Files\Android\Android Studio\jre\bin\nio.dll
0x00007fffbee90000 - 0x00007fffbeeb7000 	C:\Users\TabSan\.gradle\native\8bec1ad78214c89d9ad589b4d07fe93259594b29d510b10fafb7a158f7737e5d\windows-amd64\native-platform.dll
0x00007fffbe0d0000 - 0x00007fffbe20d000 	C:\Users\TabSan\.gradle\native\53dbd7edfb1c66fb8903c78663c9afc45aea4f116125fa6feffd364cf09443e8\windows-amd64\native-platform-file-events.dll
0x00007fffb8d60000 - 0x00007fffb8d6a000 	C:\Program Files\Android\Android Studio\jre\bin\management.dll
0x00007fffb6990000 - 0x00007fffb699c000 	C:\Program Files\Android\Android Studio\jre\bin\management_ext.dll
0x00007fffcbeb0000 - 0x00007fffcbec8000 	C:\WINDOWS\SYSTEM32\CRYPTSP.dll
0x00007fffcb630000 - 0x00007fffcb664000 	C:\WINDOWS\system32\rsaenh.dll
0x00007fffccd20000 - 0x00007fffccd47000 	C:\WINDOWS\System32\bcrypt.dll
0x00007fffcc4d0000 - 0x00007fffcc4fe000 	C:\WINDOWS\SYSTEM32\USERENV.dll
0x00007fffcbea0000 - 0x00007fffcbeac000 	C:\WINDOWS\SYSTEM32\CRYPTBASE.dll
0x00007fffcb9a0000 - 0x00007fffcb9db000 	C:\WINDOWS\SYSTEM32\IPHLPAPI.DLL
0x00007fffce2c0000 - 0x00007fffce2c8000 	C:\WINDOWS\System32\NSI.dll
0x00007fffc54a0000 - 0x00007fffc54b7000 	C:\WINDOWS\SYSTEM32\dhcpcsvc6.DLL
0x00007fffc57a0000 - 0x00007fffc57bd000 	C:\WINDOWS\SYSTEM32\dhcpcsvc.DLL
0x00007fffcba30000 - 0x00007fffcbafc000 	C:\WINDOWS\SYSTEM32\DNSAPI.dll

dbghelp: loaded successfully - version: 4.0.5 - missing functions: none
symbol engine: initialized successfully - sym options: 0x614 - pdb path: .;C:\Program Files\Android\Android Studio\jre\bin;C:\WINDOWS\SYSTEM32;C:\WINDOWS\WinSxS\amd64_microsoft.windows.common-controls_6595b64144ccf1df_6.0.19041.1110_none_60b5254171f9507e;C:\Program Files\Android\Android Studio\jre\bin\server;C:\Users\TabSan\.gradle\native\8bec1ad78214c89d9ad589b4d07fe93259594b29d510b10fafb7a158f7737e5d\windows-amd64;C:\Users\TabSan\.gradle\native\53dbd7edfb1c66fb8903c78663c9afc45aea4f116125fa6feffd364cf09443e8\windows-amd64

VM Arguments:
jvm_args: --add-opens=java.base/java.util=ALL-UNNAMED --add-opens=java.base/java.lang=ALL-UNNAMED --add-opens=java.base/java.lang.invoke=ALL-UNNAMED --add-opens=java.base/java.util=ALL-UNNAMED --add-opens=java.prefs/java.util.prefs=ALL-UNNAMED --add-opens=java.prefs/java.util.prefs=ALL-UNNAMED --add-opens=java.base/java.nio.charset=ALL-UNNAMED --add-opens=java.base/java.net=ALL-UNNAMED --add-opens=java.base/java.util.concurrent.atomic=ALL-UNNAMED -Xmx2048m -Dfile.encoding=UTF-8 -Duser.country=MX -Duser.language=es -Duser.variant 
java_command: org.gradle.launcher.daemon.bootstrap.GradleDaemon 7.0.2
java_class_path (initial): C:\Users\TabSan\.gradle\wrapper\dists\gradle-7.0.2-bin\857tjihv64xamwrf0h14cai3r\gradle-7.0.2\lib\gradle-launcher-7.0.2.jar
Launcher Type: SUN_STANDARD

[Global flags]
     intx CICompilerCount                          = 3                                         {product} {ergonomic}
     uint ConcGCThreads                            = 1                                         {product} {ergonomic}
     uint G1ConcRefinementThreads                  = 4                                         {product} {ergonomic}
   size_t G1HeapRegionSize                         = 1048576                                   {product} {ergonomic}
    uintx GCDrainStackTargetSize                   = 64                                        {product} {ergonomic}
   size_t InitialHeapSize                          = 201326592                                 {product} {ergonomic}
   size_t MarkStackSize                            = 4194304                                   {product} {ergonomic}
   size_t MaxHeapSize                              = 2147483648                                {product} {command line}
   size_t MaxNewSize                               = 1287651328                                {product} {ergonomic}
   size_t MinHeapDeltaBytes                        = 1048576                                   {product} {ergonomic}
    uintx NonNMethodCodeHeapSize                   = 5830732                                {pd product} {ergonomic}
    uintx NonProfiledCodeHeapSize                  = 122913754                              {pd product} {ergonomic}
    uintx ProfiledCodeHeapSize                     = 122913754                              {pd product} {ergonomic}
    uintx ReservedCodeCacheSize                    = 251658240                              {pd product} {ergonomic}
     bool SegmentedCodeCache                       = true                                      {product} {ergonomic}
     bool UseCompressedClassPointers               = true                                 {lp64_product} {ergonomic}
     bool UseCompressedOops                        = true                                 {lp64_product} {ergonomic}
     bool UseG1GC                                  = true                                      {product} {ergonomic}
     bool UseLargePagesIndividualAllocation        = false                                  {pd product} {ergonomic}

Logging:
Log output configuration:
 #0: stdout all=warning uptime,level,tags
 #1: stderr all=off uptime,level,tags

Environment Variables:
JAVA_HOME=C:\Program Files\AdoptOpenJDK\jdk-11.0.11.9-hotspot\
PATH=C:\kotlinc\bin;C:\ProgramData\Oracle\Java\javapath;C:\WINDOWS\system32;C:\WINDOWS;C:\WINDOWS\System32\Wbem;C:\WINDOWS\System32\WindowsPowerShell\v1.0\;C:\Program Files\Java\jdk1.8.0_144\bin;C:\WINDOWS\System32\OpenSSH\;C:\Program Files\Common Files\Autodesk Shared\;C:\Program Files (x86)\Microsoft SQL Server\100\Tools\Binn\;C:\Program Files\Microsoft SQL Server\100\Tools\Binn\;C:\Program Files\Microsoft SQL Server\100\DTS\Binn\;C:\Program Files (x86)\Microsoft SQL Server\100\Tools\Binn\VSShell\Common7\IDE\;C:\Program Files (x86)\Microsoft SQL Server\100\DTS\Binn\;C:\Program Files (x86)\Microsoft Visual Studio 9.0\Common7\IDE\PrivateAssemblies\;C:\Program Files\Git\cmd;C:\Program Files\dotnet\;C:\Program Files\nodejs\;C:\ProgramData\chocolatey\bin;C:\Program Files (x86)\PDFtk Server\bin\;C:\Users\TabSan\AppData\Local\Programs\Python\Python35\Scripts\;C:\Users\TabSan\AppData\Local\Programs\Python\Python35\;C:\Users\TabSan\AppData\Local\Programs\Python\Python39\Scripts\;C:\Users\TabSan\AppData\Local\Programs\Python\Python39\;C:\Users\TabSan\AppData\Local\Programs\Python\Python38\Scripts\;C:\Users\TabSan\AppData\Local\Programs\Python\Python38\;C:\Users\TabSan\AppData\Local\Microsoft\WindowsApps;C:\Users\TabSan\AppData\Local\atom\bin;C:\Users\TabSan\AppData\Local\Microsoft\WindowsApps;C:\Users\TabSan\.dotnet\tools;E:\DOCUMENTOS\SQLite\sqlite-tools-win32-x86-3360000;C:\Users\TabSan\AppData\Local\Programs\Microsoft VS Code\bin;C:\Users\TabSan\AppData\Roaming\npm;C:\Program Files\MongoDB\Server\4.2\bin;C:\kotlinc\bin;
USERNAME=TabSan
OS=Windows_NT
PROCESSOR_IDENTIFIER=Intel64 Family 6 Model 58 Stepping 9, GenuineIntel



---------------  S Y S T E M  ---------------

OS: Windows 10 , 64 bit Build 19041 (10.0.19041.1202)
OS uptime: 0 days 0:30 hours

CPU:total 4 (initial active 4) (2 cores per cpu, 2 threads per core) family 6 model 58 stepping 9 microcode 0x21, cmov, cx8, fxsr, mmx, sse, sse2, sse3, ssse3, sse4.1, sse4.2, popcnt, avx, aes, clmul, erms, ht, tsc, tscinvbit, tscinv

Memory: 4k page, system-wide physical 12170M (6605M free)
TotalPageFile size 14986M (AvailPageFile size 9544M)
current process WorkingSet (physical memory assigned to process): 444M, peak: 445M
current process commit charge ("private bytes"): 485M, peak: 486M

vm_info: OpenJDK 64-Bit Server VM (11.0.10+0-b96-7249189) for windows-amd64 JRE (11.0.10+0-b96-7249189), built on Mar 31 2021 21:44:00 by "builder" with MS VC++ 14.0 (VS2015)

END.
