#
# A fatal error has been detected by the Java Runtime Environment:
#
#  EXCEPTION_ACCESS_VIOLATION (0xc0000005) at pc=0x00007fff9204420d, pid=3524, tid=11640
#
# JRE version: OpenJDK Runtime Environment (11.0.10) (build 11.0.10+0-b96-7249189)
# Java VM: OpenJDK 64-Bit Server VM (11.0.10+0-b96-7249189, mixed mode, tiered, compressed oops, g1 gc, windows-amd64)
# Problematic frame:
# V  [jvm.dll+0x2d420d]
#
# No core dump will be written. Minidumps are not enabled by default on client versions of Windows
#
# If you would like to submit a bug report, please visit:
#   https://bugreport.java.com/bugreport/crash.jsp
#

---------------  S U M M A R Y ------------

Command Line: --add-opens=java.base/java.util=ALL-UNNAMED --add-opens=java.base/java.lang=ALL-UNNAMED --add-opens=java.base/java.lang.invoke=ALL-UNNAMED --add-opens=java.base/java.util=ALL-UNNAMED --add-opens=java.prefs/java.util.prefs=ALL-UNNAMED --add-opens=java.prefs/java.util.prefs=ALL-UNNAMED --add-opens=java.base/java.nio.charset=ALL-UNNAMED --add-opens=java.base/java.net=ALL-UNNAMED --add-opens=java.base/java.util.concurrent.atomic=ALL-UNNAMED -Xmx2048m -Dfile.encoding=UTF-8 -Duser.country=MX -Duser.language=es -Duser.variant org.gradle.launcher.daemon.bootstrap.GradleDaemon 7.0.2

Host: Intel(R) Core(TM) i5-3337U CPU @ 1.80GHz, 4 cores, 11G,  Windows 10 , 64 bit Build 19041 (10.0.19041.1202)
Time: Wed Nov 24 19:46:54 2021 Hora est. Pacífico, Sudamérica elapsed time: 32.815367 seconds (0d 0h 0m 32s)

---------------  T H R E A D  ---------------

Current thread (0x000001f828b86800):  GCTaskThread "GC Thread#0" [stack: 0x0000000f91900000,0x0000000f91a00000] [id=11640]

Stack: [0x0000000f91900000,0x0000000f91a00000],  sp=0x0000000f919ff2e0,  free space=1020k
Native frames: (J=compiled Java code, j=interpreted, Vv=VM code, C=native code)
V  [jvm.dll+0x2d420d]
V  [jvm.dll+0x2fe98d]
V  [jvm.dll+0x2ff998]
V  [jvm.dll+0x2d1282]
V  [jvm.dll+0x2fdb7b]
V  [jvm.dll+0x2fd8ae]
V  [jvm.dll+0x30c177]
V  [jvm.dll+0x2ace4e]
V  [jvm.dll+0x2acd71]
V  [jvm.dll+0x2da2db]
V  [jvm.dll+0x30dbb5]
V  [jvm.dll+0x30c9fd]
V  [jvm.dll+0x2dd418]
V  [jvm.dll+0x748da0]
V  [jvm.dll+0x6e3d45]
V  [jvm.dll+0x5ebe96]
C  [ucrtbase.dll+0x21bb2]
C  [KERNEL32.DLL+0x17034]
C  [ntdll.dll+0x52651]


siginfo: EXCEPTION_ACCESS_VIOLATION (0xc0000005), reading address 0x00000000000000f8


Register to memory mapping:

RIP=0x00007fff9204420d jvm.dll
RAX=0x000001f828b95e80 points into unknown readable memory: 0x0000000000000000 | 00 00 00 00 00 00 00 00
RBX=0x000001f848ee7fd0 points into unknown readable memory: 0x00007fff925930f8 | f8 30 59 92 ff 7f 00 00
RCX=0x0 is NULL
RDX=0x000001f828bfcc60 points into unknown readable memory: 0x00007fff9259aae0 | e0 aa 59 92 ff 7f 00 00
RSP=0x0000000f919ff2e0 points into unknown readable memory: 0x000001f828b87d00 | 00 7d b8 28 f8 01 00 00
RBP=0x0000000000000009 is an unknown value
RSI=0x000001f848ee8140 points into unknown readable memory: 0x00007fff925930b0 | b0 30 59 92 ff 7f 00 00
RDI=0x000000008395d5b8 points into unknown readable memory: 0x0000000000000000 | 00 00 00 00 00 00 00 00
R8 =0x000000008395d5a8 is pointing into object: [Ljava.lang.Object; 
{0x000000008395d588} - klass: 'java/lang/Object'[]
 - length: 8
R9 =0x0000000000000008 is an unknown value
R10=0x000000008395d5a8 is pointing into object: [Ljava.lang.Object; 
{0x000000008395d588} - klass: 'java/lang/Object'[]
 - length: 8
R11=0x000001f848ee8140 points into unknown readable memory: 0x00007fff925930b0 | b0 30 59 92 ff 7f 00 00
R12=0x0000000000000006 is an unknown value
R13=0x0 is NULL
R14=0x0000000000000001 is an unknown value
R15=0x0000000086d41420 is an oop: [Ljava.lang.Object; 
{0x0000000086d41420} - klass: 'java/lang/Object'[]
 - length: 8


Registers:
RAX=0x000001f828b95e80, RBX=0x000001f848ee7fd0, RCX=0x0000000000000000, RDX=0x000001f828bfcc60
RSP=0x0000000f919ff2e0, RBP=0x0000000000000009, RSI=0x000001f848ee8140, RDI=0x000000008395d5b8
R8 =0x000000008395d5a8, R9 =0x0000000000000008, R10=0x000000008395d5a8, R11=0x000001f848ee8140
R12=0x0000000000000006, R13=0x0000000000000000, R14=0x0000000000000001, R15=0x0000000086d41420
RIP=0x00007fff9204420d, EFLAGS=0x0000000000010202

Top of Stack: (sp=0x0000000f919ff2e0)
0x0000000f919ff2e0:   000001f828b87d00 000000008395d59d
0x0000000f919ff2f0:   000001f828b87d00 00007fff9206e6ff
0x0000000f919ff300:   000000008395d5a8 00007fff9206e98d
0x0000000f919ff310:   000000008395d59c 0000000100005e88
0x0000000f919ff320:   0000000086d41410 0000000000000001
0x0000000f919ff330:   000000008395d588 00007fff9206f998
0x0000000f919ff340:   0000000000000002 000001f848ee7fd0
0x0000000f919ff350:   000001f848ee7fd0 000000000000000d
0x0000000f919ff360:   0000000080ac79f8 0000000080ac79f8
0x0000000f919ff370:   0000000780a00000 0000000000000009
0x0000000f919ff380:   0000000000000001 000001f848ee7fd0
0x0000000f919ff390:   0000000000000040 000001f828b87d80
0x0000000f919ff3a0:   0000000000000000 000001f848ee7fd0
0x0000000f919ff3b0:   0000000f919ff601 00007fff92041282
0x0000000f919ff3c0:   000001f848ee7f00 00007fff92079d01
0x0000000f919ff3d0:   00000000819b3fd8 000000008395d574 

Instructions: (pc=0x00007fff9204420d)
0x00007fff9204410d:   74 24 38 48 83 c4 20 5f c3 cc cc cc cc cc cc cc
0x00007fff9204411d:   cc cc cc 48 89 5c 24 08 57 48 83 ec 20 48 8b 41
0x00007fff9204412d:   18 48 8b da 48 83 cb 01 48 8b d3 48 8b 78 10 48
0x00007fff9204413d:   8b cf e8 6c 7b 00 00 84 c0 75 29 48 81 c7 90 00
0x00007fff9204414d:   00 00 48 8b 47 08 48 39 47 20 75 08 48 8b cf e8
0x00007fff9204415d:   7f 47 0b 00 48 8b 4f 20 48 8b 47 38 48 89 1c c8
0x00007fff9204416d:   48 ff 47 20 48 8b 5c 24 30 48 83 c4 20 5f c3 cc
0x00007fff9204417d:   cc cc cc 48 89 5c 24 08 57 48 83 ec 20 48 8b 79
0x00007fff9204418d:   10 48 8b da 48 83 cb 01 48 8b cf 48 8b d3 e8 10
0x00007fff9204419d:   7b 00 00 84 c0 75 29 48 81 c7 90 00 00 00 48 8b
0x00007fff920441ad:   47 08 48 39 47 20 75 08 48 8b cf e8 23 47 0b 00
0x00007fff920441bd:   48 8b 4f 20 48 8b 47 38 48 89 1c c8 48 ff 47 20
0x00007fff920441cd:   48 8b 5c 24 30 48 83 c4 20 5f c3 cc cc cc cc cc
0x00007fff920441dd:   cc cc cc 40 53 48 83 ec 20 8b 82 04 01 00 00 48
0x00007fff920441ed:   8b d9 d1 e8 a8 01 75 6b 48 8b 41 08 8b 88 c0 02
0x00007fff920441fd:   00 00 48 8b 80 b0 02 00 00 49 d3 e9 4a 8b 0c c8
0x00007fff9204420d:   48 8b 81 f8 00 00 00 83 b8 18 01 00 00 00 74 43
0x00007fff9204421d:   48 8b 4b 50 48 89 7c 24 30 49 c1 e8 09 48 8b 79
0x00007fff9204422d:   48 48 2b 79 40 49 03 f8 48 8b d7 e8 93 c1 ff ff
0x00007fff9204423d:   84 c0 74 1a 80 7b 28 00 48 8d 4b 18 74 10 48 8b
0x00007fff9204424d:   43 50 48 8b 50 40 48 03 d7 e8 35 25 36 00 48 8b
0x00007fff9204425d:   7c 24 30 48 83 c4 20 5b c3 cc cc cc cc cc cc cc
0x00007fff9204426d:   cc cc cc 48 89 5c 24 08 48 89 74 24 10 57 48 83
0x00007fff9204427d:   ec 20 48 63 fa 48 8d 05 5f 91 54 00 45 33 c0 48
0x00007fff9204428d:   89 01 48 8b f1 89 79 08 48 8b df 48 8d 0c fd 00
0x00007fff9204429d:   00 00 00 41 8d 50 05 e8 37 f6 dd ff 45 33 db 48
0x00007fff920442ad:   89 46 10 4c 8d 4e 10 4c 8b d0 45 8b c3 85 ff 7e
0x00007fff920442bd:   56 83 ff 02 72 51 8d 4f ff 48 63 d1 48 8d 04 d0
0x00007fff920442cd:   4d 3b d1 77 05 49 3b c1 73 3d 8b c7 25 01 00 00
0x00007fff920442dd:   80 7d 07 ff c8 83 c8 fe ff c0 2b f8 0f 1f 80 00
0x00007fff920442ed:   00 00 00 41 83 c0 02 44 3b c7 7c f7 8d 47 01 49
0x00007fff920442fd:   8b fa 99 2b c2 d1 f8 48 63 c8 48 c1 e1 04 48 c1 


Stack slot to memory mapping:
stack at sp + 0 slots: 0x000001f828b87d00 points into unknown readable memory: 0x00000000000005fd | fd 05 00 00 00 00 00 00
stack at sp + 1 slots: 0x000000008395d59d is pointing into object: [Ljava.lang.Object; 
{0x000000008395d588} - klass: 'java/lang/Object'[]
 - length: 8
stack at sp + 2 slots: 0x000001f828b87d00 points into unknown readable memory: 0x00000000000005fd | fd 05 00 00 00 00 00 00
stack at sp + 3 slots: 0x00007fff9206e6ff jvm.dll
stack at sp + 4 slots: 0x000000008395d5a8 is pointing into object: [Ljava.lang.Object; 
{0x000000008395d588} - klass: 'java/lang/Object'[]
 - length: 8
stack at sp + 5 slots: 0x00007fff9206e98d jvm.dll
stack at sp + 6 slots: 0x000000008395d59c is pointing into object: [Ljava.lang.Object; 
{0x000000008395d588} - klass: 'java/lang/Object'[]
 - length: 8
stack at sp + 7 slots: 0x0000000100005e88 is a pointer to class: 
java.lang.ref.SoftReference {0x0000000100005e90}


---------------  P R O C E S S  ---------------

Threads class SMR info:
_java_thread_list=0x000001f847409570, length=48, elements={
0x000001f828b6d800, 0x000001f8446cf800, 0x000001f8446dd800, 0x000001f8446e1800,
0x000001f844f47800, 0x000001f844f49800, 0x000001f844f50000, 0x000001f844f52000,
0x000001f844f56000, 0x000001f8450db000, 0x000001f84787a000, 0x000001f846205000,
0x000001f847156800, 0x000001f847a40000, 0x000001f847849800, 0x000001f845da6800,
0x000001f84697d800, 0x000001f847179000, 0x000001f847747000, 0x000001f847723800,
0x000001f847724800, 0x000001f847722000, 0x000001f847723000, 0x000001f848c7a000,
0x000001f848c79000, 0x000001f848c7c800, 0x000001f848c7b800, 0x000001f848c78800,
0x000001f848c7b000, 0x000001f848c77000, 0x000001f848c80800, 0x000001f848c81800,
0x000001f848c7d800, 0x000001f848c82000, 0x000001f848c83000, 0x000001f848c84000,
0x000001f848c7e000, 0x000001f848c84800, 0x000001f848c85800, 0x000001f848c7f800,
0x000001f847ae7000, 0x000001f847ae7800, 0x000001f847aea000, 0x000001f847ae8800,
0x000001f847ae9800, 0x000001f847aeb000, 0x000001f847ae5000, 0x000001f847aed800
}

Java Threads: ( => current thread )
  0x000001f828b6d800 JavaThread "main" [_thread_blocked, id=11176, stack(0x0000000f91800000,0x0000000f91900000)]
  0x000001f8446cf800 JavaThread "Reference Handler" daemon [_thread_blocked, id=4692, stack(0x0000000f91f00000,0x0000000f92000000)]
  0x000001f8446dd800 JavaThread "Finalizer" daemon [_thread_blocked, id=7916, stack(0x0000000f92000000,0x0000000f92100000)]
  0x000001f8446e1800 JavaThread "Signal Dispatcher" daemon [_thread_blocked, id=6052, stack(0x0000000f92100000,0x0000000f92200000)]
  0x000001f844f47800 JavaThread "Attach Listener" daemon [_thread_blocked, id=8168, stack(0x0000000f92200000,0x0000000f92300000)]
  0x000001f844f49800 JavaThread "Service Thread" daemon [_thread_blocked, id=11072, stack(0x0000000f92300000,0x0000000f92400000)]
  0x000001f844f50000 JavaThread "C2 CompilerThread0" daemon [_thread_blocked, id=12280, stack(0x0000000f92400000,0x0000000f92500000)]
  0x000001f844f52000 JavaThread "C1 CompilerThread0" daemon [_thread_blocked, id=4184, stack(0x0000000f92500000,0x0000000f92600000)]
  0x000001f844f56000 JavaThread "Sweeper thread" daemon [_thread_blocked, id=9436, stack(0x0000000f92600000,0x0000000f92700000)]
  0x000001f8450db000 JavaThread "Common-Cleaner" daemon [_thread_blocked, id=11896, stack(0x0000000f92700000,0x0000000f92800000)]
  0x000001f84787a000 JavaThread "Daemon health stats" [_thread_blocked, id=9784, stack(0x0000000f92d00000,0x0000000f92e00000)]
  0x000001f846205000 JavaThread "Incoming local TCP Connector on port 50089" [_thread_in_native, id=9796, stack(0x0000000f92900000,0x0000000f92a00000)]
  0x000001f847156800 JavaThread "Daemon periodic checks" [_thread_blocked, id=9808, stack(0x0000000f92e00000,0x0000000f92f00000)]
  0x000001f847a40000 JavaThread "Daemon" [_thread_blocked, id=9804, stack(0x0000000f92f00000,0x0000000f93000000)]
  0x000001f847849800 JavaThread "Handler for socket connection from /127.0.0.1:50089 to /127.0.0.1:50090" [_thread_in_native, id=9780, stack(0x0000000f93000000,0x0000000f93100000)]
  0x000001f845da6800 JavaThread "Cancel handler" [_thread_blocked, id=9772, stack(0x0000000f93200000,0x0000000f93300000)]
  0x000001f84697d800 JavaThread "Daemon worker" [_thread_blocked, id=9776, stack(0x0000000f93300000,0x0000000f93400000)]
  0x000001f847179000 JavaThread "Asynchronous log dispatcher for DefaultDaemonConnection: socket connection from /127.0.0.1:50089 to /127.0.0.1:50090" [_thread_blocked, id=9760, stack(0x0000000f93400000,0x0000000f93500000)]
  0x000001f847747000 JavaThread "Stdin handler" [_thread_blocked, id=9756, stack(0x0000000f93500000,0x0000000f93600000)]
  0x000001f847723800 JavaThread "Daemon client event forwarder" [_thread_blocked, id=9748, stack(0x0000000f93600000,0x0000000f93700000)]
  0x000001f847724800 JavaThread "Cache worker for file hash cache (C:\Users\TabSan\.gradle\caches\7.0.2\fileHashes)" [_thread_blocked, id=9752, stack(0x0000000f93700000,0x0000000f93800000)]
  0x000001f847722000 JavaThread "File lock request listener" [_thread_in_native, id=9740, stack(0x0000000f93800000,0x0000000f93900000)]
  0x000001f847723000 JavaThread "Cache worker for journal cache (C:\Users\TabSan\.gradle\caches\journal-1)" [_thread_blocked, id=9744, stack(0x0000000f93900000,0x0000000f93a00000)]
  0x000001f848c7a000 JavaThread "Cache worker for file hash cache (C:\Users\TabSan\AndroidStudioProjects\OurApp\.gradle\7.0.2\fileHashes)" [_thread_blocked, id=9736, stack(0x0000000f93a00000,0x0000000f93b00000)]
  0x000001f848c79000 JavaThread "File watcher server" daemon [_thread_blocked, id=9732, stack(0x0000000f93b00000,0x0000000f93c00000)]
  0x000001f848c7c800 JavaThread "File watcher consumer" daemon [_thread_blocked, id=9728, stack(0x0000000f93c00000,0x0000000f93d00000)]
  0x000001f848c7b800 JavaThread "Cache worker for checksums cache (C:\Users\TabSan\AndroidStudioProjects\OurApp\.gradle\checksums)" [_thread_blocked, id=9724, stack(0x0000000f93d00000,0x0000000f93e00000)]
  0x000001f848c78800 JavaThread "Cache worker for cache directory md-supplier (C:\Users\TabSan\.gradle\caches\7.0.2\md-supplier)" [_thread_blocked, id=11316, stack(0x0000000f93e00000,0x0000000f93f00000)]
  0x000001f848c7b000 JavaThread "Cache worker for cache directory md-rule (C:\Users\TabSan\.gradle\caches\7.0.2\md-rule)" [_thread_blocked, id=10832, stack(0x0000000f93f00000,0x0000000f94000000)]
  0x000001f848c77000 JavaThread "Cache worker for execution history cache (C:\Users\TabSan\.gradle\caches\7.0.2\executionHistory)" [_thread_blocked, id=3292, stack(0x0000000f94000000,0x0000000f94100000)]
  0x000001f848c80800 JavaThread "jar transforms" [_thread_blocked, id=3404, stack(0x0000000f94100000,0x0000000f94200000)]
  0x000001f848c81800 JavaThread "jar transforms Thread 2" [_thread_blocked, id=3408, stack(0x0000000f94200000,0x0000000f94300000)]
  0x000001f848c7d800 JavaThread "Cache worker for file content cache (C:\Users\TabSan\.gradle\caches\7.0.2\fileContent)" [_thread_blocked, id=3276, stack(0x0000000f94300000,0x0000000f94400000)]
  0x000001f848c82000 JavaThread "Cache worker for dependencies-accessors (C:\Users\TabSan\AndroidStudioProjects\OurApp\.gradle\7.0.2\dependencies-accessors)" [_thread_blocked, id=11880, stack(0x0000000f94400000,0x0000000f94500000)]
  0x000001f848c83000 JavaThread "jar transforms Thread 3" [_thread_blocked, id=2956, stack(0x0000000f94500000,0x0000000f94600000)]
  0x000001f848c84000 JavaThread "Cache worker for Build Output Cleanup Cache (C:\Users\TabSan\AndroidStudioProjects\OurApp\.gradle\buildOutputCleanup)" [_thread_blocked, id=792, stack(0x0000000f94600000,0x0000000f94700000)]
  0x000001f848c7e000 JavaThread "Build operations" [_thread_blocked, id=9160, stack(0x0000000f94700000,0x0000000f94800000)]
  0x000001f848c84800 JavaThread "Build operations Thread 2" [_thread_blocked, id=9164, stack(0x0000000f94800000,0x0000000f94900000)]
  0x000001f848c85800 JavaThread "Build operations Thread 3" [_thread_blocked, id=8288, stack(0x0000000f94900000,0x0000000f94a00000)]
  0x000001f848c7f800 JavaThread "Build operations Thread 4" [_thread_blocked, id=3568, stack(0x0000000f94a00000,0x0000000f94b00000)]
  0x000001f847ae7000 JavaThread "jar transforms Thread 4" [_thread_blocked, id=10404, stack(0x0000000f93100000,0x0000000f93200000)]
  0x000001f847ae7800 JavaThread "Memory manager" [_thread_blocked, id=1156, stack(0x0000000f94c00000,0x0000000f94d00000)]
  0x000001f847aea000 JavaThread "C2 CompilerThread1" daemon [_thread_blocked, id=10052, stack(0x0000000f94b00000,0x0000000f94c00000)]
  0x000001f847ae8800 JavaThread "build event listener" [_thread_blocked, id=5524, stack(0x0000000f94d00000,0x0000000f94e00000)]
  0x000001f847ae9800 JavaThread "Execution worker for ':'" [_thread_blocked, id=11120, stack(0x0000000f94e00000,0x0000000f94f00000)]
  0x000001f847aeb000 JavaThread "Execution worker for ':' Thread 2" [_thread_blocked, id=12276, stack(0x0000000f94f00000,0x0000000f95000000)]
  0x000001f847ae5000 JavaThread "Execution worker for ':' Thread 3" [_thread_blocked, id=10948, stack(0x0000000f95000000,0x0000000f95100000)]
  0x000001f847aed800 JavaThread "Cache worker for execution history cache (C:\Users\TabSan\AndroidStudioProjects\OurApp\.gradle\7.0.2\executionHistory)" [_thread_blocked, id=12164, stack(0x0000000f95100000,0x0000000f95200000)]

Other Threads:
  0x000001f844ef4000 VMThread "VM Thread" [stack: 0x0000000f91e00000,0x0000000f91f00000] [id=7216]
  0x000001f8450e4800 WatcherThread [stack: 0x0000000f92800000,0x0000000f92900000] [id=11108]
=>0x000001f828b86800 GCTaskThread "GC Thread#0" [stack: 0x0000000f91900000,0x0000000f91a00000] [id=11640]
  0x000001f8459a1000 GCTaskThread "GC Thread#1" [stack: 0x0000000f92a00000,0x0000000f92b00000] [id=9636]
  0x000001f84519d000 GCTaskThread "GC Thread#2" [stack: 0x0000000f92b00000,0x0000000f92c00000] [id=5388]
  0x000001f8455f3800 GCTaskThread "GC Thread#3" [stack: 0x0000000f92c00000,0x0000000f92d00000] [id=9788]
  0x000001f828bb6800 ConcurrentGCThread "G1 Main Marker" [stack: 0x0000000f91a00000,0x0000000f91b00000] [id=8020]
  0x000001f828bb7800 ConcurrentGCThread "G1 Conc#0" [stack: 0x0000000f91b00000,0x0000000f91c00000] [id=6608]
  0x000001f84451e800 ConcurrentGCThread "G1 Refine#0" [stack: 0x0000000f91c00000,0x0000000f91d00000] [id=7380]
  0x000001f84451f000 ConcurrentGCThread "G1 Young RemSet Sampling" [stack: 0x0000000f91d00000,0x0000000f91e00000] [id=4256]

Threads with active compile tasks:
C2 CompilerThread0  32931 10179       4       org.gradle.internal.fingerprint.classpath.impl.ClasspathFingerprintingStrategy$ClasspathFingerprintingVisitor::hashContent (96 bytes)
C2 CompilerThread1  32931 10169       4       org.gradle.internal.fingerprint.classpath.impl.ClasspathFingerprintingStrategy$ClasspathFingerprintingVisitor::access$100 (7 bytes)

VM state:at safepoint (normal execution)

VM Mutex/Monitor currently owned by a thread:  ([mutex/lock_event])
[0x000001f828b69f00] Threads_lock - owner thread: 0x000001f844ef4000
[0x000001f828b69600] Heap_lock - owner thread: 0x000001f847723000

Heap address: 0x0000000080000000, size: 2048 MB, Compressed Oops mode: 32-bit
Narrow klass base: 0x0000000000000000, Narrow klass shift: 3
Compressed class space size: 1073741824 Address: 0x0000000100000000

Heap:
 garbage-first heap   total 236544K, used 176125K [0x0000000080000000, 0x0000000100000000)
  region size 1024K, 111 young (113664K), 7 survivors (7168K)
 Metaspace       used 80766K, capacity 82940K, committed 83276K, reserved 1122304K
  class space    used 10473K, capacity 11233K, committed 11340K, reserved 1048576K
Heap Regions: E=young(eden), S=young(survivor), O=old, HS=humongous(starts), HC=humongous(continues), CS=collection set, F=free, A=archive, TAMS=top-at-mark-start (previous, next)
|   0|0x0000000080000000, 0x0000000080100000, 0x0000000080100000|100%| O|  |TAMS 0x0000000080100000, 0x0000000080000000| Untracked 
|   1|0x0000000080100000, 0x0000000080200000, 0x0000000080200000|100%| O|  |TAMS 0x0000000080200000, 0x0000000080100000| Untracked 
|   2|0x0000000080200000, 0x0000000080300000, 0x0000000080300000|100%| O|  |TAMS 0x0000000080300000, 0x0000000080200000| Untracked 
|   3|0x0000000080300000, 0x0000000080400000, 0x0000000080400000|100%|HS|  |TAMS 0x0000000080400000, 0x0000000080300000| Complete 
|   4|0x0000000080400000, 0x0000000080500000, 0x0000000080500000|100%|HC|  |TAMS 0x0000000080500000, 0x0000000080400000| Complete 
|   5|0x0000000080500000, 0x0000000080600000, 0x0000000080600000|100%|HC|  |TAMS 0x0000000080600000, 0x0000000080500000| Complete 
|   6|0x0000000080600000, 0x0000000080700000, 0x0000000080700000|100%| O|  |TAMS 0x0000000080700000, 0x0000000080600000| Untracked 
|   7|0x0000000080700000, 0x0000000080800000, 0x0000000080800000|100%| O|  |TAMS 0x0000000080800000, 0x0000000080700000| Untracked 
|   8|0x0000000080800000, 0x0000000080900000, 0x0000000080900000|100%| O|  |TAMS 0x0000000080900000, 0x0000000080800000| Untracked 
|   9|0x0000000080900000, 0x0000000080a00000, 0x0000000080a00000|100%| O|  |TAMS 0x0000000080a00000, 0x0000000080900000| Untracked 
|  10|0x0000000080a00000, 0x0000000080b00000, 0x0000000080b00000|100%| O|  |TAMS 0x0000000080b00000, 0x0000000080a00000| Untracked 
|  11|0x0000000080b00000, 0x0000000080c00000, 0x0000000080c00000|100%| O|  |TAMS 0x0000000080c00000, 0x0000000080b00000| Untracked 
|  12|0x0000000080c00000, 0x0000000080d00000, 0x0000000080d00000|100%| O|  |TAMS 0x0000000080d00000, 0x0000000080c00000| Untracked 
|  13|0x0000000080d00000, 0x0000000080e00000, 0x0000000080e00000|100%| O|  |TAMS 0x0000000080e00000, 0x0000000080d00000| Untracked 
|  14|0x0000000080e00000, 0x0000000080f00000, 0x0000000080f00000|100%| O|  |TAMS 0x0000000080f00000, 0x0000000080e00000| Untracked 
|  15|0x0000000080f00000, 0x0000000081000000, 0x0000000081000000|100%| O|  |TAMS 0x0000000081000000, 0x0000000080f00000| Untracked 
|  16|0x0000000081000000, 0x0000000081100000, 0x0000000081100000|100%| O|  |TAMS 0x0000000081100000, 0x0000000081000000| Untracked 
|  17|0x0000000081100000, 0x0000000081200000, 0x0000000081200000|100%|HS|  |TAMS 0x0000000081200000, 0x0000000081100000| Complete 
|  18|0x0000000081200000, 0x0000000081300000, 0x0000000081300000|100%|HS|  |TAMS 0x0000000081300000, 0x0000000081200000| Complete 
|  19|0x0000000081300000, 0x0000000081400000, 0x0000000081400000|100%|HS|  |TAMS 0x0000000081400000, 0x0000000081300000| Complete 
|  20|0x0000000081400000, 0x0000000081500000, 0x0000000081500000|100%|HC|  |TAMS 0x0000000081500000, 0x0000000081400000| Complete 
|  21|0x0000000081500000, 0x0000000081600000, 0x0000000081600000|100%| O|  |TAMS 0x0000000081600000, 0x0000000081500000| Untracked 
|  22|0x0000000081600000, 0x0000000081700000, 0x0000000081700000|100%| O|  |TAMS 0x0000000081700000, 0x0000000081600000| Untracked 
|  23|0x0000000081700000, 0x0000000081800000, 0x0000000081800000|100%| O|  |TAMS 0x0000000081800000, 0x0000000081700000| Untracked 
|  24|0x0000000081800000, 0x0000000081900000, 0x0000000081900000|100%| O|  |TAMS 0x0000000081900000, 0x0000000081800000| Untracked 
|  25|0x0000000081900000, 0x0000000081a00000, 0x0000000081a00000|100%| O|  |TAMS 0x0000000081a00000, 0x0000000081900000| Untracked 
|  26|0x0000000081a00000, 0x0000000081b00000, 0x0000000081b00000|100%| O|  |TAMS 0x0000000081b00000, 0x0000000081a00000| Untracked 
|  27|0x0000000081b00000, 0x0000000081c00000, 0x0000000081c00000|100%| O|  |TAMS 0x0000000081c00000, 0x0000000081b00000| Untracked 
|  28|0x0000000081c00000, 0x0000000081d00000, 0x0000000081d00000|100%| O|  |TAMS 0x0000000081d00000, 0x0000000081c00000| Untracked 
|  29|0x0000000081d00000, 0x0000000081e00000, 0x0000000081e00000|100%| O|  |TAMS 0x0000000081e00000, 0x0000000081d00000| Untracked 
|  30|0x0000000081e00000, 0x0000000081f00000, 0x0000000081f00000|100%| O|  |TAMS 0x0000000081f00000, 0x0000000081e00000| Untracked 
|  31|0x0000000081f00000, 0x0000000082000000, 0x0000000082000000|100%| O|  |TAMS 0x0000000082000000, 0x0000000081f00000| Untracked 
|  32|0x0000000082000000, 0x0000000082100000, 0x0000000082100000|100%| O|  |TAMS 0x0000000082000000, 0x0000000082000000| Untracked 
|  33|0x0000000082100000, 0x0000000082200000, 0x0000000082200000|100%| O|  |TAMS 0x0000000082200000, 0x0000000082100000| Untracked 
|  34|0x0000000082200000, 0x0000000082300000, 0x0000000082300000|100%| O|  |TAMS 0x0000000082300000, 0x0000000082200000| Untracked 
|  35|0x0000000082300000, 0x0000000082400000, 0x0000000082400000|100%| O|  |TAMS 0x0000000082400000, 0x0000000082300000| Untracked 
|  36|0x0000000082400000, 0x0000000082500000, 0x0000000082500000|100%| O|  |TAMS 0x0000000082500000, 0x0000000082400000| Untracked 
|  37|0x0000000082500000, 0x0000000082600000, 0x0000000082600000|100%| O|  |TAMS 0x0000000082600000, 0x0000000082500000| Untracked 
|  38|0x0000000082600000, 0x0000000082700000, 0x0000000082700000|100%| O|  |TAMS 0x0000000082700000, 0x0000000082600000| Untracked 
|  39|0x0000000082700000, 0x0000000082800000, 0x0000000082800000|100%| O|  |TAMS 0x0000000082800000, 0x0000000082700000| Untracked 
|  40|0x0000000082800000, 0x0000000082900000, 0x0000000082900000|100%| O|  |TAMS 0x0000000082900000, 0x0000000082800000| Untracked 
|  41|0x0000000082900000, 0x0000000082a00000, 0x0000000082a00000|100%| O|  |TAMS 0x0000000082900000, 0x0000000082900000| Untracked 
|  42|0x0000000082a00000, 0x0000000082b00000, 0x0000000082b00000|100%| O|  |TAMS 0x0000000082a00000, 0x0000000082a00000| Untracked 
|  43|0x0000000082b00000, 0x0000000082c00000, 0x0000000082c00000|100%| O|  |TAMS 0x0000000082b00000, 0x0000000082b00000| Untracked 
|  44|0x0000000082c00000, 0x0000000082d00000, 0x0000000082d00000|100%| O|  |TAMS 0x0000000082c00000, 0x0000000082c00000| Untracked 
|  45|0x0000000082d00000, 0x0000000082e00000, 0x0000000082e00000|100%| O|  |TAMS 0x0000000082d00000, 0x0000000082d00000| Untracked 
|  46|0x0000000082e00000, 0x0000000082f00000, 0x0000000082f00000|100%| O|  |TAMS 0x0000000082e00000, 0x0000000082e00000| Untracked 
|  47|0x0000000082f00000, 0x0000000083000000, 0x0000000083000000|100%| O|  |TAMS 0x0000000082f00000, 0x0000000082f00000| Untracked 
|  48|0x0000000083000000, 0x0000000083100000, 0x0000000083100000|100%| O|  |TAMS 0x0000000083000000, 0x0000000083000000| Untracked 
|  49|0x0000000083100000, 0x0000000083200000, 0x0000000083200000|100%| O|  |TAMS 0x0000000083100000, 0x0000000083100000| Untracked 
|  50|0x0000000083200000, 0x0000000083300000, 0x0000000083300000|100%| O|  |TAMS 0x0000000083200000, 0x0000000083200000| Untracked 
|  51|0x0000000083300000, 0x0000000083400000, 0x0000000083400000|100%| O|  |TAMS 0x0000000083300000, 0x0000000083300000| Untracked 
|  52|0x0000000083400000, 0x0000000083500000, 0x0000000083500000|100%| O|  |TAMS 0x0000000083400000, 0x0000000083400000| Untracked 
|  53|0x0000000083500000, 0x0000000083600000, 0x0000000083600000|100%| O|  |TAMS 0x0000000083500000, 0x0000000083500000| Untracked 
|  54|0x0000000083600000, 0x0000000083700000, 0x0000000083700000|100%| O|  |TAMS 0x0000000083600000, 0x0000000083600000| Untracked 
|  55|0x0000000083700000, 0x0000000083800000, 0x0000000083800000|100%| O|  |TAMS 0x0000000083700000, 0x0000000083700000| Untracked 
|  56|0x0000000083800000, 0x0000000083900000, 0x0000000083900000|100%| O|  |TAMS 0x0000000083800000, 0x0000000083800000| Untracked 
|  57|0x0000000083900000, 0x0000000083a00000, 0x0000000083a00000|100%| O|  |TAMS 0x0000000083900000, 0x0000000083900000| Untracked 
|  58|0x0000000083a00000, 0x0000000083b00000, 0x0000000083b00000|100%| O|  |TAMS 0x0000000083a00000, 0x0000000083a00000| Untracked 
|  59|0x0000000083b00000, 0x0000000083c00000, 0x0000000083c00000|100%| O|  |TAMS 0x0000000083b00000, 0x0000000083b00000| Untracked 
|  60|0x0000000083c00000, 0x0000000083d00000, 0x0000000083d00000|100%| O|  |TAMS 0x0000000083c00000, 0x0000000083c00000| Untracked 
|  61|0x0000000083d00000, 0x0000000083e00000, 0x0000000083e00000|100%| O|  |TAMS 0x0000000083d00000, 0x0000000083d00000| Untracked 
|  62|0x0000000083e00000, 0x0000000083f00000, 0x0000000083f00000|100%| O|  |TAMS 0x0000000083e00000, 0x0000000083e00000| Untracked 
|  63|0x0000000083f00000, 0x0000000084000000, 0x0000000084000000|100%| O|  |TAMS 0x0000000083f00000, 0x0000000083f00000| Untracked 
|  64|0x0000000084000000, 0x0000000084100000, 0x0000000084100000|100%| O|  |TAMS 0x0000000084000000, 0x0000000084000000| Untracked 
|  65|0x0000000084100000, 0x0000000084200000, 0x0000000084200000|100%| O|  |TAMS 0x0000000084100000, 0x0000000084100000| Untracked 
|  66|0x0000000084200000, 0x0000000084300000, 0x0000000084300000|100%| O|  |TAMS 0x0000000084200000, 0x0000000084200000| Untracked 
|  67|0x0000000084300000, 0x00000000843836a0, 0x0000000084400000| 51%| O|  |TAMS 0x0000000084300000, 0x0000000084300000| Untracked 
|  68|0x0000000084400000, 0x0000000084400000, 0x0000000084500000|  0%| F|  |TAMS 0x0000000084400000, 0x0000000084400000| Untracked 
|  69|0x0000000084500000, 0x0000000084500000, 0x0000000084600000|  0%| F|  |TAMS 0x0000000084500000, 0x0000000084500000| Untracked 
|  70|0x0000000084600000, 0x0000000084600000, 0x0000000084700000|  0%| F|  |TAMS 0x0000000084600000, 0x0000000084600000| Untracked 
|  71|0x0000000084700000, 0x0000000084700000, 0x0000000084800000|  0%| F|  |TAMS 0x0000000084700000, 0x0000000084700000| Untracked 
|  72|0x0000000084800000, 0x0000000084800000, 0x0000000084900000|  0%| F|  |TAMS 0x0000000084800000, 0x0000000084800000| Untracked 
|  73|0x0000000084900000, 0x0000000084900000, 0x0000000084a00000|  0%| F|  |TAMS 0x0000000084900000, 0x0000000084900000| Untracked 
|  74|0x0000000084a00000, 0x0000000084a00000, 0x0000000084b00000|  0%| F|  |TAMS 0x0000000084a00000, 0x0000000084a00000| Untracked 
|  75|0x0000000084b00000, 0x0000000084b00000, 0x0000000084c00000|  0%| F|  |TAMS 0x0000000084b00000, 0x0000000084b00000| Untracked 
|  76|0x0000000084c00000, 0x0000000084c00000, 0x0000000084d00000|  0%| F|  |TAMS 0x0000000084c00000, 0x0000000084c00000| Untracked 
|  77|0x0000000084d00000, 0x0000000084d00000, 0x0000000084e00000|  0%| F|  |TAMS 0x0000000084d00000, 0x0000000084d00000| Untracked 
|  78|0x0000000084e00000, 0x0000000084e00000, 0x0000000084f00000|  0%| F|  |TAMS 0x0000000084e00000, 0x0000000084e00000| Untracked 
|  79|0x0000000084f00000, 0x0000000084f00000, 0x0000000085000000|  0%| F|  |TAMS 0x0000000084f00000, 0x0000000084f00000| Untracked 
|  80|0x0000000085000000, 0x0000000085000000, 0x0000000085100000|  0%| F|  |TAMS 0x0000000085000000, 0x0000000085000000| Untracked 
|  81|0x0000000085100000, 0x0000000085100000, 0x0000000085200000|  0%| F|  |TAMS 0x0000000085100000, 0x0000000085100000| Untracked 
|  82|0x0000000085200000, 0x0000000085200000, 0x0000000085300000|  0%| F|  |TAMS 0x0000000085200000, 0x0000000085200000| Untracked 
|  83|0x0000000085300000, 0x0000000085300000, 0x0000000085400000|  0%| F|  |TAMS 0x0000000085300000, 0x0000000085300000| Untracked 
|  84|0x0000000085400000, 0x0000000085400000, 0x0000000085500000|  0%| F|  |TAMS 0x0000000085400000, 0x0000000085400000| Untracked 
|  85|0x0000000085500000, 0x0000000085500000, 0x0000000085600000|  0%| F|  |TAMS 0x0000000085500000, 0x0000000085500000| Untracked 
|  86|0x0000000085600000, 0x0000000085600000, 0x0000000085700000|  0%| F|  |TAMS 0x0000000085600000, 0x0000000085600000| Untracked 
|  87|0x0000000085700000, 0x0000000085700000, 0x0000000085800000|  0%| F|  |TAMS 0x0000000085700000, 0x0000000085700000| Untracked 
|  88|0x0000000085800000, 0x0000000085800000, 0x0000000085900000|  0%| F|  |TAMS 0x0000000085800000, 0x0000000085800000| Untracked 
|  89|0x0000000085900000, 0x0000000085900000, 0x0000000085a00000|  0%| F|  |TAMS 0x0000000085900000, 0x0000000085900000| Untracked 
|  90|0x0000000085a00000, 0x0000000085a00000, 0x0000000085b00000|  0%| F|  |TAMS 0x0000000085a00000, 0x0000000085a00000| Untracked 
|  91|0x0000000085b00000, 0x0000000085b00000, 0x0000000085c00000|  0%| F|  |TAMS 0x0000000085b00000, 0x0000000085b00000| Untracked 
|  92|0x0000000085c00000, 0x0000000085c00000, 0x0000000085d00000|  0%| F|  |TAMS 0x0000000085c00000, 0x0000000085c00000| Untracked 
|  93|0x0000000085d00000, 0x0000000085d00000, 0x0000000085e00000|  0%| F|  |TAMS 0x0000000085d00000, 0x0000000085d00000| Untracked 
|  94|0x0000000085e00000, 0x0000000085e00000, 0x0000000085f00000|  0%| F|  |TAMS 0x0000000085e00000, 0x0000000085e00000| Untracked 
|  95|0x0000000085f00000, 0x0000000085f00000, 0x0000000086000000|  0%| F|  |TAMS 0x0000000085f00000, 0x0000000085f00000| Untracked 
|  96|0x0000000086000000, 0x0000000086000000, 0x0000000086100000|  0%| F|  |TAMS 0x0000000086000000, 0x0000000086000000| Untracked 
|  97|0x0000000086100000, 0x0000000086100000, 0x0000000086200000|  0%| F|  |TAMS 0x0000000086100000, 0x0000000086100000| Untracked 
|  98|0x0000000086200000, 0x0000000086200000, 0x0000000086300000|  0%| F|  |TAMS 0x0000000086200000, 0x0000000086200000| Untracked 
|  99|0x0000000086300000, 0x0000000086300000, 0x0000000086400000|  0%| F|  |TAMS 0x0000000086300000, 0x0000000086300000| Untracked 
| 100|0x0000000086400000, 0x0000000086400000, 0x0000000086500000|  0%| F|  |TAMS 0x0000000086400000, 0x0000000086400000| Untracked 
| 101|0x0000000086500000, 0x0000000086600000, 0x0000000086600000|100%| E|CS|TAMS 0x0000000086500000, 0x0000000086500000| Complete 
| 102|0x0000000086600000, 0x0000000086700000, 0x0000000086700000|100%| E|CS|TAMS 0x0000000086600000, 0x0000000086600000| Complete 
| 103|0x0000000086700000, 0x0000000086800000, 0x0000000086800000|100%| E|CS|TAMS 0x0000000086700000, 0x0000000086700000| Complete 
| 104|0x0000000086800000, 0x0000000086900000, 0x0000000086900000|100%| E|CS|TAMS 0x0000000086800000, 0x0000000086800000| Complete 
| 105|0x0000000086900000, 0x0000000086a00000, 0x0000000086a00000|100%| E|CS|TAMS 0x0000000086900000, 0x0000000086900000| Complete 
| 106|0x0000000086a00000, 0x0000000086b00000, 0x0000000086b00000|100%| E|CS|TAMS 0x0000000086a00000, 0x0000000086a00000| Complete 
| 107|0x0000000086b00000, 0x0000000086c00000, 0x0000000086c00000|100%| E|CS|TAMS 0x0000000086b00000, 0x0000000086b00000| Complete 
| 108|0x0000000086c00000, 0x0000000086d00000, 0x0000000086d00000|100%| E|CS|TAMS 0x0000000086c00000, 0x0000000086c00000| Complete 
| 109|0x0000000086d00000, 0x0000000086e00000, 0x0000000086e00000|100%| E|CS|TAMS 0x0000000086d00000, 0x0000000086d00000| Complete 
| 110|0x0000000086e00000, 0x0000000086f00000, 0x0000000086f00000|100%| E|CS|TAMS 0x0000000086e00000, 0x0000000086e00000| Complete 
| 111|0x0000000086f00000, 0x0000000087000000, 0x0000000087000000|100%| E|CS|TAMS 0x0000000086f00000, 0x0000000086f00000| Complete 
| 112|0x0000000087000000, 0x0000000087100000, 0x0000000087100000|100%| E|CS|TAMS 0x0000000087000000, 0x0000000087000000| Complete 
| 113|0x0000000087100000, 0x0000000087200000, 0x0000000087200000|100%| E|CS|TAMS 0x0000000087100000, 0x0000000087100000| Complete 
| 114|0x0000000087200000, 0x0000000087300000, 0x0000000087300000|100%| E|CS|TAMS 0x0000000087200000, 0x0000000087200000| Complete 
| 115|0x0000000087300000, 0x0000000087400000, 0x0000000087400000|100%| E|CS|TAMS 0x0000000087300000, 0x0000000087300000| Complete 
| 116|0x0000000087400000, 0x0000000087400000, 0x0000000087500000|  0%| F|  |TAMS 0x0000000087400000, 0x0000000087400000| Untracked 
| 117|0x0000000087500000, 0x0000000087500000, 0x0000000087600000|  0%| F|  |TAMS 0x0000000087500000, 0x0000000087500000| Untracked 
| 118|0x0000000087600000, 0x0000000087600000, 0x0000000087700000|  0%| F|  |TAMS 0x0000000087600000, 0x0000000087600000| Untracked 
| 119|0x0000000087700000, 0x0000000087700000, 0x0000000087800000|  0%| F|  |TAMS 0x0000000087700000, 0x0000000087700000| Untracked 
| 120|0x0000000087800000, 0x0000000087880000, 0x0000000087900000| 50%| S|  |TAMS 0x0000000087800000, 0x0000000087800000| Complete 
| 121|0x0000000087900000, 0x0000000087a00000, 0x0000000087a00000|100%| S|  |TAMS 0x0000000087900000, 0x0000000087900000| Complete 
| 122|0x0000000087a00000, 0x0000000087b00000, 0x0000000087b00000|100%| S|  |TAMS 0x0000000087a00000, 0x0000000087a00000| Complete 
| 123|0x0000000087b00000, 0x0000000087c00000, 0x0000000087c00000|100%| S|  |TAMS 0x0000000087b00000, 0x0000000087b00000| Complete 
| 124|0x0000000087c00000, 0x0000000087d00000, 0x0000000087d00000|100%| S|  |TAMS 0x0000000087c00000, 0x0000000087c00000| Complete 
| 125|0x0000000087d00000, 0x0000000087e00000, 0x0000000087e00000|100%| S|  |TAMS 0x0000000087d00000, 0x0000000087d00000| Complete 
| 126|0x0000000087e00000, 0x0000000087f00000, 0x0000000087f00000|100%| S|  |TAMS 0x0000000087e00000, 0x0000000087e00000| Complete 
| 127|0x0000000087f00000, 0x0000000088000000, 0x0000000088000000|100%| E|CS|TAMS 0x0000000087f00000, 0x0000000087f00000| Complete 
| 128|0x0000000088000000, 0x0000000088100000, 0x0000000088100000|100%| E|CS|TAMS 0x0000000088000000, 0x0000000088000000| Complete 
| 129|0x0000000088100000, 0x0000000088200000, 0x0000000088200000|100%| E|CS|TAMS 0x0000000088100000, 0x0000000088100000| Complete 
| 130|0x0000000088200000, 0x0000000088300000, 0x0000000088300000|100%| E|CS|TAMS 0x0000000088200000, 0x0000000088200000| Complete 
| 131|0x0000000088300000, 0x0000000088400000, 0x0000000088400000|100%| E|CS|TAMS 0x0000000088300000, 0x0000000088300000| Complete 
| 132|0x0000000088400000, 0x0000000088500000, 0x0000000088500000|100%| E|CS|TAMS 0x0000000088400000, 0x0000000088400000| Complete 
| 133|0x0000000088500000, 0x0000000088600000, 0x0000000088600000|100%| E|CS|TAMS 0x0000000088500000, 0x0000000088500000| Complete 
| 134|0x0000000088600000, 0x0000000088700000, 0x0000000088700000|100%| E|CS|TAMS 0x0000000088600000, 0x0000000088600000| Complete 
| 135|0x0000000088700000, 0x0000000088800000, 0x0000000088800000|100%| E|CS|TAMS 0x0000000088700000, 0x0000000088700000| Complete 
| 136|0x0000000088800000, 0x0000000088900000, 0x0000000088900000|100%| E|CS|TAMS 0x0000000088800000, 0x0000000088800000| Complete 
| 137|0x0000000088900000, 0x0000000088a00000, 0x0000000088a00000|100%| E|CS|TAMS 0x0000000088900000, 0x0000000088900000| Complete 
| 138|0x0000000088a00000, 0x0000000088b00000, 0x0000000088b00000|100%| E|CS|TAMS 0x0000000088a00000, 0x0000000088a00000| Complete 
| 139|0x0000000088b00000, 0x0000000088c00000, 0x0000000088c00000|100%| E|CS|TAMS 0x0000000088b00000, 0x0000000088b00000| Complete 
| 140|0x0000000088c00000, 0x0000000088d00000, 0x0000000088d00000|100%| E|CS|TAMS 0x0000000088c00000, 0x0000000088c00000| Complete 
| 141|0x0000000088d00000, 0x0000000088e00000, 0x0000000088e00000|100%| E|CS|TAMS 0x0000000088d00000, 0x0000000088d00000| Complete 
| 142|0x0000000088e00000, 0x0000000088f00000, 0x0000000088f00000|100%| E|CS|TAMS 0x0000000088e00000, 0x0000000088e00000| Complete 
| 143|0x0000000088f00000, 0x0000000089000000, 0x0000000089000000|100%| E|CS|TAMS 0x0000000088f00000, 0x0000000088f00000| Complete 
| 144|0x0000000089000000, 0x0000000089100000, 0x0000000089100000|100%| E|CS|TAMS 0x0000000089000000, 0x0000000089000000| Complete 
| 145|0x0000000089100000, 0x0000000089200000, 0x0000000089200000|100%| E|CS|TAMS 0x0000000089100000, 0x0000000089100000| Complete 
| 146|0x0000000089200000, 0x0000000089300000, 0x0000000089300000|100%| E|CS|TAMS 0x0000000089200000, 0x0000000089200000| Complete 
| 147|0x0000000089300000, 0x0000000089400000, 0x0000000089400000|100%| E|CS|TAMS 0x0000000089300000, 0x0000000089300000| Complete 
| 148|0x0000000089400000, 0x0000000089500000, 0x0000000089500000|100%| E|CS|TAMS 0x0000000089400000, 0x0000000089400000| Complete 
| 149|0x0000000089500000, 0x0000000089600000, 0x0000000089600000|100%| E|CS|TAMS 0x0000000089500000, 0x0000000089500000| Complete 
| 150|0x0000000089600000, 0x0000000089700000, 0x0000000089700000|100%| E|CS|TAMS 0x0000000089600000, 0x0000000089600000| Complete 
| 151|0x0000000089700000, 0x0000000089800000, 0x0000000089800000|100%| E|CS|TAMS 0x0000000089700000, 0x0000000089700000| Complete 
| 152|0x0000000089800000, 0x0000000089900000, 0x0000000089900000|100%| E|CS|TAMS 0x0000000089800000, 0x0000000089800000| Complete 
| 153|0x0000000089900000, 0x0000000089a00000, 0x0000000089a00000|100%| E|CS|TAMS 0x0000000089900000, 0x0000000089900000| Complete 
| 154|0x0000000089a00000, 0x0000000089b00000, 0x0000000089b00000|100%| E|CS|TAMS 0x0000000089a00000, 0x0000000089a00000| Complete 
| 155|0x0000000089b00000, 0x0000000089c00000, 0x0000000089c00000|100%| E|CS|TAMS 0x0000000089b00000, 0x0000000089b00000| Complete 
| 156|0x0000000089c00000, 0x0000000089d00000, 0x0000000089d00000|100%| E|CS|TAMS 0x0000000089c00000, 0x0000000089c00000| Complete 
| 157|0x0000000089d00000, 0x0000000089e00000, 0x0000000089e00000|100%| E|CS|TAMS 0x0000000089d00000, 0x0000000089d00000| Complete 
| 158|0x0000000089e00000, 0x0000000089f00000, 0x0000000089f00000|100%| E|CS|TAMS 0x0000000089e00000, 0x0000000089e00000| Complete 
| 159|0x0000000089f00000, 0x000000008a000000, 0x000000008a000000|100%| E|CS|TAMS 0x0000000089f00000, 0x0000000089f00000| Complete 
| 160|0x000000008a000000, 0x000000008a100000, 0x000000008a100000|100%| E|CS|TAMS 0x000000008a000000, 0x000000008a000000| Complete 
| 161|0x000000008a100000, 0x000000008a200000, 0x000000008a200000|100%| E|CS|TAMS 0x000000008a100000, 0x000000008a100000| Complete 
| 162|0x000000008a200000, 0x000000008a300000, 0x000000008a300000|100%| E|CS|TAMS 0x000000008a200000, 0x000000008a200000| Complete 
| 163|0x000000008a300000, 0x000000008a400000, 0x000000008a400000|100%| E|CS|TAMS 0x000000008a300000, 0x000000008a300000| Complete 
| 164|0x000000008a400000, 0x000000008a500000, 0x000000008a500000|100%| E|CS|TAMS 0x000000008a400000, 0x000000008a400000| Complete 
| 165|0x000000008a500000, 0x000000008a600000, 0x000000008a600000|100%| E|CS|TAMS 0x000000008a500000, 0x000000008a500000| Complete 
| 166|0x000000008a600000, 0x000000008a700000, 0x000000008a700000|100%| E|CS|TAMS 0x000000008a600000, 0x000000008a600000| Complete 
| 167|0x000000008a700000, 0x000000008a800000, 0x000000008a800000|100%| E|CS|TAMS 0x000000008a700000, 0x000000008a700000| Complete 
| 168|0x000000008a800000, 0x000000008a900000, 0x000000008a900000|100%| E|CS|TAMS 0x000000008a800000, 0x000000008a800000| Complete 
| 169|0x000000008a900000, 0x000000008aa00000, 0x000000008aa00000|100%| E|CS|TAMS 0x000000008a900000, 0x000000008a900000| Complete 
| 170|0x000000008aa00000, 0x000000008ab00000, 0x000000008ab00000|100%| E|CS|TAMS 0x000000008aa00000, 0x000000008aa00000| Complete 
| 171|0x000000008ab00000, 0x000000008ac00000, 0x000000008ac00000|100%| E|CS|TAMS 0x000000008ab00000, 0x000000008ab00000| Complete 
| 172|0x000000008ac00000, 0x000000008ad00000, 0x000000008ad00000|100%| E|CS|TAMS 0x000000008ac00000, 0x000000008ac00000| Complete 
| 173|0x000000008ad00000, 0x000000008ae00000, 0x000000008ae00000|100%| E|CS|TAMS 0x000000008ad00000, 0x000000008ad00000| Complete 
| 174|0x000000008ae00000, 0x000000008af00000, 0x000000008af00000|100%| E|CS|TAMS 0x000000008ae00000, 0x000000008ae00000| Complete 
| 175|0x000000008af00000, 0x000000008b000000, 0x000000008b000000|100%| E|CS|TAMS 0x000000008af00000, 0x000000008af00000| Complete 
| 176|0x000000008b000000, 0x000000008b100000, 0x000000008b100000|100%| E|CS|TAMS 0x000000008b000000, 0x000000008b000000| Complete 
| 177|0x000000008b100000, 0x000000008b200000, 0x000000008b200000|100%| E|CS|TAMS 0x000000008b100000, 0x000000008b100000| Complete 
| 178|0x000000008b200000, 0x000000008b300000, 0x000000008b300000|100%| E|CS|TAMS 0x000000008b200000, 0x000000008b200000| Complete 
| 179|0x000000008b300000, 0x000000008b400000, 0x000000008b400000|100%| E|CS|TAMS 0x000000008b300000, 0x000000008b300000| Complete 
| 180|0x000000008b400000, 0x000000008b500000, 0x000000008b500000|100%| E|CS|TAMS 0x000000008b400000, 0x000000008b400000| Complete 
| 181|0x000000008b500000, 0x000000008b600000, 0x000000008b600000|100%| E|CS|TAMS 0x000000008b500000, 0x000000008b500000| Complete 
| 182|0x000000008b600000, 0x000000008b700000, 0x000000008b700000|100%| E|CS|TAMS 0x000000008b600000, 0x000000008b600000| Complete 
| 183|0x000000008b700000, 0x000000008b800000, 0x000000008b800000|100%| E|CS|TAMS 0x000000008b700000, 0x000000008b700000| Complete 
| 184|0x000000008b800000, 0x000000008b900000, 0x000000008b900000|100%| E|CS|TAMS 0x000000008b800000, 0x000000008b800000| Complete 
| 185|0x000000008b900000, 0x000000008ba00000, 0x000000008ba00000|100%| E|CS|TAMS 0x000000008b900000, 0x000000008b900000| Complete 
| 186|0x000000008ba00000, 0x000000008bb00000, 0x000000008bb00000|100%| E|CS|TAMS 0x000000008ba00000, 0x000000008ba00000| Complete 
| 187|0x000000008bb00000, 0x000000008bc00000, 0x000000008bc00000|100%| E|CS|TAMS 0x000000008bb00000, 0x000000008bb00000| Complete 
| 188|0x000000008bc00000, 0x000000008bd00000, 0x000000008bd00000|100%| E|CS|TAMS 0x000000008bc00000, 0x000000008bc00000| Complete 
| 189|0x000000008bd00000, 0x000000008be00000, 0x000000008be00000|100%| E|CS|TAMS 0x000000008bd00000, 0x000000008bd00000| Complete 
| 190|0x000000008be00000, 0x000000008bf00000, 0x000000008bf00000|100%| E|CS|TAMS 0x000000008be00000, 0x000000008be00000| Complete 
| 191|0x000000008bf00000, 0x000000008c000000, 0x000000008c000000|100%| E|CS|TAMS 0x000000008bf00000, 0x000000008bf00000| Complete 
| 192|0x000000008c000000, 0x000000008c100000, 0x000000008c100000|100%| E|CS|TAMS 0x000000008c000000, 0x000000008c000000| Complete 
| 193|0x000000008c100000, 0x000000008c200000, 0x000000008c200000|100%| E|CS|TAMS 0x000000008c100000, 0x000000008c100000| Complete 
| 194|0x000000008c200000, 0x000000008c300000, 0x000000008c300000|100%| E|CS|TAMS 0x000000008c200000, 0x000000008c200000| Complete 
| 195|0x000000008c300000, 0x000000008c400000, 0x000000008c400000|100%| E|CS|TAMS 0x000000008c300000, 0x000000008c300000| Complete 
| 196|0x000000008c400000, 0x000000008c500000, 0x000000008c500000|100%| E|CS|TAMS 0x000000008c400000, 0x000000008c400000| Complete 
| 197|0x000000008c500000, 0x000000008c600000, 0x000000008c600000|100%| E|CS|TAMS 0x000000008c500000, 0x000000008c500000| Complete 
| 198|0x000000008c600000, 0x000000008c700000, 0x000000008c700000|100%| E|CS|TAMS 0x000000008c600000, 0x000000008c600000| Complete 
| 199|0x000000008c700000, 0x000000008c800000, 0x000000008c800000|100%| E|CS|TAMS 0x000000008c700000, 0x000000008c700000| Complete 
| 200|0x000000008c800000, 0x000000008c900000, 0x000000008c900000|100%| E|CS|TAMS 0x000000008c800000, 0x000000008c800000| Complete 
| 201|0x000000008c900000, 0x000000008ca00000, 0x000000008ca00000|100%| E|CS|TAMS 0x000000008c900000, 0x000000008c900000| Complete 
| 202|0x000000008ca00000, 0x000000008cb00000, 0x000000008cb00000|100%| E|CS|TAMS 0x000000008ca00000, 0x000000008ca00000| Complete 
| 203|0x000000008cb00000, 0x000000008cc00000, 0x000000008cc00000|100%| E|CS|TAMS 0x000000008cb00000, 0x000000008cb00000| Complete 
| 204|0x000000008cc00000, 0x000000008cd00000, 0x000000008cd00000|100%| E|CS|TAMS 0x000000008cc00000, 0x000000008cc00000| Complete 
| 205|0x000000008cd00000, 0x000000008ce00000, 0x000000008ce00000|100%| E|CS|TAMS 0x000000008cd00000, 0x000000008cd00000| Complete 
| 206|0x000000008ce00000, 0x000000008cf00000, 0x000000008cf00000|100%| E|CS|TAMS 0x000000008ce00000, 0x000000008ce00000| Complete 
| 207|0x000000008cf00000, 0x000000008d000000, 0x000000008d000000|100%| E|CS|TAMS 0x000000008cf00000, 0x000000008cf00000| Complete 
| 208|0x000000008d000000, 0x000000008d100000, 0x000000008d100000|100%| E|CS|TAMS 0x000000008d000000, 0x000000008d000000| Complete 
| 209|0x000000008d100000, 0x000000008d200000, 0x000000008d200000|100%| E|CS|TAMS 0x000000008d100000, 0x000000008d100000| Complete 
| 210|0x000000008d200000, 0x000000008d300000, 0x000000008d300000|100%| E|CS|TAMS 0x000000008d200000, 0x000000008d200000| Complete 
| 211|0x000000008d300000, 0x000000008d400000, 0x000000008d400000|100%| E|CS|TAMS 0x000000008d300000, 0x000000008d300000| Complete 
| 212|0x000000008d400000, 0x000000008d500000, 0x000000008d500000|100%| E|CS|TAMS 0x000000008d400000, 0x000000008d400000| Complete 
| 213|0x000000008d500000, 0x000000008d600000, 0x000000008d600000|100%| E|CS|TAMS 0x000000008d500000, 0x000000008d500000| Complete 
| 214|0x000000008d600000, 0x000000008d700000, 0x000000008d700000|100%| E|CS|TAMS 0x000000008d600000, 0x000000008d600000| Complete 
| 215|0x000000008d700000, 0x000000008d800000, 0x000000008d800000|100%| E|CS|TAMS 0x000000008d700000, 0x000000008d700000| Complete 
| 216|0x000000008d800000, 0x000000008d900000, 0x000000008d900000|100%| E|CS|TAMS 0x000000008d800000, 0x000000008d800000| Complete 
| 217|0x000000008d900000, 0x000000008da00000, 0x000000008da00000|100%| E|CS|TAMS 0x000000008d900000, 0x000000008d900000| Complete 
| 218|0x000000008da00000, 0x000000008db00000, 0x000000008db00000|100%| E|CS|TAMS 0x000000008da00000, 0x000000008da00000| Complete 
| 219|0x000000008db00000, 0x000000008dc00000, 0x000000008dc00000|100%| E|CS|TAMS 0x000000008db00000, 0x000000008db00000| Complete 
| 220|0x000000008dc00000, 0x000000008dd00000, 0x000000008dd00000|100%| E|CS|TAMS 0x000000008dc00000, 0x000000008dc00000| Complete 
| 221|0x000000008dd00000, 0x000000008de00000, 0x000000008de00000|100%| E|CS|TAMS 0x000000008dd00000, 0x000000008dd00000| Complete 
| 222|0x000000008de00000, 0x000000008df00000, 0x000000008df00000|100%| E|CS|TAMS 0x000000008de00000, 0x000000008de00000| Complete 
| 223|0x000000008df00000, 0x000000008e000000, 0x000000008e000000|100%| E|CS|TAMS 0x000000008df00000, 0x000000008df00000| Complete 
| 224|0x000000008e000000, 0x000000008e100000, 0x000000008e100000|100%| E|CS|TAMS 0x000000008e000000, 0x000000008e000000| Complete 
| 225|0x000000008e100000, 0x000000008e200000, 0x000000008e200000|100%| E|CS|TAMS 0x000000008e100000, 0x000000008e100000| Complete 
| 226|0x000000008e200000, 0x000000008e300000, 0x000000008e300000|100%| E|CS|TAMS 0x000000008e200000, 0x000000008e200000| Complete 
| 227|0x000000008e300000, 0x000000008e400000, 0x000000008e400000|100%| E|CS|TAMS 0x000000008e300000, 0x000000008e300000| Complete 
| 228|0x000000008e400000, 0x000000008e500000, 0x000000008e500000|100%| E|CS|TAMS 0x000000008e400000, 0x000000008e400000| Complete 
| 229|0x000000008e500000, 0x000000008e600000, 0x000000008e600000|100%| E|CS|TAMS 0x000000008e500000, 0x000000008e500000| Complete 
| 230|0x000000008e600000, 0x000000008e700000, 0x000000008e700000|100%| E|CS|TAMS 0x000000008e600000, 0x000000008e600000| Complete 

Card table byte_map: [0x000001f83d860000,0x000001f83dc60000] _byte_map_base: 0x000001f83d460000

Marking Bits (Prev, Next): (CMBitMap*) 0x000001f828bad888, (CMBitMap*) 0x000001f828bad8c0
 Prev Bits: [0x000001f83e060000, 0x000001f840060000)
 Next Bits: [0x000001f840060000, 0x000001f842060000)

Polling page: 0x000001f82a400000

Metaspace:

Usage:
  Non-class:     70.03 MB capacity,    68.65 MB ( 98%) used,     1.16 MB (  2%) free+waste,   230.88 KB ( <1%) overhead. 
      Class:     10.97 MB capacity,    10.23 MB ( 93%) used,   655.04 KB (  6%) free+waste,   104.44 KB ( <1%) overhead. 
       Both:     81.00 MB capacity,    78.87 MB ( 97%) used,     1.80 MB (  2%) free+waste,   335.31 KB ( <1%) overhead. 

Virtual space:
  Non-class space:       72.00 MB reserved,      70.25 MB ( 98%) committed 
      Class space:        1.00 GB reserved,      11.07 MB (  1%) committed 
             Both:        1.07 GB reserved,      81.32 MB (  7%) committed 

Chunk freelists:
   Non-Class:  37.00 KB
       Class:  0 bytes
        Both:  37.00 KB

MaxMetaspaceSize: 17179869184.00 GB
CompressedClassSpaceSize: 1.00 GB

CodeHeap 'non-profiled nmethods': size=120064Kb used=5987Kb max_used=5987Kb free=114076Kb
 bounds [0x000001f8358f0000, 0x000001f835ed0000, 0x000001f83ce30000]
CodeHeap 'profiled nmethods': size=120000Kb used=22088Kb max_used=22088Kb free=97911Kb
 bounds [0x000001f82e3c0000, 0x000001f82f960000, 0x000001f8358f0000]
CodeHeap 'non-nmethods': size=5696Kb used=2278Kb max_used=2344Kb free=3417Kb
 bounds [0x000001f82de30000, 0x000001f82e0a0000, 0x000001f82e3c0000]
 total_blobs=11008 nmethods=10135 adapters=783
 compilation: enabled
              stopped_count=0, restarted_count=0
 full_count=0

Compilation events (20 events):
Event: 32.685 Thread 0x000001f844f52000 10203       3       org.gradle.internal.execution.steps.ResolveChangesStep::lambda$execute$3 (33 bytes)
Event: 32.688 Thread 0x000001f844f52000 nmethod 10203 0x000001f82f94c090 code [0x000001f82f94c3e0, 0x000001f82f94d978]
Event: 32.688 Thread 0x000001f844f52000 10199       3       org.gradle.internal.execution.steps.CaptureStateBeforeExecutionStep$1::getValidationProblems (10 bytes)
Event: 32.688 Thread 0x000001f844f52000 nmethod 10199 0x000001f82f94e190 code [0x000001f82f94e340, 0x000001f82f94e508]
Event: 32.688 Thread 0x000001f844f52000 10200       3       org.gradle.internal.execution.steps.ValidateStep$1::getValidationProblems (29 bytes)
Event: 32.689 Thread 0x000001f844f52000 nmethod 10200 0x000001f82f94e610 code [0x000001f82f94e820, 0x000001f82f94ee68]
Event: 32.689 Thread 0x000001f844f52000 10201       3       org.gradle.internal.execution.history.changes.DefaultExecutionStateChangeDetector::errorHandling (10 bytes)
Event: 32.689 Thread 0x000001f844f52000 nmethod 10201 0x000001f82f94f090 code [0x000001f82f94f260, 0x000001f82f94f518]
Event: 32.689 Thread 0x000001f844f52000 10204       3       org.gradle.internal.execution.steps.ResolveChangesStep$$Lambda$846/0x0000000100ac2c40::get$Lambda (10 bytes)
Event: 32.690 Thread 0x000001f844f52000 nmethod 10204 0x000001f82f94f610 code [0x000001f82f94f7e0, 0x000001f82f94fa98]
Event: 32.690 Thread 0x000001f844f52000 10205       3       org.gradle.internal.execution.history.changes.OutputFileChanges::<init> (15 bytes)
Event: 32.690 Thread 0x000001f844f52000 nmethod 10205 0x000001f82f94fb90 code [0x000001f82f94fd40, 0x000001f82f94ff58]
Event: 32.690 Thread 0x000001f844f52000 10206       3       org.gradle.internal.execution.history.changes.SummarizingChangeContainer::<init> (13 bytes)
Event: 32.691 Thread 0x000001f844f52000 nmethod 10206 0x000001f82f950010 code [0x000001f82f950280, 0x000001f82f950d38]
Event: 32.691 Thread 0x000001f844f52000 10207       3       org.gradle.internal.execution.history.impl.DefaultBeforeExecutionState::getDetectedOverlappingOutputs (8 bytes)
Event: 32.692 Thread 0x000001f844f52000 nmethod 10207 0x000001f82f951110 code [0x000001f82f951320, 0x000001f82f951868]
Event: 32.694 Thread 0x000001f844f52000 10209       3       org.gradle.internal.fingerprint.FileCollectionFingerprint$1::getRootHashes (4 bytes)
Event: 32.694 Thread 0x000001f844f52000 nmethod 10209 0x000001f82f951a90 code [0x000001f82f951c40, 0x000001f82f951df8]
Event: 32.694 Thread 0x000001f844f52000 10210       3       org.gradle.internal.fingerprint.impl.EmptyCurrentFileCollectionFingerprint::getRootHashes (4 bytes)
Event: 32.694 Thread 0x000001f844f52000 nmethod 10210 0x000001f82f951f10 code [0x000001f82f9520c0, 0x000001f82f952278]

GC Heap History (20 events):
Event: 4.115 GC heap after
{Heap after GC invocations=4 (full 0):
 garbage-first heap   total 196608K, used 16523K [0x0000000080000000, 0x0000000100000000)
  region size 1024K, 8 young (8192K), 8 survivors (8192K)
 Metaspace       used 20032K, capacity 20553K, committed 20864K, reserved 1067008K
  class space    used 2436K, capacity 2613K, committed 2688K, reserved 1048576K
}
Event: 4.198 GC heap before
{Heap before GC invocations=4 (full 0):
 garbage-first heap   total 196608K, used 19595K [0x0000000080000000, 0x0000000100000000)
  region size 1024K, 12 young (12288K), 8 survivors (8192K)
 Metaspace       used 20595K, capacity 21092K, committed 21248K, reserved 1067008K
  class space    used 2506K, capacity 2690K, committed 2816K, reserved 1048576K
}
Event: 4.207 GC heap after
{Heap after GC invocations=5 (full 0):
 garbage-first heap   total 196608K, used 16650K [0x0000000080000000, 0x0000000100000000)
  region size 1024K, 5 young (5120K), 5 survivors (5120K)
 Metaspace       used 20595K, capacity 21092K, committed 21248K, reserved 1067008K
  class space    used 2506K, capacity 2690K, committed 2816K, reserved 1048576K
}
Event: 5.163 GC heap before
{Heap before GC invocations=6 (full 0):
 garbage-first heap   total 196608K, used 65802K [0x0000000080000000, 0x0000000100000000)
  region size 1024K, 53 young (54272K), 5 survivors (5120K)
 Metaspace       used 25659K, capacity 26328K, committed 26368K, reserved 1073152K
  class space    used 3349K, capacity 3568K, committed 3584K, reserved 1048576K
}
Event: 5.175 GC heap after
{Heap after GC invocations=7 (full 0):
 garbage-first heap   total 196608K, used 18534K [0x0000000080000000, 0x0000000100000000)
  region size 1024K, 3 young (3072K), 3 survivors (3072K)
 Metaspace       used 25659K, capacity 26328K, committed 26368K, reserved 1073152K
  class space    used 3349K, capacity 3568K, committed 3584K, reserved 1048576K
}
Event: 6.558 GC heap before
{Heap before GC invocations=7 (full 0):
 garbage-first heap   total 196608K, used 79974K [0x0000000080000000, 0x0000000100000000)
  region size 1024K, 65 young (66560K), 3 survivors (3072K)
 Metaspace       used 35080K, capacity 35826K, committed 35840K, reserved 1081344K
  class space    used 4541K, capacity 4864K, committed 4864K, reserved 1048576K
}
Event: 6.574 GC heap after
{Heap after GC invocations=8 (full 0):
 garbage-first heap   total 196608K, used 21886K [0x0000000080000000, 0x0000000100000000)
  region size 1024K, 6 young (6144K), 6 survivors (6144K)
 Metaspace       used 35080K, capacity 35826K, committed 35840K, reserved 1081344K
  class space    used 4541K, capacity 4864K, committed 4864K, reserved 1048576K
}
Event: 8.586 GC heap before
{Heap before GC invocations=9 (full 0):
 garbage-first heap   total 196608K, used 109950K [0x0000000080000000, 0x0000000100000000)
  region size 1024K, 90 young (92160K), 6 survivors (6144K)
 Metaspace       used 41370K, capacity 42415K, committed 42700K, reserved 1085440K
  class space    used 5345K, capacity 5707K, committed 5836K, reserved 1048576K
}
Event: 8.607 GC heap after
{Heap after GC invocations=10 (full 0):
 garbage-first heap   total 196608K, used 28005K [0x0000000080000000, 0x0000000100000000)
  region size 1024K, 12 young (12288K), 12 survivors (12288K)
 Metaspace       used 41370K, capacity 42415K, committed 42700K, reserved 1085440K
  class space    used 5345K, capacity 5707K, committed 5836K, reserved 1048576K
}
Event: 15.840 GC heap before
{Heap before GC invocations=10 (full 0):
 garbage-first heap   total 196608K, used 123237K [0x0000000080000000, 0x0000000100000000)
  region size 1024K, 100 young (102400K), 12 survivors (12288K)
 Metaspace       used 47287K, capacity 48521K, committed 48716K, reserved 1091584K
  class space    used 6030K, capacity 6458K, committed 6476K, reserved 1048576K
}
Event: 15.869 GC heap after
{Heap after GC invocations=11 (full 0):
 garbage-first heap   total 236544K, used 39972K [0x0000000080000000, 0x0000000100000000)
  region size 1024K, 13 young (13312K), 13 survivors (13312K)
 Metaspace       used 47287K, capacity 48521K, committed 48716K, reserved 1091584K
  class space    used 6030K, capacity 6458K, committed 6476K, reserved 1048576K
}
Event: 19.787 GC heap before
{Heap before GC invocations=11 (full 0):
 garbage-first heap   total 236544K, used 120868K [0x0000000080000000, 0x0000000100000000)
  region size 1024K, 93 young (95232K), 13 survivors (13312K)
 Metaspace       used 58638K, capacity 60139K, committed 60236K, reserved 1101824K
  class space    used 7426K, capacity 7970K, committed 8012K, reserved 1048576K
}
Event: 19.816 GC heap after
{Heap after GC invocations=12 (full 0):
 garbage-first heap   total 236544K, used 44768K [0x0000000080000000, 0x0000000100000000)
  region size 1024K, 13 young (13312K), 13 survivors (13312K)
 Metaspace       used 58638K, capacity 60139K, committed 60236K, reserved 1101824K
  class space    used 7426K, capacity 7970K, committed 8012K, reserved 1048576K
}
Event: 22.693 GC heap before
{Heap before GC invocations=13 (full 0):
 garbage-first heap   total 236544K, used 148192K [0x0000000080000000, 0x0000000100000000)
  region size 1024K, 114 young (116736K), 13 survivors (13312K)
 Metaspace       used 65798K, capacity 67494K, committed 67660K, reserved 1107968K
  class space    used 8420K, capacity 9018K, committed 9036K, reserved 1048576K
}
Event: 22.735 GC heap after
{Heap after GC invocations=14 (full 0):
 garbage-first heap   total 236544K, used 53760K [0x0000000080000000, 0x0000000100000000)
  region size 1024K, 13 young (13312K), 13 survivors (13312K)
 Metaspace       used 65798K, capacity 67494K, committed 67660K, reserved 1107968K
  class space    used 8420K, capacity 9018K, committed 9036K, reserved 1048576K
}
Event: 25.262 GC heap before
{Heap before GC invocations=15 (full 0):
 garbage-first heap   total 236544K, used 161280K [0x0000000080000000, 0x0000000100000000)
  region size 1024K, 118 young (120832K), 13 survivors (13312K)
 Metaspace       used 74832K, capacity 76598K, committed 76748K, reserved 1116160K
  class space    used 9765K, capacity 10387K, committed 10444K, reserved 1048576K
}
Event: 25.295 GC heap after
{Heap after GC invocations=16 (full 0):
 garbage-first heap   total 236544K, used 60928K [0x0000000080000000, 0x0000000100000000)
  region size 1024K, 8 young (8192K), 8 survivors (8192K)
 Metaspace       used 74832K, capacity 76598K, committed 76748K, reserved 1116160K
  class space    used 9765K, capacity 10387K, committed 10444K, reserved 1048576K
}
Event: 28.857 GC heap before
{Heap before GC invocations=16 (full 0):
 garbage-first heap   total 236544K, used 170496K [0x0000000080000000, 0x0000000100000000)
  region size 1024K, 115 young (117760K), 8 survivors (8192K)
 Metaspace       used 79903K, capacity 81869K, committed 82124K, reserved 1120256K
  class space    used 10422K, capacity 11139K, committed 11212K, reserved 1048576K
}
Event: 28.886 GC heap after
{Heap after GC invocations=17 (full 0):
 garbage-first heap   total 236544K, used 69629K [0x0000000080000000, 0x0000000100000000)
  region size 1024K, 15 young (15360K), 15 survivors (15360K)
 Metaspace       used 79903K, capacity 81869K, committed 82124K, reserved 1120256K
  class space    used 10422K, capacity 11139K, committed 11212K, reserved 1048576K
}
Event: 32.705 GC heap before
{Heap before GC invocations=17 (full 0):
 garbage-first heap   total 236544K, used 175101K [0x0000000080000000, 0x0000000100000000)
  region size 1024K, 119 young (121856K), 15 survivors (15360K)
 Metaspace       used 80766K, capacity 82940K, committed 83276K, reserved 1122304K
  class space    used 10473K, capacity 11233K, committed 11340K, reserved 1048576K
}

Deoptimization events (20 events):
Event: 32.472 Thread 0x000001f847aed800 Uncommon trap: trap_request=0xffffff4d fr.pc=0x000001f835e62d08 relative=0x0000000000000988
Event: 32.472 Thread 0x000001f847aed800 Uncommon trap: reason=unstable_if action=reinterpret pc=0x000001f835e62d08 method=org.gradle.internal.execution.history.impl.FingerprintMapSerializer.readFileType(Lorg/gradle/internal/serialize/Decoder;)Lorg/gradle/internal/file/FileType; @ 8 c2
Event: 32.472 Thread 0x000001f847aed800 DEOPT PACKING pc=0x000001f835e62d08 sp=0x0000000f951fe230
Event: 32.472 Thread 0x000001f847aed800 DEOPT UNPACKING pc=0x000001f82de5782f sp=0x0000000f951fe180 mode 2
Event: 32.472 Thread 0x000001f847aed800 Uncommon trap: trap_request=0xffffff4d fr.pc=0x000001f835e6164c relative=0x000000000000068c
Event: 32.472 Thread 0x000001f847aed800 Uncommon trap: reason=unstable_if action=reinterpret pc=0x000001f835e6164c method=org.gradle.internal.execution.history.impl.FingerprintMapSerializer.readContentHash(Lorg/gradle/internal/file/FileType;Lorg/gradle/internal/serialize/Decoder;)Lorg/gradle/in
Event: 32.472 Thread 0x000001f847aed800 DEOPT PACKING pc=0x000001f835e6164c sp=0x0000000f951fe180
Event: 32.472 Thread 0x000001f847aed800 DEOPT UNPACKING pc=0x000001f82de5782f sp=0x0000000f951fe170 mode 2
Event: 32.476 Thread 0x000001f847aeb000 Uncommon trap: trap_request=0xffffff4d fr.pc=0x000001f835dc0144 relative=0x0000000000000724
Event: 32.476 Thread 0x000001f847aeb000 Uncommon trap: reason=unstable_if action=reinterpret pc=0x000001f835dc0144 method=org.gradle.internal.snapshot.VfsRelativePath.compareToFirstSegment(Ljava/lang/String;Lorg/gradle/internal/snapshot/CaseSensitivity;)I @ 134 c2
Event: 32.476 Thread 0x000001f847aeb000 DEOPT PACKING pc=0x000001f835dc0144 sp=0x0000000f94ffb950
Event: 32.476 Thread 0x000001f847aeb000 DEOPT UNPACKING pc=0x000001f82de5782f sp=0x0000000f94ffb8d0 mode 2
Event: 32.476 Thread 0x000001f847aeb000 Uncommon trap: trap_request=0xffffffde fr.pc=0x000001f835e8ef20 relative=0x0000000000003000
Event: 32.476 Thread 0x000001f847aeb000 Uncommon trap: reason=class_check action=maybe_recompile pc=0x000001f835e8ef20 method=org.gradle.internal.snapshot.FileSystemLeafSnapshot.accept(Lorg/gradle/internal/snapshot/RelativePathTracker;Lorg/gradle/internal/snapshot/RelativePathTrackingFileSystem
Event: 32.476 Thread 0x000001f847aeb000 DEOPT PACKING pc=0x000001f835e8ef20 sp=0x0000000f94ffc700
Event: 32.476 Thread 0x000001f847aeb000 DEOPT UNPACKING pc=0x000001f82de5782f sp=0x0000000f94ffc708 mode 2
Event: 32.476 Thread 0x000001f847aeb000 Uncommon trap: trap_request=0xffffffc6 fr.pc=0x000001f835e9562c relative=0x000000000000324c
Event: 32.476 Thread 0x000001f847aeb000 Uncommon trap: reason=bimorphic_or_optimized_type_check action=maybe_recompile pc=0x000001f835e9562c method=org.gradle.internal.fingerprint.impl.RelativePathFingerprintingStrategy.lambda$collectFingerprints$0(Ljava/util/HashSet;Lcom/google/common/collect/
Event: 32.476 Thread 0x000001f847aeb000 DEOPT PACKING pc=0x000001f835e9562c sp=0x0000000f94ffc610
Event: 32.476 Thread 0x000001f847aeb000 DEOPT UNPACKING pc=0x000001f82de5782f sp=0x0000000f94ffc608 mode 2

Classes redefined (0 events):
No events

Internal exceptions (20 events):
Event: 25.867 Thread 0x000001f84697d800 Exception <a 'java/lang/ClassNotFoundException'{0x000000008cebbcd8}: org/gradle/api/internal/file/collections/DefaultConfigurableFileCollectionBeanInfo> (0x000000008cebbcd8) thrown at [./src/hotspot/share/classfile/systemDictionary.cpp, line 231]
Event: 25.867 Thread 0x000001f84697d800 Exception <a 'java/lang/ClassNotFoundException'{0x000000008ced5470}: org/gradle/api/internal/file/CompositeFileCollectionBeanInfo> (0x000000008ced5470) thrown at [./src/hotspot/share/classfile/systemDictionary.cpp, line 231]
Event: 25.868 Thread 0x000001f84697d800 Exception <a 'java/lang/ClassNotFoundException'{0x000000008ceeee08}: org/gradle/api/internal/file/CompositeFileCollectionCustomizer> (0x000000008ceeee08) thrown at [./src/hotspot/share/classfile/systemDictionary.cpp, line 231]
Event: 25.869 Thread 0x000001f84697d800 Exception <a 'java/lang/ClassNotFoundException'{0x000000008cd14958}: org/gradle/api/internal/file/collections/DefaultConfigurableFileCollectionCustomizer> (0x000000008cd14958) thrown at [./src/hotspot/share/classfile/systemDictionary.cpp, line 231]
Event: 26.350 Thread 0x000001f847723800 Exception <a 'java/lang/NoSuchMethodError'{0x000000008c082200}: <clinit>> (0x000000008c082200) thrown at [./src/hotspot/share/prims/jni.cpp, line 1362]
Event: 26.351 Thread 0x000001f847723800 Exception <a 'java/lang/NoSuchMethodError'{0x000000008c08b858}: <clinit>> (0x000000008c08b858) thrown at [./src/hotspot/share/prims/jni.cpp, line 1362]
Event: 26.360 Thread 0x000001f847723800 Exception <a 'java/lang/NoSuchMethodError'{0x000000008c0ef8b8}: <clinit>> (0x000000008c0ef8b8) thrown at [./src/hotspot/share/prims/jni.cpp, line 1362]
Event: 26.362 Thread 0x000001f847723800 Exception <a 'java/lang/NoSuchMethodError'{0x000000008bf4aa88}: <clinit>> (0x000000008bf4aa88) thrown at [./src/hotspot/share/prims/jni.cpp, line 1362]
Event: 26.362 Thread 0x000001f847723800 Exception <a 'java/lang/NoSuchMethodError'{0x000000008bf4bd60}: <clinit>> (0x000000008bf4bd60) thrown at [./src/hotspot/share/prims/jni.cpp, line 1362]
Event: 26.386 Thread 0x000001f847ae8800 Exception <a 'java/lang/NoSuchMethodError'{0x000000008bd06610}: <clinit>> (0x000000008bd06610) thrown at [./src/hotspot/share/prims/jni.cpp, line 1362]
Event: 26.393 Thread 0x000001f847ae8800 Exception <a 'java/lang/NoSuchMethodError'{0x000000008bd1aa40}: <clinit>> (0x000000008bd1aa40) thrown at [./src/hotspot/share/prims/jni.cpp, line 1362]
Event: 26.395 Thread 0x000001f847ae8800 Exception <a 'java/lang/NoSuchMethodError'{0x000000008bd33cc8}: <clinit>> (0x000000008bd33cc8) thrown at [./src/hotspot/share/prims/jni.cpp, line 1362]
Event: 26.547 Thread 0x000001f847723800 Exception <a 'java/lang/NoSuchMethodError'{0x000000008ba40478}: <clinit>> (0x000000008ba40478) thrown at [./src/hotspot/share/prims/jni.cpp, line 1362]
Event: 26.613 Thread 0x000001f847aeb000 Exception <a 'java/lang/NoSuchMethodError'{0x000000008baf0fb0}: 'java.lang.Object java.lang.invoke.Invokers$Holder.linkToTargetMethod(java.lang.Object, java.lang.Object, java.lang.Object, int, java.lang.Object, java.lang.Object)'> (0x000000008baf0fb0) thrown at [./src/hotspot/share/interpreter/linkResolver.cpp, line 773]
Event: 27.587 Thread 0x000001f847aeb000 Exception <a 'java/lang/NoSuchMethodError'{0x0000000089f3f898}: 'java.lang.Object java.lang.invoke.DirectMethodHandle$Holder.invokeSpecialIFC(java.lang.Object, java.lang.Object, java.lang.Object)'> (0x0000000089f3f898) thrown at [./src/hotspot/share/interpreter/linkResolver.cpp, line 773]
Event: 27.677 Thread 0x000001f848c84800 Exception <a 'java/lang/NoSuchMethodError'{0x0000000089dfce10}: 'int java.lang.invoke.DirectMethodHandle$Holder.invokeStaticInit(java.lang.Object, java.lang.Object, java.lang.Object, java.lang.Object, java.lang.Object)'> (0x0000000089dfce10) thrown at [./src/hotspot/share/interpreter/linkResolver.cpp, line 773]
Event: 29.046 Thread 0x000001f848c85800 Exception <a 'java/lang/NoSuchMethodError'{0x000000008e3b68b8}: 'void java.lang.invoke.DirectMethodHandle$Holder.invokeVirtual(java.lang.Object, java.lang.Object)'> (0x000000008e3b68b8) thrown at [./src/hotspot/share/interpreter/linkResolver.cpp, line 773]
Event: 30.231 Thread 0x000001f847aeb000 Exception <a 'java/lang/IncompatibleClassChangeError'{0x000000008bf53e28}: Found class java.lang.Object, but interface was expected> (0x000000008bf53e28) thrown at [./src/hotspot/share/interpreter/linkResolver.cpp, line 839]
Event: 31.384 Thread 0x000001f847aeb000 Implicit null exception at 0x000001f835e794a1 to 0x000001f835e79cb4
Event: 31.407 Thread 0x000001f848c85800 Implicit null exception at 0x000001f835e7b5d2 to 0x000001f835e7b9d8

Events (20 events):
Event: 31.709 loading class org/gradle/internal/execution/history/changes/DefaultIncrementalInputProperties done
Event: 32.004 Executing VM operation: ICBufferFull
Event: 32.004 Executing VM operation: ICBufferFull done
Event: 32.407 loading class org/gradle/internal/snapshot/FileSystemLocationSnapshot
Event: 32.407 loading class org/gradle/internal/snapshot/FileSystemLocationSnapshot done
Event: 32.407 loading class org/gradle/internal/fingerprint/impl/IgnoredPathFingerprintingStrategy
Event: 32.407 loading class org/gradle/internal/fingerprint/impl/IgnoredPathFingerprintingStrategy done
Event: 32.408 loading class org/gradle/internal/fingerprint/impl/IgnoredPathFingerprintingStrategy$1
Event: 32.408 loading class org/gradle/internal/fingerprint/impl/IgnoredPathFingerprintingStrategy$1 done
Event: 32.474 loading class org/gradle/internal/snapshot/MissingFileSnapshot
Event: 32.474 loading class org/gradle/internal/snapshot/MissingFileSnapshot done
Event: 32.526 Executing VM operation: RevokeBias
Event: 32.526 Executing VM operation: RevokeBias done
Event: 32.526 Executing VM operation: RevokeBias
Event: 32.527 Executing VM operation: RevokeBias done
Event: 32.527 Executing VM operation: RevokeBias
Event: 32.527 Executing VM operation: RevokeBias done
Event: 32.527 Executing VM operation: RevokeBias
Event: 32.528 Executing VM operation: RevokeBias done
Event: 32.704 Executing VM operation: G1CollectForAllocation


Dynamic libraries:
0x00007ff73d710000 - 0x00007ff73d71a000 	C:\Program Files\Android\Android Studio\jre\bin\java.exe
0x00007fffceeb0000 - 0x00007fffcf0a5000 	C:\WINDOWS\SYSTEM32\ntdll.dll
0x00007fffcd7b0000 - 0x00007fffcd86e000 	C:\WINDOWS\System32\KERNEL32.DLL
0x00007fffcc9a0000 - 0x00007fffccc69000 	C:\WINDOWS\System32\KERNELBASE.dll
0x00007fffcc840000 - 0x00007fffcc940000 	C:\WINDOWS\System32\ucrtbase.dll
0x00007fffbee70000 - 0x00007fffbee87000 	C:\Program Files\Android\Android Studio\jre\bin\VCRUNTIME140.dll
0x00007fffbe070000 - 0x00007fffbe089000 	C:\Program Files\Android\Android Studio\jre\bin\jli.dll
0x00007fffce0b0000 - 0x00007fffce251000 	C:\WINDOWS\System32\USER32.dll
0x00007fffcc810000 - 0x00007fffcc832000 	C:\WINDOWS\System32\win32u.dll
0x00007fffb60c0000 - 0x00007fffb635a000 	C:\WINDOWS\WinSxS\amd64_microsoft.windows.common-controls_6595b64144ccf1df_6.0.19041.1110_none_60b5254171f9507e\COMCTL32.dll
0x00007fffce020000 - 0x00007fffce04b000 	C:\WINDOWS\System32\GDI32.dll
0x00007fffcc670000 - 0x00007fffcc77b000 	C:\WINDOWS\System32\gdi32full.dll
0x00007fffcd560000 - 0x00007fffcd5fe000 	C:\WINDOWS\System32\msvcrt.dll
0x00007fffcc5d0000 - 0x00007fffcc66d000 	C:\WINDOWS\System32\msvcp_win.dll
0x00007fffcda60000 - 0x00007fffcda90000 	C:\WINDOWS\System32\IMM32.DLL
0x00007fffbdfd0000 - 0x00007fffbe06d000 	C:\Program Files\Android\Android Studio\jre\bin\msvcp140.dll
0x00007fff91d70000 - 0x00007fff9283f000 	C:\Program Files\Android\Android Studio\jre\bin\server\jvm.dll
0x00007fffcd0e0000 - 0x00007fffcd18c000 	C:\WINDOWS\System32\ADVAPI32.dll
0x00007fffcda90000 - 0x00007fffcdb2b000 	C:\WINDOWS\System32\sechost.dll
0x00007fffccfb0000 - 0x00007fffcd0da000 	C:\WINDOWS\System32\RPCRT4.dll
0x00007fffce4e0000 - 0x00007fffce4e8000 	C:\WINDOWS\System32\PSAPI.DLL
0x00007fffc85e0000 - 0x00007fffc85e9000 	C:\WINDOWS\SYSTEM32\WSOCK32.dll
0x00007fffbc8c0000 - 0x00007fffbc8e7000 	C:\WINDOWS\SYSTEM32\WINMM.dll
0x00007fffcdfb0000 - 0x00007fffce01b000 	C:\WINDOWS\System32\WS2_32.dll
0x00007fffc1c00000 - 0x00007fffc1c0a000 	C:\WINDOWS\SYSTEM32\VERSION.dll
0x00007fffcaea0000 - 0x00007fffcaeb2000 	C:\WINDOWS\SYSTEM32\kernel.appcore.dll
0x00007fffc85c0000 - 0x00007fffc85d1000 	C:\Program Files\Android\Android Studio\jre\bin\verify.dll
0x00007fffb8440000 - 0x00007fffb8624000 	C:\WINDOWS\SYSTEM32\DBGHELP.DLL
0x00007fffb7390000 - 0x00007fffb73bc000 	C:\WINDOWS\SYSTEM32\dbgcore.DLL
0x00007fffcc780000 - 0x00007fffcc803000 	C:\WINDOWS\System32\bcryptPrimitives.dll
0x00007fffc8590000 - 0x00007fffc85b9000 	C:\Program Files\Android\Android Studio\jre\bin\java.dll
0x00007fffc8580000 - 0x00007fffc858b000 	C:\Program Files\Android\Android Studio\jre\bin\jimage.dll
0x00007fffc8540000 - 0x00007fffc8558000 	C:\Program Files\Android\Android Studio\jre\bin\zip.dll
0x00007fffce4f0000 - 0x00007fffcec2f000 	C:\WINDOWS\System32\SHELL32.dll
0x00007fffca4a0000 - 0x00007fffcac30000 	C:\WINDOWS\SYSTEM32\windows.storage.dll
0x00007fffcd200000 - 0x00007fffcd555000 	C:\WINDOWS\System32\combase.dll
0x00007fffcbf50000 - 0x00007fffcbf7c000 	C:\WINDOWS\SYSTEM32\Wldp.dll
0x00007fffccf00000 - 0x00007fffccfae000 	C:\WINDOWS\System32\SHCORE.dll
0x00007fffce260000 - 0x00007fffce2b5000 	C:\WINDOWS\System32\shlwapi.dll
0x00007fffcc510000 - 0x00007fffcc52f000 	C:\WINDOWS\SYSTEM32\profapi.dll
0x00007fffc84e0000 - 0x00007fffc84fa000 	C:\Program Files\Android\Android Studio\jre\bin\net.dll
0x00007fffc4a90000 - 0x00007fffc4b98000 	C:\WINDOWS\SYSTEM32\WINHTTP.dll
0x00007fffcbcb0000 - 0x00007fffcbd1a000 	C:\WINDOWS\system32\mswsock.dll
0x00007fffc79a0000 - 0x00007fffc79b4000 	C:\Program Files\Android\Android Studio\jre\bin\nio.dll
0x00007fffbee90000 - 0x00007fffbeeb7000 	C:\Users\TabSan\.gradle\native\8bec1ad78214c89d9ad589b4d07fe93259594b29d510b10fafb7a158f7737e5d\windows-amd64\native-platform.dll
0x00007fffbe0d0000 - 0x00007fffbe20d000 	C:\Users\TabSan\.gradle\native\53dbd7edfb1c66fb8903c78663c9afc45aea4f116125fa6feffd364cf09443e8\windows-amd64\native-platform-file-events.dll
0x00007fffb8d60000 - 0x00007fffb8d6a000 	C:\Program Files\Android\Android Studio\jre\bin\management.dll
0x00007fffb6990000 - 0x00007fffb699c000 	C:\Program Files\Android\Android Studio\jre\bin\management_ext.dll
0x00007fffcbeb0000 - 0x00007fffcbec8000 	C:\WINDOWS\SYSTEM32\CRYPTSP.dll
0x00007fffcb630000 - 0x00007fffcb664000 	C:\WINDOWS\system32\rsaenh.dll
0x00007fffccd20000 - 0x00007fffccd47000 	C:\WINDOWS\System32\bcrypt.dll
0x00007fffcc4d0000 - 0x00007fffcc4fe000 	C:\WINDOWS\SYSTEM32\USERENV.dll
0x00007fffcbea0000 - 0x00007fffcbeac000 	C:\WINDOWS\SYSTEM32\CRYPTBASE.dll
0x00007fffcb9a0000 - 0x00007fffcb9db000 	C:\WINDOWS\SYSTEM32\IPHLPAPI.DLL
0x00007fffce2c0000 - 0x00007fffce2c8000 	C:\WINDOWS\System32\NSI.dll
0x00007fffc54a0000 - 0x00007fffc54b7000 	C:\WINDOWS\SYSTEM32\dhcpcsvc6.DLL
0x00007fffc57a0000 - 0x00007fffc57bd000 	C:\WINDOWS\SYSTEM32\dhcpcsvc.DLL
0x00007fffcba30000 - 0x00007fffcbafc000 	C:\WINDOWS\SYSTEM32\DNSAPI.dll

dbghelp: loaded successfully - version: 4.0.5 - missing functions: none
symbol engine: initialized successfully - sym options: 0x614 - pdb path: .;C:\Program Files\Android\Android Studio\jre\bin;C:\WINDOWS\SYSTEM32;C:\WINDOWS\WinSxS\amd64_microsoft.windows.common-controls_6595b64144ccf1df_6.0.19041.1110_none_60b5254171f9507e;C:\Program Files\Android\Android Studio\jre\bin\server;C:\Users\TabSan\.gradle\native\8bec1ad78214c89d9ad589b4d07fe93259594b29d510b10fafb7a158f7737e5d\windows-amd64;C:\Users\TabSan\.gradle\native\53dbd7edfb1c66fb8903c78663c9afc45aea4f116125fa6feffd364cf09443e8\windows-amd64

VM Arguments:
jvm_args: --add-opens=java.base/java.util=ALL-UNNAMED --add-opens=java.base/java.lang=ALL-UNNAMED --add-opens=java.base/java.lang.invoke=ALL-UNNAMED --add-opens=java.base/java.util=ALL-UNNAMED --add-opens=java.prefs/java.util.prefs=ALL-UNNAMED --add-opens=java.prefs/java.util.prefs=ALL-UNNAMED --add-opens=java.base/java.nio.charset=ALL-UNNAMED --add-opens=java.base/java.net=ALL-UNNAMED --add-opens=java.base/java.util.concurrent.atomic=ALL-UNNAMED -Xmx2048m -Dfile.encoding=UTF-8 -Duser.country=MX -Duser.language=es -Duser.variant 
java_command: org.gradle.launcher.daemon.bootstrap.GradleDaemon 7.0.2
java_class_path (initial): C:\Users\TabSan\.gradle\wrapper\dists\gradle-7.0.2-bin\857tjihv64xamwrf0h14cai3r\gradle-7.0.2\lib\gradle-launcher-7.0.2.jar
Launcher Type: SUN_STANDARD

[Global flags]
     intx CICompilerCount                          = 3                                         {product} {ergonomic}
     uint ConcGCThreads                            = 1                                         {product} {ergonomic}
     uint G1ConcRefinementThreads                  = 4                                         {product} {ergonomic}
   size_t G1HeapRegionSize                         = 1048576                                   {product} {ergonomic}
    uintx GCDrainStackTargetSize                   = 64                                        {product} {ergonomic}
   size_t InitialHeapSize                          = 201326592                                 {product} {ergonomic}
   size_t MarkStackSize                            = 4194304                                   {product} {ergonomic}
   size_t MaxHeapSize                              = 2147483648                                {product} {command line}
   size_t MaxNewSize                               = 1287651328                                {product} {ergonomic}
   size_t MinHeapDeltaBytes                        = 1048576                                   {product} {ergonomic}
    uintx NonNMethodCodeHeapSize                   = 5830732                                {pd product} {ergonomic}
    uintx NonProfiledCodeHeapSize                  = 122913754                              {pd product} {ergonomic}
    uintx ProfiledCodeHeapSize                     = 122913754                              {pd product} {ergonomic}
    uintx ReservedCodeCacheSize                    = 251658240                              {pd product} {ergonomic}
     bool SegmentedCodeCache                       = true                                      {product} {ergonomic}
     bool UseCompressedClassPointers               = true                                 {lp64_product} {ergonomic}
     bool UseCompressedOops                        = true                                 {lp64_product} {ergonomic}
     bool UseG1GC                                  = true                                      {product} {ergonomic}
     bool UseLargePagesIndividualAllocation        = false                                  {pd product} {ergonomic}

Logging:
Log output configuration:
 #0: stdout all=warning uptime,level,tags
 #1: stderr all=off uptime,level,tags

Environment Variables:
JAVA_HOME=C:\Program Files\AdoptOpenJDK\jdk-11.0.11.9-hotspot\
PATH=C:\kotlinc\bin;C:\ProgramData\Oracle\Java\javapath;C:\WINDOWS\system32;C:\WINDOWS;C:\WINDOWS\System32\Wbem;C:\WINDOWS\System32\WindowsPowerShell\v1.0\;C:\Program Files\Java\jdk1.8.0_144\bin;C:\WINDOWS\System32\OpenSSH\;C:\Program Files\Common Files\Autodesk Shared\;C:\Program Files (x86)\Microsoft SQL Server\100\Tools\Binn\;C:\Program Files\Microsoft SQL Server\100\Tools\Binn\;C:\Program Files\Microsoft SQL Server\100\DTS\Binn\;C:\Program Files (x86)\Microsoft SQL Server\100\Tools\Binn\VSShell\Common7\IDE\;C:\Program Files (x86)\Microsoft SQL Server\100\DTS\Binn\;C:\Program Files (x86)\Microsoft Visual Studio 9.0\Common7\IDE\PrivateAssemblies\;C:\Program Files\Git\cmd;C:\Program Files\dotnet\;C:\Program Files\nodejs\;C:\ProgramData\chocolatey\bin;C:\Program Files (x86)\PDFtk Server\bin\;C:\Users\TabSan\AppData\Local\Programs\Python\Python35\Scripts\;C:\Users\TabSan\AppData\Local\Programs\Python\Python35\;C:\Users\TabSan\AppData\Local\Programs\Python\Python39\Scripts\;C:\Users\TabSan\AppData\Local\Programs\Python\Python39\;C:\Users\TabSan\AppData\Local\Programs\Python\Python38\Scripts\;C:\Users\TabSan\AppData\Local\Programs\Python\Python38\;C:\Users\TabSan\AppData\Local\Microsoft\WindowsApps;C:\Users\TabSan\AppData\Local\atom\bin;C:\Users\TabSan\AppData\Local\Microsoft\WindowsApps;C:\Users\TabSan\.dotnet\tools;E:\DOCUMENTOS\SQLite\sqlite-tools-win32-x86-3360000;C:\Users\TabSan\AppData\Local\Programs\Microsoft VS Code\bin;C:\Users\TabSan\AppData\Roaming\npm;C:\Program Files\MongoDB\Server\4.2\bin;C:\kotlinc\bin;
USERNAME=TabSan
OS=Windows_NT
PROCESSOR_IDENTIFIER=Intel64 Family 6 Model 58 Stepping 9, GenuineIntel



---------------  S Y S T E M  ---------------

OS: Windows 10 , 64 bit Build 19041 (10.0.19041.1202)
OS uptime: 0 days 0:28 hours

CPU:total 4 (initial active 4) (2 cores per cpu, 2 threads per core) family 6 model 58 stepping 9 microcode 0x21, cmov, cx8, fxsr, mmx, sse, sse2, sse3, ssse3, sse4.1, sse4.2, popcnt, avx, aes, clmul, erms, ht, tsc, tscinvbit, tscinv

Memory: 4k page, system-wide physical 12170M (6541M free)
TotalPageFile size 14986M (AvailPageFile size 9404M)
current process WorkingSet (physical memory assigned to process): 452M, peak: 452M
current process commit charge ("private bytes"): 496M, peak: 508M

vm_info: OpenJDK 64-Bit Server VM (11.0.10+0-b96-7249189) for windows-amd64 JRE (11.0.10+0-b96-7249189), built on Mar 31 2021 21:44:00 by "builder" with MS VC++ 14.0 (VS2015)

END.
