#
# A fatal error has been detected by the Java Runtime Environment:
#
#  EXCEPTION_ACCESS_VIOLATION (0xc0000005) at pc=0x0000008045c74870, pid=11792, tid=11980
#
# JRE version: OpenJDK Runtime Environment (11.0.10) (build 11.0.10+0-b96-7249189)
# Java VM: OpenJDK 64-Bit Server VM (11.0.10+0-b96-7249189, mixed mode, tiered, compressed oops, g1 gc, windows-amd64)
# Problematic frame:
# C  0x0000008045c74870
#
# No core dump will be written. Minidumps are not enabled by default on client versions of Windows
#
# If you would like to submit a bug report, please visit:
#   https://bugreport.java.com/bugreport/crash.jsp
#

---------------  S U M M A R Y ------------

Command Line: --add-opens=java.base/java.util=ALL-UNNAMED --add-opens=java.base/java.lang=ALL-UNNAMED --add-opens=java.base/java.lang.invoke=ALL-UNNAMED --add-opens=java.base/java.util=ALL-UNNAMED --add-opens=java.prefs/java.util.prefs=ALL-UNNAMED --add-opens=java.prefs/java.util.prefs=ALL-UNNAMED --add-opens=java.base/java.nio.charset=ALL-UNNAMED --add-opens=java.base/java.net=ALL-UNNAMED --add-opens=java.base/java.util.concurrent.atomic=ALL-UNNAMED -Xmx2048m -Dfile.encoding=UTF-8 -Duser.country=MX -Duser.language=es -Duser.variant org.gradle.launcher.daemon.bootstrap.GradleDaemon 7.0.2

Host: Intel(R) Core(TM) i5-3337U CPU @ 1.80GHz, 4 cores, 7G,  Windows 10 , 64 bit Build 19041 (10.0.19041.1202)
Time: Wed Nov 24 21:39:41 2021 Hora est. Pacífico, Sudamérica elapsed time: 47.834938 seconds (0d 0h 0m 47s)

---------------  T H R E A D  ---------------

Current thread (0x000001dd7c985000):  JavaThread "C2 CompilerThread0" daemon [_thread_in_native, id=11980, stack(0x000000400a700000,0x000000400a800000)]


Current CompileTask:
C2:  47835 5494       4       org.gradle.internal.service.DefaultServiceRegistry$OwnServices$ProviderAnalyser::analyseType (114 bytes)

Stack: [0x000000400a700000,0x000000400a800000],  sp=0x000000400a7fb9f8,  free space=1006k
Native frames: (J=compiled Java code, j=interpreted, Vv=VM code, C=native code)
C  0x0000008045c74870


siginfo: EXCEPTION_ACCESS_VIOLATION (0xc0000005), data execution prevention violation at address 0x0000008045c74870


Register to memory mapping:

RIP=0x0000008045c74870 is an unknown value
RAX=0x00007ff94e8fede8 jvm.dll
RBX=0x0 is NULL
RCX=0x000001dd7ea19ee0 points into unknown readable memory: 0x00007ff94e8fede8 | e8 ed 8f 4e f9 7f 00 00
RDX=0x0000000000000001 is an unknown value
RSP=0x000000400a7fb9f8 is pointing into the stack for thread: 0x000001dd7c985000
RBP=0x0000000000000001 is an unknown value
RSI=0x000001dd7ea19e18 points into unknown readable memory: 0x00007ff94eb15450 | 50 54 b1 4e f9 7f 00 00
RDI=0x000001dd7ea19ee0 points into unknown readable memory: 0x00007ff94e8fede8 | e8 ed 8f 4e f9 7f 00 00
R8 =0x000001dd7ea19e70 points into unknown readable memory: 0x000001dd7ea19ee0 | e0 9e a1 7e dd 01 00 00
R9 =0x0 is NULL
R10=0x000001dd12a91fa0 points into unknown readable memory: 0x000001dd1043bb68 | 68 bb 43 10 dd 01 00 00
R11=0x000001dd7e2eecf0 points into unknown readable memory: 0x000001dd11b79220 | 20 92 b7 11 dd 01 00 00
R12=0x0000000000000001 is an unknown value
R13=0x000000400a7fbac0 is pointing into the stack for thread: 0x000001dd7c985000
R14=0x000000400a7fbab8 is pointing into the stack for thread: 0x000001dd7c985000
R15=0x0 is NULL


Registers:
RAX=0x00007ff94e8fede8, RBX=0x0000000000000000, RCX=0x000001dd7ea19ee0, RDX=0x0000000000000001
RSP=0x000000400a7fb9f8, RBP=0x0000000000000001, RSI=0x000001dd7ea19e18, RDI=0x000001dd7ea19ee0
R8 =0x000001dd7ea19e70, R9 =0x0000000000000000, R10=0x000001dd12a91fa0, R11=0x000001dd7e2eecf0
R12=0x0000000000000001, R13=0x000000400a7fbac0, R14=0x000000400a7fbab8, R15=0x0000000000000000
RIP=0x0000008045c74870, EFLAGS=0x0000000000010246

Top of Stack: (sp=0x000000400a7fb9f8)
0x000000400a7fb9f8:   00007ff94e8ba210 000001dd1043bb68
0x000000400a7fba08:   000001dd129a8ed0 000001dd10914e78
0x000000400a7fba18:   0000000000000001 000001dd7ea19e18
0x000000400a7fba28:   00007ff94e8b9a29 000001dd13066c98
0x000000400a7fba38:   000001dd7ea1bb48 0000000000000000
0x000000400a7fba48:   000001dd129a8ed0 000001dd7ea19e18
0x000000400a7fba58:   000000400a7fc130 000000400a7fc130
0x000000400a7fba68:   0000000000000001 000001dd7e329be0
0x000000400a7fba78:   00007ff94e8b93a5 0000000000000000
0x000000400a7fba88:   000000400a7fbb59 000001dd7ea19ef8
0x000000400a7fba98:   000001dd7fffffff 000001dd7ea19e18
0x000000400a7fbaa8:   00007ff94e6c1358 000001dd7ea18290
0x000000400a7fbab8:   0000000000000000 ffffffffffffffff
0x000000400a7fbac8:   000001dd10914e78 0000000000000001
0x000000400a7fbad8:   0000000000000000 000001dd7d312860
0x000000400a7fbae8:   00007ff900000040 000001dd7e2eead0 

Instructions: (pc=0x0000008045c74870)
0x0000008045c74770:   ?? ?? ?? ?? ?? ?? ?? ?? ?? ?? ?? ?? ?? ?? ?? ??
0x0000008045c74780:   ?? ?? ?? ?? ?? ?? ?? ?? ?? ?? ?? ?? ?? ?? ?? ??
0x0000008045c74790:   ?? ?? ?? ?? ?? ?? ?? ?? ?? ?? ?? ?? ?? ?? ?? ??
0x0000008045c747a0:   ?? ?? ?? ?? ?? ?? ?? ?? ?? ?? ?? ?? ?? ?? ?? ??
0x0000008045c747b0:   ?? ?? ?? ?? ?? ?? ?? ?? ?? ?? ?? ?? ?? ?? ?? ??
0x0000008045c747c0:   ?? ?? ?? ?? ?? ?? ?? ?? ?? ?? ?? ?? ?? ?? ?? ??
0x0000008045c747d0:   ?? ?? ?? ?? ?? ?? ?? ?? ?? ?? ?? ?? ?? ?? ?? ??
0x0000008045c747e0:   ?? ?? ?? ?? ?? ?? ?? ?? ?? ?? ?? ?? ?? ?? ?? ??
0x0000008045c747f0:   ?? ?? ?? ?? ?? ?? ?? ?? ?? ?? ?? ?? ?? ?? ?? ??
0x0000008045c74800:   ?? ?? ?? ?? ?? ?? ?? ?? ?? ?? ?? ?? ?? ?? ?? ??
0x0000008045c74810:   ?? ?? ?? ?? ?? ?? ?? ?? ?? ?? ?? ?? ?? ?? ?? ??
0x0000008045c74820:   ?? ?? ?? ?? ?? ?? ?? ?? ?? ?? ?? ?? ?? ?? ?? ??
0x0000008045c74830:   ?? ?? ?? ?? ?? ?? ?? ?? ?? ?? ?? ?? ?? ?? ?? ??
0x0000008045c74840:   ?? ?? ?? ?? ?? ?? ?? ?? ?? ?? ?? ?? ?? ?? ?? ??
0x0000008045c74850:   ?? ?? ?? ?? ?? ?? ?? ?? ?? ?? ?? ?? ?? ?? ?? ??
0x0000008045c74860:   ?? ?? ?? ?? ?? ?? ?? ?? ?? ?? ?? ?? ?? ?? ?? ??
0x0000008045c74870:   ?? ?? ?? ?? ?? ?? ?? ?? ?? ?? ?? ?? ?? ?? ?? ??
0x0000008045c74880:   ?? ?? ?? ?? ?? ?? ?? ?? ?? ?? ?? ?? ?? ?? ?? ??
0x0000008045c74890:   ?? ?? ?? ?? ?? ?? ?? ?? ?? ?? ?? ?? ?? ?? ?? ??
0x0000008045c748a0:   ?? ?? ?? ?? ?? ?? ?? ?? ?? ?? ?? ?? ?? ?? ?? ??
0x0000008045c748b0:   ?? ?? ?? ?? ?? ?? ?? ?? ?? ?? ?? ?? ?? ?? ?? ??
0x0000008045c748c0:   ?? ?? ?? ?? ?? ?? ?? ?? ?? ?? ?? ?? ?? ?? ?? ??
0x0000008045c748d0:   ?? ?? ?? ?? ?? ?? ?? ?? ?? ?? ?? ?? ?? ?? ?? ??
0x0000008045c748e0:   ?? ?? ?? ?? ?? ?? ?? ?? ?? ?? ?? ?? ?? ?? ?? ??
0x0000008045c748f0:   ?? ?? ?? ?? ?? ?? ?? ?? ?? ?? ?? ?? ?? ?? ?? ??
0x0000008045c74900:   ?? ?? ?? ?? ?? ?? ?? ?? ?? ?? ?? ?? ?? ?? ?? ??
0x0000008045c74910:   ?? ?? ?? ?? ?? ?? ?? ?? ?? ?? ?? ?? ?? ?? ?? ??
0x0000008045c74920:   ?? ?? ?? ?? ?? ?? ?? ?? ?? ?? ?? ?? ?? ?? ?? ??
0x0000008045c74930:   ?? ?? ?? ?? ?? ?? ?? ?? ?? ?? ?? ?? ?? ?? ?? ??
0x0000008045c74940:   ?? ?? ?? ?? ?? ?? ?? ?? ?? ?? ?? ?? ?? ?? ?? ??
0x0000008045c74950:   ?? ?? ?? ?? ?? ?? ?? ?? ?? ?? ?? ?? ?? ?? ?? ??
0x0000008045c74960:   ?? ?? ?? ?? ?? ?? ?? ?? ?? ?? ?? ?? ?? ?? ?? ?? 


Stack slot to memory mapping:
stack at sp + 0 slots: 0x00007ff94e8ba210 jvm.dll
stack at sp + 1 slots: 0x000001dd1043bb68 points into unknown readable memory: 0x00007ff94eb402e8 | e8 02 b4 4e f9 7f 00 00
stack at sp + 2 slots: 0x000001dd129a8ed0 points into unknown readable memory: 0x00007ff94ec1d848 | 48 d8 c1 4e f9 7f 00 00
stack at sp + 3 slots: 0x000001dd10914e78 points into unknown readable memory: 0x00007ff94eb88568 | 68 85 b8 4e f9 7f 00 00
stack at sp + 4 slots: 0x0000000000000001 is an unknown value
stack at sp + 5 slots: 0x000001dd7ea19e18 points into unknown readable memory: 0x00007ff94eb15450 | 50 54 b1 4e f9 7f 00 00
stack at sp + 6 slots: 0x00007ff94e8b9a29 jvm.dll
stack at sp + 7 slots: 0x000001dd13066c98 points into unknown readable memory: 0x00007ff94ec1d848 | 48 d8 c1 4e f9 7f 00 00


---------------  P R O C E S S  ---------------

Threads class SMR info:
_java_thread_list=0x000001dd10b277f0, length=42, elements={
0x000001dd71d8f000, 0x000001dd7c960800, 0x000001dd7c96c000, 0x000001dd7c97b000,
0x000001dd7c97c000, 0x000001dd7c980000, 0x000001dd7c985000, 0x000001dd7c986800,
0x000001dd7c98d000, 0x000001dd7d459800, 0x000001dd7e7d6800, 0x000001dd0f9d5000,
0x000001dd7ee4f800, 0x000001dd7ecf2800, 0x000001dd0f43d800, 0x000001dd0f472000,
0x000001dd0f473000, 0x000001dd0f46d000, 0x000001dd0f473800, 0x000001dd0f46e000,
0x000001dd11bac800, 0x000001dd11baf000, 0x000001dd11bb1000, 0x000001dd11bac000,
0x000001dd11bb3000, 0x000001dd11bb7800, 0x000001dd11bb2800, 0x000001dd11bb0000,
0x000001dd11bad800, 0x000001dd11bb6800, 0x000001dd11bb9000, 0x000001dd11bb9800,
0x000001dd7da06800, 0x000001dd11bb4000, 0x000001dd11bb8000, 0x000001dd11bba800,
0x000001dd11bb5000, 0x000001dd11bb5800, 0x000001dd0f46f000, 0x000001dd0f46f800,
0x000001dd0f471000, 0x000001dd12f70000
}

Java Threads: ( => current thread )
  0x000001dd71d8f000 JavaThread "main" [_thread_blocked, id=11932, stack(0x0000004009b00000,0x0000004009c00000)]
  0x000001dd7c960800 JavaThread "Reference Handler" daemon [_thread_blocked, id=11960, stack(0x000000400a200000,0x000000400a300000)]
  0x000001dd7c96c000 JavaThread "Finalizer" daemon [_thread_blocked, id=11964, stack(0x000000400a300000,0x000000400a400000)]
  0x000001dd7c97b000 JavaThread "Signal Dispatcher" daemon [_thread_blocked, id=11968, stack(0x000000400a400000,0x000000400a500000)]
  0x000001dd7c97c000 JavaThread "Attach Listener" daemon [_thread_blocked, id=11972, stack(0x000000400a500000,0x000000400a600000)]
  0x000001dd7c980000 JavaThread "Service Thread" daemon [_thread_blocked, id=11976, stack(0x000000400a600000,0x000000400a700000)]
=>0x000001dd7c985000 JavaThread "C2 CompilerThread0" daemon [_thread_in_native, id=11980, stack(0x000000400a700000,0x000000400a800000)]
  0x000001dd7c986800 JavaThread "C1 CompilerThread0" daemon [_thread_blocked, id=11984, stack(0x000000400a800000,0x000000400a900000)]
  0x000001dd7c98d000 JavaThread "Sweeper thread" daemon [_thread_blocked, id=11988, stack(0x000000400a900000,0x000000400aa00000)]
  0x000001dd7d459800 JavaThread "Common-Cleaner" daemon [_thread_blocked, id=12000, stack(0x000000400aa00000,0x000000400ab00000)]
  0x000001dd7e7d6800 JavaThread "Daemon health stats" [_thread_blocked, id=12156, stack(0x000000400af00000,0x000000400b000000)]
  0x000001dd0f9d5000 JavaThread "Incoming local TCP Connector on port 50027" [_thread_in_native, id=12172, stack(0x000000400ac00000,0x000000400ad00000)]
  0x000001dd7ee4f800 JavaThread "Daemon periodic checks" [_thread_blocked, id=12176, stack(0x000000400b000000,0x000000400b100000)]
  0x000001dd7ecf2800 JavaThread "Daemon" [_thread_blocked, id=12180, stack(0x000000400b100000,0x000000400b200000)]
  0x000001dd0f43d800 JavaThread "Daemon worker" [_thread_blocked, id=12200, stack(0x000000400b400000,0x000000400b500000)]
  0x000001dd0f472000 JavaThread "Cache worker for file hash cache (C:\Users\TabSan\.gradle\caches\7.0.2\fileHashes)" [_thread_blocked, id=12228, stack(0x000000400b900000,0x000000400ba00000)]
  0x000001dd0f473000 JavaThread "File lock request listener" [_thread_in_native, id=12232, stack(0x000000400ba00000,0x000000400bb00000)]
  0x000001dd0f46d000 JavaThread "Cache worker for journal cache (C:\Users\TabSan\.gradle\caches\journal-1)" [_thread_blocked, id=12236, stack(0x000000400bb00000,0x000000400bc00000)]
  0x000001dd0f473800 JavaThread "File watcher server" daemon [_thread_in_native, id=12268, stack(0x000000400be00000,0x000000400bf00000)]
  0x000001dd0f46e000 JavaThread "File watcher consumer" daemon [_thread_blocked, id=12272, stack(0x000000400bf00000,0x000000400c000000)]
  0x000001dd11bac800 JavaThread "Cache worker for execution history cache (C:\Users\TabSan\.gradle\caches\7.0.2\executionHistory)" [_thread_blocked, id=10208, stack(0x000000400c300000,0x000000400c400000)]
  0x000001dd11baf000 JavaThread "jar transforms" [_thread_blocked, id=8040, stack(0x000000400c400000,0x000000400c500000)]
  0x000001dd11bb1000 JavaThread "jar transforms Thread 2" [_thread_blocked, id=5284, stack(0x000000400c500000,0x000000400c600000)]
  0x000001dd11bac000 JavaThread "Cache worker for file content cache (C:\Users\TabSan\.gradle\caches\7.0.2\fileContent)" [_thread_blocked, id=6604, stack(0x000000400c600000,0x000000400c700000)]
  0x000001dd11bb3000 JavaThread "jar transforms Thread 3" [_thread_blocked, id=5384, stack(0x000000400c800000,0x000000400c900000)]
  0x000001dd11bb7800 JavaThread "jar transforms Thread 4" [_thread_blocked, id=7568, stack(0x000000400bc00000,0x000000400bd00000)]
  0x000001dd11bb2800 JavaThread "Handler for socket connection from /127.0.0.1:50027 to /127.0.0.1:50036" [_thread_in_native, id=11508, stack(0x000000400b300000,0x000000400b400000)]
  0x000001dd11bb0000 JavaThread "Cancel handler" [_thread_blocked, id=11512, stack(0x000000400b500000,0x000000400b600000)]
  0x000001dd11bad800 JavaThread "Asynchronous log dispatcher for DefaultDaemonConnection: socket connection from /127.0.0.1:50027 to /127.0.0.1:50036" [_thread_blocked, id=11568, stack(0x000000400b600000,0x000000400b700000)]
  0x000001dd11bb6800 JavaThread "Stdin handler" [_thread_blocked, id=12260, stack(0x000000400b700000,0x000000400b800000)]
  0x000001dd11bb9000 JavaThread "Daemon client event forwarder" [_thread_blocked, id=9516, stack(0x000000400bd00000,0x000000400be00000)]
  0x000001dd11bb9800 JavaThread "Cache worker for file hash cache (C:\Users\TabSan\AndroidStudioProjects\OurApp\.gradle\7.0.2\fileHashes)" [_thread_blocked, id=11392, stack(0x000000400c000000,0x000000400c100000)]
  0x000001dd7da06800 JavaThread "C2 CompilerThread1" daemon [_thread_in_native, id=11396, stack(0x000000400c100000,0x000000400c200000)]
  0x000001dd11bb4000 JavaThread "Cache worker for checksums cache (C:\Users\TabSan\AndroidStudioProjects\OurApp\.gradle\checksums)" [_thread_blocked, id=11404, stack(0x000000400c200000,0x000000400c300000)]
  0x000001dd11bb8000 JavaThread "Cache worker for cache directory md-supplier (C:\Users\TabSan\.gradle\caches\7.0.2\md-supplier)" [_thread_blocked, id=11408, stack(0x000000400c700000,0x000000400c800000)]
  0x000001dd11bba800 JavaThread "Cache worker for cache directory md-rule (C:\Users\TabSan\.gradle\caches\7.0.2\md-rule)" [_thread_blocked, id=3328, stack(0x000000400c900000,0x000000400ca00000)]
  0x000001dd11bb5000 JavaThread "Cache worker for dependencies-accessors (C:\Users\TabSan\AndroidStudioProjects\OurApp\.gradle\7.0.2\dependencies-accessors)" [_thread_blocked, id=11524, stack(0x000000400ca00000,0x000000400cb00000)]
  0x000001dd11bb5800 JavaThread "Cache worker for Build Output Cleanup Cache (C:\Users\TabSan\AndroidStudioProjects\OurApp\.gradle\buildOutputCleanup)" [_thread_blocked, id=11444, stack(0x000000400cb00000,0x000000400cc00000)]
  0x000001dd0f46f000 JavaThread "Build operations" [_thread_blocked, id=11500, stack(0x000000400cc00000,0x000000400cd00000)]
  0x000001dd0f46f800 JavaThread "Build operations Thread 2" [_thread_in_Java, id=11436, stack(0x000000400cd00000,0x000000400ce00000)]
  0x000001dd0f471000 JavaThread "Build operations Thread 3" [_thread_blocked, id=11484, stack(0x000000400ce00000,0x000000400cf00000)]
  0x000001dd12f70000 JavaThread "Build operations Thread 4" [_thread_blocked, id=11440, stack(0x000000400cf00000,0x000000400d000000)]

Other Threads:
  0x000001dd7c95a000 VMThread "VM Thread" [stack: 0x000000400a100000,0x000000400a200000] [id=11956]
  0x000001dd7d483800 WatcherThread [stack: 0x000000400ab00000,0x000000400ac00000] [id=12004]
  0x000001dd71da7800 GCTaskThread "GC Thread#0" [stack: 0x0000004009c00000,0x0000004009d00000] [id=11936]
  0x000001dd7dcb7800 GCTaskThread "GC Thread#1" [stack: 0x000000400ad00000,0x000000400ae00000] [id=12036]
  0x000001dd7da9a000 GCTaskThread "GC Thread#2" [stack: 0x000000400ae00000,0x000000400af00000] [id=12040]
  0x000001dd0f475000 GCTaskThread "GC Thread#3" [stack: 0x000000400b800000,0x000000400b900000] [id=12224]
  0x000001dd71dd9000 ConcurrentGCThread "G1 Main Marker" [stack: 0x0000004009d00000,0x0000004009e00000] [id=11940]
  0x000001dd71dda000 ConcurrentGCThread "G1 Conc#0" [stack: 0x0000004009e00000,0x0000004009f00000] [id=11944]
  0x000001dd71e67000 ConcurrentGCThread "G1 Refine#0" [stack: 0x0000004009f00000,0x000000400a000000] [id=11948]
  0x000001dd71e68000 ConcurrentGCThread "G1 Young RemSet Sampling" [stack: 0x000000400a000000,0x000000400a100000] [id=11952]

Threads with active compile tasks:
C2 CompilerThread0  48043 5494       4       org.gradle.internal.service.DefaultServiceRegistry$OwnServices$ProviderAnalyser::analyseType (114 bytes)
C2 CompilerThread1  48043 5781       4       org.gradle.internal.serialize.kryo.StringDeduplicatingKryoBackedEncoder::writeNullableString (114 bytes)

VM state:not at safepoint (normal execution)

VM Mutex/Monitor currently owned by a thread: None

Heap address: 0x0000000080000000, size: 2048 MB, Compressed Oops mode: 32-bit
Narrow klass base: 0x0000000000000000, Narrow klass shift: 3
Compressed class space size: 1073741824 Address: 0x0000000100000000

Heap:
 garbage-first heap   total 157696K, used 99816K [0x0000000080000000, 0x0000000100000000)
  region size 1024K, 70 young (71680K), 3 survivors (3072K)
 Metaspace       used 48720K, capacity 50107K, committed 50128K, reserved 1093632K
  class space    used 6179K, capacity 6637K, committed 6656K, reserved 1048576K
Heap Regions: E=young(eden), S=young(survivor), O=old, HS=humongous(starts), HC=humongous(continues), CS=collection set, F=free, A=archive, TAMS=top-at-mark-start (previous, next)
|   0|0x0000000080000000, 0x0000000080100000, 0x0000000080100000|100%| O|  |TAMS 0x0000000080100000, 0x0000000080000000| Untracked 
|   1|0x0000000080100000, 0x0000000080200000, 0x0000000080200000|100%| O|  |TAMS 0x0000000080200000, 0x0000000080100000| Untracked 
|   2|0x0000000080200000, 0x0000000080300000, 0x0000000080300000|100%| O|  |TAMS 0x0000000080300000, 0x0000000080200000| Untracked 
|   3|0x0000000080300000, 0x0000000080400000, 0x0000000080400000|100%|HS|  |TAMS 0x0000000080400000, 0x0000000080300000| Complete 
|   4|0x0000000080400000, 0x0000000080500000, 0x0000000080500000|100%|HC|  |TAMS 0x0000000080500000, 0x0000000080400000| Complete 
|   5|0x0000000080500000, 0x0000000080600000, 0x0000000080600000|100%|HC|  |TAMS 0x0000000080600000, 0x0000000080500000| Complete 
|   6|0x0000000080600000, 0x0000000080700000, 0x0000000080700000|100%| O|  |TAMS 0x0000000080700000, 0x0000000080600000| Untracked 
|   7|0x0000000080700000, 0x0000000080800000, 0x0000000080800000|100%| O|  |TAMS 0x0000000080800000, 0x0000000080700000| Untracked 
|   8|0x0000000080800000, 0x0000000080900000, 0x0000000080900000|100%| O|  |TAMS 0x0000000080900000, 0x0000000080800000| Untracked 
|   9|0x0000000080900000, 0x0000000080a00000, 0x0000000080a00000|100%| O|  |TAMS 0x0000000080a00000, 0x0000000080900000| Untracked 
|  10|0x0000000080a00000, 0x0000000080b00000, 0x0000000080b00000|100%| O|  |TAMS 0x0000000080b00000, 0x0000000080a00000| Untracked 
|  11|0x0000000080b00000, 0x0000000080c00000, 0x0000000080c00000|100%| O|  |TAMS 0x0000000080c00000, 0x0000000080b00000| Untracked 
|  12|0x0000000080c00000, 0x0000000080d00000, 0x0000000080d00000|100%| O|  |TAMS 0x0000000080d00000, 0x0000000080c00000| Untracked 
|  13|0x0000000080d00000, 0x0000000080e00000, 0x0000000080e00000|100%| O|  |TAMS 0x0000000080e00000, 0x0000000080d00000| Untracked 
|  14|0x0000000080e00000, 0x0000000080f00000, 0x0000000080f00000|100%| O|  |TAMS 0x0000000080f00000, 0x0000000080e00000| Untracked 
|  15|0x0000000080f00000, 0x0000000081000000, 0x0000000081000000|100%| O|  |TAMS 0x0000000081000000, 0x0000000080f00000| Untracked 
|  16|0x0000000081000000, 0x0000000081100000, 0x0000000081100000|100%| O|  |TAMS 0x0000000081100000, 0x0000000081000000| Untracked 
|  17|0x0000000081100000, 0x0000000081200000, 0x0000000081200000|100%| O|  |TAMS 0x0000000081180a00, 0x0000000081100000| Untracked 
|  18|0x0000000081200000, 0x0000000081300000, 0x0000000081300000|100%|HS|  |TAMS 0x0000000081200000, 0x0000000081200000| Complete 
|  19|0x0000000081300000, 0x0000000081400000, 0x0000000081400000|100%| O|  |TAMS 0x0000000081300000, 0x0000000081300000| Untracked 
|  20|0x0000000081400000, 0x0000000081500000, 0x0000000081500000|100%| O|  |TAMS 0x0000000081400000, 0x0000000081400000| Untracked 
|  21|0x0000000081500000, 0x0000000081600000, 0x0000000081600000|100%| O|  |TAMS 0x0000000081500000, 0x0000000081500000| Untracked 
|  22|0x0000000081600000, 0x0000000081700000, 0x0000000081700000|100%| O|  |TAMS 0x0000000081600000, 0x0000000081600000| Untracked 
|  23|0x0000000081700000, 0x0000000081800000, 0x0000000081800000|100%| O|  |TAMS 0x0000000081700000, 0x0000000081700000| Untracked 
|  24|0x0000000081800000, 0x0000000081900000, 0x0000000081900000|100%| O|  |TAMS 0x0000000081800000, 0x0000000081800000| Untracked 
|  25|0x0000000081900000, 0x0000000081a00000, 0x0000000081a00000|100%| O|  |TAMS 0x0000000081900000, 0x0000000081900000| Untracked 
|  26|0x0000000081a00000, 0x0000000081a7a000, 0x0000000081b00000| 47%| O|  |TAMS 0x0000000081a00000, 0x0000000081a00000| Untracked 
|  27|0x0000000081b00000, 0x0000000081c00000, 0x0000000081c00000|100%|HS|  |TAMS 0x0000000081b00000, 0x0000000081b00000| Complete 
|  28|0x0000000081c00000, 0x0000000081d00000, 0x0000000081d00000|100%|HS|  |TAMS 0x0000000081c00000, 0x0000000081c00000| Complete 
|  29|0x0000000081d00000, 0x0000000081e00000, 0x0000000081e00000|100%|HC|  |TAMS 0x0000000081d00000, 0x0000000081d00000| Complete 
|  30|0x0000000081e00000, 0x0000000081e00000, 0x0000000081f00000|  0%| F|  |TAMS 0x0000000081e00000, 0x0000000081e00000| Untracked 
|  31|0x0000000081f00000, 0x0000000081f00000, 0x0000000082000000|  0%| F|  |TAMS 0x0000000081f00000, 0x0000000081f00000| Untracked 
|  32|0x0000000082000000, 0x0000000082000000, 0x0000000082100000|  0%| F|  |TAMS 0x0000000082000000, 0x0000000082000000| Untracked 
|  33|0x0000000082100000, 0x0000000082100000, 0x0000000082200000|  0%| F|  |TAMS 0x0000000082100000, 0x0000000082100000| Untracked 
|  34|0x0000000082200000, 0x0000000082200000, 0x0000000082300000|  0%| F|  |TAMS 0x0000000082200000, 0x0000000082200000| Untracked 
|  35|0x0000000082300000, 0x0000000082300000, 0x0000000082400000|  0%| F|  |TAMS 0x0000000082300000, 0x0000000082300000| Untracked 
|  36|0x0000000082400000, 0x0000000082400000, 0x0000000082500000|  0%| F|  |TAMS 0x0000000082400000, 0x0000000082400000| Untracked 
|  37|0x0000000082500000, 0x0000000082500000, 0x0000000082600000|  0%| F|  |TAMS 0x0000000082500000, 0x0000000082500000| Untracked 
|  38|0x0000000082600000, 0x0000000082600000, 0x0000000082700000|  0%| F|  |TAMS 0x0000000082600000, 0x0000000082600000| Untracked 
|  39|0x0000000082700000, 0x0000000082700000, 0x0000000082800000|  0%| F|  |TAMS 0x0000000082700000, 0x0000000082700000| Untracked 
|  40|0x0000000082800000, 0x0000000082800000, 0x0000000082900000|  0%| F|  |TAMS 0x0000000082800000, 0x0000000082800000| Untracked 
|  41|0x0000000082900000, 0x0000000082900000, 0x0000000082a00000|  0%| F|  |TAMS 0x0000000082900000, 0x0000000082900000| Untracked 
|  42|0x0000000082a00000, 0x0000000082a00000, 0x0000000082b00000|  0%| F|  |TAMS 0x0000000082a00000, 0x0000000082a00000| Untracked 
|  43|0x0000000082b00000, 0x0000000082b00000, 0x0000000082c00000|  0%| F|  |TAMS 0x0000000082b00000, 0x0000000082b00000| Untracked 
|  44|0x0000000082c00000, 0x0000000082c00000, 0x0000000082d00000|  0%| F|  |TAMS 0x0000000082c00000, 0x0000000082c00000| Untracked 
|  45|0x0000000082d00000, 0x0000000082d00000, 0x0000000082e00000|  0%| F|  |TAMS 0x0000000082d00000, 0x0000000082d00000| Untracked 
|  46|0x0000000082e00000, 0x0000000082e00000, 0x0000000082f00000|  0%| F|  |TAMS 0x0000000082e00000, 0x0000000082e00000| Untracked 
|  47|0x0000000082f00000, 0x0000000082f00000, 0x0000000083000000|  0%| F|  |TAMS 0x0000000082f00000, 0x0000000082f00000| Untracked 
|  48|0x0000000083000000, 0x0000000083000000, 0x0000000083100000|  0%| F|  |TAMS 0x0000000083000000, 0x0000000083000000| Untracked 
|  49|0x0000000083100000, 0x0000000083100000, 0x0000000083200000|  0%| F|  |TAMS 0x0000000083100000, 0x0000000083100000| Untracked 
|  50|0x0000000083200000, 0x0000000083200000, 0x0000000083300000|  0%| F|  |TAMS 0x0000000083200000, 0x0000000083200000| Untracked 
|  51|0x0000000083300000, 0x0000000083300000, 0x0000000083400000|  0%| F|  |TAMS 0x0000000083300000, 0x0000000083300000| Untracked 
|  52|0x0000000083400000, 0x0000000083400000, 0x0000000083500000|  0%| F|  |TAMS 0x0000000083400000, 0x0000000083400000| Untracked 
|  53|0x0000000083500000, 0x0000000083500000, 0x0000000083600000|  0%| F|  |TAMS 0x0000000083500000, 0x0000000083500000| Untracked 
|  54|0x0000000083600000, 0x0000000083600000, 0x0000000083700000|  0%| F|  |TAMS 0x0000000083600000, 0x0000000083600000| Untracked 
|  55|0x0000000083700000, 0x0000000083700000, 0x0000000083800000|  0%| F|  |TAMS 0x0000000083700000, 0x0000000083700000| Untracked 
|  56|0x0000000083800000, 0x0000000083800000, 0x0000000083900000|  0%| F|  |TAMS 0x0000000083800000, 0x0000000083800000| Untracked 
|  57|0x0000000083900000, 0x0000000083900000, 0x0000000083a00000|  0%| F|  |TAMS 0x0000000083900000, 0x0000000083900000| Untracked 
|  58|0x0000000083a00000, 0x0000000083a00000, 0x0000000083b00000|  0%| F|  |TAMS 0x0000000083a00000, 0x0000000083a00000| Untracked 
|  59|0x0000000083b00000, 0x0000000083b00000, 0x0000000083c00000|  0%| F|  |TAMS 0x0000000083b00000, 0x0000000083b00000| Untracked 
|  60|0x0000000083c00000, 0x0000000083c00000, 0x0000000083d00000|  0%| F|  |TAMS 0x0000000083c00000, 0x0000000083c00000| Untracked 
|  61|0x0000000083d00000, 0x0000000083d00000, 0x0000000083e00000|  0%| F|  |TAMS 0x0000000083d00000, 0x0000000083d00000| Untracked 
|  62|0x0000000083e00000, 0x0000000083e00000, 0x0000000083f00000|  0%| F|  |TAMS 0x0000000083e00000, 0x0000000083e00000| Untracked 
|  63|0x0000000083f00000, 0x0000000083f00000, 0x0000000084000000|  0%| F|  |TAMS 0x0000000083f00000, 0x0000000083f00000| Untracked 
|  64|0x0000000084000000, 0x0000000084000000, 0x0000000084100000|  0%| F|  |TAMS 0x0000000084000000, 0x0000000084000000| Untracked 
|  65|0x0000000084100000, 0x0000000084100000, 0x0000000084200000|  0%| F|  |TAMS 0x0000000084100000, 0x0000000084100000| Untracked 
|  66|0x0000000084200000, 0x0000000084200000, 0x0000000084300000|  0%| F|  |TAMS 0x0000000084200000, 0x0000000084200000| Untracked 
|  67|0x0000000084300000, 0x0000000084300000, 0x0000000084400000|  0%| F|  |TAMS 0x0000000084300000, 0x0000000084300000| Untracked 
|  68|0x0000000084400000, 0x0000000084400000, 0x0000000084500000|  0%| F|  |TAMS 0x0000000084400000, 0x0000000084400000| Untracked 
|  69|0x0000000084500000, 0x0000000084500000, 0x0000000084600000|  0%| F|  |TAMS 0x0000000084500000, 0x0000000084500000| Untracked 
|  70|0x0000000084600000, 0x0000000084600000, 0x0000000084700000|  0%| F|  |TAMS 0x0000000084600000, 0x0000000084600000| Untracked 
|  71|0x0000000084700000, 0x0000000084700000, 0x0000000084800000|  0%| F|  |TAMS 0x0000000084700000, 0x0000000084700000| Untracked 
|  72|0x0000000084800000, 0x0000000084800000, 0x0000000084900000|  0%| F|  |TAMS 0x0000000084800000, 0x0000000084800000| Untracked 
|  73|0x0000000084900000, 0x0000000084900000, 0x0000000084a00000|  0%| F|  |TAMS 0x0000000084900000, 0x0000000084900000| Untracked 
|  74|0x0000000084a00000, 0x0000000084a00000, 0x0000000084b00000|  0%| F|  |TAMS 0x0000000084a00000, 0x0000000084a00000| Untracked 
|  75|0x0000000084b00000, 0x0000000084b00000, 0x0000000084c00000|  0%| F|  |TAMS 0x0000000084b00000, 0x0000000084b00000| Untracked 
|  76|0x0000000084c00000, 0x0000000084d00000, 0x0000000084d00000|100%| S|CS|TAMS 0x0000000084c00000, 0x0000000084c00000| Complete 
|  77|0x0000000084d00000, 0x0000000084e00000, 0x0000000084e00000|100%| S|CS|TAMS 0x0000000084d00000, 0x0000000084d00000| Complete 
|  78|0x0000000084e00000, 0x0000000084e00000, 0x0000000084f00000|  0%| F|  |TAMS 0x0000000084e00000, 0x0000000084e00000| Untracked 
|  79|0x0000000084f00000, 0x0000000084f00000, 0x0000000085000000|  0%| F|  |TAMS 0x0000000084f00000, 0x0000000084f00000| Untracked 
|  80|0x0000000085000000, 0x0000000085000000, 0x0000000085100000|  0%| F|  |TAMS 0x0000000085000000, 0x0000000085000000| Untracked 
|  81|0x0000000085100000, 0x0000000085100000, 0x0000000085200000|  0%| F|  |TAMS 0x0000000085100000, 0x0000000085100000| Untracked 
|  82|0x0000000085200000, 0x0000000085200000, 0x0000000085300000|  0%| F|  |TAMS 0x0000000085200000, 0x0000000085200000| Untracked 
|  83|0x0000000085300000, 0x0000000085300000, 0x0000000085400000|  0%| F|  |TAMS 0x0000000085300000, 0x0000000085300000| Untracked 
|  84|0x0000000085400000, 0x0000000085400000, 0x0000000085500000|  0%| F|  |TAMS 0x0000000085400000, 0x0000000085400000| Untracked 
|  85|0x0000000085500000, 0x0000000085500000, 0x0000000085600000|  0%| F|  |TAMS 0x0000000085500000, 0x0000000085500000| Untracked 
|  86|0x0000000085600000, 0x000000008562df20, 0x0000000085700000| 17%| E|  |TAMS 0x0000000085600000, 0x0000000085600000| Complete 
|  87|0x0000000085700000, 0x0000000085800000, 0x0000000085800000|100%| S|CS|TAMS 0x0000000085700000, 0x0000000085700000| Complete 
|  88|0x0000000085800000, 0x0000000085900000, 0x0000000085900000|100%| E|CS|TAMS 0x0000000085800000, 0x0000000085800000| Complete 
|  89|0x0000000085900000, 0x0000000085a00000, 0x0000000085a00000|100%| E|CS|TAMS 0x0000000085900000, 0x0000000085900000| Complete 
|  90|0x0000000085a00000, 0x0000000085b00000, 0x0000000085b00000|100%| E|CS|TAMS 0x0000000085a00000, 0x0000000085a00000| Complete 
|  91|0x0000000085b00000, 0x0000000085c00000, 0x0000000085c00000|100%| E|CS|TAMS 0x0000000085b00000, 0x0000000085b00000| Complete 
|  92|0x0000000085c00000, 0x0000000085d00000, 0x0000000085d00000|100%| E|CS|TAMS 0x0000000085c00000, 0x0000000085c00000| Complete 
|  93|0x0000000085d00000, 0x0000000085e00000, 0x0000000085e00000|100%| E|CS|TAMS 0x0000000085d00000, 0x0000000085d00000| Complete 
|  94|0x0000000085e00000, 0x0000000085f00000, 0x0000000085f00000|100%| E|CS|TAMS 0x0000000085e00000, 0x0000000085e00000| Complete 
|  95|0x0000000085f00000, 0x0000000086000000, 0x0000000086000000|100%| E|CS|TAMS 0x0000000085f00000, 0x0000000085f00000| Complete 
|  96|0x0000000086000000, 0x0000000086100000, 0x0000000086100000|100%| E|CS|TAMS 0x0000000086000000, 0x0000000086000000| Complete 
|  97|0x0000000086100000, 0x0000000086200000, 0x0000000086200000|100%| E|CS|TAMS 0x0000000086100000, 0x0000000086100000| Complete 
|  98|0x0000000086200000, 0x0000000086300000, 0x0000000086300000|100%| E|CS|TAMS 0x0000000086200000, 0x0000000086200000| Complete 
|  99|0x0000000086300000, 0x0000000086400000, 0x0000000086400000|100%| E|CS|TAMS 0x0000000086300000, 0x0000000086300000| Complete 
| 100|0x0000000086400000, 0x0000000086500000, 0x0000000086500000|100%| E|CS|TAMS 0x0000000086400000, 0x0000000086400000| Complete 
| 101|0x0000000086500000, 0x0000000086600000, 0x0000000086600000|100%| E|CS|TAMS 0x0000000086500000, 0x0000000086500000| Complete 
| 102|0x0000000086600000, 0x0000000086700000, 0x0000000086700000|100%| E|CS|TAMS 0x0000000086600000, 0x0000000086600000| Complete 
| 103|0x0000000086700000, 0x0000000086800000, 0x0000000086800000|100%| E|CS|TAMS 0x0000000086700000, 0x0000000086700000| Complete 
| 104|0x0000000086800000, 0x0000000086900000, 0x0000000086900000|100%| E|CS|TAMS 0x0000000086800000, 0x0000000086800000| Complete 
| 105|0x0000000086900000, 0x0000000086a00000, 0x0000000086a00000|100%| E|CS|TAMS 0x0000000086900000, 0x0000000086900000| Complete 
| 106|0x0000000086a00000, 0x0000000086b00000, 0x0000000086b00000|100%| E|CS|TAMS 0x0000000086a00000, 0x0000000086a00000| Complete 
| 107|0x0000000086b00000, 0x0000000086c00000, 0x0000000086c00000|100%| E|CS|TAMS 0x0000000086b00000, 0x0000000086b00000| Complete 
| 108|0x0000000086c00000, 0x0000000086d00000, 0x0000000086d00000|100%| E|CS|TAMS 0x0000000086c00000, 0x0000000086c00000| Complete 
| 109|0x0000000086d00000, 0x0000000086e00000, 0x0000000086e00000|100%| E|CS|TAMS 0x0000000086d00000, 0x0000000086d00000| Complete 
| 110|0x0000000086e00000, 0x0000000086f00000, 0x0000000086f00000|100%| E|CS|TAMS 0x0000000086e00000, 0x0000000086e00000| Complete 
| 111|0x0000000086f00000, 0x0000000087000000, 0x0000000087000000|100%| E|CS|TAMS 0x0000000086f00000, 0x0000000086f00000| Complete 
| 112|0x0000000087000000, 0x0000000087100000, 0x0000000087100000|100%| E|CS|TAMS 0x0000000087000000, 0x0000000087000000| Complete 
| 113|0x0000000087100000, 0x0000000087200000, 0x0000000087200000|100%| E|CS|TAMS 0x0000000087100000, 0x0000000087100000| Complete 
| 114|0x0000000087200000, 0x0000000087300000, 0x0000000087300000|100%| E|CS|TAMS 0x0000000087200000, 0x0000000087200000| Complete 
| 115|0x0000000087300000, 0x0000000087400000, 0x0000000087400000|100%| E|CS|TAMS 0x0000000087300000, 0x0000000087300000| Complete 
| 116|0x0000000087400000, 0x0000000087500000, 0x0000000087500000|100%| E|  |TAMS 0x0000000087400000, 0x0000000087400000| Complete 
| 117|0x0000000087500000, 0x0000000087600000, 0x0000000087600000|100%| E|CS|TAMS 0x0000000087500000, 0x0000000087500000| Complete 
| 118|0x0000000087600000, 0x0000000087700000, 0x0000000087700000|100%| E|CS|TAMS 0x0000000087600000, 0x0000000087600000| Complete 
| 119|0x0000000087700000, 0x0000000087800000, 0x0000000087800000|100%| E|CS|TAMS 0x0000000087700000, 0x0000000087700000| Complete 
| 120|0x0000000087800000, 0x0000000087900000, 0x0000000087900000|100%| E|CS|TAMS 0x0000000087800000, 0x0000000087800000| Complete 
| 121|0x0000000087900000, 0x0000000087a00000, 0x0000000087a00000|100%| E|CS|TAMS 0x0000000087900000, 0x0000000087900000| Complete 
| 122|0x0000000087a00000, 0x0000000087b00000, 0x0000000087b00000|100%| E|CS|TAMS 0x0000000087a00000, 0x0000000087a00000| Complete 
| 123|0x0000000087b00000, 0x0000000087c00000, 0x0000000087c00000|100%| E|CS|TAMS 0x0000000087b00000, 0x0000000087b00000| Complete 
| 124|0x0000000087c00000, 0x0000000087d00000, 0x0000000087d00000|100%| E|CS|TAMS 0x0000000087c00000, 0x0000000087c00000| Complete 
| 125|0x0000000087d00000, 0x0000000087e00000, 0x0000000087e00000|100%| E|CS|TAMS 0x0000000087d00000, 0x0000000087d00000| Complete 
| 126|0x0000000087e00000, 0x0000000087f00000, 0x0000000087f00000|100%| E|CS|TAMS 0x0000000087e00000, 0x0000000087e00000| Complete 
| 127|0x0000000087f00000, 0x0000000088000000, 0x0000000088000000|100%| E|CS|TAMS 0x0000000087f00000, 0x0000000087f00000| Complete 
| 128|0x0000000088000000, 0x0000000088100000, 0x0000000088100000|100%| E|CS|TAMS 0x0000000088000000, 0x0000000088000000| Complete 
| 129|0x0000000088100000, 0x0000000088200000, 0x0000000088200000|100%| E|CS|TAMS 0x0000000088100000, 0x0000000088100000| Complete 
| 130|0x0000000088200000, 0x0000000088300000, 0x0000000088300000|100%| E|CS|TAMS 0x0000000088200000, 0x0000000088200000| Complete 
| 131|0x0000000088300000, 0x0000000088400000, 0x0000000088400000|100%| E|CS|TAMS 0x0000000088300000, 0x0000000088300000| Complete 
| 132|0x0000000088400000, 0x0000000088500000, 0x0000000088500000|100%| E|CS|TAMS 0x0000000088400000, 0x0000000088400000| Complete 
| 133|0x0000000088500000, 0x0000000088600000, 0x0000000088600000|100%| E|CS|TAMS 0x0000000088500000, 0x0000000088500000| Complete 
| 134|0x0000000088600000, 0x0000000088700000, 0x0000000088700000|100%| E|CS|TAMS 0x0000000088600000, 0x0000000088600000| Complete 
| 135|0x0000000088700000, 0x0000000088800000, 0x0000000088800000|100%| E|CS|TAMS 0x0000000088700000, 0x0000000088700000| Complete 
| 136|0x0000000088800000, 0x0000000088900000, 0x0000000088900000|100%| E|CS|TAMS 0x0000000088800000, 0x0000000088800000| Complete 
| 137|0x0000000088900000, 0x0000000088a00000, 0x0000000088a00000|100%| E|CS|TAMS 0x0000000088900000, 0x0000000088900000| Complete 
| 138|0x0000000088a00000, 0x0000000088b00000, 0x0000000088b00000|100%| E|CS|TAMS 0x0000000088a00000, 0x0000000088a00000| Complete 
| 139|0x0000000088b00000, 0x0000000088c00000, 0x0000000088c00000|100%| E|CS|TAMS 0x0000000088b00000, 0x0000000088b00000| Complete 
| 140|0x0000000088c00000, 0x0000000088d00000, 0x0000000088d00000|100%| E|CS|TAMS 0x0000000088c00000, 0x0000000088c00000| Complete 
| 141|0x0000000088d00000, 0x0000000088e00000, 0x0000000088e00000|100%| E|CS|TAMS 0x0000000088d00000, 0x0000000088d00000| Complete 
| 142|0x0000000088e00000, 0x0000000088f00000, 0x0000000088f00000|100%| E|CS|TAMS 0x0000000088e00000, 0x0000000088e00000| Complete 
| 143|0x0000000088f00000, 0x0000000089000000, 0x0000000089000000|100%| E|CS|TAMS 0x0000000088f00000, 0x0000000088f00000| Complete 
| 144|0x0000000089000000, 0x0000000089100000, 0x0000000089100000|100%| E|CS|TAMS 0x0000000089000000, 0x0000000089000000| Complete 
| 145|0x0000000089100000, 0x0000000089200000, 0x0000000089200000|100%| E|CS|TAMS 0x0000000089100000, 0x0000000089100000| Complete 
| 146|0x0000000089200000, 0x0000000089300000, 0x0000000089300000|100%| E|CS|TAMS 0x0000000089200000, 0x0000000089200000| Complete 
| 147|0x0000000089300000, 0x0000000089400000, 0x0000000089400000|100%| E|CS|TAMS 0x0000000089300000, 0x0000000089300000| Complete 
| 148|0x0000000089400000, 0x0000000089500000, 0x0000000089500000|100%| E|CS|TAMS 0x0000000089400000, 0x0000000089400000| Complete 
| 149|0x0000000089500000, 0x0000000089600000, 0x0000000089600000|100%| E|CS|TAMS 0x0000000089500000, 0x0000000089500000| Complete 
| 150|0x0000000089600000, 0x0000000089700000, 0x0000000089700000|100%| E|CS|TAMS 0x0000000089600000, 0x0000000089600000| Complete 
| 151|0x0000000089700000, 0x0000000089800000, 0x0000000089800000|100%| E|CS|TAMS 0x0000000089700000, 0x0000000089700000| Complete 
| 152|0x0000000089800000, 0x0000000089900000, 0x0000000089900000|100%| E|CS|TAMS 0x0000000089800000, 0x0000000089800000| Complete 
| 153|0x0000000089900000, 0x0000000089a00000, 0x0000000089a00000|100%| E|CS|TAMS 0x0000000089900000, 0x0000000089900000| Complete 

Card table byte_map: [0x000001dd75c80000,0x000001dd76080000] _byte_map_base: 0x000001dd75880000

Marking Bits (Prev, Next): (CMBitMap*) 0x000001dd71dd0668, (CMBitMap*) 0x000001dd71dd06a0
 Prev Bits: [0x000001dd76480000, 0x000001dd78480000)
 Next Bits: [0x000001dd78480000, 0x000001dd7a480000)

Polling page: 0x000001dd6fbe0000

Metaspace:

Usage:
  Non-class:     42.45 MB capacity,    41.55 MB ( 98%) used,   787.03 KB (  2%) free+waste,   132.75 KB ( <1%) overhead. 
      Class:      6.48 MB capacity,     6.03 MB ( 93%) used,   394.35 KB (  6%) free+waste,    62.88 KB ( <1%) overhead. 
       Both:     48.93 MB capacity,    47.59 MB ( 97%) used,     1.15 MB (  2%) free+waste,   195.63 KB ( <1%) overhead. 

Virtual space:
  Non-class space:       44.00 MB reserved,      42.45 MB ( 96%) committed 
      Class space:        1.00 GB reserved,       6.50 MB ( <1%) committed 
             Both:        1.04 GB reserved,      48.95 MB (  5%) committed 

Chunk freelists:
   Non-Class:  2.00 KB
       Class:  0 bytes
        Both:  2.00 KB

MaxMetaspaceSize: 17179869184.00 GB
CompressedClassSpaceSize: 1.00 GB

CodeHeap 'non-profiled nmethods': size=120064Kb used=3169Kb max_used=3169Kb free=116894Kb
 bounds [0x000001dd07ac0000, 0x000001dd07de0000, 0x000001dd0f000000]
CodeHeap 'profiled nmethods': size=120000Kb used=12038Kb max_used=12038Kb free=107961Kb
 bounds [0x000001dd00590000, 0x000001dd01160000, 0x000001dd07ac0000]
CodeHeap 'non-nmethods': size=5696Kb used=2216Kb max_used=2272Kb free=3479Kb
 bounds [0x000001dd00000000, 0x000001dd00270000, 0x000001dd00590000]
 total_blobs=6629 nmethods=5840 adapters=700
 compilation: enabled
              stopped_count=0, restarted_count=0
 full_count=0

Compilation events (20 events):
Event: 47.808 Thread 0x000001dd7da06800 nmethod 5667 0x000001dd07dd1710 code [0x000001dd07dd18a0, 0x000001dd07dd19d8]
Event: 47.810 Thread 0x000001dd7c986800 5675       3       org.gradle.api.internal.artifacts.ivyservice.ivyresolve.CachingModuleComponentRepository$LocateInCacheRepositoryAccess::getProcessedMetadata (41 bytes)
Event: 47.811 Thread 0x000001dd7c986800 nmethod 5675 0x000001dd010eb610 code [0x000001dd010eb820, 0x000001dd010ebdb8]
Event: 47.813 Thread 0x000001dd7c986800 5676       3       org.gradle.internal.component.external.model.AbstractConfigurationMetadata::<init> (74 bytes)
Event: 47.813 Thread 0x000001dd7c986800 nmethod 5676 0x000001dd010ec090 code [0x000001dd010ec260, 0x000001dd010ec6d8]
Event: 47.813 Thread 0x000001dd7c986800 5678       3       org.gradle.api.internal.artifacts.ivyservice.resolveengine.graph.builder.NodeState::isExcluded (95 bytes)
Event: 47.816 Thread 0x000001dd7c986800 nmethod 5678 0x000001dd010ec810 code [0x000001dd010ecb60, 0x000001dd010ee298]
Event: 47.816 Thread 0x000001dd7c986800 5679       3       org.gradle.api.internal.artifacts.ivyservice.resolveengine.graph.builder.NodeState::maybeSubstitute (118 bytes)
Event: 47.817 Thread 0x000001dd7c986800 nmethod 5679 0x000001dd010eea10 code [0x000001dd010eec20, 0x000001dd010ef1c8]
Event: 47.817 Thread 0x000001dd7c986800 5680       3       org.gradle.api.internal.artifacts.ivyservice.dependencysubstitution.DependencySubstitutionApplicator$$Lambda$410/0x00000001005b2040::apply (5 bytes)
Event: 47.817 Thread 0x000001dd7c986800 nmethod 5680 0x000001dd010ef490 code [0x000001dd010ef640, 0x000001dd010ef798]
Event: 47.817 Thread 0x000001dd7c986800 5681       3       org.gradle.api.internal.artifacts.ivyservice.dependencysubstitution.DependencySubstitutionApplicator::lambda$static$0 (4 bytes)
Event: 47.818 Thread 0x000001dd7c986800 nmethod 5681 0x000001dd010ef890 code [0x000001dd010efa40, 0x000001dd010efb38]
Event: 47.818 Thread 0x000001dd7c986800 5682       3       org.gradle.api.internal.artifacts.ivyservice.dependencysubstitution.DependencySubstitutionApplicator$SubstitutionResult::hasFailure (13 bytes)
Event: 47.818 Thread 0x000001dd7c986800 nmethod 5682 0x000001dd010efc10 code [0x000001dd010efdc0, 0x000001dd010eff18]
Event: 47.818 Thread 0x000001dd7c986800 5683       3       org.gradle.api.internal.artifacts.ivyservice.resolveengine.graph.builder.DefaultPendingDependenciesVisitor::maybeAddAsPendingDependency (73 bytes)
Event: 47.820 Thread 0x000001dd7c986800 nmethod 5683 0x000001dd010eff90 code [0x000001dd010f02c0, 0x000001dd010f1628]
Event: 47.820 Thread 0x000001dd7c986800 5691       1       org.gradle.api.internal.artifacts.ivyservice.ivyresolve.strategy.VersionParser$DefaultVersion::getBaseVersion (5 bytes)
Event: 47.820 Thread 0x000001dd7c986800 nmethod 5691 0x000001dd07dd1b10 code [0x000001dd07dd1cc0, 0x000001dd07dd1d78]
Event: 47.820 Thread 0x000001dd7c986800 5684       3       org.gradle.api.internal.artifacts.ivyservice.resolveengine.graph.builder.DefaultPendingDependenciesVisitor::markNotPending (16 bytes)

GC Heap History (20 events):
Event: 0.921 GC heap before
{Heap before GC invocations=0 (full 0):
 garbage-first heap   total 131072K, used 19456K [0x0000000080000000, 0x0000000100000000)
  region size 1024K, 14 young (14336K), 0 survivors (0K)
 Metaspace       used 6720K, capacity 6921K, committed 7168K, reserved 1056768K
  class space    used 582K, capacity 650K, committed 768K, reserved 1048576K
}
Event: 0.927 GC heap after
{Heap after GC invocations=1 (full 0):
 garbage-first heap   total 131072K, used 7866K [0x0000000080000000, 0x0000000100000000)
  region size 1024K, 2 young (2048K), 2 survivors (2048K)
 Metaspace       used 6720K, capacity 6921K, committed 7168K, reserved 1056768K
  class space    used 582K, capacity 650K, committed 768K, reserved 1048576K
}
Event: 1.474 GC heap before
{Heap before GC invocations=1 (full 0):
 garbage-first heap   total 131072K, used 19130K [0x0000000080000000, 0x0000000100000000)
  region size 1024K, 13 young (13312K), 2 survivors (2048K)
 Metaspace       used 10201K, capacity 10423K, committed 10624K, reserved 1058816K
  class space    used 1066K, capacity 1141K, committed 1152K, reserved 1048576K
}
Event: 1.479 GC heap after
{Heap after GC invocations=2 (full 0):
 garbage-first heap   total 131072K, used 9229K [0x0000000080000000, 0x0000000100000000)
  region size 1024K, 2 young (2048K), 2 survivors (2048K)
 Metaspace       used 10201K, capacity 10423K, committed 10624K, reserved 1058816K
  class space    used 1066K, capacity 1141K, committed 1152K, reserved 1048576K
}
Event: 2.390 GC heap before
{Heap before GC invocations=2 (full 0):
 garbage-first heap   total 131072K, used 38925K [0x0000000080000000, 0x0000000100000000)
  region size 1024K, 31 young (31744K), 2 survivors (2048K)
 Metaspace       used 11152K, capacity 11440K, committed 11520K, reserved 1058816K
  class space    used 1168K, capacity 1245K, committed 1280K, reserved 1048576K
}
Event: 2.395 GC heap after
{Heap after GC invocations=3 (full 0):
 garbage-first heap   total 131072K, used 12704K [0x0000000080000000, 0x0000000100000000)
  region size 1024K, 4 young (4096K), 4 survivors (4096K)
 Metaspace       used 11152K, capacity 11440K, committed 11520K, reserved 1058816K
  class space    used 1168K, capacity 1245K, committed 1280K, reserved 1048576K
}
Event: 4.872 GC heap before
{Heap before GC invocations=3 (full 0):
 garbage-first heap   total 131072K, used 72096K [0x0000000080000000, 0x0000000100000000)
  region size 1024K, 62 young (63488K), 4 survivors (4096K)
 Metaspace       used 19406K, capacity 19849K, committed 19968K, reserved 1067008K
  class space    used 2364K, capacity 2506K, committed 2560K, reserved 1048576K
}
Event: 4.883 GC heap after
{Heap after GC invocations=4 (full 0):
 garbage-first heap   total 131072K, used 16069K [0x0000000080000000, 0x0000000100000000)
  region size 1024K, 8 young (8192K), 8 survivors (8192K)
 Metaspace       used 19406K, capacity 19849K, committed 19968K, reserved 1067008K
  class space    used 2364K, capacity 2506K, committed 2560K, reserved 1048576K
}
Event: 5.083 GC heap before
{Heap before GC invocations=4 (full 0):
 garbage-first heap   total 131072K, used 23237K [0x0000000080000000, 0x0000000100000000)
  region size 1024K, 16 young (16384K), 8 survivors (8192K)
 Metaspace       used 20539K, capacity 21120K, committed 21296K, reserved 1069056K
  class space    used 2502K, capacity 2658K, committed 2688K, reserved 1048576K
}
Event: 5.096 GC heap after
{Heap after GC invocations=5 (full 0):
 garbage-first heap   total 131072K, used 16819K [0x0000000080000000, 0x0000000100000000)
  region size 1024K, 1 young (1024K), 1 survivors (1024K)
 Metaspace       used 20539K, capacity 21120K, committed 21296K, reserved 1069056K
  class space    used 2502K, capacity 2658K, committed 2688K, reserved 1048576K
}
Event: 6.220 GC heap before
{Heap before GC invocations=6 (full 0):
 garbage-first heap   total 131072K, used 63923K [0x0000000080000000, 0x0000000100000000)
  region size 1024K, 47 young (48128K), 1 survivors (1024K)
 Metaspace       used 25367K, capacity 26030K, committed 26112K, reserved 1071104K
  class space    used 3302K, capacity 3534K, committed 3584K, reserved 1048576K
}
Event: 6.227 GC heap after
{Heap after GC invocations=7 (full 0):
 garbage-first heap   total 157696K, used 18014K [0x0000000080000000, 0x0000000100000000)
  region size 1024K, 2 young (2048K), 2 survivors (2048K)
 Metaspace       used 25367K, capacity 26030K, committed 26112K, reserved 1071104K
  class space    used 3302K, capacity 3534K, committed 3584K, reserved 1048576K
}
Event: 8.833 GC heap before
{Heap before GC invocations=7 (full 0):
 garbage-first heap   total 157696K, used 80478K [0x0000000080000000, 0x0000000100000000)
  region size 1024K, 63 young (64512K), 2 survivors (2048K)
 Metaspace       used 34812K, capacity 35598K, committed 35840K, reserved 1081344K
  class space    used 4536K, capacity 4832K, committed 4864K, reserved 1048576K
}
Event: 8.853 GC heap after
{Heap after GC invocations=8 (full 0):
 garbage-first heap   total 157696K, used 21617K [0x0000000080000000, 0x0000000100000000)
  region size 1024K, 6 young (6144K), 6 survivors (6144K)
 Metaspace       used 34812K, capacity 35598K, committed 35840K, reserved 1081344K
  class space    used 4536K, capacity 4832K, committed 4864K, reserved 1048576K
}
Event: 9.009 GC heap before
{Heap before GC invocations=8 (full 0):
 garbage-first heap   total 157696K, used 21617K [0x0000000080000000, 0x0000000100000000)
  region size 1024K, 8 young (8192K), 6 survivors (6144K)
 Metaspace       used 35159K, capacity 35951K, committed 36048K, reserved 1081344K
  class space    used 4551K, capacity 4864K, committed 4864K, reserved 1048576K
}
Event: 9.026 GC heap after
{Heap after GC invocations=9 (full 0):
 garbage-first heap   total 157696K, used 21901K [0x0000000080000000, 0x0000000100000000)
  region size 1024K, 4 young (4096K), 4 survivors (4096K)
 Metaspace       used 35159K, capacity 35951K, committed 36048K, reserved 1081344K
  class space    used 4551K, capacity 4864K, committed 4864K, reserved 1048576K
}
Event: 11.197 GC heap before
{Heap before GC invocations=10 (full 0):
 garbage-first heap   total 157696K, used 88461K [0x0000000080000000, 0x0000000100000000)
  region size 1024K, 67 young (68608K), 4 survivors (4096K)
 Metaspace       used 39526K, capacity 40423K, committed 40784K, reserved 1085440K
  class space    used 5039K, capacity 5392K, committed 5504K, reserved 1048576K
}
Event: 11.214 GC heap after
{Heap after GC invocations=11 (full 0):
 garbage-first heap   total 157696K, used 26960K [0x0000000080000000, 0x0000000100000000)
  region size 1024K, 9 young (9216K), 9 survivors (9216K)
 Metaspace       used 39526K, capacity 40423K, committed 40784K, reserved 1085440K
  class space    used 5039K, capacity 5392K, committed 5504K, reserved 1048576K
}
Event: 13.121 GC heap before
{Heap before GC invocations=11 (full 0):
 garbage-first heap   total 157696K, used 94544K [0x0000000080000000, 0x0000000100000000)
  region size 1024K, 75 young (76800K), 9 survivors (9216K)
 Metaspace       used 45506K, capacity 46664K, committed 46928K, reserved 1089536K
  class space    used 5841K, capacity 6231K, committed 6272K, reserved 1048576K
}
Event: 13.144 GC heap after
{Heap after GC invocations=12 (full 0):
 garbage-first heap   total 157696K, used 29160K [0x0000000080000000, 0x0000000100000000)
  region size 1024K, 3 young (3072K), 3 survivors (3072K)
 Metaspace       used 45506K, capacity 46664K, committed 46928K, reserved 1089536K
  class space    used 5841K, capacity 6231K, committed 6272K, reserved 1048576K
}

Deoptimization events (20 events):
Event: 22.561 Thread 0x000001dd0f43d800 DEOPT PACKING pc=0x000001dd07ae3650 sp=0x000000400b4fc3d0
Event: 22.561 Thread 0x000001dd0f43d800 DEOPT UNPACKING pc=0x000001dd0002782f sp=0x000000400b4fc378 mode 2
Event: 22.611 Thread 0x000001dd0f43d800 DEOPT PACKING pc=0x000001dd00ffeb2d sp=0x000000400b4fbe20
Event: 22.611 Thread 0x000001dd0f43d800 DEOPT UNPACKING pc=0x000001dd0002764e sp=0x000000400b4fb2e8 mode 0
Event: 22.613 Thread 0x000001dd0f43d800 DEOPT PACKING pc=0x000001dd00ffdfcb sp=0x000000400b4fbd20
Event: 22.613 Thread 0x000001dd0f43d800 DEOPT UNPACKING pc=0x000001dd0002764e sp=0x000000400b4fb1e0 mode 0
Event: 22.632 Thread 0x000001dd0f43d800 DEOPT PACKING pc=0x000001dd00ffdfcb sp=0x000000400b4fbed0
Event: 22.632 Thread 0x000001dd0f43d800 DEOPT UNPACKING pc=0x000001dd0002764e sp=0x000000400b4fb390 mode 0
Event: 22.856 Thread 0x000001dd0fd38000 Uncommon trap: trap_request=0xffffff4d fr.pc=0x000001dd07d3c7ec relative=0x000000000000020c
Event: 22.856 Thread 0x000001dd0fd38000 Uncommon trap: reason=unstable_if action=reinterpret pc=0x000001dd07d3c7ec method=com.esotericsoftware.kryo.io.Input.require(I)I @ 180 c2
Event: 22.856 Thread 0x000001dd0fd38000 DEOPT PACKING pc=0x000001dd07d3c7ec sp=0x000000400b2fef90
Event: 22.856 Thread 0x000001dd0fd38000 DEOPT UNPACKING pc=0x000001dd0002782f sp=0x000000400b2fee00 mode 2
Event: 24.245 Thread 0x000001dd7ee4f800 Uncommon trap: trap_request=0xffffff4d fr.pc=0x000001dd07af2be8 relative=0x0000000000000528
Event: 24.245 Thread 0x000001dd7ee4f800 Uncommon trap: reason=unstable_if action=reinterpret pc=0x000001dd07af2be8 method=java.lang.AbstractStringBuilder.append(Ljava/lang/String;)Ljava/lang/AbstractStringBuilder; @ 1 c2
Event: 24.245 Thread 0x000001dd7ee4f800 DEOPT PACKING pc=0x000001dd07af2be8 sp=0x000000400b0fe1f0
Event: 24.245 Thread 0x000001dd7ee4f800 DEOPT UNPACKING pc=0x000001dd0002782f sp=0x000000400b0fe170 mode 2
Event: 24.246 Thread 0x000001dd7ee4f800 Uncommon trap: trap_request=0xffffff4d fr.pc=0x000001dd07b0ea40 relative=0x0000000000000500
Event: 24.246 Thread 0x000001dd7ee4f800 Uncommon trap: reason=unstable_if action=reinterpret pc=0x000001dd07b0ea40 method=java.lang.AbstractStringBuilder.append(Ljava/lang/String;)Ljava/lang/AbstractStringBuilder; @ 1 c2
Event: 24.246 Thread 0x000001dd7ee4f800 DEOPT PACKING pc=0x000001dd07b0ea40 sp=0x000000400b0fe190
Event: 24.246 Thread 0x000001dd7ee4f800 DEOPT UNPACKING pc=0x000001dd0002782f sp=0x000000400b0fe178 mode 2

Classes redefined (0 events):
No events

Internal exceptions (20 events):
Event: 22.166 Thread 0x000001dd0f46f800 Exception <a 'java/lang/NoSuchMethodError'{0x0000000086ab5950}: <clinit>> (0x0000000086ab5950) thrown at [./src/hotspot/share/prims/jni.cpp, line 1362]
Event: 22.170 Thread 0x000001dd0f46f800 Exception <a 'java/lang/NoSuchMethodError'{0x0000000086ac9700}: <clinit>> (0x0000000086ac9700) thrown at [./src/hotspot/share/prims/jni.cpp, line 1362]
Event: 22.384 Thread 0x000001dd0f43d800 Exception <a 'java/lang/ClassNotFoundException'{0x000000008692a968}: build_5jj5a24ajl1plzx9ecqbritk5BeanInfo> (0x000000008692a968) thrown at [./src/hotspot/share/classfile/systemDictionary.cpp, line 231]
Event: 22.385 Thread 0x000001dd0f43d800 Exception <a 'java/lang/ClassNotFoundException'{0x0000000086935890}: build_5jj5a24ajl1plzx9ecqbritk5Customizer> (0x0000000086935890) thrown at [./src/hotspot/share/classfile/systemDictionary.cpp, line 231]
Event: 22.393 Thread 0x000001dd0f43d800 Exception <a 'java/lang/ClassFormatError'{0x00000000869644d8}: Invalid method signature in class org.gradle.plugin.use.internal.PluginRequestCollector referenced from constant pool index 19 in method 'java.util.List org.gradle.plugin.use.internal.PluginRequestCollector.listPluginRequests()'> (0x00000000869644d8) thrown at [./src/hotspot/share/classfile/verifier.cpp, line 239]
Event: 22.404 Thread 0x000001dd0f46f800 Exception <a 'java/lang/NoSuchMethodError'{0x0000000086889af0}: <clinit>> (0x0000000086889af0) thrown at [./src/hotspot/share/prims/jni.cpp, line 1362]
Event: 22.406 Thread 0x000001dd0f46f800 Exception <a 'java/lang/NoSuchMethodError'{0x0000000086899790}: <clinit>> (0x0000000086899790) thrown at [./src/hotspot/share/prims/jni.cpp, line 1362]
Event: 22.429 Thread 0x000001dd0f43d800 Exception <a 'java/lang/NoSuchMethodError'{0x00000000868de700}: 'java.lang.Object java.lang.invoke.Invokers$Holder.linkToTargetMethod(java.lang.Object, java.lang.Object, java.lang.Object, int, java.lang.Object, java.lang.Object)'> (0x00000000868de700) thrown at [./src/hotspot/share/interpreter/linkResolver.cpp, line 773]
Event: 22.432 Thread 0x000001dd0f43d800 Exception <a 'java/lang/NoSuchMethodError'{0x0000000086728b40}: 'java.lang.Object java.lang.invoke.DirectMethodHandle$Holder.invokeStatic(java.lang.Object, java.lang.Object, java.lang.Object, java.lang.Object, int)'> (0x0000000086728b40) thrown at [./src/hotspot/share/interpreter/linkResolver.cpp, line 773]
Event: 22.433 Thread 0x000001dd0f43d800 Exception <a 'java/lang/NoSuchMethodError'{0x000000008672c998}: 'java.lang.Object java.lang.invoke.DirectMethodHandle$Holder.invokeSpecial(java.lang.Object, java.lang.Object, java.lang.Object, java.lang.Object, java.lang.Object, int)'> (0x000000008672c998) thrown at [./src/hotspot/share/interpreter/linkResolver.cpp, line 773]
Event: 22.433 Thread 0x000001dd0f43d800 Exception <a 'java/lang/NoSuchMethodError'{0x0000000086730538}: 'java.lang.Object java.lang.invoke.Invokers$Holder.linkToTargetMethod(java.lang.Object, java.lang.Object, java.lang.Object, int, java.lang.Object)'> (0x0000000086730538) thrown at [./src/hotspot/share/interpreter/linkResolver.cpp, line 773]
Event: 22.434 Thread 0x000001dd0f43d800 Exception <a 'java/lang/NoSuchMethodError'{0x0000000086744d58}: 'int java.lang.invoke.DirectMethodHandle$Holder.invokeVirtual(java.lang.Object, java.lang.Object, java.lang.Object)'> (0x0000000086744d58) thrown at [./src/hotspot/share/interpreter/linkResolver.cpp, line 773]
Event: 22.435 Thread 0x000001dd0f43d800 Exception <a 'java/lang/IncompatibleClassChangeError'{0x000000008674e190}: Found class java.lang.Object, but interface was expected> (0x000000008674e190) thrown at [./src/hotspot/share/interpreter/linkResolver.cpp, line 839]
Event: 22.766 Thread 0x000001dd7ecf2800 Exception <a 'java/lang/NoSuchMethodError'{0x000000008631ff88}: <clinit>> (0x000000008631ff88) thrown at [./src/hotspot/share/prims/jni.cpp, line 1362]
Event: 22.768 Thread 0x000001dd7ecf2800 Exception <a 'java/lang/NoSuchMethodError'{0x0000000086330d30}: <clinit>> (0x0000000086330d30) thrown at [./src/hotspot/share/prims/jni.cpp, line 1362]
Event: 22.770 Thread 0x000001dd7ecf2800 Exception <a 'java/lang/NoSuchMethodError'{0x0000000086332418}: <clinit>> (0x0000000086332418) thrown at [./src/hotspot/share/prims/jni.cpp, line 1362]
Event: 22.774 Thread 0x000001dd7ecf2800 Exception <a 'java/lang/NoSuchMethodError'{0x00000000863445e8}: <clinit>> (0x00000000863445e8) thrown at [./src/hotspot/share/prims/jni.cpp, line 1362]
Event: 22.776 Thread 0x000001dd7ecf2800 Exception <a 'java/lang/NoSuchMethodError'{0x0000000086350ab8}: <clinit>> (0x0000000086350ab8) thrown at [./src/hotspot/share/prims/jni.cpp, line 1362]
Event: 24.245 Thread 0x000001dd7ee4f800 Implicit null exception at 0x000001dd07af26f4 to 0x000001dd07af2bd4
Event: 24.246 Thread 0x000001dd7ee4f800 Implicit null exception at 0x000001dd07b0e574 to 0x000001dd07b0ea2c

Events (20 events):
Event: 47.320 Thread 0x000001dd11bb2800 Thread added: 0x000001dd11bb2800
Event: 47.326 Executing VM operation: RevokeBias
Event: 47.326 Executing VM operation: RevokeBias done
Event: 47.337 Thread 0x000001dd11bb0000 Thread added: 0x000001dd11bb0000
Event: 47.364 Thread 0x000001dd11bad800 Thread added: 0x000001dd11bad800
Event: 47.365 Thread 0x000001dd11bb6800 Thread added: 0x000001dd11bb6800
Event: 47.366 Thread 0x000001dd11bb9000 Thread added: 0x000001dd11bb9000
Event: 47.366 Executing VM operation: RevokeBias
Event: 47.367 Executing VM operation: RevokeBias done
Event: 47.381 Thread 0x000001dd11bb9800 Thread added: 0x000001dd11bb9800
Event: 47.383 Thread 0x000001dd7da06800 Thread added: 0x000001dd7da06800
Event: 47.384 loading class org/gradle/internal/watch/vfs/impl/WatchingVirtualFileSystem
Event: 47.384 loading class org/gradle/internal/watch/vfs/impl/WatchingVirtualFileSystem done
Event: 47.384 Executing VM operation: RevokeBias
Event: 47.386 Executing VM operation: RevokeBias done
Event: 47.437 Thread 0x000001dd11bb4000 Thread added: 0x000001dd11bb4000
Event: 47.442 Thread 0x000001dd11bb8000 Thread added: 0x000001dd11bb8000
Event: 47.450 Thread 0x000001dd11bba800 Thread added: 0x000001dd11bba800
Event: 47.474 Thread 0x000001dd11bb5000 Thread added: 0x000001dd11bb5000
Event: 47.614 Thread 0x000001dd11bb5800 Thread added: 0x000001dd11bb5800


Dynamic libraries:
0x00007ff7b59a0000 - 0x00007ff7b59aa000 	C:\Program Files\Android\Android Studio\jre\bin\java.exe
0x00007ff99b3b0000 - 0x00007ff99b5a5000 	C:\WINDOWS\SYSTEM32\ntdll.dll
0x00007ff99a170000 - 0x00007ff99a22e000 	C:\WINDOWS\System32\KERNEL32.DLL
0x00007ff998b60000 - 0x00007ff998e29000 	C:\WINDOWS\System32\KERNELBASE.dll
0x00007ff998ed0000 - 0x00007ff998fd0000 	C:\WINDOWS\System32\ucrtbase.dll
0x00007ff980a50000 - 0x00007ff980a67000 	C:\Program Files\Android\Android Studio\jre\bin\VCRUNTIME140.dll
0x00007ff987bb0000 - 0x00007ff987bc9000 	C:\Program Files\Android\Android Studio\jre\bin\jli.dll
0x00007ff99a9e0000 - 0x00007ff99ab81000 	C:\WINDOWS\System32\USER32.dll
0x00007ff999290000 - 0x00007ff9992b2000 	C:\WINDOWS\System32\win32u.dll
0x00007ff985610000 - 0x00007ff9858aa000 	C:\WINDOWS\WinSxS\amd64_microsoft.windows.common-controls_6595b64144ccf1df_6.0.19041.1110_none_60b5254171f9507e\COMCTL32.dll
0x00007ff999ea0000 - 0x00007ff999ecb000 	C:\WINDOWS\System32\GDI32.dll
0x00007ff99ab90000 - 0x00007ff99ac2e000 	C:\WINDOWS\System32\msvcrt.dll
0x00007ff999180000 - 0x00007ff99928b000 	C:\WINDOWS\System32\gdi32full.dll
0x00007ff998e30000 - 0x00007ff998ecd000 	C:\WINDOWS\System32\msvcp_win.dll
0x00007ff999fb0000 - 0x00007ff999fe0000 	C:\WINDOWS\System32\IMM32.DLL
0x00007ff94c3a0000 - 0x00007ff94c43d000 	C:\Program Files\Android\Android Studio\jre\bin\msvcp140.dll
0x00007ff94e3a0000 - 0x00007ff94ee6f000 	C:\Program Files\Android\Android Studio\jre\bin\server\jvm.dll
0x00007ff99a440000 - 0x00007ff99a4ec000 	C:\WINDOWS\System32\ADVAPI32.dll
0x00007ff999fe0000 - 0x00007ff99a07b000 	C:\WINDOWS\System32\sechost.dll
0x00007ff999a10000 - 0x00007ff999b3a000 	C:\WINDOWS\System32\RPCRT4.dll
0x00007ff99a580000 - 0x00007ff99a588000 	C:\WINDOWS\System32\PSAPI.DLL
0x00007ff984580000 - 0x00007ff984589000 	C:\WINDOWS\SYSTEM32\WSOCK32.dll
0x00007ff98aa20000 - 0x00007ff98aa47000 	C:\WINDOWS\SYSTEM32\WINMM.dll
0x00007ff98f0c0000 - 0x00007ff98f0ca000 	C:\WINDOWS\SYSTEM32\VERSION.dll
0x00007ff99a100000 - 0x00007ff99a16b000 	C:\WINDOWS\System32\WS2_32.dll
0x00007ff997350000 - 0x00007ff997362000 	C:\WINDOWS\SYSTEM32\kernel.appcore.dll
0x00007ff9827e0000 - 0x00007ff9827f1000 	C:\Program Files\Android\Android Studio\jre\bin\verify.dll
0x00007ff9874d0000 - 0x00007ff9876b4000 	C:\WINDOWS\SYSTEM32\DBGHELP.DLL
0x00007ff9832d0000 - 0x00007ff9832fc000 	C:\WINDOWS\SYSTEM32\dbgcore.DLL
0x00007ff998ad0000 - 0x00007ff998b53000 	C:\WINDOWS\System32\bcryptPrimitives.dll
0x00007ff9827b0000 - 0x00007ff9827d9000 	C:\Program Files\Android\Android Studio\jre\bin\java.dll
0x00007ff9827a0000 - 0x00007ff9827ab000 	C:\Program Files\Android\Android Studio\jre\bin\jimage.dll
0x00007ff982780000 - 0x00007ff982798000 	C:\Program Files\Android\Android Studio\jre\bin\zip.dll
0x00007ff99ac30000 - 0x00007ff99b36f000 	C:\WINDOWS\System32\SHELL32.dll
0x00007ff996b80000 - 0x00007ff997310000 	C:\WINDOWS\SYSTEM32\windows.storage.dll
0x00007ff999b40000 - 0x00007ff999e95000 	C:\WINDOWS\System32\combase.dll
0x00007ff998520000 - 0x00007ff99854c000 	C:\WINDOWS\SYSTEM32\Wldp.dll
0x00007ff99a300000 - 0x00007ff99a3ae000 	C:\WINDOWS\System32\SHCORE.dll
0x00007ff999400000 - 0x00007ff999455000 	C:\WINDOWS\System32\shlwapi.dll
0x00007ff998a10000 - 0x00007ff998a2f000 	C:\WINDOWS\SYSTEM32\profapi.dll
0x00007ff982760000 - 0x00007ff98277a000 	C:\Program Files\Android\Android Studio\jre\bin\net.dll
0x00007ff98e490000 - 0x00007ff98e598000 	C:\WINDOWS\SYSTEM32\WINHTTP.dll
0x00007ff998280000 - 0x00007ff9982ea000 	C:\WINDOWS\system32\mswsock.dll
0x00007ff982740000 - 0x00007ff982754000 	C:\Program Files\Android\Android Studio\jre\bin\nio.dll
0x00007ff96fd80000 - 0x00007ff96fda7000 	C:\Users\TabSan\.gradle\native\8bec1ad78214c89d9ad589b4d07fe93259594b29d510b10fafb7a158f7737e5d\windows-amd64\native-platform.dll
0x00007ff949510000 - 0x00007ff94964d000 	C:\Users\TabSan\.gradle\native\53dbd7edfb1c66fb8903c78663c9afc45aea4f116125fa6feffd364cf09443e8\windows-amd64\native-platform-file-events.dll
0x00007ff9825c0000 - 0x00007ff9825ca000 	C:\Program Files\Android\Android Studio\jre\bin\management.dll
0x00007ff9825b0000 - 0x00007ff9825bc000 	C:\Program Files\Android\Android Studio\jre\bin\management_ext.dll
0x00007ff998470000 - 0x00007ff998488000 	C:\WINDOWS\SYSTEM32\CRYPTSP.dll
0x00007ff997b90000 - 0x00007ff997bc4000 	C:\WINDOWS\system32\rsaenh.dll
0x00007ff999370000 - 0x00007ff999397000 	C:\WINDOWS\System32\bcrypt.dll
0x00007ff998990000 - 0x00007ff9989be000 	C:\WINDOWS\SYSTEM32\USERENV.dll
0x00007ff998490000 - 0x00007ff99849c000 	C:\WINDOWS\SYSTEM32\CRYPTBASE.dll
0x00007ff997f00000 - 0x00007ff997f3b000 	C:\WINDOWS\SYSTEM32\IPHLPAPI.DLL
0x00007ff99a4f0000 - 0x00007ff99a4f8000 	C:\WINDOWS\System32\NSI.dll
0x00007ff98f080000 - 0x00007ff98f097000 	C:\WINDOWS\SYSTEM32\dhcpcsvc6.DLL
0x00007ff98f320000 - 0x00007ff98f33d000 	C:\WINDOWS\SYSTEM32\dhcpcsvc.DLL
0x00007ff997f60000 - 0x00007ff99802c000 	C:\WINDOWS\SYSTEM32\DNSAPI.dll

dbghelp: loaded successfully - version: 4.0.5 - missing functions: none
symbol engine: initialized successfully - sym options: 0x614 - pdb path: .;C:\Program Files\Android\Android Studio\jre\bin;C:\WINDOWS\SYSTEM32;C:\WINDOWS\WinSxS\amd64_microsoft.windows.common-controls_6595b64144ccf1df_6.0.19041.1110_none_60b5254171f9507e;C:\Program Files\Android\Android Studio\jre\bin\server;C:\Users\TabSan\.gradle\native\8bec1ad78214c89d9ad589b4d07fe93259594b29d510b10fafb7a158f7737e5d\windows-amd64;C:\Users\TabSan\.gradle\native\53dbd7edfb1c66fb8903c78663c9afc45aea4f116125fa6feffd364cf09443e8\windows-amd64

VM Arguments:
jvm_args: --add-opens=java.base/java.util=ALL-UNNAMED --add-opens=java.base/java.lang=ALL-UNNAMED --add-opens=java.base/java.lang.invoke=ALL-UNNAMED --add-opens=java.base/java.util=ALL-UNNAMED --add-opens=java.prefs/java.util.prefs=ALL-UNNAMED --add-opens=java.prefs/java.util.prefs=ALL-UNNAMED --add-opens=java.base/java.nio.charset=ALL-UNNAMED --add-opens=java.base/java.net=ALL-UNNAMED --add-opens=java.base/java.util.concurrent.atomic=ALL-UNNAMED -Xmx2048m -Dfile.encoding=UTF-8 -Duser.country=MX -Duser.language=es -Duser.variant 
java_command: org.gradle.launcher.daemon.bootstrap.GradleDaemon 7.0.2
java_class_path (initial): C:\Users\TabSan\.gradle\wrapper\dists\gradle-7.0.2-bin\857tjihv64xamwrf0h14cai3r\gradle-7.0.2\lib\gradle-launcher-7.0.2.jar
Launcher Type: SUN_STANDARD

[Global flags]
     intx CICompilerCount                          = 3                                         {product} {ergonomic}
     uint ConcGCThreads                            = 1                                         {product} {ergonomic}
     uint G1ConcRefinementThreads                  = 4                                         {product} {ergonomic}
   size_t G1HeapRegionSize                         = 1048576                                   {product} {ergonomic}
    uintx GCDrainStackTargetSize                   = 64                                        {product} {ergonomic}
   size_t InitialHeapSize                          = 134217728                                 {product} {ergonomic}
   size_t MarkStackSize                            = 4194304                                   {product} {ergonomic}
   size_t MaxHeapSize                              = 2147483648                                {product} {command line}
   size_t MaxNewSize                               = 1287651328                                {product} {ergonomic}
   size_t MinHeapDeltaBytes                        = 1048576                                   {product} {ergonomic}
    uintx NonNMethodCodeHeapSize                   = 5830732                                {pd product} {ergonomic}
    uintx NonProfiledCodeHeapSize                  = 122913754                              {pd product} {ergonomic}
    uintx ProfiledCodeHeapSize                     = 122913754                              {pd product} {ergonomic}
    uintx ReservedCodeCacheSize                    = 251658240                              {pd product} {ergonomic}
     bool SegmentedCodeCache                       = true                                      {product} {ergonomic}
     bool UseCompressedClassPointers               = true                                 {lp64_product} {ergonomic}
     bool UseCompressedOops                        = true                                 {lp64_product} {ergonomic}
     bool UseG1GC                                  = true                                      {product} {ergonomic}
     bool UseLargePagesIndividualAllocation        = false                                  {pd product} {ergonomic}

Logging:
Log output configuration:
 #0: stdout all=warning uptime,level,tags
 #1: stderr all=off uptime,level,tags

Environment Variables:
JAVA_HOME=C:\Program Files\AdoptOpenJDK\jdk-11.0.11.9-hotspot\
PATH=C:\kotlinc\bin;C:\ProgramData\Oracle\Java\javapath;C:\WINDOWS\system32;C:\WINDOWS;C:\WINDOWS\System32\Wbem;C:\WINDOWS\System32\WindowsPowerShell\v1.0\;C:\Program Files\Java\jdk1.8.0_144\bin;C:\WINDOWS\System32\OpenSSH\;C:\Program Files\Common Files\Autodesk Shared\;C:\Program Files (x86)\Microsoft SQL Server\100\Tools\Binn\;C:\Program Files\Microsoft SQL Server\100\Tools\Binn\;C:\Program Files\Microsoft SQL Server\100\DTS\Binn\;C:\Program Files (x86)\Microsoft SQL Server\100\Tools\Binn\VSShell\Common7\IDE\;C:\Program Files (x86)\Microsoft SQL Server\100\DTS\Binn\;C:\Program Files (x86)\Microsoft Visual Studio 9.0\Common7\IDE\PrivateAssemblies\;C:\Program Files\Git\cmd;C:\Program Files\dotnet\;C:\Program Files\nodejs\;C:\ProgramData\chocolatey\bin;C:\Program Files (x86)\PDFtk Server\bin\;C:\Users\TabSan\AppData\Local\Programs\Python\Python35\Scripts\;C:\Users\TabSan\AppData\Local\Programs\Python\Python35\;C:\Users\TabSan\AppData\Local\Programs\Python\Python39\Scripts\;C:\Users\TabSan\AppData\Local\Programs\Python\Python39\;C:\Users\TabSan\AppData\Local\Programs\Python\Python38\Scripts\;C:\Users\TabSan\AppData\Local\Programs\Python\Python38\;C:\Users\TabSan\AppData\Local\Microsoft\WindowsApps;C:\Users\TabSan\AppData\Local\atom\bin;C:\Users\TabSan\AppData\Local\Microsoft\WindowsApps;C:\Users\TabSan\.dotnet\tools;E:\DOCUMENTOS\SQLite\sqlite-tools-win32-x86-3360000;C:\Users\TabSan\AppData\Local\Programs\Microsoft VS Code\bin;C:\Users\TabSan\AppData\Roaming\npm;C:\Program Files\MongoDB\Server\4.2\bin;C:\kotlinc\bin;
USERNAME=TabSan
OS=Windows_NT
PROCESSOR_IDENTIFIER=Intel64 Family 6 Model 58 Stepping 9, GenuineIntel



---------------  S Y S T E M  ---------------

OS: Windows 10 , 64 bit Build 19041 (10.0.19041.1202)
OS uptime: 0 days 0:16 hours

CPU:total 4 (initial active 4) (2 cores per cpu, 2 threads per core) family 6 model 58 stepping 9 microcode 0x21, cmov, cx8, fxsr, mmx, sse, sse2, sse3, ssse3, sse4.1, sse4.2, popcnt, avx, aes, clmul, erms, ht, tsc, tscinvbit, tscinv

Memory: 4k page, system-wide physical 8074M (3547M free)
TotalPageFile size 10890M (AvailPageFile size 6376M)
current process WorkingSet (physical memory assigned to process): 289M, peak: 301M
current process commit charge ("private bytes"): 348M, peak: 360M

vm_info: OpenJDK 64-Bit Server VM (11.0.10+0-b96-7249189) for windows-amd64 JRE (11.0.10+0-b96-7249189), built on Mar 31 2021 21:44:00 by "builder" with MS VC++ 14.0 (VS2015)

END.
