#
# A fatal error has been detected by the Java Runtime Environment:
#
#  EXCEPTION_ACCESS_VIOLATION (0xc0000005) at pc=0x000001af00000003, pid=11852, tid=7980
#
# JRE version: OpenJDK Runtime Environment (11.0.10) (build 11.0.10+0-b96-7249189)
# Java VM: OpenJDK 64-Bit Server VM (11.0.10+0-b96-7249189, mixed mode, tiered, compressed oops, g1 gc, windows-amd64)
# Problematic frame:
# C  0x000001af00000003
#
# No core dump will be written. Minidumps are not enabled by default on client versions of Windows
#
# If you would like to submit a bug report, please visit:
#   https://bugreport.java.com/bugreport/crash.jsp
#

---------------  S U M M A R Y ------------

Command Line: --add-opens=java.base/java.util=ALL-UNNAMED --add-opens=java.base/java.lang=ALL-UNNAMED --add-opens=java.base/java.lang.invoke=ALL-UNNAMED --add-opens=java.base/java.util=ALL-UNNAMED --add-opens=java.prefs/java.util.prefs=ALL-UNNAMED --add-opens=java.prefs/java.util.prefs=ALL-UNNAMED --add-opens=java.base/java.nio.charset=ALL-UNNAMED --add-opens=java.base/java.net=ALL-UNNAMED --add-opens=java.base/java.util.concurrent.atomic=ALL-UNNAMED -Xmx2048m -Dfile.encoding=UTF-8 -Duser.country=MX -Duser.language=es -Duser.variant org.gradle.launcher.daemon.bootstrap.GradleDaemon 7.0.2

Host: Intel(R) Core(TM) i5-3337U CPU @ 1.80GHz, 4 cores, 7G,  Windows 10 , 64 bit Build 19041 (10.0.19041.1202)
Time: Wed Nov 24 21:42:09 2021 Hora est. Pacífico, Sudamérica elapsed time: 55.935749 seconds (0d 0h 0m 55s)

---------------  T H R E A D  ---------------

Current thread (0x0000026630188000):  GCTaskThread "GC Thread#0" [stack: 0x000000e8f0a00000,0x000000e8f0b00000] [id=7980]

Stack: [0x000000e8f0a00000,0x000000e8f0b00000],  sp=0x000000e8f0aff608,  free space=1021k
Native frames: (J=compiled Java code, j=interpreted, Vv=VM code, C=native code)
C  0x000001af00000003


siginfo: EXCEPTION_ACCESS_VIOLATION (0xc0000005), data execution prevention violation at address 0x000001af00000003


Register to memory mapping:

RIP=0x000001af00000003 is an unknown value
RAX=0x0000000000000266 is an unknown value
RBX=0x0000000086c695b8 is an oop: 
[error occurred during error reporting (printing register info), id 0xc0000005, EXCEPTION_ACCESS_VIOLATION (0xc0000005) at pc=0x0000026649c3ff38]

Registers:
RAX=0x0000000000000266, RBX=0x0000000086c695b8, RCX=0x0000026654ab6430, RDX=0x0000000086c695b8
RSP=0x000000e8f0aff608, RBP=0x000000000000000d, RSI=0x0000026654ab62c0, RDI=0x0000026654ab62c0
R8 =0x00000001008b2af8, R9 =0x00007ff94ed33400, R10=0x0000000000000000, R11=0x0000000000000246
R12=0x00000000093b200e, R13=0x0000000000000000, R14=0x0000000000000001, R15=0x0000000086c695b8
RIP=0x000001af00000003, EFLAGS=0x0000000000010202

Top of Stack: (sp=0x000000e8f0aff608)
0x000000e8f0aff608:   00007ff94e69fd67 0000000086c695b8
0x000000e8f0aff618:   000000000000000d 000002663021f010
0x000000e8f0aff628:   0000026654ab62c0 0000000000000000
0x000000e8f0aff638:   00007ff94e69f854 0000026654ab62c0
0x000000e8f0aff648:   0000000086f1c801 000000000000000d
0x000000e8f0aff658:   000000000000000d 0000026630188fa0
0x000000e8f0aff668:   00000000835d83e0 0000000254ab6402
0x000000e8f0aff678:   0000000000000011 0000000000000001
0x000000e8f0aff688:   0000026654ab62c0 0000000000000040
0x000000e8f0aff698:   0000026630189020 0000000000000000
0x000000e8f0aff6a8:   0000026654ab62c0 000000e8f0aff901
0x000000e8f0aff6b8:   00007ff94e671282 0000026654ab6200
0x000000e8f0aff6c8:   00007ff94e674101 0000000000000100
0x000000e8f0aff6d8:   0000000086f1c880 0000026630188fa0
0x000000e8f0aff6e8:   00007ff94e69db7b 0000000000000aec
0x000000e8f0aff6f8:   0000000000000acd 000000e8f0aff901 

Instructions: (pc=0x000001af00000003)
0x000001aeffffff03:   ?? ?? ?? ?? ?? ?? ?? ?? ?? ?? ?? ?? ?? ?? ?? ??
0x000001aeffffff13:   ?? ?? ?? ?? ?? ?? ?? ?? ?? ?? ?? ?? ?? ?? ?? ??
0x000001aeffffff23:   ?? ?? ?? ?? ?? ?? ?? ?? ?? ?? ?? ?? ?? ?? ?? ??
0x000001aeffffff33:   ?? ?? ?? ?? ?? ?? ?? ?? ?? ?? ?? ?? ?? ?? ?? ??
0x000001aeffffff43:   ?? ?? ?? ?? ?? ?? ?? ?? ?? ?? ?? ?? ?? ?? ?? ??
0x000001aeffffff53:   ?? ?? ?? ?? ?? ?? ?? ?? ?? ?? ?? ?? ?? ?? ?? ??
0x000001aeffffff63:   ?? ?? ?? ?? ?? ?? ?? ?? ?? ?? ?? ?? ?? ?? ?? ??
0x000001aeffffff73:   ?? ?? ?? ?? ?? ?? ?? ?? ?? ?? ?? ?? ?? ?? ?? ??
0x000001aeffffff83:   ?? ?? ?? ?? ?? ?? ?? ?? ?? ?? ?? ?? ?? ?? ?? ??
0x000001aeffffff93:   ?? ?? ?? ?? ?? ?? ?? ?? ?? ?? ?? ?? ?? ?? ?? ??
0x000001aeffffffa3:   ?? ?? ?? ?? ?? ?? ?? ?? ?? ?? ?? ?? ?? ?? ?? ??
0x000001aeffffffb3:   ?? ?? ?? ?? ?? ?? ?? ?? ?? ?? ?? ?? ?? ?? ?? ??
0x000001aeffffffc3:   ?? ?? ?? ?? ?? ?? ?? ?? ?? ?? ?? ?? ?? ?? ?? ??
0x000001aeffffffd3:   ?? ?? ?? ?? ?? ?? ?? ?? ?? ?? ?? ?? ?? ?? ?? ??
0x000001aeffffffe3:   ?? ?? ?? ?? ?? ?? ?? ?? ?? ?? ?? ?? ?? ?? ?? ??
0x000001aefffffff3:   ?? ?? ?? ?? ?? ?? ?? ?? ?? ?? ?? ?? ?? ?? ?? ??
0x000001af00000003:   ?? ?? ?? ?? ?? ?? ?? ?? ?? ?? ?? ?? ?? ?? ?? ??
0x000001af00000013:   ?? ?? ?? ?? ?? ?? ?? ?? ?? ?? ?? ?? ?? ?? ?? ??
0x000001af00000023:   ?? ?? ?? ?? ?? ?? ?? ?? ?? ?? ?? ?? ?? ?? ?? ??
0x000001af00000033:   ?? ?? ?? ?? ?? ?? ?? ?? ?? ?? ?? ?? ?? ?? ?? ??
0x000001af00000043:   ?? ?? ?? ?? ?? ?? ?? ?? ?? ?? ?? ?? ?? ?? ?? ??
0x000001af00000053:   ?? ?? ?? ?? ?? ?? ?? ?? ?? ?? ?? ?? ?? ?? ?? ??
0x000001af00000063:   ?? ?? ?? ?? ?? ?? ?? ?? ?? ?? ?? ?? ?? ?? ?? ??
0x000001af00000073:   ?? ?? ?? ?? ?? ?? ?? ?? ?? ?? ?? ?? ?? ?? ?? ??
0x000001af00000083:   ?? ?? ?? ?? ?? ?? ?? ?? ?? ?? ?? ?? ?? ?? ?? ??
0x000001af00000093:   ?? ?? ?? ?? ?? ?? ?? ?? ?? ?? ?? ?? ?? ?? ?? ??
0x000001af000000a3:   ?? ?? ?? ?? ?? ?? ?? ?? ?? ?? ?? ?? ?? ?? ?? ??
0x000001af000000b3:   ?? ?? ?? ?? ?? ?? ?? ?? ?? ?? ?? ?? ?? ?? ?? ??
0x000001af000000c3:   ?? ?? ?? ?? ?? ?? ?? ?? ?? ?? ?? ?? ?? ?? ?? ??
0x000001af000000d3:   ?? ?? ?? ?? ?? ?? ?? ?? ?? ?? ?? ?? ?? ?? ?? ??
0x000001af000000e3:   ?? ?? ?? ?? ?? ?? ?? ?? ?? ?? ?? ?? ?? ?? ?? ??
0x000001af000000f3:   ?? ?? ?? ?? ?? ?? ?? ?? ?? ?? ?? ?? ?? ?? ?? ?? 


Stack slot to memory mapping:
stack at sp + 0 slots: 0x00007ff94e69fd67 jvm.dll
stack at sp + 1 slots: 0x0000000086c695b8 is an oop: 
[error occurred during error reporting (inspecting top of stack), id 0xc0000005, EXCEPTION_ACCESS_VIOLATION (0xc0000005) at pc=0x0000026649c3ff38]


---------------  P R O C E S S  ---------------

Threads class SMR info:
_java_thread_list=0x00000266519b3ea0, length=48, elements={
0x000002663016e800, 0x0000026649d42800, 0x0000026649d46000, 0x000002664a6f2800,
0x0000026649d5b800, 0x0000026649d5f800, 0x0000026649d67000, 0x0000026649d70000,
0x0000026649d74000, 0x000002664a829000, 0x000002664cb09000, 0x000002664cb05000,
0x000002664cb06000, 0x000002664cb08800, 0x000002664cb07000, 0x000002664cb07800,
0x000002664cb03800, 0x000002664cb0a000, 0x000002664cb04800, 0x000002664c8ee000,
0x000002664c8f1800, 0x000002664c8f4000, 0x000002664c8f5000, 0x000002664c8f3000,
0x000002664c8f2800, 0x000002664c8ef000, 0x000002664c8f0000, 0x000002664c8f5800,
0x000002664c8f6800, 0x000002664c8f0800, 0x000002664c8fd000, 0x000002664c8fb800,
0x000002664c8fc000, 0x000002664c8f8000, 0x000002664c8f7000, 0x000002664c8f9000,
0x0000026650a6b000, 0x0000026650a6e000, 0x0000026650a70800, 0x0000026650a6c800,
0x0000026650a6f000, 0x0000026650a6f800, 0x0000026650a6b800, 0x0000026650a72000,
0x0000026650a73000, 0x0000026650a6d000, 0x0000026650a74800, 0x0000026651402800
}

Java Threads: ( => current thread )
  0x000002663016e800 JavaThread "main" [_thread_blocked, id=10832, stack(0x000000e8f0900000,0x000000e8f0a00000)]
  0x0000026649d42800 JavaThread "Reference Handler" daemon [_thread_blocked, id=9864, stack(0x000000e8f1000000,0x000000e8f1100000)]
  0x0000026649d46000 JavaThread "Finalizer" daemon [_thread_blocked, id=10344, stack(0x000000e8f1100000,0x000000e8f1200000)]
  0x000002664a6f2800 JavaThread "Signal Dispatcher" daemon [_thread_blocked, id=10060, stack(0x000000e8f1200000,0x000000e8f1300000)]
  0x0000026649d5b800 JavaThread "Attach Listener" daemon [_thread_blocked, id=9384, stack(0x000000e8f1300000,0x000000e8f1400000)]
  0x0000026649d5f800 JavaThread "Service Thread" daemon [_thread_blocked, id=196, stack(0x000000e8f1400000,0x000000e8f1500000)]
  0x0000026649d67000 JavaThread "C2 CompilerThread0" daemon [_thread_blocked, id=3604, stack(0x000000e8f1500000,0x000000e8f1600000)]
  0x0000026649d70000 JavaThread "C1 CompilerThread0" daemon [_thread_blocked, id=8184, stack(0x000000e8f1600000,0x000000e8f1700000)]
  0x0000026649d74000 JavaThread "Sweeper thread" daemon [_thread_blocked, id=6452, stack(0x000000e8f1700000,0x000000e8f1800000)]
  0x000002664a829000 JavaThread "Common-Cleaner" daemon [_thread_blocked, id=11756, stack(0x000000e8f1800000,0x000000e8f1900000)]
  0x000002664cb09000 JavaThread "Daemon health stats" [_thread_blocked, id=4296, stack(0x000000e8f1d00000,0x000000e8f1e00000)]
  0x000002664cb05000 JavaThread "Incoming local TCP Connector on port 50252" [_thread_in_native, id=11432, stack(0x000000e8f1a00000,0x000000e8f1b00000)]
  0x000002664cb06000 JavaThread "Daemon periodic checks" [_thread_blocked, id=11628, stack(0x000000e8f1e00000,0x000000e8f1f00000)]
  0x000002664cb08800 JavaThread "Daemon" [_thread_blocked, id=10040, stack(0x000000e8f1f00000,0x000000e8f2000000)]
  0x000002664cb07000 JavaThread "Handler for socket connection from /127.0.0.1:50252 to /127.0.0.1:50253" [_thread_in_native, id=9808, stack(0x000000e8f2000000,0x000000e8f2100000)]
  0x000002664cb07800 JavaThread "Cancel handler" [_thread_blocked, id=10828, stack(0x000000e8f2100000,0x000000e8f2200000)]
  0x000002664cb03800 JavaThread "Daemon worker" [_thread_blocked, id=11920, stack(0x000000e8f2200000,0x000000e8f2300000)]
  0x000002664cb0a000 JavaThread "Asynchronous log dispatcher for DefaultDaemonConnection: socket connection from /127.0.0.1:50252 to /127.0.0.1:50253" [_thread_blocked, id=11860, stack(0x000000e8f2300000,0x000000e8f2400000)]
  0x000002664cb04800 JavaThread "Stdin handler" [_thread_blocked, id=11600, stack(0x000000e8f2400000,0x000000e8f2500000)]
  0x000002664c8ee000 JavaThread "Daemon client event forwarder" [_thread_blocked, id=11768, stack(0x000000e8f2500000,0x000000e8f2600000)]
  0x000002664c8f1800 JavaThread "Cache worker for file hash cache (C:\Users\TabSan\.gradle\caches\7.0.2\fileHashes)" [_thread_blocked, id=12316, stack(0x000000e8f2700000,0x000000e8f2800000)]
  0x000002664c8f4000 JavaThread "File lock request listener" [_thread_in_native, id=12320, stack(0x000000e8f2800000,0x000000e8f2900000)]
  0x000002664c8f5000 JavaThread "Cache worker for journal cache (C:\Users\TabSan\.gradle\caches\journal-1)" [_thread_blocked, id=12340, stack(0x000000e8f2900000,0x000000e8f2a00000)]
  0x000002664c8f3000 JavaThread "Cache worker for file hash cache (C:\Users\TabSan\AndroidStudioProjects\OurApp\.gradle\7.0.2\fileHashes)" [_thread_blocked, id=12348, stack(0x000000e8f2b00000,0x000000e8f2c00000)]
  0x000002664c8f2800 JavaThread "File watcher server" daemon [_thread_blocked, id=12352, stack(0x000000e8f2c00000,0x000000e8f2d00000)]
  0x000002664c8ef000 JavaThread "File watcher consumer" daemon [_thread_blocked, id=12356, stack(0x000000e8f2d00000,0x000000e8f2e00000)]
  0x000002664c8f0000 JavaThread "Cache worker for checksums cache (C:\Users\TabSan\AndroidStudioProjects\OurApp\.gradle\checksums)" [_thread_blocked, id=12360, stack(0x000000e8f2e00000,0x000000e8f2f00000)]
  0x000002664c8f5800 JavaThread "Cache worker for cache directory md-supplier (C:\Users\TabSan\.gradle\caches\7.0.2\md-supplier)" [_thread_blocked, id=12364, stack(0x000000e8f2f00000,0x000000e8f3000000)]
  0x000002664c8f6800 JavaThread "Cache worker for cache directory md-rule (C:\Users\TabSan\.gradle\caches\7.0.2\md-rule)" [_thread_blocked, id=12368, stack(0x000000e8f3000000,0x000000e8f3100000)]
  0x000002664c8f0800 JavaThread "Cache worker for execution history cache (C:\Users\TabSan\.gradle\caches\7.0.2\executionHistory)" [_thread_blocked, id=12380, stack(0x000000e8f3100000,0x000000e8f3200000)]
  0x000002664c8fd000 JavaThread "jar transforms" [_thread_blocked, id=12384, stack(0x000000e8f3200000,0x000000e8f3300000)]
  0x000002664c8fb800 JavaThread "jar transforms Thread 2" [_thread_blocked, id=12388, stack(0x000000e8f3300000,0x000000e8f3400000)]
  0x000002664c8fc000 JavaThread "Cache worker for file content cache (C:\Users\TabSan\.gradle\caches\7.0.2\fileContent)" [_thread_blocked, id=12392, stack(0x000000e8f3400000,0x000000e8f3500000)]
  0x000002664c8f8000 JavaThread "Cache worker for dependencies-accessors (C:\Users\TabSan\AndroidStudioProjects\OurApp\.gradle\7.0.2\dependencies-accessors)" [_thread_blocked, id=12396, stack(0x000000e8f3500000,0x000000e8f3600000)]
  0x000002664c8f7000 JavaThread "jar transforms Thread 3" [_thread_blocked, id=12400, stack(0x000000e8f3600000,0x000000e8f3700000)]
  0x000002664c8f9000 JavaThread "Cache worker for Build Output Cleanup Cache (C:\Users\TabSan\AndroidStudioProjects\OurApp\.gradle\buildOutputCleanup)" [_thread_blocked, id=12404, stack(0x000000e8f3700000,0x000000e8f3800000)]
  0x0000026650a6b000 JavaThread "Build operations" [_thread_blocked, id=12408, stack(0x000000e8f3800000,0x000000e8f3900000)]
  0x0000026650a6e000 JavaThread "Build operations Thread 2" [_thread_blocked, id=12412, stack(0x000000e8f3900000,0x000000e8f3a00000)]
  0x0000026650a70800 JavaThread "Build operations Thread 3" [_thread_blocked, id=12416, stack(0x000000e8f3a00000,0x000000e8f3b00000)]
  0x0000026650a6c800 JavaThread "Build operations Thread 4" [_thread_blocked, id=12420, stack(0x000000e8f3b00000,0x000000e8f3c00000)]
  0x0000026650a6f000 JavaThread "jar transforms Thread 4" [_thread_blocked, id=12424, stack(0x000000e8f3c00000,0x000000e8f3d00000)]
  0x0000026650a6f800 JavaThread "Memory manager" [_thread_blocked, id=12440, stack(0x000000e8f2a00000,0x000000e8f2b00000)]
  0x0000026650a6b800 JavaThread "build event listener" [_thread_blocked, id=12464, stack(0x000000e8f3e00000,0x000000e8f3f00000)]
  0x0000026650a72000 JavaThread "Execution worker for ':'" [_thread_blocked, id=12472, stack(0x000000e8f3f00000,0x000000e8f4000000)]
  0x0000026650a73000 JavaThread "Execution worker for ':' Thread 2" [_thread_blocked, id=12476, stack(0x000000e8f4000000,0x000000e8f4100000)]
  0x0000026650a6d000 JavaThread "Execution worker for ':' Thread 3" [_thread_blocked, id=12480, stack(0x000000e8f4100000,0x000000e8f4200000)]
  0x0000026650a74800 JavaThread "Cache worker for execution history cache (C:\Users\TabSan\AndroidStudioProjects\OurApp\.gradle\7.0.2\executionHistory)" [_thread_blocked, id=12484, stack(0x000000e8f4200000,0x000000e8f4300000)]
  0x0000026651402800 JavaThread "C2 CompilerThread1" daemon [_thread_blocked, id=12580, stack(0x000000e8f4400000,0x000000e8f4500000)]

Other Threads:
  0x0000026649d3e800 VMThread "VM Thread" [stack: 0x000000e8f0f00000,0x000000e8f1000000] [id=11152]
  0x000002664a872000 WatcherThread [stack: 0x000000e8f1900000,0x000000e8f1a00000] [id=10716]
=>0x0000026630188000 GCTaskThread "GC Thread#0" [stack: 0x000000e8f0a00000,0x000000e8f0b00000] [id=7980]
  0x000002664b101800 GCTaskThread "GC Thread#1" [stack: 0x000000e8f1b00000,0x000000e8f1c00000] [id=11304]
  0x000002664ae9e000 GCTaskThread "GC Thread#2" [stack: 0x000000e8f1c00000,0x000000e8f1d00000] [id=11824]
  0x000002664d2f8800 GCTaskThread "GC Thread#3" [stack: 0x000000e8f2600000,0x000000e8f2700000] [id=12296]
  0x00000266301b8000 ConcurrentGCThread "G1 Main Marker" [stack: 0x000000e8f0b00000,0x000000e8f0c00000] [id=1992]
  0x00000266301b9000 ConcurrentGCThread "G1 Conc#0" [stack: 0x000000e8f0c00000,0x000000e8f0d00000] [id=2164]
  0x000002663024c800 ConcurrentGCThread "G1 Refine#0" [stack: 0x000000e8f0d00000,0x000000e8f0e00000] [id=9728]
  0x000002663024e000 ConcurrentGCThread "G1 Young RemSet Sampling" [stack: 0x000000e8f0e00000,0x000000e8f0f00000] [id=10668]

Threads with active compile tasks:
C2 CompilerThread1  55997 10869   !   4       sun.nio.fs.WindowsPath::getPathForWin32Calls (138 bytes)

VM state:at safepoint (normal execution)

VM Mutex/Monitor currently owned by a thread:  ([mutex/lock_event])
[0x000002663016a650] Threads_lock - owner thread: 0x0000026649d3e800
[0x000002663016ae30] Heap_lock - owner thread: 0x0000026650a6c800

Heap address: 0x0000000080000000, size: 2048 MB, Compressed Oops mode: 32-bit
Narrow klass base: 0x0000000000000000, Narrow klass shift: 3
Compressed class space size: 1073741824 Address: 0x0000000100000000

Heap:
 garbage-first heap   total 189440K, used 151444K [0x0000000080000000, 0x0000000100000000)
  region size 1024K, 74 young (75776K), 4 survivors (4096K)
 Metaspace       used 81288K, capacity 83550K, committed 83660K, reserved 1122304K
  class space    used 10547K, capacity 11359K, committed 11468K, reserved 1048576K
Heap Regions: E=young(eden), S=young(survivor), O=old, HS=humongous(starts), HC=humongous(continues), CS=collection set, F=free, A=archive, TAMS=top-at-mark-start (previous, next)
|   0|0x0000000080000000, 0x0000000080100000, 0x0000000080100000|100%| O|  |TAMS 0x0000000080100000, 0x0000000080000000| Untracked 
|   1|0x0000000080100000, 0x0000000080200000, 0x0000000080200000|100%| O|  |TAMS 0x0000000080200000, 0x0000000080100000| Untracked 
|   2|0x0000000080200000, 0x0000000080300000, 0x0000000080300000|100%| O|  |TAMS 0x0000000080300000, 0x0000000080200000| Untracked 
|   3|0x0000000080300000, 0x0000000080400000, 0x0000000080400000|100%| O|  |TAMS 0x0000000080400000, 0x0000000080300000| Untracked 
|   4|0x0000000080400000, 0x0000000080500000, 0x0000000080500000|100%| O|  |TAMS 0x0000000080500000, 0x0000000080400000| Untracked 
|   5|0x0000000080500000, 0x0000000080600000, 0x0000000080600000|100%| O|  |TAMS 0x0000000080600000, 0x0000000080500000| Untracked 
|   6|0x0000000080600000, 0x0000000080700000, 0x0000000080700000|100%| O|  |TAMS 0x0000000080700000, 0x0000000080600000| Untracked 
|   7|0x0000000080700000, 0x0000000080800000, 0x0000000080800000|100%| O|  |TAMS 0x0000000080800000, 0x0000000080700000| Untracked 
|   8|0x0000000080800000, 0x0000000080900000, 0x0000000080900000|100%| O|  |TAMS 0x0000000080900000, 0x0000000080800000| Untracked 
|   9|0x0000000080900000, 0x0000000080a00000, 0x0000000080a00000|100%| O|  |TAMS 0x0000000080a00000, 0x0000000080900000| Untracked 
|  10|0x0000000080a00000, 0x0000000080b00000, 0x0000000080b00000|100%| O|  |TAMS 0x0000000080b00000, 0x0000000080a00000| Untracked 
|  11|0x0000000080b00000, 0x0000000080c00000, 0x0000000080c00000|100%| O|  |TAMS 0x0000000080c00000, 0x0000000080b00000| Untracked 
|  12|0x0000000080c00000, 0x0000000080d00000, 0x0000000080d00000|100%| O|  |TAMS 0x0000000080d00000, 0x0000000080c00000| Untracked 
|  13|0x0000000080d00000, 0x0000000080e00000, 0x0000000080e00000|100%|HS|  |TAMS 0x0000000080e00000, 0x0000000080d00000| Complete 
|  14|0x0000000080e00000, 0x0000000080f00000, 0x0000000080f00000|100%| O|  |TAMS 0x0000000080f00000, 0x0000000080e00000| Untracked 
|  15|0x0000000080f00000, 0x0000000081000000, 0x0000000081000000|100%| O|  |TAMS 0x0000000081000000, 0x0000000080f00000| Untracked 
|  16|0x0000000081000000, 0x0000000081100000, 0x0000000081100000|100%| O|  |TAMS 0x0000000081100000, 0x0000000081000000| Untracked 
|  17|0x0000000081100000, 0x0000000081200000, 0x0000000081200000|100%| O|  |TAMS 0x0000000081200000, 0x0000000081100000| Untracked 
|  18|0x0000000081200000, 0x0000000081300000, 0x0000000081300000|100%| O|  |TAMS 0x0000000081300000, 0x0000000081200000| Untracked 
|  19|0x0000000081300000, 0x0000000081400000, 0x0000000081400000|100%| O|  |TAMS 0x0000000081400000, 0x0000000081300000| Untracked 
|  20|0x0000000081400000, 0x0000000081500000, 0x0000000081500000|100%|HS|  |TAMS 0x0000000081500000, 0x0000000081400000| Complete 
|  21|0x0000000081500000, 0x0000000081600000, 0x0000000081600000|100%|HS|  |TAMS 0x0000000081600000, 0x0000000081500000| Complete 
|  22|0x0000000081600000, 0x0000000081700000, 0x0000000081700000|100%|HC|  |TAMS 0x0000000081700000, 0x0000000081600000| Complete 
|  23|0x0000000081700000, 0x0000000081800000, 0x0000000081800000|100%| O|  |TAMS 0x0000000081800000, 0x0000000081700000| Untracked 
|  24|0x0000000081800000, 0x0000000081900000, 0x0000000081900000|100%| O|  |TAMS 0x0000000081900000, 0x0000000081800000| Untracked 
|  25|0x0000000081900000, 0x0000000081a00000, 0x0000000081a00000|100%| O|  |TAMS 0x0000000081a00000, 0x0000000081900000| Untracked 
|  26|0x0000000081a00000, 0x0000000081b00000, 0x0000000081b00000|100%| O|  |TAMS 0x0000000081b00000, 0x0000000081a00000| Untracked 
|  27|0x0000000081b00000, 0x0000000081c00000, 0x0000000081c00000|100%| O|  |TAMS 0x0000000081c00000, 0x0000000081b00000| Untracked 
|  28|0x0000000081c00000, 0x0000000081d00000, 0x0000000081d00000|100%| O|  |TAMS 0x0000000081d00000, 0x0000000081c00000| Untracked 
|  29|0x0000000081d00000, 0x0000000081e00000, 0x0000000081e00000|100%| O|  |TAMS 0x0000000081e00000, 0x0000000081d00000| Untracked 
|  30|0x0000000081e00000, 0x0000000081f00000, 0x0000000081f00000|100%| O|  |TAMS 0x0000000081f00000, 0x0000000081e00000| Untracked 
|  31|0x0000000081f00000, 0x0000000082000000, 0x0000000082000000|100%| O|  |TAMS 0x0000000082000000, 0x0000000081f00000| Untracked 
|  32|0x0000000082000000, 0x0000000082100000, 0x0000000082100000|100%| O|  |TAMS 0x0000000082100000, 0x0000000082000000| Untracked 
|  33|0x0000000082100000, 0x0000000082200000, 0x0000000082200000|100%| O|  |TAMS 0x0000000082200000, 0x0000000082100000| Untracked 
|  34|0x0000000082200000, 0x0000000082300000, 0x0000000082300000|100%| O|  |TAMS 0x0000000082300000, 0x0000000082200000| Untracked 
|  35|0x0000000082300000, 0x0000000082400000, 0x0000000082400000|100%| O|  |TAMS 0x0000000082400000, 0x0000000082300000| Untracked 
|  36|0x0000000082400000, 0x0000000082500000, 0x0000000082500000|100%| O|  |TAMS 0x0000000082500000, 0x0000000082400000| Untracked 
|  37|0x0000000082500000, 0x0000000082600000, 0x0000000082600000|100%| O|  |TAMS 0x0000000082600000, 0x0000000082500000| Untracked 
|  38|0x0000000082600000, 0x0000000082700000, 0x0000000082700000|100%| O|  |TAMS 0x0000000082700000, 0x0000000082600000| Untracked 
|  39|0x0000000082700000, 0x0000000082800000, 0x0000000082800000|100%| O|  |TAMS 0x0000000082737e00, 0x0000000082700000| Untracked 
|  40|0x0000000082800000, 0x0000000082900000, 0x0000000082900000|100%| O|  |TAMS 0x0000000082800000, 0x0000000082800000| Untracked 
|  41|0x0000000082900000, 0x0000000082a00000, 0x0000000082a00000|100%| O|  |TAMS 0x0000000082900000, 0x0000000082900000| Untracked 
|  42|0x0000000082a00000, 0x0000000082b00000, 0x0000000082b00000|100%| O|  |TAMS 0x0000000082a00000, 0x0000000082a00000| Untracked 
|  43|0x0000000082b00000, 0x0000000082c00000, 0x0000000082c00000|100%| O|  |TAMS 0x0000000082b00000, 0x0000000082b00000| Untracked 
|  44|0x0000000082c00000, 0x0000000082d00000, 0x0000000082d00000|100%| O|  |TAMS 0x0000000082c00000, 0x0000000082c00000| Untracked 
|  45|0x0000000082d00000, 0x0000000082e00000, 0x0000000082e00000|100%| O|  |TAMS 0x0000000082d00000, 0x0000000082d00000| Untracked 
|  46|0x0000000082e00000, 0x0000000082f00000, 0x0000000082f00000|100%| O|  |TAMS 0x0000000082e00000, 0x0000000082e00000| Untracked 
|  47|0x0000000082f00000, 0x0000000083000000, 0x0000000083000000|100%| O|  |TAMS 0x0000000082f00000, 0x0000000082f00000| Untracked 
|  48|0x0000000083000000, 0x0000000083100000, 0x0000000083100000|100%| O|  |TAMS 0x0000000083000000, 0x0000000083000000| Untracked 
|  49|0x0000000083100000, 0x0000000083200000, 0x0000000083200000|100%| O|  |TAMS 0x0000000083100000, 0x0000000083100000| Untracked 
|  50|0x0000000083200000, 0x0000000083300000, 0x0000000083300000|100%| O|  |TAMS 0x0000000083200000, 0x0000000083200000| Untracked 
|  51|0x0000000083300000, 0x0000000083400000, 0x0000000083400000|100%| O|  |TAMS 0x0000000083300000, 0x0000000083300000| Untracked 
|  52|0x0000000083400000, 0x0000000083500000, 0x0000000083500000|100%| O|  |TAMS 0x0000000083400000, 0x0000000083400000| Untracked 
|  53|0x0000000083500000, 0x0000000083600000, 0x0000000083600000|100%| O|  |TAMS 0x0000000083500000, 0x0000000083500000| Untracked 
|  54|0x0000000083600000, 0x0000000083700000, 0x0000000083700000|100%| O|  |TAMS 0x0000000083600000, 0x0000000083600000| Untracked 
|  55|0x0000000083700000, 0x0000000083800000, 0x0000000083800000|100%| O|  |TAMS 0x0000000083700000, 0x0000000083700000| Untracked 
|  56|0x0000000083800000, 0x0000000083900000, 0x0000000083900000|100%| O|  |TAMS 0x0000000083800000, 0x0000000083800000| Untracked 
|  57|0x0000000083900000, 0x0000000083a00000, 0x0000000083a00000|100%| O|  |TAMS 0x0000000083900000, 0x0000000083900000| Untracked 
|  58|0x0000000083a00000, 0x0000000083b00000, 0x0000000083b00000|100%| O|  |TAMS 0x0000000083a00000, 0x0000000083a00000| Untracked 
|  59|0x0000000083b00000, 0x0000000083c00000, 0x0000000083c00000|100%| O|  |TAMS 0x0000000083b00000, 0x0000000083b00000| Untracked 
|  60|0x0000000083c00000, 0x0000000083d00000, 0x0000000083d00000|100%| O|  |TAMS 0x0000000083c00000, 0x0000000083c00000| Untracked 
|  61|0x0000000083d00000, 0x0000000083e00000, 0x0000000083e00000|100%| O|  |TAMS 0x0000000083d00000, 0x0000000083d00000| Untracked 
|  62|0x0000000083e00000, 0x0000000083f00000, 0x0000000083f00000|100%| O|  |TAMS 0x0000000083e00000, 0x0000000083e00000| Untracked 
|  63|0x0000000083f00000, 0x0000000084000000, 0x0000000084000000|100%| O|  |TAMS 0x0000000083f00000, 0x0000000083f00000| Untracked 
|  64|0x0000000084000000, 0x0000000084100000, 0x0000000084100000|100%| O|  |TAMS 0x0000000084000000, 0x0000000084000000| Untracked 
|  65|0x0000000084100000, 0x0000000084200000, 0x0000000084200000|100%| O|  |TAMS 0x0000000084100000, 0x0000000084100000| Untracked 
|  66|0x0000000084200000, 0x0000000084300000, 0x0000000084300000|100%| O|  |TAMS 0x0000000084200000, 0x0000000084200000| Untracked 
|  67|0x0000000084300000, 0x0000000084400000, 0x0000000084400000|100%| O|  |TAMS 0x0000000084300000, 0x0000000084300000| Untracked 
|  68|0x0000000084400000, 0x0000000084500000, 0x0000000084500000|100%| O|  |TAMS 0x0000000084400000, 0x0000000084400000| Untracked 
|  69|0x0000000084500000, 0x0000000084600000, 0x0000000084600000|100%| O|  |TAMS 0x0000000084500000, 0x0000000084500000| Untracked 
|  70|0x0000000084600000, 0x0000000084700000, 0x0000000084700000|100%| O|  |TAMS 0x0000000084600000, 0x0000000084600000| Untracked 
|  71|0x0000000084700000, 0x0000000084800000, 0x0000000084800000|100%| O|  |TAMS 0x0000000084700000, 0x0000000084700000| Untracked 
|  72|0x0000000084800000, 0x0000000084900000, 0x0000000084900000|100%| O|  |TAMS 0x0000000084800000, 0x0000000084800000| Untracked 
|  73|0x0000000084900000, 0x0000000084900000, 0x0000000084a00000|  0%| F|  |TAMS 0x0000000084900000, 0x0000000084900000| Untracked 
|  74|0x0000000084a00000, 0x0000000084a00000, 0x0000000084b00000|  0%| F|  |TAMS 0x0000000084a00000, 0x0000000084a00000| Untracked 
|  75|0x0000000084b00000, 0x0000000084b00000, 0x0000000084c00000|  0%| F|  |TAMS 0x0000000084b00000, 0x0000000084b00000| Untracked 
|  76|0x0000000084c00000, 0x0000000084c00000, 0x0000000084d00000|  0%| F|  |TAMS 0x0000000084c00000, 0x0000000084c00000| Untracked 
|  77|0x0000000084d00000, 0x0000000084d00000, 0x0000000084e00000|  0%| F|  |TAMS 0x0000000084d00000, 0x0000000084d00000| Untracked 
|  78|0x0000000084e00000, 0x0000000084e00000, 0x0000000084f00000|  0%| F|  |TAMS 0x0000000084e00000, 0x0000000084e00000| Untracked 
|  79|0x0000000084f00000, 0x0000000084f00000, 0x0000000085000000|  0%| F|  |TAMS 0x0000000084f00000, 0x0000000084f00000| Untracked 
|  80|0x0000000085000000, 0x0000000085000000, 0x0000000085100000|  0%| F|  |TAMS 0x0000000085000000, 0x0000000085000000| Untracked 
|  81|0x0000000085100000, 0x0000000085100000, 0x0000000085200000|  0%| F|  |TAMS 0x0000000085100000, 0x0000000085100000| Untracked 
|  82|0x0000000085200000, 0x0000000085200000, 0x0000000085300000|  0%| F|  |TAMS 0x0000000085200000, 0x0000000085200000| Untracked 
|  83|0x0000000085300000, 0x0000000085300000, 0x0000000085400000|  0%| F|  |TAMS 0x0000000085300000, 0x0000000085300000| Untracked 
|  84|0x0000000085400000, 0x0000000085400000, 0x0000000085500000|  0%| F|  |TAMS 0x0000000085400000, 0x0000000085400000| Untracked 
|  85|0x0000000085500000, 0x0000000085500000, 0x0000000085600000|  0%| F|  |TAMS 0x0000000085500000, 0x0000000085500000| Untracked 
|  86|0x0000000085600000, 0x0000000085600000, 0x0000000085700000|  0%| F|  |TAMS 0x0000000085600000, 0x0000000085600000| Untracked 
|  87|0x0000000085700000, 0x0000000085700000, 0x0000000085800000|  0%| F|  |TAMS 0x0000000085700000, 0x0000000085700000| Untracked 
|  88|0x0000000085800000, 0x0000000085800000, 0x0000000085900000|  0%| F|  |TAMS 0x0000000085800000, 0x0000000085800000| Untracked 
|  89|0x0000000085900000, 0x0000000085900000, 0x0000000085a00000|  0%| F|  |TAMS 0x0000000085900000, 0x0000000085900000| Untracked 
|  90|0x0000000085a00000, 0x0000000085a00000, 0x0000000085b00000|  0%| F|  |TAMS 0x0000000085a00000, 0x0000000085a00000| Untracked 
|  91|0x0000000085b00000, 0x0000000085b00000, 0x0000000085c00000|  0%| F|  |TAMS 0x0000000085b00000, 0x0000000085b00000| Untracked 
|  92|0x0000000085c00000, 0x0000000085c00000, 0x0000000085d00000|  0%| F|  |TAMS 0x0000000085c00000, 0x0000000085c00000| Untracked 
|  93|0x0000000085d00000, 0x0000000085d00000, 0x0000000085e00000|  0%| F|  |TAMS 0x0000000085d00000, 0x0000000085d00000| Untracked 
|  94|0x0000000085e00000, 0x0000000085e00000, 0x0000000085f00000|  0%| F|  |TAMS 0x0000000085e00000, 0x0000000085e00000| Untracked 
|  95|0x0000000085f00000, 0x0000000085f00000, 0x0000000086000000|  0%| F|  |TAMS 0x0000000085f00000, 0x0000000085f00000| Untracked 
|  96|0x0000000086000000, 0x0000000086000000, 0x0000000086100000|  0%| F|  |TAMS 0x0000000086000000, 0x0000000086000000| Untracked 
|  97|0x0000000086100000, 0x0000000086100000, 0x0000000086200000|  0%| F|  |TAMS 0x0000000086100000, 0x0000000086100000| Untracked 
|  98|0x0000000086200000, 0x0000000086200000, 0x0000000086300000|  0%| F|  |TAMS 0x0000000086200000, 0x0000000086200000| Untracked 
|  99|0x0000000086300000, 0x0000000086300000, 0x0000000086400000|  0%| F|  |TAMS 0x0000000086300000, 0x0000000086300000| Untracked 
| 100|0x0000000086400000, 0x0000000086400000, 0x0000000086500000|  0%| F|  |TAMS 0x0000000086400000, 0x0000000086400000| Untracked 
| 101|0x0000000086500000, 0x0000000086500000, 0x0000000086600000|  0%| F|  |TAMS 0x0000000086500000, 0x0000000086500000| Untracked 
| 102|0x0000000086600000, 0x0000000086700000, 0x0000000086700000|100%| E|CS|TAMS 0x0000000086600000, 0x0000000086600000| Complete 
| 103|0x0000000086700000, 0x0000000086800000, 0x0000000086800000|100%| E|CS|TAMS 0x0000000086700000, 0x0000000086700000| Complete 
| 104|0x0000000086800000, 0x0000000086900000, 0x0000000086900000|100%| E|CS|TAMS 0x0000000086800000, 0x0000000086800000| Complete 
| 105|0x0000000086900000, 0x0000000086a00000, 0x0000000086a00000|100%| E|CS|TAMS 0x0000000086900000, 0x0000000086900000| Complete 
| 106|0x0000000086a00000, 0x0000000086b00000, 0x0000000086b00000|100%| E|CS|TAMS 0x0000000086a00000, 0x0000000086a00000| Complete 
| 107|0x0000000086b00000, 0x0000000086c00000, 0x0000000086c00000|100%| E|CS|TAMS 0x0000000086b00000, 0x0000000086b00000| Complete 
| 108|0x0000000086c00000, 0x0000000086d00000, 0x0000000086d00000|100%| E|CS|TAMS 0x0000000086c00000, 0x0000000086c00000| Complete 
| 109|0x0000000086d00000, 0x0000000086d00000, 0x0000000086e00000|  0%| F|  |TAMS 0x0000000086d00000, 0x0000000086d00000| Untracked 
| 110|0x0000000086e00000, 0x0000000086f00000, 0x0000000086f00000|100%| S|  |TAMS 0x0000000086e00000, 0x0000000086e00000| Complete 
| 111|0x0000000086f00000, 0x0000000087000000, 0x0000000087000000|100%| S|  |TAMS 0x0000000086f00000, 0x0000000086f00000| Complete 
| 112|0x0000000087000000, 0x0000000087100000, 0x0000000087100000|100%| S|  |TAMS 0x0000000087000000, 0x0000000087000000| Complete 
| 113|0x0000000087100000, 0x0000000087200000, 0x0000000087200000|100%| S|  |TAMS 0x0000000087100000, 0x0000000087100000| Complete 
| 114|0x0000000087200000, 0x0000000087300000, 0x0000000087300000|100%| E|CS|TAMS 0x0000000087200000, 0x0000000087200000| Complete 
| 115|0x0000000087300000, 0x0000000087400000, 0x0000000087400000|100%| E|CS|TAMS 0x0000000087300000, 0x0000000087300000| Complete 
| 116|0x0000000087400000, 0x0000000087500000, 0x0000000087500000|100%| E|CS|TAMS 0x0000000087400000, 0x0000000087400000| Complete 
| 117|0x0000000087500000, 0x0000000087600000, 0x0000000087600000|100%| E|CS|TAMS 0x0000000087500000, 0x0000000087500000| Complete 
| 118|0x0000000087600000, 0x0000000087700000, 0x0000000087700000|100%| E|CS|TAMS 0x0000000087600000, 0x0000000087600000| Complete 
| 119|0x0000000087700000, 0x0000000087800000, 0x0000000087800000|100%| E|CS|TAMS 0x0000000087700000, 0x0000000087700000| Complete 
| 120|0x0000000087800000, 0x0000000087900000, 0x0000000087900000|100%| E|CS|TAMS 0x0000000087800000, 0x0000000087800000| Complete 
| 121|0x0000000087900000, 0x0000000087a00000, 0x0000000087a00000|100%| E|CS|TAMS 0x0000000087900000, 0x0000000087900000| Complete 
| 122|0x0000000087a00000, 0x0000000087b00000, 0x0000000087b00000|100%| E|CS|TAMS 0x0000000087a00000, 0x0000000087a00000| Complete 
| 123|0x0000000087b00000, 0x0000000087c00000, 0x0000000087c00000|100%| E|CS|TAMS 0x0000000087b00000, 0x0000000087b00000| Complete 
| 124|0x0000000087c00000, 0x0000000087d00000, 0x0000000087d00000|100%| E|CS|TAMS 0x0000000087c00000, 0x0000000087c00000| Complete 
| 125|0x0000000087d00000, 0x0000000087e00000, 0x0000000087e00000|100%| E|CS|TAMS 0x0000000087d00000, 0x0000000087d00000| Complete 
| 126|0x0000000087e00000, 0x0000000087f00000, 0x0000000087f00000|100%| E|CS|TAMS 0x0000000087e00000, 0x0000000087e00000| Complete 
| 127|0x0000000087f00000, 0x0000000088000000, 0x0000000088000000|100%| E|CS|TAMS 0x0000000087f00000, 0x0000000087f00000| Complete 
| 128|0x0000000088000000, 0x0000000088100000, 0x0000000088100000|100%| E|CS|TAMS 0x0000000088000000, 0x0000000088000000| Complete 
| 129|0x0000000088100000, 0x0000000088200000, 0x0000000088200000|100%| E|CS|TAMS 0x0000000088100000, 0x0000000088100000| Complete 
| 130|0x0000000088200000, 0x0000000088300000, 0x0000000088300000|100%| E|CS|TAMS 0x0000000088200000, 0x0000000088200000| Complete 
| 131|0x0000000088300000, 0x0000000088400000, 0x0000000088400000|100%| E|CS|TAMS 0x0000000088300000, 0x0000000088300000| Complete 
| 132|0x0000000088400000, 0x0000000088500000, 0x0000000088500000|100%| E|CS|TAMS 0x0000000088400000, 0x0000000088400000| Complete 
| 133|0x0000000088500000, 0x0000000088600000, 0x0000000088600000|100%| E|CS|TAMS 0x0000000088500000, 0x0000000088500000| Complete 
| 134|0x0000000088600000, 0x0000000088700000, 0x0000000088700000|100%| E|CS|TAMS 0x0000000088600000, 0x0000000088600000| Complete 
| 135|0x0000000088700000, 0x0000000088800000, 0x0000000088800000|100%| E|CS|TAMS 0x0000000088700000, 0x0000000088700000| Complete 
| 136|0x0000000088800000, 0x0000000088900000, 0x0000000088900000|100%| E|CS|TAMS 0x0000000088800000, 0x0000000088800000| Complete 
| 137|0x0000000088900000, 0x0000000088a00000, 0x0000000088a00000|100%| E|CS|TAMS 0x0000000088900000, 0x0000000088900000| Complete 
| 138|0x0000000088a00000, 0x0000000088b00000, 0x0000000088b00000|100%| E|CS|TAMS 0x0000000088a00000, 0x0000000088a00000| Complete 
| 139|0x0000000088b00000, 0x0000000088c00000, 0x0000000088c00000|100%| E|CS|TAMS 0x0000000088b00000, 0x0000000088b00000| Complete 
| 140|0x0000000088c00000, 0x0000000088d00000, 0x0000000088d00000|100%| E|CS|TAMS 0x0000000088c00000, 0x0000000088c00000| Complete 
| 141|0x0000000088d00000, 0x0000000088e00000, 0x0000000088e00000|100%| E|CS|TAMS 0x0000000088d00000, 0x0000000088d00000| Complete 
| 142|0x0000000088e00000, 0x0000000088f00000, 0x0000000088f00000|100%| E|CS|TAMS 0x0000000088e00000, 0x0000000088e00000| Complete 
| 143|0x0000000088f00000, 0x0000000089000000, 0x0000000089000000|100%| E|CS|TAMS 0x0000000088f00000, 0x0000000088f00000| Complete 
| 144|0x0000000089000000, 0x0000000089100000, 0x0000000089100000|100%| E|CS|TAMS 0x0000000089000000, 0x0000000089000000| Complete 
| 145|0x0000000089100000, 0x0000000089200000, 0x0000000089200000|100%| E|CS|TAMS 0x0000000089100000, 0x0000000089100000| Complete 
| 146|0x0000000089200000, 0x0000000089300000, 0x0000000089300000|100%| E|CS|TAMS 0x0000000089200000, 0x0000000089200000| Complete 
| 147|0x0000000089300000, 0x0000000089400000, 0x0000000089400000|100%| E|CS|TAMS 0x0000000089300000, 0x0000000089300000| Complete 
| 148|0x0000000089400000, 0x0000000089500000, 0x0000000089500000|100%| E|CS|TAMS 0x0000000089400000, 0x0000000089400000| Complete 
| 149|0x0000000089500000, 0x0000000089600000, 0x0000000089600000|100%| E|CS|TAMS 0x0000000089500000, 0x0000000089500000| Complete 
| 150|0x0000000089600000, 0x0000000089700000, 0x0000000089700000|100%| E|CS|TAMS 0x0000000089600000, 0x0000000089600000| Complete 
| 151|0x0000000089700000, 0x0000000089800000, 0x0000000089800000|100%| E|CS|TAMS 0x0000000089700000, 0x0000000089700000| Complete 
| 152|0x0000000089800000, 0x0000000089900000, 0x0000000089900000|100%| E|CS|TAMS 0x0000000089800000, 0x0000000089800000| Complete 
| 153|0x0000000089900000, 0x0000000089a00000, 0x0000000089a00000|100%| E|CS|TAMS 0x0000000089900000, 0x0000000089900000| Complete 
| 154|0x0000000089a00000, 0x0000000089b00000, 0x0000000089b00000|100%| E|CS|TAMS 0x0000000089a00000, 0x0000000089a00000| Complete 
| 155|0x0000000089b00000, 0x0000000089c00000, 0x0000000089c00000|100%| E|CS|TAMS 0x0000000089b00000, 0x0000000089b00000| Complete 
| 156|0x0000000089c00000, 0x0000000089d00000, 0x0000000089d00000|100%| E|CS|TAMS 0x0000000089c00000, 0x0000000089c00000| Complete 
| 157|0x0000000089d00000, 0x0000000089e00000, 0x0000000089e00000|100%| E|CS|TAMS 0x0000000089d00000, 0x0000000089d00000| Complete 
| 158|0x0000000089e00000, 0x0000000089f00000, 0x0000000089f00000|100%| E|CS|TAMS 0x0000000089e00000, 0x0000000089e00000| Complete 
| 159|0x0000000089f00000, 0x000000008a000000, 0x000000008a000000|100%| E|CS|TAMS 0x0000000089f00000, 0x0000000089f00000| Complete 
| 160|0x000000008a000000, 0x000000008a100000, 0x000000008a100000|100%| E|CS|TAMS 0x000000008a000000, 0x000000008a000000| Complete 
| 161|0x000000008a100000, 0x000000008a200000, 0x000000008a200000|100%| E|CS|TAMS 0x000000008a100000, 0x000000008a100000| Complete 
| 162|0x000000008a200000, 0x000000008a300000, 0x000000008a300000|100%| E|CS|TAMS 0x000000008a200000, 0x000000008a200000| Complete 
| 163|0x000000008a300000, 0x000000008a400000, 0x000000008a400000|100%| E|CS|TAMS 0x000000008a300000, 0x000000008a300000| Complete 
| 164|0x000000008a400000, 0x000000008a500000, 0x000000008a500000|100%| E|CS|TAMS 0x000000008a400000, 0x000000008a400000| Complete 
| 165|0x000000008a500000, 0x000000008a600000, 0x000000008a600000|100%| E|CS|TAMS 0x000000008a500000, 0x000000008a500000| Complete 
| 166|0x000000008a600000, 0x000000008a700000, 0x000000008a700000|100%| E|CS|TAMS 0x000000008a600000, 0x000000008a600000| Complete 
| 167|0x000000008a700000, 0x000000008a800000, 0x000000008a800000|100%| E|CS|TAMS 0x000000008a700000, 0x000000008a700000| Complete 
| 168|0x000000008a800000, 0x000000008a900000, 0x000000008a900000|100%| E|CS|TAMS 0x000000008a800000, 0x000000008a800000| Complete 
| 169|0x000000008a900000, 0x000000008aa00000, 0x000000008aa00000|100%| E|CS|TAMS 0x000000008a900000, 0x000000008a900000| Complete 
| 170|0x000000008aa00000, 0x000000008ab00000, 0x000000008ab00000|100%| E|CS|TAMS 0x000000008aa00000, 0x000000008aa00000| Complete 
| 171|0x000000008ab00000, 0x000000008ac00000, 0x000000008ac00000|100%| E|CS|TAMS 0x000000008ab00000, 0x000000008ab00000| Complete 
| 172|0x000000008ac00000, 0x000000008ad00000, 0x000000008ad00000|100%| E|CS|TAMS 0x000000008ac00000, 0x000000008ac00000| Complete 
| 173|0x000000008ad00000, 0x000000008ae00000, 0x000000008ae00000|100%| E|CS|TAMS 0x000000008ad00000, 0x000000008ad00000| Complete 
| 174|0x000000008ae00000, 0x000000008af00000, 0x000000008af00000|100%| E|CS|TAMS 0x000000008ae00000, 0x000000008ae00000| Complete 
| 175|0x000000008af00000, 0x000000008b000000, 0x000000008b000000|100%| E|CS|TAMS 0x000000008af00000, 0x000000008af00000| Complete 
| 176|0x000000008b000000, 0x000000008b100000, 0x000000008b100000|100%| E|CS|TAMS 0x000000008b000000, 0x000000008b000000| Complete 
| 177|0x000000008b100000, 0x000000008b200000, 0x000000008b200000|100%| E|CS|TAMS 0x000000008b100000, 0x000000008b100000| Complete 
| 178|0x000000008b200000, 0x000000008b300000, 0x000000008b300000|100%| E|CS|TAMS 0x000000008b200000, 0x000000008b200000| Complete 
| 179|0x000000008b300000, 0x000000008b400000, 0x000000008b400000|100%| E|CS|TAMS 0x000000008b300000, 0x000000008b300000| Complete 
| 180|0x000000008b400000, 0x000000008b500000, 0x000000008b500000|100%| E|CS|TAMS 0x000000008b400000, 0x000000008b400000| Complete 
| 181|0x000000008b500000, 0x000000008b600000, 0x000000008b600000|100%| E|CS|TAMS 0x000000008b500000, 0x000000008b500000| Complete 
| 182|0x000000008b600000, 0x000000008b700000, 0x000000008b700000|100%| E|CS|TAMS 0x000000008b600000, 0x000000008b600000| Complete 
| 183|0x000000008b700000, 0x000000008b800000, 0x000000008b800000|100%| E|CS|TAMS 0x000000008b700000, 0x000000008b700000| Complete 
| 184|0x000000008b800000, 0x000000008b900000, 0x000000008b900000|100%| E|CS|TAMS 0x000000008b800000, 0x000000008b800000| Complete 

Card table byte_map: [0x0000026643060000,0x0000026643460000] _byte_map_base: 0x0000026642c60000

Marking Bits (Prev, Next): (CMBitMap*) 0x00000266301aef38, (CMBitMap*) 0x00000266301aef70
 Prev Bits: [0x0000026643860000, 0x0000026645860000)
 Next Bits: [0x0000026645860000, 0x0000026647860000)

Polling page: 0x000002662e0f0000

Metaspace:

Usage:
  Non-class:     70.50 MB capacity,    69.08 MB ( 98%) used,     1.18 MB (  2%) free+waste,   240.13 KB ( <1%) overhead. 
      Class:     11.09 MB capacity,    10.30 MB ( 93%) used,   703.04 KB (  6%) free+waste,   108.44 KB ( <1%) overhead. 
       Both:     81.59 MB capacity,    79.38 MB ( 97%) used,     1.87 MB (  2%) free+waste,   348.56 KB ( <1%) overhead. 

Virtual space:
  Non-class space:       72.00 MB reserved,      70.50 MB ( 98%) committed 
      Class space:        1.00 GB reserved,      11.20 MB (  1%) committed 
             Both:        1.07 GB reserved,      81.70 MB (  7%) committed 

Chunk freelists:
   Non-Class:  1.00 KB
       Class:  1.00 KB
        Both:  2.00 KB

MaxMetaspaceSize: 17179869184.00 GB
CompressedClassSpaceSize: 1.00 GB

CodeHeap 'non-profiled nmethods': size=120064Kb used=7751Kb max_used=7751Kb free=112312Kb
 bounds [0x000002663b720000, 0x000002663bec0000, 0x0000026642c60000]
CodeHeap 'profiled nmethods': size=120000Kb used=22989Kb max_used=22989Kb free=97010Kb
 bounds [0x00000266341f0000, 0x0000026635870000, 0x000002663b720000]
CodeHeap 'non-nmethods': size=5696Kb used=2277Kb max_used=2338Kb free=3419Kb
 bounds [0x0000026633c60000, 0x0000026633ed0000, 0x00000266341f0000]
 total_blobs=11673 nmethods=10799 adapters=783
 compilation: enabled
              stopped_count=0, restarted_count=0
 full_count=0

Compilation events (20 events):
Event: 55.552 Thread 0x0000026651402800 nmethod 10859 0x000002663bea8790 code [0x000002663bea8940, 0x000002663bea8a18]
Event: 55.599 Thread 0x0000026651402800 10860       4       com.google.common.collect.RegularImmutableSortedSet::iterator (5 bytes)
Event: 55.604 Thread 0x0000026651402800 nmethod 10860 0x000002663bea8b90 code [0x000002663bea8d40, 0x000002663bea8ef8]
Event: 55.656 Thread 0x0000026649d67000 10861       4       org.gradle.cache.internal.CrossProcessSynchronizingCache$$Lambda$327/0x00000001004dbc40::create (12 bytes)
Event: 55.656 Thread 0x0000026651402800 10862   !   4       org.gradle.cache.internal.InMemoryDecoratedCache::get (44 bytes)
Event: 55.736 Thread 0x0000026649d70000 10865       3       java.util.HashMap$ValueSpliterator::forEachRemaining (186 bytes)
Event: 55.737 Thread 0x0000026649d70000 nmethod 10865 0x0000026635862810 code [0x0000026635862a40, 0x0000026635863268]
Event: 55.738 Thread 0x0000026651402800 nmethod 10862 0x000002663bea9090 code [0x000002663bea9380, 0x000002663beaa750]
Event: 55.738 Thread 0x0000026651402800 10863       4       org.gradle.internal.execution.steps.ValidateStep$1::getAfterPreviousExecutionState (10 bytes)
Event: 55.739 Thread 0x0000026651402800 nmethod 10863 0x000002663beabc10 code [0x000002663beabda0, 0x000002663beabe38]
Event: 55.739 Thread 0x0000026651402800 10864       4       org.gradle.internal.snapshot.SnapshotUtil::getRootHashes (33 bytes)
Event: 55.743 Thread 0x0000026649d67000 nmethod 10861 0x000002663beabf10 code [0x000002663beac220, 0x000002663bead630]
Event: 55.748 Thread 0x0000026651402800 nmethod 10864 0x000002663beaeb90 code [0x000002663beaeda0, 0x000002663beaf2f8]
Event: 55.808 Thread 0x0000026649d67000 10866   !   4       com.google.common.collect.RegularImmutableSortedSet::equals (133 bytes)
Event: 55.809 Thread 0x0000026651402800 10867       4       sun.nio.fs.WindowsNativeDispatcher::asNativeBuffer (103 bytes)
Event: 55.827 Thread 0x0000026649d67000 nmethod 10866 0x000002663beaf690 code [0x000002663beaf8c0, 0x000002663beb01b8]
Event: 55.829 Thread 0x0000026651402800 nmethod 10867 0x000002663beb0990 code [0x000002663beb0ba0, 0x000002663beb1420]
Event: 55.839 Thread 0x0000026649d67000 10868       4       org.gradle.internal.execution.history.changes.PropertyChanges::accept (118 bytes)
Event: 55.840 Thread 0x0000026649d67000 nmethod 10868 0x000002663beb1c10 code [0x000002663beb1dc0, 0x000002663beb1e88]
Event: 55.853 Thread 0x0000026651402800 10869   !   4       sun.nio.fs.WindowsPath::getPathForWin32Calls (138 bytes)

GC Heap History (20 events):
Event: 16.198 GC heap after
{Heap after GC invocations=12 (full 0):
 garbage-first heap   total 157696K, used 40393K [0x0000000080000000, 0x0000000100000000)
  region size 1024K, 12 young (12288K), 12 survivors (12288K)
 Metaspace       used 56170K, capacity 57628K, committed 57932K, reserved 1099776K
  class space    used 7109K, capacity 7621K, committed 7756K, reserved 1048576K
}
Event: 17.433 GC heap before
{Heap before GC invocations=12 (full 0):
 garbage-first heap   total 157696K, used 54729K [0x0000000080000000, 0x0000000100000000)
  region size 1024K, 27 young (27648K), 12 survivors (12288K)
 Metaspace       used 58502K, capacity 60018K, committed 60236K, reserved 1101824K
  class space    used 7418K, capacity 7972K, committed 8012K, reserved 1048576K
}
Event: 17.461 GC heap after
{Heap after GC invocations=13 (full 0):
 garbage-first heap   total 189440K, used 42693K [0x0000000080000000, 0x0000000100000000)
  region size 1024K, 3 young (3072K), 3 survivors (3072K)
 Metaspace       used 58502K, capacity 60018K, committed 60236K, reserved 1101824K
  class space    used 7418K, capacity 7972K, committed 8012K, reserved 1048576K
}
Event: 19.967 GC heap before
{Heap before GC invocations=14 (full 0):
 garbage-first heap   total 189440K, used 109253K [0x0000000080000000, 0x0000000100000000)
  region size 1024K, 68 young (69632K), 3 survivors (3072K)
 Metaspace       used 63506K, capacity 65107K, committed 65356K, reserved 1105920K
  class space    used 8079K, capacity 8648K, committed 8780K, reserved 1048576K
}
Event: 19.985 GC heap after
{Heap after GC invocations=15 (full 0):
 garbage-first heap   total 189440K, used 46812K [0x0000000080000000, 0x0000000100000000)
  region size 1024K, 7 young (7168K), 7 survivors (7168K)
 Metaspace       used 63506K, capacity 65107K, committed 65356K, reserved 1105920K
  class space    used 8079K, capacity 8648K, committed 8780K, reserved 1048576K
}
Event: 22.225 GC heap before
{Heap before GC invocations=16 (full 0):
 garbage-first heap   total 189440K, used 116444K [0x0000000080000000, 0x0000000100000000)
  region size 1024K, 75 young (76800K), 7 survivors (7168K)
 Metaspace       used 68799K, capacity 70467K, committed 70732K, reserved 1110016K
  class space    used 8907K, capacity 9511K, committed 9548K, reserved 1048576K
}
Event: 22.248 GC heap after
{Heap after GC invocations=17 (full 0):
 garbage-first heap   total 189440K, used 52287K [0x0000000080000000, 0x0000000100000000)
  region size 1024K, 6 young (6144K), 6 survivors (6144K)
 Metaspace       used 68799K, capacity 70467K, committed 70732K, reserved 1110016K
  class space    used 8907K, capacity 9511K, committed 9548K, reserved 1048576K
}
Event: 24.072 GC heap before
{Heap before GC invocations=17 (full 0):
 garbage-first heap   total 189440K, used 123967K [0x0000000080000000, 0x0000000100000000)
  region size 1024K, 76 young (77824K), 6 survivors (6144K)
 Metaspace       used 73559K, capacity 75295K, committed 75340K, reserved 1114112K
  class space    used 9636K, capacity 10271K, committed 10316K, reserved 1048576K
}
Event: 24.090 GC heap after
{Heap after GC invocations=18 (full 0):
 garbage-first heap   total 189440K, used 56847K [0x0000000080000000, 0x0000000100000000)
  region size 1024K, 5 young (5120K), 5 survivors (5120K)
 Metaspace       used 73559K, capacity 75295K, committed 75340K, reserved 1114112K
  class space    used 9636K, capacity 10271K, committed 10316K, reserved 1048576K
}
Event: 30.247 GC heap before
{Heap before GC invocations=18 (full 0):
 garbage-first heap   total 189440K, used 130575K [0x0000000080000000, 0x0000000100000000)
  region size 1024K, 77 young (78848K), 5 survivors (5120K)
 Metaspace       used 79178K, capacity 81135K, committed 81484K, reserved 1120256K
  class space    used 10327K, capacity 10982K, committed 11084K, reserved 1048576K
}
Event: 30.268 GC heap after
{Heap after GC invocations=19 (full 0):
 garbage-first heap   total 189440K, used 62980K [0x0000000080000000, 0x0000000100000000)
  region size 1024K, 10 young (10240K), 10 survivors (10240K)
 Metaspace       used 79178K, capacity 81135K, committed 81484K, reserved 1120256K
  class space    used 10327K, capacity 10982K, committed 11084K, reserved 1048576K
}
Event: 37.870 GC heap before
{Heap before GC invocations=19 (full 0):
 garbage-first heap   total 189440K, used 134660K [0x0000000080000000, 0x0000000100000000)
  region size 1024K, 81 young (82944K), 10 survivors (10240K)
 Metaspace       used 80247K, capacity 82384K, committed 82636K, reserved 1120256K
  class space    used 10456K, capacity 11211K, committed 11212K, reserved 1048576K
}
Event: 37.897 GC heap after
{Heap after GC invocations=20 (full 0):
 garbage-first heap   total 189440K, used 68004K [0x0000000080000000, 0x0000000100000000)
  region size 1024K, 5 young (5120K), 5 survivors (5120K)
 Metaspace       used 80247K, capacity 82384K, committed 82636K, reserved 1120256K
  class space    used 10456K, capacity 11211K, committed 11212K, reserved 1048576K
}
Event: 42.029 GC heap before
{Heap before GC invocations=20 (full 0):
 garbage-first heap   total 189440K, used 138660K [0x0000000080000000, 0x0000000100000000)
  region size 1024K, 75 young (76800K), 5 survivors (5120K)
 Metaspace       used 80860K, capacity 83028K, committed 83276K, reserved 1122304K
  class space    used 10506K, capacity 11303K, committed 11340K, reserved 1048576K
}
Event: 42.045 GC heap after
{Heap after GC invocations=21 (full 0):
 garbage-first heap   total 189440K, used 71900K [0x0000000080000000, 0x0000000100000000)
  region size 1024K, 9 young (9216K), 9 survivors (9216K)
 Metaspace       used 80860K, capacity 83028K, committed 83276K, reserved 1122304K
  class space    used 10506K, capacity 11303K, committed 11340K, reserved 1048576K
}
Event: 49.710 GC heap before
{Heap before GC invocations=21 (full 0):
 garbage-first heap   total 189440K, used 142556K [0x0000000080000000, 0x0000000100000000)
  region size 1024K, 79 young (80896K), 9 survivors (9216K)
 Metaspace       used 81104K, capacity 83314K, committed 83660K, reserved 1122304K
  class space    used 10534K, capacity 11348K, committed 11468K, reserved 1048576K
}
Event: 49.731 GC heap after
{Heap after GC invocations=22 (full 0):
 garbage-first heap   total 189440K, used 75908K [0x0000000080000000, 0x0000000100000000)
  region size 1024K, 9 young (9216K), 9 survivors (9216K)
 Metaspace       used 81104K, capacity 83314K, committed 83660K, reserved 1122304K
  class space    used 10534K, capacity 11348K, committed 11468K, reserved 1048576K
}
Event: 52.149 GC heap before
{Heap before GC invocations=22 (full 0):
 garbage-first heap   total 189440K, used 146564K [0x0000000080000000, 0x0000000100000000)
  region size 1024K, 79 young (80896K), 9 survivors (9216K)
 Metaspace       used 81219K, capacity 83477K, committed 83660K, reserved 1122304K
  class space    used 10545K, capacity 11357K, committed 11468K, reserved 1048576K
}
Event: 52.167 GC heap after
{Heap after GC invocations=23 (full 0):
 garbage-first heap   total 189440K, used 79764K [0x0000000080000000, 0x0000000100000000)
  region size 1024K, 8 young (8192K), 8 survivors (8192K)
 Metaspace       used 81219K, capacity 83477K, committed 83660K, reserved 1122304K
  class space    used 10545K, capacity 11357K, committed 11468K, reserved 1048576K
}
Event: 55.855 GC heap before
{Heap before GC invocations=23 (full 0):
 garbage-first heap   total 189440K, used 150420K [0x0000000080000000, 0x0000000100000000)
  region size 1024K, 78 young (79872K), 8 survivors (8192K)
 Metaspace       used 81288K, capacity 83550K, committed 83660K, reserved 1122304K
  class space    used 10547K, capacity 11359K, committed 11468K, reserved 1048576K
}

Deoptimization events (20 events):
Event: 52.750 Thread 0x0000026650a70800 DEOPT PACKING pc=0x000002663be21890 sp=0x000000e8f3afc990
Event: 52.750 Thread 0x0000026650a70800 DEOPT UNPACKING pc=0x0000026633c8782f sp=0x000000e8f3afc948 mode 2
Event: 52.918 Thread 0x0000026650a6e000 Uncommon trap: trap_request=0xffffff4d fr.pc=0x000002663bd860e0 relative=0x0000000000000580
Event: 52.918 Thread 0x0000026650a6e000 Uncommon trap: reason=unstable_if action=reinterpret pc=0x000002663bd860e0 method=org.gradle.api.internal.artifacts.transform.DefaultTransformerInvocationFactory$ImmutableTransformationWorkspaceIdentity.equals(Ljava/lang/Object;)Z @ 56 c2
Event: 52.918 Thread 0x0000026650a6e000 DEOPT PACKING pc=0x000002663bd860e0 sp=0x000000e8f39fe100
Event: 52.918 Thread 0x0000026650a6e000 DEOPT UNPACKING pc=0x0000026633c8782f sp=0x000000e8f39fe098 mode 2
Event: 52.918 Thread 0x0000026650a6e000 Uncommon trap: trap_request=0xffffff4d fr.pc=0x000002663be3c8ec relative=0x000000000000068c
Event: 52.918 Thread 0x0000026650a6e000 Uncommon trap: reason=unstable_if action=reinterpret pc=0x000002663be3c8ec method=java.util.concurrent.ConcurrentHashMap.computeIfAbsent(Ljava/lang/Object;Ljava/util/function/Function;)Ljava/lang/Object; @ 244 c2
Event: 52.918 Thread 0x0000026650a6e000 DEOPT PACKING pc=0x000002663be3c8ec sp=0x000000e8f39fe140
Event: 52.919 Thread 0x0000026650a6e000 DEOPT UNPACKING pc=0x0000026633c8782f sp=0x000000e8f39fe108 mode 2
Event: 52.924 Thread 0x0000026650a6e000 Uncommon trap: trap_request=0xffffff4d fr.pc=0x000002663bdac794 relative=0x00000000000019b4
Event: 52.924 Thread 0x0000026650a6e000 Uncommon trap: reason=unstable_if action=reinterpret pc=0x000002663bdac794 method=java.util.concurrent.ConcurrentHashMap.putVal(Ljava/lang/Object;Ljava/lang/Object;Z)Ljava/lang/Object; @ 245 c2
Event: 52.924 Thread 0x0000026650a6e000 DEOPT PACKING pc=0x000002663bdac794 sp=0x000000e8f39fe140
Event: 52.924 Thread 0x0000026650a6e000 DEOPT UNPACKING pc=0x0000026633c8782f sp=0x000000e8f39fe0d8 mode 2
Event: 53.090 Thread 0x0000026650a6e000 DEOPT PACKING pc=0x00000266355dcc7a sp=0x000000e8f39fdf00
Event: 53.090 Thread 0x0000026650a6e000 DEOPT UNPACKING pc=0x0000026633c8764e sp=0x000000e8f39fd410 mode 0
Event: 54.748 Thread 0x0000026650a6c800 Uncommon trap: trap_request=0xffffff4d fr.pc=0x000002663bd2c9d4 relative=0x0000000000002094
Event: 54.748 Thread 0x0000026650a6c800 Uncommon trap: reason=unstable_if action=reinterpret pc=0x000002663bd2c9d4 method=java.util.concurrent.locks.LockSupport.unpark(Ljava/lang/Thread;)V @ 1 c2
Event: 54.748 Thread 0x0000026650a6c800 DEOPT PACKING pc=0x000002663bd2c9d4 sp=0x000000e8f3bfd780
Event: 54.748 Thread 0x0000026650a6c800 DEOPT UNPACKING pc=0x0000026633c8782f sp=0x000000e8f3bfd578 mode 2

Classes redefined (0 events):
No events

Internal exceptions (20 events):
Event: 25.564 Thread 0x000002664c8ee000 Exception <a 'java/lang/NoSuchMethodError'{0x0000000088fce0b8}: <clinit>> (0x0000000088fce0b8) thrown at [./src/hotspot/share/prims/jni.cpp, line 1362]
Event: 25.612 Thread 0x0000026650a6b800 Exception <a 'java/lang/NoSuchMethodError'{0x0000000088d26798}: <clinit>> (0x0000000088d26798) thrown at [./src/hotspot/share/prims/jni.cpp, line 1362]
Event: 25.618 Thread 0x0000026650a6b800 Exception <a 'java/lang/NoSuchMethodError'{0x0000000088d4f5d0}: <clinit>> (0x0000000088d4f5d0) thrown at [./src/hotspot/share/prims/jni.cpp, line 1362]
Event: 25.632 Thread 0x0000026650a6b800 Exception <a 'java/lang/NoSuchMethodError'{0x0000000088d68858}: <clinit>> (0x0000000088d68858) thrown at [./src/hotspot/share/prims/jni.cpp, line 1362]
Event: 25.751 Thread 0x000002664c8ee000 Exception <a 'java/lang/NoSuchMethodError'{0x0000000088bdf8b0}: <clinit>> (0x0000000088bdf8b0) thrown at [./src/hotspot/share/prims/jni.cpp, line 1362]
Event: 25.819 Thread 0x0000026650a73000 Exception <a 'java/lang/NoSuchMethodError'{0x0000000088a44548}: 'java.lang.Object java.lang.invoke.Invokers$Holder.linkToTargetMethod(java.lang.Object, java.lang.Object, java.lang.Object, int, java.lang.Object, java.lang.Object)'> (0x0000000088a44548) thrown at [./src/hotspot/share/interpreter/linkResolver.cpp, line 773]
Event: 30.300 Thread 0x0000026650a6e000 Exception <a 'java/lang/NoSuchMethodError'{0x000000008b8f1f38}: 'java.lang.Object java.lang.invoke.DirectMethodHandle$Holder.invokeSpecialIFC(java.lang.Object, java.lang.Object, java.lang.Object)'> (0x000000008b8f1f38) thrown at [./src/hotspot/share/interpreter/linkResolver.cpp, line 773]
Event: 30.300 Thread 0x0000026650a73000 Exception <a 'java/lang/NoSuchMethodError'{0x000000008b85f5f8}: 'java.lang.Object java.lang.invoke.DirectMethodHandle$Holder.invokeSpecialIFC(java.lang.Object, java.lang.Object, java.lang.Object)'> (0x000000008b85f5f8) thrown at [./src/hotspot/share/interpreter/linkResolver.cpp, line 773]
Event: 30.644 Thread 0x0000026650a6e000 Exception <a 'java/lang/NoSuchMethodError'{0x000000008b412ec8}: 'int java.lang.invoke.DirectMethodHandle$Holder.invokeStaticInit(java.lang.Object, java.lang.Object, java.lang.Object, java.lang.Object, java.lang.Object)'> (0x000000008b412ec8) thrown at [./src/hotspot/share/interpreter/linkResolver.cpp, line 773]
Event: 33.059 Thread 0x0000026650a6e000 Exception <a 'java/lang/NoSuchMethodError'{0x00000000899180f0}: 'void java.lang.invoke.DirectMethodHandle$Holder.invokeVirtual(java.lang.Object, java.lang.Object)'> (0x00000000899180f0) thrown at [./src/hotspot/share/interpreter/linkResolver.cpp, line 773]
Event: 38.384 Thread 0x0000026650a73000 Exception <a 'java/lang/IncompatibleClassChangeError'{0x000000008b258868}: Found class java.lang.Object, but interface was expected> (0x000000008b258868) thrown at [./src/hotspot/share/interpreter/linkResolver.cpp, line 839]
Event: 39.221 Thread 0x0000026650a6b000 Implicit null exception at 0x000002663bcc9052 to 0x000002663bcc9458
Event: 42.798 Thread 0x0000026650a70800 Implicit null exception at 0x000002663bd45ed1 to 0x000002663bd46738
Event: 42.798 Thread 0x0000026650a6c800 Implicit null exception at 0x000002663bd45ed1 to 0x000002663bd46738
Event: 49.152 Thread 0x0000026650a73000 Exception <a 'java/lang/NoSuchMethodError'{0x00000000883f6828}: <clinit>> (0x00000000883f6828) thrown at [./src/hotspot/share/prims/jni.cpp, line 1362]
Event: 49.153 Thread 0x0000026650a73000 Exception <a 'java/lang/NoSuchMethodError'{0x00000000883f7b60}: <clinit>> (0x00000000883f7b60) thrown at [./src/hotspot/share/prims/jni.cpp, line 1362]
Event: 49.153 Thread 0x0000026650a73000 Exception <a 'java/lang/NoSuchMethodError'{0x00000000883fa2b0}: <clinit>> (0x00000000883fa2b0) thrown at [./src/hotspot/share/prims/jni.cpp, line 1362]
Event: 49.156 Thread 0x0000026650a73000 Exception <a 'java/lang/NoSuchMethodError'{0x0000000088213c20}: <clinit>> (0x0000000088213c20) thrown at [./src/hotspot/share/prims/jni.cpp, line 1362]
Event: 49.156 Thread 0x0000026650a73000 Exception <a 'java/lang/NoSuchMethodError'{0x0000000088215100}: <clinit>> (0x0000000088215100) thrown at [./src/hotspot/share/prims/jni.cpp, line 1362]
Event: 50.231 Thread 0x0000026650a73000 Exception <a 'java/lang/NoSuchMethodError'{0x000000008ad3e648}: 'int java.lang.invoke.DirectMethodHandle$Holder.invokeSpecial(java.lang.Object, java.lang.Object, java.lang.Object, java.lang.Object, java.lang.Object)'> (0x000000008ad3e648) thrown at [./src/hotspot/share/interpreter/linkResolver.cpp, line 773]

Events (20 events):
Event: 54.974 Thread 0x0000026651402800 Thread added: 0x0000026651402800
Event: 54.982 loading class com/android/build/gradle/options/IntegerOption
Event: 54.982 loading class com/android/build/gradle/options/IntegerOption done
Event: 55.012 loading class com/android/build/gradle/options/ProjectOptions
Event: 55.012 loading class com/android/build/gradle/options/ProjectOptions done
Event: 55.013 loading class org/gradle/api/provider/Provider
Event: 55.013 loading class org/gradle/api/provider/Provider done
Event: 55.013 loading class com/android/build/gradle/options/ProjectOptions$OptionValue
Event: 55.013 loading class com/android/build/gradle/options/ProjectOptions$OptionValue done
Event: 55.013 Executing VM operation: RevokeBias
Event: 55.014 Executing VM operation: RevokeBias done
Event: 55.014 Executing VM operation: RevokeBias
Event: 55.015 Executing VM operation: RevokeBias done
Event: 55.015 Executing VM operation: RevokeBias
Event: 55.015 Executing VM operation: RevokeBias done
Event: 55.015 Executing VM operation: RevokeBias
Event: 55.015 Executing VM operation: RevokeBias done
Event: 55.015 Executing VM operation: RevokeBias
Event: 55.016 Executing VM operation: RevokeBias done
Event: 55.855 Executing VM operation: G1CollectForAllocation


Dynamic libraries:
0x00007ff7b59a0000 - 0x00007ff7b59aa000 	C:\Program Files\Android\Android Studio\jre\bin\java.exe
0x00007ff99b3b0000 - 0x00007ff99b5a5000 	C:\WINDOWS\SYSTEM32\ntdll.dll
0x00007ff99a170000 - 0x00007ff99a22e000 	C:\WINDOWS\System32\KERNEL32.DLL
0x00007ff998b60000 - 0x00007ff998e29000 	C:\WINDOWS\System32\KERNELBASE.dll
0x00007ff998ed0000 - 0x00007ff998fd0000 	C:\WINDOWS\System32\ucrtbase.dll
0x00007ff987bf0000 - 0x00007ff987c07000 	C:\Program Files\Android\Android Studio\jre\bin\VCRUNTIME140.dll
0x00007ff984750000 - 0x00007ff984769000 	C:\Program Files\Android\Android Studio\jre\bin\jli.dll
0x00007ff99a9e0000 - 0x00007ff99ab81000 	C:\WINDOWS\System32\USER32.dll
0x00007ff999290000 - 0x00007ff9992b2000 	C:\WINDOWS\System32\win32u.dll
0x00007ff999ea0000 - 0x00007ff999ecb000 	C:\WINDOWS\System32\GDI32.dll
0x00007ff985610000 - 0x00007ff9858aa000 	C:\WINDOWS\WinSxS\amd64_microsoft.windows.common-controls_6595b64144ccf1df_6.0.19041.1110_none_60b5254171f9507e\COMCTL32.dll
0x00007ff999180000 - 0x00007ff99928b000 	C:\WINDOWS\System32\gdi32full.dll
0x00007ff99ab90000 - 0x00007ff99ac2e000 	C:\WINDOWS\System32\msvcrt.dll
0x00007ff998e30000 - 0x00007ff998ecd000 	C:\WINDOWS\System32\msvcp_win.dll
0x00007ff999fb0000 - 0x00007ff999fe0000 	C:\WINDOWS\System32\IMM32.DLL
0x00007ff94d880000 - 0x00007ff94d91d000 	C:\Program Files\Android\Android Studio\jre\bin\msvcp140.dll
0x00007ff94e3a0000 - 0x00007ff94ee6f000 	C:\Program Files\Android\Android Studio\jre\bin\server\jvm.dll
0x00007ff99a440000 - 0x00007ff99a4ec000 	C:\WINDOWS\System32\ADVAPI32.dll
0x00007ff999fe0000 - 0x00007ff99a07b000 	C:\WINDOWS\System32\sechost.dll
0x00007ff999a10000 - 0x00007ff999b3a000 	C:\WINDOWS\System32\RPCRT4.dll
0x00007ff99a580000 - 0x00007ff99a588000 	C:\WINDOWS\System32\PSAPI.DLL
0x00007ff987bc0000 - 0x00007ff987bc9000 	C:\WINDOWS\SYSTEM32\WSOCK32.dll
0x00007ff98aa20000 - 0x00007ff98aa47000 	C:\WINDOWS\SYSTEM32\WINMM.dll
0x00007ff99a100000 - 0x00007ff99a16b000 	C:\WINDOWS\System32\WS2_32.dll
0x00007ff98f0c0000 - 0x00007ff98f0ca000 	C:\WINDOWS\SYSTEM32\VERSION.dll
0x00007ff997350000 - 0x00007ff997362000 	C:\WINDOWS\SYSTEM32\kernel.appcore.dll
0x00007ff982800000 - 0x00007ff982811000 	C:\Program Files\Android\Android Studio\jre\bin\verify.dll
0x00007ff9874d0000 - 0x00007ff9876b4000 	C:\WINDOWS\SYSTEM32\DBGHELP.DLL
0x00007ff9832d0000 - 0x00007ff9832fc000 	C:\WINDOWS\SYSTEM32\dbgcore.DLL
0x00007ff998ad0000 - 0x00007ff998b53000 	C:\WINDOWS\System32\bcryptPrimitives.dll
0x00007ff9827d0000 - 0x00007ff9827f9000 	C:\Program Files\Android\Android Studio\jre\bin\java.dll
0x00007ff987bb0000 - 0x00007ff987bbb000 	C:\Program Files\Android\Android Studio\jre\bin\jimage.dll
0x00007ff9827b0000 - 0x00007ff9827c8000 	C:\Program Files\Android\Android Studio\jre\bin\zip.dll
0x00007ff99ac30000 - 0x00007ff99b36f000 	C:\WINDOWS\System32\SHELL32.dll
0x00007ff996b80000 - 0x00007ff997310000 	C:\WINDOWS\SYSTEM32\windows.storage.dll
0x00007ff999b40000 - 0x00007ff999e95000 	C:\WINDOWS\System32\combase.dll
0x00007ff998520000 - 0x00007ff99854c000 	C:\WINDOWS\SYSTEM32\Wldp.dll
0x00007ff99a300000 - 0x00007ff99a3ae000 	C:\WINDOWS\System32\SHCORE.dll
0x00007ff999400000 - 0x00007ff999455000 	C:\WINDOWS\System32\shlwapi.dll
0x00007ff998a10000 - 0x00007ff998a2f000 	C:\WINDOWS\SYSTEM32\profapi.dll
0x00007ff982790000 - 0x00007ff9827aa000 	C:\Program Files\Android\Android Studio\jre\bin\net.dll
0x00007ff98e490000 - 0x00007ff98e598000 	C:\WINDOWS\SYSTEM32\WINHTTP.dll
0x00007ff998280000 - 0x00007ff9982ea000 	C:\WINDOWS\system32\mswsock.dll
0x00007ff982770000 - 0x00007ff982784000 	C:\Program Files\Android\Android Studio\jre\bin\nio.dll
0x00007ff9879b0000 - 0x00007ff9879d7000 	C:\Users\TabSan\.gradle\native\8bec1ad78214c89d9ad589b4d07fe93259594b29d510b10fafb7a158f7737e5d\windows-amd64\native-platform.dll
0x00007ff949880000 - 0x00007ff9499bd000 	C:\Users\TabSan\.gradle\native\53dbd7edfb1c66fb8903c78663c9afc45aea4f116125fa6feffd364cf09443e8\windows-amd64\native-platform-file-events.dll
0x00007ff9879a0000 - 0x00007ff9879aa000 	C:\Program Files\Android\Android Studio\jre\bin\management.dll
0x00007ff984d40000 - 0x00007ff984d4c000 	C:\Program Files\Android\Android Studio\jre\bin\management_ext.dll
0x00007ff998470000 - 0x00007ff998488000 	C:\WINDOWS\SYSTEM32\CRYPTSP.dll
0x00007ff997b90000 - 0x00007ff997bc4000 	C:\WINDOWS\system32\rsaenh.dll
0x00007ff999370000 - 0x00007ff999397000 	C:\WINDOWS\System32\bcrypt.dll
0x00007ff998990000 - 0x00007ff9989be000 	C:\WINDOWS\SYSTEM32\USERENV.dll
0x00007ff998490000 - 0x00007ff99849c000 	C:\WINDOWS\SYSTEM32\CRYPTBASE.dll
0x00007ff997f00000 - 0x00007ff997f3b000 	C:\WINDOWS\SYSTEM32\IPHLPAPI.DLL
0x00007ff99a4f0000 - 0x00007ff99a4f8000 	C:\WINDOWS\System32\NSI.dll
0x00007ff98f080000 - 0x00007ff98f097000 	C:\WINDOWS\SYSTEM32\dhcpcsvc6.DLL
0x00007ff98f320000 - 0x00007ff98f33d000 	C:\WINDOWS\SYSTEM32\dhcpcsvc.DLL
0x00007ff997f60000 - 0x00007ff99802c000 	C:\WINDOWS\SYSTEM32\DNSAPI.dll

dbghelp: loaded successfully - version: 4.0.5 - missing functions: none
symbol engine: initialized successfully - sym options: 0x614 - pdb path: .;C:\Program Files\Android\Android Studio\jre\bin;C:\WINDOWS\SYSTEM32;C:\WINDOWS\WinSxS\amd64_microsoft.windows.common-controls_6595b64144ccf1df_6.0.19041.1110_none_60b5254171f9507e;C:\Program Files\Android\Android Studio\jre\bin\server;C:\Users\TabSan\.gradle\native\8bec1ad78214c89d9ad589b4d07fe93259594b29d510b10fafb7a158f7737e5d\windows-amd64;C:\Users\TabSan\.gradle\native\53dbd7edfb1c66fb8903c78663c9afc45aea4f116125fa6feffd364cf09443e8\windows-amd64

VM Arguments:
jvm_args: --add-opens=java.base/java.util=ALL-UNNAMED --add-opens=java.base/java.lang=ALL-UNNAMED --add-opens=java.base/java.lang.invoke=ALL-UNNAMED --add-opens=java.base/java.util=ALL-UNNAMED --add-opens=java.prefs/java.util.prefs=ALL-UNNAMED --add-opens=java.prefs/java.util.prefs=ALL-UNNAMED --add-opens=java.base/java.nio.charset=ALL-UNNAMED --add-opens=java.base/java.net=ALL-UNNAMED --add-opens=java.base/java.util.concurrent.atomic=ALL-UNNAMED -Xmx2048m -Dfile.encoding=UTF-8 -Duser.country=MX -Duser.language=es -Duser.variant 
java_command: org.gradle.launcher.daemon.bootstrap.GradleDaemon 7.0.2
java_class_path (initial): C:\Users\TabSan\.gradle\wrapper\dists\gradle-7.0.2-bin\857tjihv64xamwrf0h14cai3r\gradle-7.0.2\lib\gradle-launcher-7.0.2.jar
Launcher Type: SUN_STANDARD

[Global flags]
     intx CICompilerCount                          = 3                                         {product} {ergonomic}
     uint ConcGCThreads                            = 1                                         {product} {ergonomic}
     uint G1ConcRefinementThreads                  = 4                                         {product} {ergonomic}
   size_t G1HeapRegionSize                         = 1048576                                   {product} {ergonomic}
    uintx GCDrainStackTargetSize                   = 64                                        {product} {ergonomic}
   size_t InitialHeapSize                          = 134217728                                 {product} {ergonomic}
   size_t MarkStackSize                            = 4194304                                   {product} {ergonomic}
   size_t MaxHeapSize                              = 2147483648                                {product} {command line}
   size_t MaxNewSize                               = 1287651328                                {product} {ergonomic}
   size_t MinHeapDeltaBytes                        = 1048576                                   {product} {ergonomic}
    uintx NonNMethodCodeHeapSize                   = 5830732                                {pd product} {ergonomic}
    uintx NonProfiledCodeHeapSize                  = 122913754                              {pd product} {ergonomic}
    uintx ProfiledCodeHeapSize                     = 122913754                              {pd product} {ergonomic}
    uintx ReservedCodeCacheSize                    = 251658240                              {pd product} {ergonomic}
     bool SegmentedCodeCache                       = true                                      {product} {ergonomic}
     bool UseCompressedClassPointers               = true                                 {lp64_product} {ergonomic}
     bool UseCompressedOops                        = true                                 {lp64_product} {ergonomic}
     bool UseG1GC                                  = true                                      {product} {ergonomic}
     bool UseLargePagesIndividualAllocation        = false                                  {pd product} {ergonomic}

Logging:
Log output configuration:
 #0: stdout all=warning uptime,level,tags
 #1: stderr all=off uptime,level,tags

Environment Variables:
JAVA_HOME=C:\Program Files\AdoptOpenJDK\jdk-11.0.11.9-hotspot\
PATH=C:\kotlinc\bin;C:\ProgramData\Oracle\Java\javapath;C:\WINDOWS\system32;C:\WINDOWS;C:\WINDOWS\System32\Wbem;C:\WINDOWS\System32\WindowsPowerShell\v1.0\;C:\Program Files\Java\jdk1.8.0_144\bin;C:\WINDOWS\System32\OpenSSH\;C:\Program Files\Common Files\Autodesk Shared\;C:\Program Files (x86)\Microsoft SQL Server\100\Tools\Binn\;C:\Program Files\Microsoft SQL Server\100\Tools\Binn\;C:\Program Files\Microsoft SQL Server\100\DTS\Binn\;C:\Program Files (x86)\Microsoft SQL Server\100\Tools\Binn\VSShell\Common7\IDE\;C:\Program Files (x86)\Microsoft SQL Server\100\DTS\Binn\;C:\Program Files (x86)\Microsoft Visual Studio 9.0\Common7\IDE\PrivateAssemblies\;C:\Program Files\Git\cmd;C:\Program Files\dotnet\;C:\Program Files\nodejs\;C:\ProgramData\chocolatey\bin;C:\Program Files (x86)\PDFtk Server\bin\;C:\Users\TabSan\AppData\Local\Programs\Python\Python35\Scripts\;C:\Users\TabSan\AppData\Local\Programs\Python\Python35\;C:\Users\TabSan\AppData\Local\Programs\Python\Python39\Scripts\;C:\Users\TabSan\AppData\Local\Programs\Python\Python39\;C:\Users\TabSan\AppData\Local\Programs\Python\Python38\Scripts\;C:\Users\TabSan\AppData\Local\Programs\Python\Python38\;C:\Users\TabSan\AppData\Local\Microsoft\WindowsApps;C:\Users\TabSan\AppData\Local\atom\bin;C:\Users\TabSan\AppData\Local\Microsoft\WindowsApps;C:\Users\TabSan\.dotnet\tools;E:\DOCUMENTOS\SQLite\sqlite-tools-win32-x86-3360000;C:\Users\TabSan\AppData\Local\Programs\Microsoft VS Code\bin;C:\Users\TabSan\AppData\Roaming\npm;C:\Program Files\MongoDB\Server\4.2\bin;C:\kotlinc\bin;
USERNAME=TabSan
OS=Windows_NT
PROCESSOR_IDENTIFIER=Intel64 Family 6 Model 58 Stepping 9, GenuineIntel



---------------  S Y S T E M  ---------------

OS: Windows 10 , 64 bit Build 19041 (10.0.19041.1202)
OS uptime: 0 days 0:18 hours

CPU:total 4 (initial active 4) (2 cores per cpu, 2 threads per core) family 6 model 58 stepping 9 microcode 0x21, cmov, cx8, fxsr, mmx, sse, sse2, sse3, ssse3, sse4.1, sse4.2, popcnt, avx, aes, clmul, erms, ht, tsc, tscinvbit, tscinv

Memory: 4k page, system-wide physical 8074M (3177M free)
TotalPageFile size 10890M (AvailPageFile size 5855M)
current process WorkingSet (physical memory assigned to process): 391M, peak: 429M
current process commit charge ("private bytes"): 419M, peak: 457M

vm_info: OpenJDK 64-Bit Server VM (11.0.10+0-b96-7249189) for windows-amd64 JRE (11.0.10+0-b96-7249189), built on Mar 31 2021 21:44:00 by "builder" with MS VC++ 14.0 (VS2015)

END.
