#
# A fatal error has been detected by the Java Runtime Environment:
#
#  EXCEPTION_ACCESS_VIOLATION (0xc0000005) at pc=0x00007fff920c7db0, pid=1528, tid=11080
#
# JRE version: OpenJDK Runtime Environment (11.0.10) (build 11.0.10+0-b96-7249189)
# Java VM: OpenJDK 64-Bit Server VM (11.0.10+0-b96-7249189, mixed mode, tiered, compressed oops, g1 gc, windows-amd64)
# Problematic frame:
# V  [jvm.dll+0x357db0]
#
# No core dump will be written. Minidumps are not enabled by default on client versions of Windows
#
# If you would like to submit a bug report, please visit:
#   https://bugreport.java.com/bugreport/crash.jsp
#

---------------  S U M M A R Y ------------

Command Line: --add-opens=java.base/java.util=ALL-UNNAMED --add-opens=java.base/java.lang=ALL-UNNAMED --add-opens=java.base/java.lang.invoke=ALL-UNNAMED --add-opens=java.base/java.util=ALL-UNNAMED --add-opens=java.prefs/java.util.prefs=ALL-UNNAMED --add-opens=java.prefs/java.util.prefs=ALL-UNNAMED --add-opens=java.base/java.nio.charset=ALL-UNNAMED --add-opens=java.base/java.net=ALL-UNNAMED --add-opens=java.base/java.util.concurrent.atomic=ALL-UNNAMED -Xmx2048m -Dfile.encoding=UTF-8 -Duser.country=MX -Duser.language=es -Duser.variant org.gradle.launcher.daemon.bootstrap.GradleDaemon 7.0.2

Host: Intel(R) Core(TM) i5-3337U CPU @ 1.80GHz, 4 cores, 11G,  Windows 10 , 64 bit Build 19041 (10.0.19041.1202)
Time: Wed Nov 24 19:47:24 2021 Hora est. Pacífico, Sudamérica elapsed time: 7.609240 seconds (0d 0h 0m 7s)

---------------  T H R E A D  ---------------

Current thread (0x00000293347dc000):  JavaThread "C2 CompilerThread0" daemon [_thread_in_native, id=11080, stack(0x000000e024800000,0x000000e024900000)]


Current CompileTask:
C2:   7609 3239   !   4       java.net.URLClassLoader$1::run (63 bytes)

Stack: [0x000000e024800000,0x000000e024900000],  sp=0x000000e0248fc160,  free space=1008k
Native frames: (J=compiled Java code, j=interpreted, Vv=VM code, C=native code)
V  [jvm.dll+0x357db0]
V  [jvm.dll+0x352b90]
V  [jvm.dll+0x351196]
V  [jvm.dll+0x197e52]
V  [jvm.dll+0x1fb70e]
V  [jvm.dll+0x1fa7f4]
V  [jvm.dll+0x18354c]
V  [jvm.dll+0x208ee7]
V  [jvm.dll+0x207731]
V  [jvm.dll+0x6eb1cf]
V  [jvm.dll+0x6e3d45]
V  [jvm.dll+0x5ebe96]
C  [ucrtbase.dll+0x21bb2]
C  [KERNEL32.DLL+0x17034]
C  [ntdll.dll+0x52651]


siginfo: EXCEPTION_ACCESS_VIOLATION (0xc0000005), reading address 0x00007fff92f67c38


Register to memory mapping:

RIP=0x00007fff920c7db0 jvm.dll
RAX=0x00007fff92f67c38 is an unknown value
RBX=0x0000000000000020 is an unknown value
RCX=0x0000000000000002 is an unknown value
RDX=0x0 is NULL
RSP=0x000000e0248fc160 is pointing into the stack for thread: 0x00000293347dc000
RBP=0x0000000000000008 is an unknown value
RSI=0x00007fff92767c38 jvm.dll
RDI=0x0000029334780f30 points into unknown readable memory: 0x00000293347d02e0 | e0 02 7d 34 93 02 00 00
R8 =0x000002933b82b990 points into unknown readable memory: 0x0000000000000007 | 07 00 00 00 00 00 00 00
R9 =0x000000e0248fc1b0 is pointing into the stack for thread: 0x00000293347dc000
R10=0x0000000000000004 is an unknown value
R11=0x000000e0248fc1f0 is pointing into the stack for thread: 0x00000293347dc000
R12=0x00000000000003d8 is an unknown value
R13=0x0000000000000008 is an unknown value
R14=0x00007fff91d70000 jvm.dll
R15=0x0000029336e6ca00 points into unknown readable memory: 0x000002933b7e3040 | 40 30 7e 3b 93 02 00 00


Registers:
RAX=0x00007fff92f67c38, RBX=0x0000000000000020, RCX=0x0000000000000002, RDX=0x0000000000000000
RSP=0x000000e0248fc160, RBP=0x0000000000000008, RSI=0x00007fff92767c38, RDI=0x0000029334780f30
R8 =0x000002933b82b990, R9 =0x000000e0248fc1b0, R10=0x0000000000000004, R11=0x000000e0248fc1f0
R12=0x00000000000003d8, R13=0x0000000000000008, R14=0x00007fff91d70000, R15=0x0000029336e6ca00
RIP=0x00007fff920c7db0, EFLAGS=0x0000000000010246

Top of Stack: (sp=0x000000e0248fc160)
0x000000e0248fc160:   0000000000000021 00007fff9225aa52
0x000000e0248fc170:   000000000000202e 00007fff920c7f34
0x000000e0248fc180:   0000000000000000 00007fff920c2b90
0x000000e0248fc190:   0000000000000001 0000000000000000
0x000000e0248fc1a0:   000000e0248fc2f0 00007fff920c1260
0x000000e0248fc1b0:   0000000000000000 000000e000000008
0x000000e0248fc1c0:   00007fff92f67c38 00007fff00000000
0x000000e0248fc1d0:   00000293385757b8 0000029300000021
0x000000e0248fc1e0:   000002933b82b990 0000000000000001
0x000000e0248fc1f0:   0000029336e6ca10 00007fff920c1196
0x000000e0248fc200:   0000000000000742 000000e0248fc330
0x000000e0248fc210:   000000e0248fc2f0 000002933b981990
0x000000e0248fc220:   000000e0248fc778 00007fff91f07e52
0x000000e0248fc230:   0000000000000000 000000e0248fc690
0x000000e0248fc240:   00000000000003d8 0000029336e6ca10
0x000000e0248fc250:   000000000000b400 0000000000000000 

Instructions: (pc=0x00007fff920c7db0)
0x00007fff920c7cb0:   58 4c 8b 64 24 50 48 8b c3 48 83 c4 20 41 5f 5f
0x00007fff920c7cc0:   5e 5d 5b c3 cc cc cc cc cc cc cc cc cc cc cc cc
0x00007fff920c7cd0:   83 3a 00 4c 8b c2 c7 41 08 08 00 00 00 75 16 33
0x00007fff920c7ce0:   d2 c7 41 18 01 00 00 00 89 11 48 8b c1 c7 41 28
0x00007fff920c7cf0:   01 00 00 00 c3 33 d2 48 89 11 89 51 18 41 8b 80
0x00007fff920c7d00:   90 00 00 00 89 41 28 48 89 51 10 49 8b 40 08 48
0x00007fff920c7d10:   89 41 20 48 8b c1 4c 89 41 30 c3 cc cc cc cc cc
0x00007fff920c7d20:   48 83 ec 28 8b 51 08 4c 8b c9 83 fa 08 73 18 4c
0x00007fff920c7d30:   8b 41 10 8b c2 41 83 3c 80 00 0f 85 0d 01 00 00
0x00007fff920c7d40:   ff c2 83 fa 08 72 ec 44 8b 51 18 48 89 5c 24 30
0x00007fff920c7d50:   48 89 6c 24 38 48 89 74 24 40 48 89 7c 24 20 44
0x00007fff920c7d60:   3b 51 28 0f 83 b9 00 00 00 8b 0d 0d ba 6d 00 48
0x00007fff920c7d70:   8d 35 c2 fe 69 00 65 48 8b 04 25 58 00 00 00 bd
0x00007fff920c7d80:   08 00 00 00 48 8d 3c c8 0f 1f 84 00 00 00 00 00
0x00007fff920c7d90:   41 8b c2 48 8d 1c c5 00 00 00 00 49 8b 41 20 48
0x00007fff920c7da0:   8b 04 03 48 3b c6 74 6d 49 89 41 10 33 d2 66 90
0x00007fff920c7db0:   83 38 00 0f 85 c3 00 00 00 ff c2 48 83 c0 04 83
0x00007fff920c7dc0:   fa 08 72 ec 4d 8b 59 30 4d 85 db 74 48 49 8b 43
0x00007fff920c7dd0:   08 8b d5 48 03 17 4c 8b 04 03 48 8b 02 48 8b 88
0x00007fff920c7de0:   d0 04 00 00 48 8b 81 88 00 00 00 48 8b 88 88 08
0x00007fff920c7df0:   00 00 49 89 08 48 8b 02 48 8b 88 d0 04 00 00 48
0x00007fff920c7e00:   8b 81 88 00 00 00 4c 89 80 88 08 00 00 49 8b 43
0x00007fff920c7e10:   08 48 89 34 03 41 ff c2 45 3b 51 28 0f 82 6e ff
0x00007fff920c7e20:   ff ff 41 8b 41 28 41 89 41 18 33 c0 41 c7 41 08
0x00007fff920c7e30:   08 00 00 00 48 8b 74 24 40 48 8b 6c 24 38 48 8b
0x00007fff920c7e40:   5c 24 30 48 8b 7c 24 20 48 83 c4 28 c3 8b 41 18
0x00007fff920c7e50:   8d 0c c2 8b c2 c1 e1 05 81 e9 00 01 00 00 41 89
0x00007fff920c7e60:   49 04 41 8b 0c 80 8d 42 01 41 89 09 49 8b c9 41
0x00007fff920c7e70:   89 41 08 48 83 c4 28 e9 a4 33 e4 ff 42 8d 04 d2
0x00007fff920c7e80:   c1 e0 05 41 89 41 04 49 8b 41 10 8b 0c 90 41 8d
0x00007fff920c7e90:   42 01 41 89 41 18 8d 42 01 41 89 09 49 8b c9 41
0x00007fff920c7ea0:   89 41 08 e8 78 33 e4 ff eb 8a cc cc cc cc cc cc 


Stack slot to memory mapping:
stack at sp + 0 slots: 0x0000000000000021 is an unknown value
stack at sp + 1 slots: 0x00007fff9225aa52 jvm.dll
stack at sp + 2 slots: 0x000000000000202e is an unknown value
stack at sp + 3 slots: 0x00007fff920c7f34 jvm.dll
stack at sp + 4 slots: 0x0 is NULL
stack at sp + 5 slots: 0x00007fff920c2b90 jvm.dll
stack at sp + 6 slots: 0x0000000000000001 is an unknown value
stack at sp + 7 slots: 0x0 is NULL


---------------  P R O C E S S  ---------------

Threads class SMR info:
_java_thread_list=0x000002933a3dc9a0, length=35, elements={
0x00000293183df000, 0x0000029333f64000, 0x0000029333f72000, 0x00000293347d2800,
0x00000293347d3800, 0x00000293347d5800, 0x00000293347dc000, 0x00000293347dd800,
0x00000293347e1000, 0x000002933492c800, 0x000002933613a000, 0x0000029337406000,
0x0000029337ec7000, 0x00000293368c2800, 0x0000029335f64800, 0x000002933694a800,
0x00000293362f3000, 0x0000029336da4000, 0x00000293371b6800, 0x00000293371af800,
0x00000293371ae000, 0x00000293371a9800, 0x00000293371ab800, 0x00000293371ae800,
0x00000293371b0000, 0x00000293371aa800, 0x00000293371ac000, 0x00000293371ad000,
0x0000029338099000, 0x0000029337129800, 0x000002933712b800, 0x000002933712a800,
0x000002933712d000, 0x0000029337131000, 0x0000029337134800
}

Java Threads: ( => current thread )
  0x00000293183df000 JavaThread "main" [_thread_blocked, id=11288, stack(0x000000e023c00000,0x000000e023d00000)]
  0x0000029333f64000 JavaThread "Reference Handler" daemon [_thread_blocked, id=712, stack(0x000000e024300000,0x000000e024400000)]
  0x0000029333f72000 JavaThread "Finalizer" daemon [_thread_blocked, id=11912, stack(0x000000e024400000,0x000000e024500000)]
  0x00000293347d2800 JavaThread "Signal Dispatcher" daemon [_thread_blocked, id=9632, stack(0x000000e024500000,0x000000e024600000)]
  0x00000293347d3800 JavaThread "Attach Listener" daemon [_thread_blocked, id=4940, stack(0x000000e024600000,0x000000e024700000)]
  0x00000293347d5800 JavaThread "Service Thread" daemon [_thread_blocked, id=10732, stack(0x000000e024700000,0x000000e024800000)]
=>0x00000293347dc000 JavaThread "C2 CompilerThread0" daemon [_thread_in_native, id=11080, stack(0x000000e024800000,0x000000e024900000)]
  0x00000293347dd800 JavaThread "C1 CompilerThread0" daemon [_thread_in_native, id=440, stack(0x000000e024900000,0x000000e024a00000)]
  0x00000293347e1000 JavaThread "Sweeper thread" daemon [_thread_blocked, id=11100, stack(0x000000e024a00000,0x000000e024b00000)]
  0x000002933492c800 JavaThread "Common-Cleaner" daemon [_thread_blocked, id=2712, stack(0x000000e024b00000,0x000000e024c00000)]
  0x000002933613a000 JavaThread "Daemon health stats" [_thread_blocked, id=7436, stack(0x000000e025100000,0x000000e025200000)]
  0x0000029337406000 JavaThread "Incoming local TCP Connector on port 50107" [_thread_in_native, id=10836, stack(0x000000e024d00000,0x000000e024e00000)]
  0x0000029337ec7000 JavaThread "Daemon periodic checks" [_thread_blocked, id=7648, stack(0x000000e025200000,0x000000e025300000)]
  0x00000293368c2800 JavaThread "Daemon" [_thread_blocked, id=1828, stack(0x000000e025300000,0x000000e025400000)]
  0x0000029335f64800 JavaThread "Handler for socket connection from /127.0.0.1:50107 to /127.0.0.1:50108" [_thread_in_native, id=11076, stack(0x000000e025400000,0x000000e025500000)]
  0x000002933694a800 JavaThread "Cancel handler" [_thread_blocked, id=10800, stack(0x000000e025500000,0x000000e025600000)]
  0x00000293362f3000 JavaThread "Daemon worker" [_thread_in_vm, id=10512, stack(0x000000e025600000,0x000000e025700000)]
  0x0000029336da4000 JavaThread "Asynchronous log dispatcher for DefaultDaemonConnection: socket connection from /127.0.0.1:50107 to /127.0.0.1:50108" [_thread_blocked, id=10212, stack(0x000000e025700000,0x000000e025800000)]
  0x00000293371b6800 JavaThread "Stdin handler" [_thread_blocked, id=11056, stack(0x000000e025800000,0x000000e025900000)]
  0x00000293371af800 JavaThread "Daemon client event forwarder" [_thread_in_vm, id=11576, stack(0x000000e025900000,0x000000e025a00000)]
  0x00000293371ae000 JavaThread "Cache worker for file hash cache (C:\Users\TabSan\.gradle\caches\7.0.2\fileHashes)" [_thread_blocked, id=12232, stack(0x000000e025a00000,0x000000e025b00000)]
  0x00000293371a9800 JavaThread "File lock request listener" [_thread_in_native, id=5684, stack(0x000000e025b00000,0x000000e025c00000)]
  0x00000293371ab800 JavaThread "Cache worker for journal cache (C:\Users\TabSan\.gradle\caches\journal-1)" [_thread_blocked, id=9936, stack(0x000000e025c00000,0x000000e025d00000)]
  0x00000293371ae800 JavaThread "Cache worker for file hash cache (C:\Users\TabSan\AndroidStudioProjects\OurApp\.gradle\7.0.2\fileHashes)" [_thread_blocked, id=10572, stack(0x000000e025d00000,0x000000e025e00000)]
  0x00000293371b0000 JavaThread "File watcher server" daemon [_thread_in_native, id=12128, stack(0x000000e025e00000,0x000000e025f00000)]
  0x00000293371aa800 JavaThread "File watcher consumer" daemon [_thread_blocked, id=11736, stack(0x000000e025f00000,0x000000e026000000)]
  0x00000293371ac000 JavaThread "Cache worker for checksums cache (C:\Users\TabSan\AndroidStudioProjects\OurApp\.gradle\checksums)" [_thread_blocked, id=10904, stack(0x000000e026000000,0x000000e026100000)]
  0x00000293371ad000 JavaThread "Cache worker for cache directory md-supplier (C:\Users\TabSan\.gradle\caches\7.0.2\md-supplier)" [_thread_blocked, id=8824, stack(0x000000e026100000,0x000000e026200000)]
  0x0000029338099000 JavaThread "C2 CompilerThread1" daemon [_thread_in_native, id=2800, stack(0x000000e026200000,0x000000e026300000)]
  0x0000029337129800 JavaThread "Cache worker for cache directory md-rule (C:\Users\TabSan\.gradle\caches\7.0.2\md-rule)" [_thread_blocked, id=4156, stack(0x000000e026300000,0x000000e026400000)]
  0x000002933712b800 JavaThread "Cache worker for execution history cache (C:\Users\TabSan\.gradle\caches\7.0.2\executionHistory)" [_thread_blocked, id=10072, stack(0x000000e026400000,0x000000e026500000)]
  0x000002933712a800 JavaThread "jar transforms" [_thread_blocked, id=10268, stack(0x000000e026500000,0x000000e026600000)]
  0x000002933712d000 JavaThread "jar transforms Thread 2" [_thread_blocked, id=6572, stack(0x000000e026600000,0x000000e026700000)]
  0x0000029337131000 JavaThread "Cache worker for file content cache (C:\Users\TabSan\.gradle\caches\7.0.2\fileContent)" [_thread_blocked, id=11992, stack(0x000000e026700000,0x000000e026800000)]
  0x0000029337134800 JavaThread "Cache worker for dependencies-accessors (C:\Users\TabSan\AndroidStudioProjects\OurApp\.gradle\7.0.2\dependencies-accessors)" [_thread_blocked, id=12264, stack(0x000000e026800000,0x000000e026900000)]

Other Threads:
  0x0000029334785000 VMThread "VM Thread" [stack: 0x000000e024200000,0x000000e024300000] [id=6596]
  0x0000029334935000 WatcherThread [stack: 0x000000e024c00000,0x000000e024d00000] [id=11356]
  0x00000293183f8000 GCTaskThread "GC Thread#0" [stack: 0x000000e023d00000,0x000000e023e00000] [id=12016]
  0x0000029335143800 GCTaskThread "GC Thread#1" [stack: 0x000000e024e00000,0x000000e024f00000] [id=11284]
  0x0000029334d60000 GCTaskThread "GC Thread#2" [stack: 0x000000e024f00000,0x000000e025000000] [id=9404]
  0x0000029334d60800 GCTaskThread "GC Thread#3" [stack: 0x000000e025000000,0x000000e025100000] [id=12240]
  0x0000029318427800 ConcurrentGCThread "G1 Main Marker" [stack: 0x000000e023e00000,0x000000e023f00000] [id=9268]
  0x0000029318429000 ConcurrentGCThread "G1 Conc#0" [stack: 0x000000e023f00000,0x000000e024000000] [id=10916]
  0x00000293184be800 ConcurrentGCThread "G1 Refine#0" [stack: 0x000000e024000000,0x000000e024100000] [id=11472]
  0x0000029333db6800 ConcurrentGCThread "G1 Young RemSet Sampling" [stack: 0x000000e024100000,0x000000e024200000] [id=11412]

Threads with active compile tasks:
C2 CompilerThread0   7709 3239   !   4       java.net.URLClassLoader$1::run (63 bytes)
C2 CompilerThread1   7710 3509       4       org.codehaus.groovy.reflection.CachedMethod::compareToCachedMethod (160 bytes)

VM state:not at safepoint (normal execution)

VM Mutex/Monitor currently owned by a thread: None

Heap address: 0x0000000080000000, size: 2048 MB, Compressed Oops mode: 32-bit
Narrow klass base: 0x0000000000000000, Narrow klass shift: 3
Compressed class space size: 1073741824 Address: 0x0000000100000000

Heap:
 garbage-first heap   total 196608K, used 99839K [0x0000000080000000, 0x0000000100000000)
  region size 1024K, 79 young (80896K), 6 survivors (6144K)
 Metaspace       used 40003K, capacity 41011K, committed 41164K, reserved 1085440K
  class space    used 5125K, capacity 5458K, committed 5580K, reserved 1048576K
Heap Regions: E=young(eden), S=young(survivor), O=old, HS=humongous(starts), HC=humongous(continues), CS=collection set, F=free, A=archive, TAMS=top-at-mark-start (previous, next)
|   0|0x0000000080000000, 0x0000000080100000, 0x0000000080100000|100%| O|  |TAMS 0x0000000080100000, 0x0000000080000000| Untracked 
|   1|0x0000000080100000, 0x0000000080200000, 0x0000000080200000|100%| O|  |TAMS 0x0000000080200000, 0x0000000080100000| Untracked 
|   2|0x0000000080200000, 0x0000000080300000, 0x0000000080300000|100%| O|  |TAMS 0x0000000080300000, 0x0000000080200000| Untracked 
|   3|0x0000000080300000, 0x0000000080400000, 0x0000000080400000|100%|HS|  |TAMS 0x0000000080400000, 0x0000000080300000| Complete 
|   4|0x0000000080400000, 0x0000000080500000, 0x0000000080500000|100%|HC|  |TAMS 0x0000000080500000, 0x0000000080400000| Complete 
|   5|0x0000000080500000, 0x0000000080600000, 0x0000000080600000|100%|HC|  |TAMS 0x0000000080600000, 0x0000000080500000| Complete 
|   6|0x0000000080600000, 0x0000000080700000, 0x0000000080700000|100%| O|  |TAMS 0x0000000080700000, 0x0000000080600000| Untracked 
|   7|0x0000000080700000, 0x0000000080800000, 0x0000000080800000|100%| O|  |TAMS 0x0000000080800000, 0x0000000080700000| Untracked 
|   8|0x0000000080800000, 0x0000000080900000, 0x0000000080900000|100%| O|  |TAMS 0x0000000080900000, 0x0000000080800000| Untracked 
|   9|0x0000000080900000, 0x0000000080a00000, 0x0000000080a00000|100%| O|  |TAMS 0x0000000080a00000, 0x0000000080900000| Untracked 
|  10|0x0000000080a00000, 0x0000000080b00000, 0x0000000080b00000|100%| O|  |TAMS 0x0000000080b00000, 0x0000000080a00000| Untracked 
|  11|0x0000000080b00000, 0x0000000080c00000, 0x0000000080c00000|100%| O|  |TAMS 0x0000000080c00000, 0x0000000080b00000| Untracked 
|  12|0x0000000080c00000, 0x0000000080d00000, 0x0000000080d00000|100%| O|  |TAMS 0x0000000080d00000, 0x0000000080c00000| Untracked 
|  13|0x0000000080d00000, 0x0000000080e00000, 0x0000000080e00000|100%| O|  |TAMS 0x0000000080e00000, 0x0000000080d00000| Untracked 
|  14|0x0000000080e00000, 0x0000000080f00000, 0x0000000080f00000|100%| O|  |TAMS 0x0000000080f00000, 0x0000000080e00000| Untracked 
|  15|0x0000000080f00000, 0x0000000081000000, 0x0000000081000000|100%| O|  |TAMS 0x0000000081000000, 0x0000000080f00000| Untracked 
|  16|0x0000000081000000, 0x000000008107fc00, 0x0000000081100000| 49%| O|  |TAMS 0x000000008107fc00, 0x0000000081000000| Untracked 
|  17|0x0000000081100000, 0x0000000081200000, 0x0000000081200000|100%|HS|  |TAMS 0x0000000081100000, 0x0000000081100000| Complete 
|  18|0x0000000081200000, 0x0000000081300000, 0x0000000081300000|100%|HS|  |TAMS 0x0000000081200000, 0x0000000081200000| Complete 
|  19|0x0000000081300000, 0x0000000081400000, 0x0000000081400000|100%|HC|  |TAMS 0x0000000081300000, 0x0000000081300000| Complete 
|  20|0x0000000081400000, 0x0000000081400000, 0x0000000081500000|  0%| F|  |TAMS 0x0000000081400000, 0x0000000081400000| Untracked 
|  21|0x0000000081500000, 0x0000000081500000, 0x0000000081600000|  0%| F|  |TAMS 0x0000000081500000, 0x0000000081500000| Untracked 
|  22|0x0000000081600000, 0x0000000081600000, 0x0000000081700000|  0%| F|  |TAMS 0x0000000081600000, 0x0000000081600000| Untracked 
|  23|0x0000000081700000, 0x0000000081700000, 0x0000000081800000|  0%| F|  |TAMS 0x0000000081700000, 0x0000000081700000| Untracked 
|  24|0x0000000081800000, 0x0000000081800000, 0x0000000081900000|  0%| F|  |TAMS 0x0000000081800000, 0x0000000081800000| Untracked 
|  25|0x0000000081900000, 0x0000000081900000, 0x0000000081a00000|  0%| F|  |TAMS 0x0000000081900000, 0x0000000081900000| Untracked 
|  26|0x0000000081a00000, 0x0000000081a00000, 0x0000000081b00000|  0%| F|  |TAMS 0x0000000081a00000, 0x0000000081a00000| Untracked 
|  27|0x0000000081b00000, 0x0000000081b00000, 0x0000000081c00000|  0%| F|  |TAMS 0x0000000081b00000, 0x0000000081b00000| Untracked 
|  28|0x0000000081c00000, 0x0000000081c00000, 0x0000000081d00000|  0%| F|  |TAMS 0x0000000081c00000, 0x0000000081c00000| Untracked 
|  29|0x0000000081d00000, 0x0000000081d00000, 0x0000000081e00000|  0%| F|  |TAMS 0x0000000081d00000, 0x0000000081d00000| Untracked 
|  30|0x0000000081e00000, 0x0000000081e00000, 0x0000000081f00000|  0%| F|  |TAMS 0x0000000081e00000, 0x0000000081e00000| Untracked 
|  31|0x0000000081f00000, 0x0000000081f00000, 0x0000000082000000|  0%| F|  |TAMS 0x0000000081f00000, 0x0000000081f00000| Untracked 
|  32|0x0000000082000000, 0x0000000082000000, 0x0000000082100000|  0%| F|  |TAMS 0x0000000082000000, 0x0000000082000000| Untracked 
|  33|0x0000000082100000, 0x0000000082100000, 0x0000000082200000|  0%| F|  |TAMS 0x0000000082100000, 0x0000000082100000| Untracked 
|  34|0x0000000082200000, 0x0000000082200000, 0x0000000082300000|  0%| F|  |TAMS 0x0000000082200000, 0x0000000082200000| Untracked 
|  35|0x0000000082300000, 0x0000000082300000, 0x0000000082400000|  0%| F|  |TAMS 0x0000000082300000, 0x0000000082300000| Untracked 
|  36|0x0000000082400000, 0x0000000082400000, 0x0000000082500000|  0%| F|  |TAMS 0x0000000082400000, 0x0000000082400000| Untracked 
|  37|0x0000000082500000, 0x0000000082500000, 0x0000000082600000|  0%| F|  |TAMS 0x0000000082500000, 0x0000000082500000| Untracked 
|  38|0x0000000082600000, 0x0000000082600000, 0x0000000082700000|  0%| F|  |TAMS 0x0000000082600000, 0x0000000082600000| Untracked 
|  39|0x0000000082700000, 0x0000000082700000, 0x0000000082800000|  0%| F|  |TAMS 0x0000000082700000, 0x0000000082700000| Untracked 
|  40|0x0000000082800000, 0x0000000082800000, 0x0000000082900000|  0%| F|  |TAMS 0x0000000082800000, 0x0000000082800000| Untracked 
|  41|0x0000000082900000, 0x0000000082900000, 0x0000000082a00000|  0%| F|  |TAMS 0x0000000082900000, 0x0000000082900000| Untracked 
|  42|0x0000000082a00000, 0x0000000082a00000, 0x0000000082b00000|  0%| F|  |TAMS 0x0000000082a00000, 0x0000000082a00000| Untracked 
|  43|0x0000000082b00000, 0x0000000082b00000, 0x0000000082c00000|  0%| F|  |TAMS 0x0000000082b00000, 0x0000000082b00000| Untracked 
|  44|0x0000000082c00000, 0x0000000082c00000, 0x0000000082d00000|  0%| F|  |TAMS 0x0000000082c00000, 0x0000000082c00000| Untracked 
|  45|0x0000000082d00000, 0x0000000082d00000, 0x0000000082e00000|  0%| F|  |TAMS 0x0000000082d00000, 0x0000000082d00000| Untracked 
|  46|0x0000000082e00000, 0x0000000082e00000, 0x0000000082f00000|  0%| F|  |TAMS 0x0000000082e00000, 0x0000000082e00000| Untracked 
|  47|0x0000000082f00000, 0x0000000082f00000, 0x0000000083000000|  0%| F|  |TAMS 0x0000000082f00000, 0x0000000082f00000| Untracked 
|  48|0x0000000083000000, 0x0000000083000000, 0x0000000083100000|  0%| F|  |TAMS 0x0000000083000000, 0x0000000083000000| Untracked 
|  49|0x0000000083100000, 0x0000000083100000, 0x0000000083200000|  0%| F|  |TAMS 0x0000000083100000, 0x0000000083100000| Untracked 
|  50|0x0000000083200000, 0x0000000083200000, 0x0000000083300000|  0%| F|  |TAMS 0x0000000083200000, 0x0000000083200000| Untracked 
|  51|0x0000000083300000, 0x0000000083300000, 0x0000000083400000|  0%| F|  |TAMS 0x0000000083300000, 0x0000000083300000| Untracked 
|  52|0x0000000083400000, 0x0000000083400000, 0x0000000083500000|  0%| F|  |TAMS 0x0000000083400000, 0x0000000083400000| Untracked 
|  53|0x0000000083500000, 0x0000000083500000, 0x0000000083600000|  0%| F|  |TAMS 0x0000000083500000, 0x0000000083500000| Untracked 
|  54|0x0000000083600000, 0x0000000083600000, 0x0000000083700000|  0%| F|  |TAMS 0x0000000083600000, 0x0000000083600000| Untracked 
|  55|0x0000000083700000, 0x0000000083700000, 0x0000000083800000|  0%| F|  |TAMS 0x0000000083700000, 0x0000000083700000| Untracked 
|  56|0x0000000083800000, 0x0000000083800000, 0x0000000083900000|  0%| F|  |TAMS 0x0000000083800000, 0x0000000083800000| Untracked 
|  57|0x0000000083900000, 0x0000000083900000, 0x0000000083a00000|  0%| F|  |TAMS 0x0000000083900000, 0x0000000083900000| Untracked 
|  58|0x0000000083a00000, 0x0000000083a00000, 0x0000000083b00000|  0%| F|  |TAMS 0x0000000083a00000, 0x0000000083a00000| Untracked 
|  59|0x0000000083b00000, 0x0000000083b00000, 0x0000000083c00000|  0%| F|  |TAMS 0x0000000083b00000, 0x0000000083b00000| Untracked 
|  60|0x0000000083c00000, 0x0000000083c00000, 0x0000000083d00000|  0%| F|  |TAMS 0x0000000083c00000, 0x0000000083c00000| Untracked 
|  61|0x0000000083d00000, 0x0000000083d00000, 0x0000000083e00000|  0%| F|  |TAMS 0x0000000083d00000, 0x0000000083d00000| Untracked 
|  62|0x0000000083e00000, 0x0000000083e00000, 0x0000000083f00000|  0%| F|  |TAMS 0x0000000083e00000, 0x0000000083e00000| Untracked 
|  63|0x0000000083f00000, 0x0000000083f00000, 0x0000000084000000|  0%| F|  |TAMS 0x0000000083f00000, 0x0000000083f00000| Untracked 
|  64|0x0000000084000000, 0x0000000084000000, 0x0000000084100000|  0%| F|  |TAMS 0x0000000084000000, 0x0000000084000000| Untracked 
|  65|0x0000000084100000, 0x0000000084100000, 0x0000000084200000|  0%| F|  |TAMS 0x0000000084100000, 0x0000000084100000| Untracked 
|  66|0x0000000084200000, 0x0000000084200000, 0x0000000084300000|  0%| F|  |TAMS 0x0000000084200000, 0x0000000084200000| Untracked 
|  67|0x0000000084300000, 0x0000000084300000, 0x0000000084400000|  0%| F|  |TAMS 0x0000000084300000, 0x0000000084300000| Untracked 
|  68|0x0000000084400000, 0x0000000084400000, 0x0000000084500000|  0%| F|  |TAMS 0x0000000084400000, 0x0000000084400000| Untracked 
|  69|0x0000000084500000, 0x0000000084500000, 0x0000000084600000|  0%| F|  |TAMS 0x0000000084500000, 0x0000000084500000| Untracked 
|  70|0x0000000084600000, 0x0000000084600000, 0x0000000084700000|  0%| F|  |TAMS 0x0000000084600000, 0x0000000084600000| Untracked 
|  71|0x0000000084700000, 0x0000000084700000, 0x0000000084800000|  0%| F|  |TAMS 0x0000000084700000, 0x0000000084700000| Untracked 
|  72|0x0000000084800000, 0x0000000084800000, 0x0000000084900000|  0%| F|  |TAMS 0x0000000084800000, 0x0000000084800000| Untracked 
|  73|0x0000000084900000, 0x0000000084900000, 0x0000000084a00000|  0%| F|  |TAMS 0x0000000084900000, 0x0000000084900000| Untracked 
|  74|0x0000000084a00000, 0x0000000084a00000, 0x0000000084b00000|  0%| F|  |TAMS 0x0000000084a00000, 0x0000000084a00000| Untracked 
|  75|0x0000000084b00000, 0x0000000084b00000, 0x0000000084c00000|  0%| F|  |TAMS 0x0000000084b00000, 0x0000000084b00000| Untracked 
|  76|0x0000000084c00000, 0x0000000084c00000, 0x0000000084d00000|  0%| F|  |TAMS 0x0000000084c00000, 0x0000000084c00000| Untracked 
|  77|0x0000000084d00000, 0x0000000084d00000, 0x0000000084e00000|  0%| F|  |TAMS 0x0000000084d00000, 0x0000000084d00000| Untracked 
|  78|0x0000000084e00000, 0x0000000084e00000, 0x0000000084f00000|  0%| F|  |TAMS 0x0000000084e00000, 0x0000000084e00000| Untracked 
|  79|0x0000000084f00000, 0x0000000084f00000, 0x0000000085000000|  0%| F|  |TAMS 0x0000000084f00000, 0x0000000084f00000| Untracked 
|  80|0x0000000085000000, 0x0000000085000000, 0x0000000085100000|  0%| F|  |TAMS 0x0000000085000000, 0x0000000085000000| Untracked 
|  81|0x0000000085100000, 0x0000000085100000, 0x0000000085200000|  0%| F|  |TAMS 0x0000000085100000, 0x0000000085100000| Untracked 
|  82|0x0000000085200000, 0x0000000085200000, 0x0000000085300000|  0%| F|  |TAMS 0x0000000085200000, 0x0000000085200000| Untracked 
|  83|0x0000000085300000, 0x0000000085300000, 0x0000000085400000|  0%| F|  |TAMS 0x0000000085300000, 0x0000000085300000| Untracked 
|  84|0x0000000085400000, 0x0000000085400000, 0x0000000085500000|  0%| F|  |TAMS 0x0000000085400000, 0x0000000085400000| Untracked 
|  85|0x0000000085500000, 0x0000000085500000, 0x0000000085600000|  0%| F|  |TAMS 0x0000000085500000, 0x0000000085500000| Untracked 
|  86|0x0000000085600000, 0x0000000085600000, 0x0000000085700000|  0%| F|  |TAMS 0x0000000085600000, 0x0000000085600000| Untracked 
|  87|0x0000000085700000, 0x0000000085700000, 0x0000000085800000|  0%| F|  |TAMS 0x0000000085700000, 0x0000000085700000| Untracked 
|  88|0x0000000085800000, 0x0000000085800000, 0x0000000085900000|  0%| F|  |TAMS 0x0000000085800000, 0x0000000085800000| Untracked 
|  89|0x0000000085900000, 0x0000000085900000, 0x0000000085a00000|  0%| F|  |TAMS 0x0000000085900000, 0x0000000085900000| Untracked 
|  90|0x0000000085a00000, 0x0000000085a00000, 0x0000000085b00000|  0%| F|  |TAMS 0x0000000085a00000, 0x0000000085a00000| Untracked 
|  91|0x0000000085b00000, 0x0000000085b00000, 0x0000000085c00000|  0%| F|  |TAMS 0x0000000085b00000, 0x0000000085b00000| Untracked 
|  92|0x0000000085c00000, 0x0000000085c00000, 0x0000000085d00000|  0%| F|  |TAMS 0x0000000085c00000, 0x0000000085c00000| Untracked 
|  93|0x0000000085d00000, 0x0000000085d00000, 0x0000000085e00000|  0%| F|  |TAMS 0x0000000085d00000, 0x0000000085d00000| Untracked 
|  94|0x0000000085e00000, 0x0000000085e00000, 0x0000000085f00000|  0%| F|  |TAMS 0x0000000085e00000, 0x0000000085e00000| Untracked 
|  95|0x0000000085f00000, 0x0000000085f00000, 0x0000000086000000|  0%| F|  |TAMS 0x0000000085f00000, 0x0000000085f00000| Untracked 
|  96|0x0000000086000000, 0x0000000086000000, 0x0000000086100000|  0%| F|  |TAMS 0x0000000086000000, 0x0000000086000000| Untracked 
|  97|0x0000000086100000, 0x0000000086100000, 0x0000000086200000|  0%| F|  |TAMS 0x0000000086100000, 0x0000000086100000| Untracked 
|  98|0x0000000086200000, 0x0000000086200000, 0x0000000086300000|  0%| F|  |TAMS 0x0000000086200000, 0x0000000086200000| Untracked 
|  99|0x0000000086300000, 0x0000000086300000, 0x0000000086400000|  0%| F|  |TAMS 0x0000000086300000, 0x0000000086300000| Untracked 
| 100|0x0000000086400000, 0x0000000086400000, 0x0000000086500000|  0%| F|  |TAMS 0x0000000086400000, 0x0000000086400000| Untracked 
| 101|0x0000000086500000, 0x0000000086500000, 0x0000000086600000|  0%| F|  |TAMS 0x0000000086500000, 0x0000000086500000| Untracked 
| 102|0x0000000086600000, 0x0000000086600000, 0x0000000086700000|  0%| F|  |TAMS 0x0000000086600000, 0x0000000086600000| Untracked 
| 103|0x0000000086700000, 0x0000000086700000, 0x0000000086800000|  0%| F|  |TAMS 0x0000000086700000, 0x0000000086700000| Untracked 
| 104|0x0000000086800000, 0x0000000086800000, 0x0000000086900000|  0%| F|  |TAMS 0x0000000086800000, 0x0000000086800000| Untracked 
| 105|0x0000000086900000, 0x0000000086900000, 0x0000000086a00000|  0%| F|  |TAMS 0x0000000086900000, 0x0000000086900000| Untracked 
| 106|0x0000000086a00000, 0x0000000086a00000, 0x0000000086b00000|  0%| F|  |TAMS 0x0000000086a00000, 0x0000000086a00000| Untracked 
| 107|0x0000000086b00000, 0x0000000086b00000, 0x0000000086c00000|  0%| F|  |TAMS 0x0000000086b00000, 0x0000000086b00000| Untracked 
| 108|0x0000000086c00000, 0x0000000086c00000, 0x0000000086d00000|  0%| F|  |TAMS 0x0000000086c00000, 0x0000000086c00000| Untracked 
| 109|0x0000000086d00000, 0x0000000086d00000, 0x0000000086e00000|  0%| F|  |TAMS 0x0000000086d00000, 0x0000000086d00000| Untracked 
| 110|0x0000000086e00000, 0x0000000086e00000, 0x0000000086f00000|  0%| F|  |TAMS 0x0000000086e00000, 0x0000000086e00000| Untracked 
| 111|0x0000000086f00000, 0x0000000086f00000, 0x0000000087000000|  0%| F|  |TAMS 0x0000000086f00000, 0x0000000086f00000| Untracked 
| 112|0x0000000087000000, 0x0000000087000000, 0x0000000087100000|  0%| F|  |TAMS 0x0000000087000000, 0x0000000087000000| Untracked 
| 113|0x0000000087100000, 0x0000000087200000, 0x0000000087200000|100%| E|  |TAMS 0x0000000087100000, 0x0000000087100000| Complete 
| 114|0x0000000087200000, 0x0000000087300000, 0x0000000087300000|100%| E|CS|TAMS 0x0000000087200000, 0x0000000087200000| Complete 
| 115|0x0000000087300000, 0x0000000087400000, 0x0000000087400000|100%| E|CS|TAMS 0x0000000087300000, 0x0000000087300000| Complete 
| 116|0x0000000087400000, 0x0000000087500000, 0x0000000087500000|100%| E|CS|TAMS 0x0000000087400000, 0x0000000087400000| Complete 
| 117|0x0000000087500000, 0x0000000087600000, 0x0000000087600000|100%| E|CS|TAMS 0x0000000087500000, 0x0000000087500000| Complete 
| 118|0x0000000087600000, 0x0000000087700000, 0x0000000087700000|100%| E|CS|TAMS 0x0000000087600000, 0x0000000087600000| Complete 
| 119|0x0000000087700000, 0x0000000087800000, 0x0000000087800000|100%| E|CS|TAMS 0x0000000087700000, 0x0000000087700000| Complete 
| 120|0x0000000087800000, 0x0000000087900000, 0x0000000087900000|100%| E|CS|TAMS 0x0000000087800000, 0x0000000087800000| Complete 
| 121|0x0000000087900000, 0x0000000087a00000, 0x0000000087a00000|100%| E|CS|TAMS 0x0000000087900000, 0x0000000087900000| Complete 
| 122|0x0000000087a00000, 0x0000000087b00000, 0x0000000087b00000|100%| E|CS|TAMS 0x0000000087a00000, 0x0000000087a00000| Complete 
| 123|0x0000000087b00000, 0x0000000087c00000, 0x0000000087c00000|100%| E|CS|TAMS 0x0000000087b00000, 0x0000000087b00000| Complete 
| 124|0x0000000087c00000, 0x0000000087d00000, 0x0000000087d00000|100%| E|CS|TAMS 0x0000000087c00000, 0x0000000087c00000| Complete 
| 125|0x0000000087d00000, 0x0000000087e00000, 0x0000000087e00000|100%| E|CS|TAMS 0x0000000087d00000, 0x0000000087d00000| Complete 
| 126|0x0000000087e00000, 0x0000000087f00000, 0x0000000087f00000|100%| E|CS|TAMS 0x0000000087e00000, 0x0000000087e00000| Complete 
| 127|0x0000000087f00000, 0x0000000088000000, 0x0000000088000000|100%| E|CS|TAMS 0x0000000087f00000, 0x0000000087f00000| Complete 
| 128|0x0000000088000000, 0x0000000088100000, 0x0000000088100000|100%| E|CS|TAMS 0x0000000088000000, 0x0000000088000000| Complete 
| 129|0x0000000088100000, 0x0000000088200000, 0x0000000088200000|100%| E|CS|TAMS 0x0000000088100000, 0x0000000088100000| Complete 
| 130|0x0000000088200000, 0x0000000088300000, 0x0000000088300000|100%| E|CS|TAMS 0x0000000088200000, 0x0000000088200000| Complete 
| 131|0x0000000088300000, 0x0000000088400000, 0x0000000088400000|100%| E|CS|TAMS 0x0000000088300000, 0x0000000088300000| Complete 
| 132|0x0000000088400000, 0x0000000088500000, 0x0000000088500000|100%| E|CS|TAMS 0x0000000088400000, 0x0000000088400000| Complete 
| 133|0x0000000088500000, 0x0000000088600000, 0x0000000088600000|100%| E|CS|TAMS 0x0000000088500000, 0x0000000088500000| Complete 
| 134|0x0000000088600000, 0x0000000088700000, 0x0000000088700000|100%| E|CS|TAMS 0x0000000088600000, 0x0000000088600000| Complete 
| 135|0x0000000088700000, 0x0000000088800000, 0x0000000088800000|100%| E|CS|TAMS 0x0000000088700000, 0x0000000088700000| Complete 
| 136|0x0000000088800000, 0x0000000088900000, 0x0000000088900000|100%| E|CS|TAMS 0x0000000088800000, 0x0000000088800000| Complete 
| 137|0x0000000088900000, 0x0000000088a00000, 0x0000000088a00000|100%| E|CS|TAMS 0x0000000088900000, 0x0000000088900000| Complete 
| 138|0x0000000088a00000, 0x0000000088b00000, 0x0000000088b00000|100%| E|CS|TAMS 0x0000000088a00000, 0x0000000088a00000| Complete 
| 139|0x0000000088b00000, 0x0000000088c00000, 0x0000000088c00000|100%| E|CS|TAMS 0x0000000088b00000, 0x0000000088b00000| Complete 
| 140|0x0000000088c00000, 0x0000000088d00000, 0x0000000088d00000|100%| E|CS|TAMS 0x0000000088c00000, 0x0000000088c00000| Complete 
| 141|0x0000000088d00000, 0x0000000088e00000, 0x0000000088e00000|100%| E|CS|TAMS 0x0000000088d00000, 0x0000000088d00000| Complete 
| 142|0x0000000088e00000, 0x0000000088f00000, 0x0000000088f00000|100%| E|CS|TAMS 0x0000000088e00000, 0x0000000088e00000| Complete 
| 143|0x0000000088f00000, 0x0000000089000000, 0x0000000089000000|100%| E|CS|TAMS 0x0000000088f00000, 0x0000000088f00000| Complete 
| 144|0x0000000089000000, 0x0000000089100000, 0x0000000089100000|100%| E|CS|TAMS 0x0000000089000000, 0x0000000089000000| Complete 
| 145|0x0000000089100000, 0x0000000089200000, 0x0000000089200000|100%| E|CS|TAMS 0x0000000089100000, 0x0000000089100000| Complete 
| 146|0x0000000089200000, 0x0000000089300000, 0x0000000089300000|100%| E|CS|TAMS 0x0000000089200000, 0x0000000089200000| Complete 
| 147|0x0000000089300000, 0x0000000089400000, 0x0000000089400000|100%| E|CS|TAMS 0x0000000089300000, 0x0000000089300000| Complete 
| 148|0x0000000089400000, 0x0000000089500000, 0x0000000089500000|100%| E|CS|TAMS 0x0000000089400000, 0x0000000089400000| Complete 
| 149|0x0000000089500000, 0x0000000089600000, 0x0000000089600000|100%| E|CS|TAMS 0x0000000089500000, 0x0000000089500000| Complete 
| 150|0x0000000089600000, 0x0000000089700000, 0x0000000089700000|100%| E|CS|TAMS 0x0000000089600000, 0x0000000089600000| Complete 
| 151|0x0000000089700000, 0x0000000089800000, 0x0000000089800000|100%| E|CS|TAMS 0x0000000089700000, 0x0000000089700000| Complete 
| 152|0x0000000089800000, 0x0000000089900000, 0x0000000089900000|100%| E|CS|TAMS 0x0000000089800000, 0x0000000089800000| Complete 
| 153|0x0000000089900000, 0x0000000089a00000, 0x0000000089a00000|100%| E|CS|TAMS 0x0000000089900000, 0x0000000089900000| Complete 
| 154|0x0000000089a00000, 0x0000000089b00000, 0x0000000089b00000|100%| E|CS|TAMS 0x0000000089a00000, 0x0000000089a00000| Complete 
| 155|0x0000000089b00000, 0x0000000089c00000, 0x0000000089c00000|100%| E|CS|TAMS 0x0000000089b00000, 0x0000000089b00000| Complete 
| 156|0x0000000089c00000, 0x0000000089d00000, 0x0000000089d00000|100%| E|CS|TAMS 0x0000000089c00000, 0x0000000089c00000| Complete 
| 157|0x0000000089d00000, 0x0000000089e00000, 0x0000000089e00000|100%| E|CS|TAMS 0x0000000089d00000, 0x0000000089d00000| Complete 
| 158|0x0000000089e00000, 0x0000000089f00000, 0x0000000089f00000|100%| E|CS|TAMS 0x0000000089e00000, 0x0000000089e00000| Complete 
| 159|0x0000000089f00000, 0x000000008a000000, 0x000000008a000000|100%| E|CS|TAMS 0x0000000089f00000, 0x0000000089f00000| Complete 
| 160|0x000000008a000000, 0x000000008a100000, 0x000000008a100000|100%| E|CS|TAMS 0x000000008a000000, 0x000000008a000000| Complete 
| 161|0x000000008a100000, 0x000000008a200000, 0x000000008a200000|100%| E|CS|TAMS 0x000000008a100000, 0x000000008a100000| Complete 
| 162|0x000000008a200000, 0x000000008a300000, 0x000000008a300000|100%| E|CS|TAMS 0x000000008a200000, 0x000000008a200000| Complete 
| 163|0x000000008a300000, 0x000000008a400000, 0x000000008a400000|100%| E|CS|TAMS 0x000000008a300000, 0x000000008a300000| Complete 
| 164|0x000000008a400000, 0x000000008a500000, 0x000000008a500000|100%| E|CS|TAMS 0x000000008a400000, 0x000000008a400000| Complete 
| 165|0x000000008a500000, 0x000000008a600000, 0x000000008a600000|100%| E|CS|TAMS 0x000000008a500000, 0x000000008a500000| Complete 
| 166|0x000000008a600000, 0x000000008a700000, 0x000000008a700000|100%| E|CS|TAMS 0x000000008a600000, 0x000000008a600000| Complete 
| 167|0x000000008a700000, 0x000000008a800000, 0x000000008a800000|100%| E|CS|TAMS 0x000000008a700000, 0x000000008a700000| Complete 
| 168|0x000000008a800000, 0x000000008a900000, 0x000000008a900000|100%| E|CS|TAMS 0x000000008a800000, 0x000000008a800000| Complete 
| 169|0x000000008a900000, 0x000000008aa00000, 0x000000008aa00000|100%| E|CS|TAMS 0x000000008a900000, 0x000000008a900000| Complete 
| 170|0x000000008aa00000, 0x000000008ab00000, 0x000000008ab00000|100%| E|CS|TAMS 0x000000008aa00000, 0x000000008aa00000| Complete 
| 171|0x000000008ab00000, 0x000000008ac00000, 0x000000008ac00000|100%| E|CS|TAMS 0x000000008ab00000, 0x000000008ab00000| Complete 
| 172|0x000000008ac00000, 0x000000008ad00000, 0x000000008ad00000|100%| E|CS|TAMS 0x000000008ac00000, 0x000000008ac00000| Complete 
| 173|0x000000008ad00000, 0x000000008ae00000, 0x000000008ae00000|100%| E|CS|TAMS 0x000000008ad00000, 0x000000008ad00000| Complete 
| 174|0x000000008ae00000, 0x000000008af00000, 0x000000008af00000|100%| E|CS|TAMS 0x000000008ae00000, 0x000000008ae00000| Complete 
| 175|0x000000008af00000, 0x000000008b000000, 0x000000008b000000|100%| E|CS|TAMS 0x000000008af00000, 0x000000008af00000| Complete 
| 176|0x000000008b000000, 0x000000008b100000, 0x000000008b100000|100%| E|CS|TAMS 0x000000008b000000, 0x000000008b000000| Complete 
| 177|0x000000008b100000, 0x000000008b200000, 0x000000008b200000|100%| E|CS|TAMS 0x000000008b100000, 0x000000008b100000| Complete 
| 178|0x000000008b200000, 0x000000008b300000, 0x000000008b300000|100%| E|CS|TAMS 0x000000008b200000, 0x000000008b200000| Complete 
| 179|0x000000008b300000, 0x000000008b400000, 0x000000008b400000|100%| E|CS|TAMS 0x000000008b300000, 0x000000008b300000| Complete 
| 180|0x000000008b400000, 0x000000008b500000, 0x000000008b500000|100%| E|CS|TAMS 0x000000008b400000, 0x000000008b400000| Complete 
| 181|0x000000008b500000, 0x000000008b600000, 0x000000008b600000|100%| S|CS|TAMS 0x000000008b500000, 0x000000008b500000| Complete 
| 182|0x000000008b600000, 0x000000008b700000, 0x000000008b700000|100%| S|CS|TAMS 0x000000008b600000, 0x000000008b600000| Complete 
| 183|0x000000008b700000, 0x000000008b800000, 0x000000008b800000|100%| S|CS|TAMS 0x000000008b700000, 0x000000008b700000| Complete 
| 184|0x000000008b800000, 0x000000008b900000, 0x000000008b900000|100%| S|CS|TAMS 0x000000008b800000, 0x000000008b800000| Complete 
| 185|0x000000008b900000, 0x000000008ba00000, 0x000000008ba00000|100%| S|CS|TAMS 0x000000008b900000, 0x000000008b900000| Complete 
| 186|0x000000008ba00000, 0x000000008bb00000, 0x000000008bb00000|100%| S|CS|TAMS 0x000000008ba00000, 0x000000008ba00000| Complete 
| 187|0x000000008bb00000, 0x000000008bc00000, 0x000000008bc00000|100%| E|CS|TAMS 0x000000008bb00000, 0x000000008bb00000| Complete 
| 188|0x000000008bc00000, 0x000000008bd00000, 0x000000008bd00000|100%| E|CS|TAMS 0x000000008bc00000, 0x000000008bc00000| Complete 
| 189|0x000000008bd00000, 0x000000008be00000, 0x000000008be00000|100%| E|CS|TAMS 0x000000008bd00000, 0x000000008bd00000| Complete 
| 190|0x000000008be00000, 0x000000008bf00000, 0x000000008bf00000|100%| E|CS|TAMS 0x000000008be00000, 0x000000008be00000| Complete 
| 191|0x000000008bf00000, 0x000000008c000000, 0x000000008c000000|100%| E|CS|TAMS 0x000000008bf00000, 0x000000008bf00000| Complete 

Card table byte_map: [0x000002932d0e0000,0x000002932d4e0000] _byte_map_base: 0x000002932cce0000

Marking Bits (Prev, Next): (CMBitMap*) 0x000002931841ed18, (CMBitMap*) 0x000002931841ed50
 Prev Bits: [0x000002932d8e0000, 0x000002932f8e0000)
 Next Bits: [0x000002932f8e0000, 0x00000293318e0000)

Polling page: 0x00000293184c0000

Metaspace:

Usage:
  Non-class:     34.72 MB capacity,    34.10 MB ( 98%) used,   543.27 KB (  2%) free+waste,    91.88 KB ( <1%) overhead. 
      Class:      5.33 MB capacity,     5.01 MB ( 94%) used,   279.77 KB (  5%) free+waste,    44.13 KB ( <1%) overhead. 
       Both:     40.05 MB capacity,    39.11 MB ( 98%) used,   823.03 KB (  2%) free+waste,   136.00 KB ( <1%) overhead. 

Virtual space:
  Non-class space:       36.00 MB reserved,      34.75 MB ( 97%) committed 
      Class space:        1.00 GB reserved,       5.45 MB ( <1%) committed 
             Both:        1.04 GB reserved,      40.20 MB (  4%) committed 

Chunk freelists:
   Non-Class:  31.00 KB
       Class:  14.00 KB
        Both:  45.00 KB

MaxMetaspaceSize: 17179869184.00 GB
CompressedClassSpaceSize: 1.00 GB

CodeHeap 'non-profiled nmethods': size=120064Kb used=1598Kb max_used=1598Kb free=118465Kb
 bounds [0x0000029325160000, 0x00000293253d0000, 0x000002932c6a0000]
CodeHeap 'profiled nmethods': size=120000Kb used=7581Kb max_used=7581Kb free=112418Kb
 bounds [0x000002931dc30000, 0x000002931e3a0000, 0x0000029325160000]
CodeHeap 'non-nmethods': size=5696Kb used=2200Kb max_used=2232Kb free=3495Kb
 bounds [0x000002931d6a0000, 0x000002931d910000, 0x000002931dc30000]
 total_blobs=4336 nmethods=3573 adapters=674
 compilation: enabled
              stopped_count=0, restarted_count=0
 full_count=0

Compilation events (20 events):
Event: 7.579 Thread 0x00000293347dd800 3552       3       org.gradle.internal.operations.OperationIdentifier::hashCode (14 bytes)
Event: 7.580 Thread 0x00000293347dd800 nmethod 3552 0x000002931e37d710 code [0x000002931e37d8c0, 0x000002931e37d9d8]
Event: 7.591 Thread 0x00000293347dd800 3553       3       org.gradle.internal.reflect.MutableClassDetails::field (49 bytes)
Event: 7.592 Thread 0x00000293347dd800 nmethod 3553 0x000002931e37da90 code [0x000002931e37dcc0, 0x000002931e37e428]
Event: 7.594 Thread 0x00000293347dd800 3554       3       org.gradle.internal.instantiation.generator.AbstractClassGenerator$ClassMetadata::resolveTypeVariables (19 bytes)
Event: 7.594 Thread 0x00000293347dd800 nmethod 3554 0x000002931e37e690 code [0x000002931e37e860, 0x000002931e37eb68]
Event: 7.594 Thread 0x00000293347dd800 3555       3       org.gradle.internal.reflect.JavaPropertyReflectionUtil::resolveMethodReturnType (44 bytes)
Event: 7.599 Thread 0x00000293347dd800 nmethod 3555 0x000002931e37ec90 code [0x000002931e37f1e0, 0x000002931e382208]
Event: 7.599 Thread 0x00000293347dd800 3560       3       sun.reflect.annotation.AnnotationType::getInstance (65 bytes)
Event: 7.600 Thread 0x00000293347dd800 nmethod 3560 0x000002931e383190 code [0x000002931e3833a0, 0x000002931e3839a8]
Event: 7.600 Thread 0x00000293347dd800 3561       3       java.lang.System$2::getAnnotationType (5 bytes)
Event: 7.600 Thread 0x00000293347dd800 nmethod 3561 0x000002931e383c10 code [0x000002931e383dc0, 0x000002931e383ed8]
Event: 7.600 Thread 0x00000293347dd800 3558       3       jdk.internal.reflect.ConstantPool::getUTF8At (10 bytes)
Event: 7.600 Thread 0x00000293347dd800 nmethod 3558 0x000002931e383f90 code [0x000002931e384140, 0x000002931e384268]
Event: 7.600 Thread 0x00000293347dd800 3556       3       org.gradle.internal.instantiation.generator.AbstractClassGenerator$PropertyMetadata::<init> (65 bytes)
Event: 7.601 Thread 0x00000293347dd800 nmethod 3556 0x000002931e384310 code [0x000002931e3845c0, 0x000002931e385478]
Event: 7.601 Thread 0x00000293347dd800 3563       1       com.google.common.collect.LinkedHashMultimap$ValueEntry::setSuccessorInValueSet (6 bytes)
Event: 7.601 Thread 0x00000293347dd800 nmethod 3563 0x00000293252ee210 code [0x00000293252ee3c0, 0x00000293252ee4b8]
Event: 7.602 Thread 0x00000293347dd800 3564       1       com.google.common.collect.LinkedHashMultimap$ValueSet::access$000 (5 bytes)
Event: 7.602 Thread 0x00000293347dd800 nmethod 3564 0x00000293252ee510 code [0x00000293252ee6c0, 0x00000293252ee758]

GC Heap History (14 events):
Event: 0.802 GC heap before
{Heap before GC invocations=0 (full 0):
 garbage-first heap   total 196608K, used 19456K [0x0000000080000000, 0x0000000100000000)
  region size 1024K, 14 young (14336K), 0 survivors (0K)
 Metaspace       used 6735K, capacity 6925K, committed 7168K, reserved 1056768K
  class space    used 582K, capacity 650K, committed 768K, reserved 1048576K
}
Event: 0.808 GC heap after
{Heap after GC invocations=1 (full 0):
 garbage-first heap   total 196608K, used 7911K [0x0000000080000000, 0x0000000100000000)
  region size 1024K, 2 young (2048K), 2 survivors (2048K)
 Metaspace       used 6735K, capacity 6925K, committed 7168K, reserved 1056768K
  class space    used 582K, capacity 650K, committed 768K, reserved 1048576K
}
Event: 1.282 GC heap before
{Heap before GC invocations=1 (full 0):
 garbage-first heap   total 196608K, used 20199K [0x0000000080000000, 0x0000000100000000)
  region size 1024K, 14 young (14336K), 2 survivors (2048K)
 Metaspace       used 10208K, capacity 10427K, committed 10624K, reserved 1058816K
  class space    used 1066K, capacity 1141K, committed 1152K, reserved 1048576K
}
Event: 1.287 GC heap after
{Heap after GC invocations=2 (full 0):
 garbage-first heap   total 196608K, used 9227K [0x0000000080000000, 0x0000000100000000)
  region size 1024K, 2 young (2048K), 2 survivors (2048K)
 Metaspace       used 10208K, capacity 10427K, committed 10624K, reserved 1058816K
  class space    used 1066K, capacity 1141K, committed 1152K, reserved 1048576K
}
Event: 2.014 GC heap before
{Heap before GC invocations=2 (full 0):
 garbage-first heap   total 196608K, used 40971K [0x0000000080000000, 0x0000000100000000)
  region size 1024K, 33 young (33792K), 2 survivors (2048K)
 Metaspace       used 11198K, capacity 11508K, committed 11776K, reserved 1060864K
  class space    used 1168K, capacity 1245K, committed 1280K, reserved 1048576K
}
Event: 2.018 GC heap after
{Heap after GC invocations=3 (full 0):
 garbage-first heap   total 196608K, used 12209K [0x0000000080000000, 0x0000000100000000)
  region size 1024K, 5 young (5120K), 5 survivors (5120K)
 Metaspace       used 11198K, capacity 11508K, committed 11776K, reserved 1060864K
  class space    used 1168K, capacity 1245K, committed 1280K, reserved 1048576K
}
Event: 4.091 GC heap before
{Heap before GC invocations=3 (full 0):
 garbage-first heap   total 196608K, used 74673K [0x0000000080000000, 0x0000000100000000)
  region size 1024K, 66 young (67584K), 5 survivors (5120K)
 Metaspace       used 20396K, capacity 20847K, committed 21120K, reserved 1067008K
  class space    used 2488K, capacity 2647K, committed 2688K, reserved 1048576K
}
Event: 4.101 GC heap after
{Heap after GC invocations=4 (full 0):
 garbage-first heap   total 196608K, used 16330K [0x0000000080000000, 0x0000000100000000)
  region size 1024K, 9 young (9216K), 9 survivors (9216K)
 Metaspace       used 20396K, capacity 20847K, committed 21120K, reserved 1067008K
  class space    used 2488K, capacity 2647K, committed 2688K, reserved 1048576K
}
Event: 4.126 GC heap before
{Heap before GC invocations=4 (full 0):
 garbage-first heap   total 196608K, used 17354K [0x0000000080000000, 0x0000000100000000)
  region size 1024K, 11 young (11264K), 9 survivors (9216K)
 Metaspace       used 20595K, capacity 21092K, committed 21248K, reserved 1067008K
  class space    used 2510K, capacity 2690K, committed 2816K, reserved 1048576K
}
Event: 4.138 GC heap after
{Heap after GC invocations=5 (full 0):
 garbage-first heap   total 196608K, used 17483K [0x0000000080000000, 0x0000000100000000)
  region size 1024K, 8 young (8192K), 8 survivors (8192K)
 Metaspace       used 20595K, capacity 21092K, committed 21248K, reserved 1067008K
  class space    used 2510K, capacity 2690K, committed 2816K, reserved 1048576K
}
Event: 6.179 GC heap before
{Heap before GC invocations=6 (full 0):
 garbage-first heap   total 196608K, used 126027K [0x0000000080000000, 0x0000000100000000)
  region size 1024K, 114 young (116736K), 8 survivors (8192K)
 Metaspace       used 34165K, capacity 34910K, committed 34944K, reserved 1079296K
  class space    used 4439K, capacity 4730K, committed 4736K, reserved 1048576K
}
Event: 6.196 GC heap after
{Heap after GC invocations=7 (full 0):
 garbage-first heap   total 196608K, used 21900K [0x0000000080000000, 0x0000000100000000)
  region size 1024K, 13 young (13312K), 13 survivors (13312K)
 Metaspace       used 34165K, capacity 34910K, committed 34944K, reserved 1079296K
  class space    used 4439K, capacity 4730K, committed 4736K, reserved 1048576K
}
Event: 6.301 GC heap before
{Heap before GC invocations=7 (full 0):
 garbage-first heap   total 196608K, used 24972K [0x0000000080000000, 0x0000000100000000)
  region size 1024K, 18 young (18432K), 13 survivors (13312K)
 Metaspace       used 35077K, capacity 35826K, committed 35840K, reserved 1081344K
  class space    used 4543K, capacity 4864K, committed 4864K, reserved 1048576K
}
Event: 6.318 GC heap after
{Heap after GC invocations=8 (full 0):
 garbage-first heap   total 196608K, used 23039K [0x0000000080000000, 0x0000000100000000)
  region size 1024K, 6 young (6144K), 6 survivors (6144K)
 Metaspace       used 35077K, capacity 35826K, committed 35840K, reserved 1081344K
  class space    used 4543K, capacity 4864K, committed 4864K, reserved 1048576K
}

Deoptimization events (20 events):
Event: 7.482 Thread 0x000002933613a000 Uncommon trap: trap_request=0xffffffc6 fr.pc=0x00000293252c24fc relative=0x00000000000001fc
Event: 7.482 Thread 0x000002933613a000 Uncommon trap: reason=bimorphic_or_optimized_type_check action=maybe_recompile pc=0x00000293252c24fc method=java.util.stream.Sink$ChainedReference.cancellationRequested()Z @ 4 c2
Event: 7.482 Thread 0x000002933613a000 DEOPT PACKING pc=0x00000293252c24fc sp=0x000000e0251fe810
Event: 7.482 Thread 0x000002933613a000 DEOPT UNPACKING pc=0x000002931d6c782f sp=0x000000e0251fe740 mode 2
Event: 7.527 Thread 0x00000293362f3000 Uncommon trap: trap_request=0xffffff4d fr.pc=0x0000029325289db0 relative=0x0000000000000110
Event: 7.527 Thread 0x00000293362f3000 Uncommon trap: reason=unstable_if action=reinterpret pc=0x0000029325289db0 method=java.util.Arrays.hashCode([Ljava/lang/Object;)I @ 34 c2
Event: 7.527 Thread 0x00000293362f3000 DEOPT PACKING pc=0x0000029325289db0 sp=0x000000e0256f9b00
Event: 7.527 Thread 0x00000293362f3000 DEOPT UNPACKING pc=0x000002931d6c782f sp=0x000000e0256f9a78 mode 2
Event: 7.527 Thread 0x00000293362f3000 Uncommon trap: trap_request=0xffffffde fr.pc=0x00000293252404a8 relative=0x00000000000002e8
Event: 7.527 Thread 0x00000293362f3000 Uncommon trap: reason=class_check action=maybe_recompile pc=0x00000293252404a8 method=java.util.Collections$SetFromMap.remove(Ljava/lang/Object;)Z @ 5 c2
Event: 7.527 Thread 0x00000293362f3000 DEOPT PACKING pc=0x00000293252404a8 sp=0x000000e0256fb140
Event: 7.527 Thread 0x00000293362f3000 DEOPT UNPACKING pc=0x000002931d6c782f sp=0x000000e0256fb138 mode 2
Event: 7.527 Thread 0x00000293362f3000 Uncommon trap: trap_request=0xffffffde fr.pc=0x00000293252404a8 relative=0x00000000000002e8
Event: 7.527 Thread 0x00000293362f3000 Uncommon trap: reason=class_check action=maybe_recompile pc=0x00000293252404a8 method=java.util.Collections$SetFromMap.remove(Ljava/lang/Object;)Z @ 5 c2
Event: 7.527 Thread 0x00000293362f3000 DEOPT PACKING pc=0x00000293252404a8 sp=0x000000e0256fb0c0
Event: 7.527 Thread 0x00000293362f3000 DEOPT UNPACKING pc=0x000002931d6c782f sp=0x000000e0256fb0b8 mode 2
Event: 7.571 Thread 0x00000293362f3000 Uncommon trap: trap_request=0xffffffde fr.pc=0x00000293252bfdd0 relative=0x0000000000000090
Event: 7.571 Thread 0x00000293362f3000 Uncommon trap: reason=class_check action=maybe_recompile pc=0x00000293252bfdd0 method=java.util.regex.Pattern$Node.study(Ljava/util/regex/Pattern$TreeInfo;)Z @ 12 c2
Event: 7.571 Thread 0x00000293362f3000 DEOPT PACKING pc=0x00000293252bfdd0 sp=0x000000e0256faba0
Event: 7.571 Thread 0x00000293362f3000 DEOPT UNPACKING pc=0x000002931d6c782f sp=0x000000e0256fab38 mode 2

Classes redefined (0 events):
No events

Internal exceptions (20 events):
Event: 7.336 Thread 0x00000293362f3000 Exception <a 'java/lang/ClassNotFoundException'{0x00000000886a0c50}: java/util/AbstractCollectionCustomizer> (0x00000000886a0c50) thrown at [./src/hotspot/share/classfile/systemDictionary.cpp, line 231]
Event: 7.339 Thread 0x00000293362f3000 Exception <a 'java/lang/ClassNotFoundException'{0x00000000886d7a70}: org/gradle/api/internal/DefaultDomainObjectCollectionCustomizer> (0x00000000886d7a70) thrown at [./src/hotspot/share/classfile/systemDictionary.cpp, line 231]
Event: 7.344 Thread 0x00000293362f3000 Exception <a 'java/lang/ClassNotFoundException'{0x0000000088523a00}: org/gradle/api/internal/DefaultNamedDomainObjectCollectionCustomizer> (0x0000000088523a00) thrown at [./src/hotspot/share/classfile/systemDictionary.cpp, line 231]
Event: 7.353 Thread 0x00000293362f3000 Exception <a 'java/lang/ClassNotFoundException'{0x00000000885a0398}: org/gradle/api/internal/DefaultNamedDomainObjectListCustomizer> (0x00000000885a0398) thrown at [./src/hotspot/share/classfile/systemDictionary.cpp, line 231]
Event: 7.359 Thread 0x00000293362f3000 Exception <a 'java/lang/ClassNotFoundException'{0x00000000885fa350}: org/gradle/api/internal/artifacts/DefaultArtifactRepositoryContainerCustomizer> (0x00000000885fa350) thrown at [./src/hotspot/share/classfile/systemDictionary.cpp, line 231]
Event: 7.363 Thread 0x00000293362f3000 Exception <a 'java/lang/ClassNotFoundException'{0x0000000088449bc0}: org/gradle/api/internal/artifacts/dsl/DefaultRepositoryHandlerCustomizer> (0x0000000088449bc0) thrown at [./src/hotspot/share/classfile/systemDictionary.cpp, line 231]
Event: 7.368 Thread 0x00000293362f3000 Exception <a 'java/lang/ClassNotFoundException'{0x00000000884ac690}: org/gradle/api/internal/artifacts/dsl/DefaultRepositoryHandler_DecoratedCustomizer> (0x00000000884ac690) thrown at [./src/hotspot/share/classfile/systemDictionary.cpp, line 231]
Event: 7.472 Thread 0x00000293362f3000 Exception <a 'java/lang/ClassNotFoundException'{0x0000000087e605e0}: org/gradle/api/internal/artifacts/repositories/DefaultMavenArtifactRepository_DecoratedBeanInfo> (0x0000000087e605e0) thrown at [./src/hotspot/share/classfile/systemDictionary.cpp, line 231]
Event: 7.474 Thread 0x00000293362f3000 Exception <a 'java/lang/ClassNotFoundException'{0x0000000087ea5ff8}: org/gradle/api/internal/artifacts/repositories/DefaultMavenArtifactRepositoryBeanInfo> (0x0000000087ea5ff8) thrown at [./src/hotspot/share/classfile/systemDictionary.cpp, line 231]
Event: 7.475 Thread 0x00000293362f3000 Exception <a 'java/lang/ClassNotFoundException'{0x0000000087eefa78}: org/gradle/api/internal/artifacts/repositories/AbstractAuthenticationSupportedRepositoryBeanInfo> (0x0000000087eefa78) thrown at [./src/hotspot/share/classfile/systemDictionary.cpp, line 231]
Event: 7.477 Thread 0x00000293362f3000 Exception <a 'java/lang/ClassNotFoundException'{0x0000000087d3a0a0}: org/gradle/api/internal/artifacts/repositories/AbstractResolutionAwareArtifactRepositoryBeanInfo> (0x0000000087d3a0a0) thrown at [./src/hotspot/share/classfile/systemDictionary.cpp, line 231]
Event: 7.479 Thread 0x00000293362f3000 Exception <a 'java/lang/ClassNotFoundException'{0x0000000087d7eff0}: org/gradle/api/internal/artifacts/repositories/AbstractArtifactRepositoryBeanInfo> (0x0000000087d7eff0) thrown at [./src/hotspot/share/classfile/systemDictionary.cpp, line 231]
Event: 7.480 Thread 0x00000293362f3000 Exception <a 'java/lang/ClassNotFoundException'{0x0000000087dc5f80}: org/gradle/api/internal/artifacts/repositories/AbstractArtifactRepositoryCustomizer> (0x0000000087dc5f80) thrown at [./src/hotspot/share/classfile/systemDictionary.cpp, line 231]
Event: 7.487 Thread 0x00000293362f3000 Exception <a 'java/lang/ClassNotFoundException'{0x0000000087c2d148}: org/gradle/api/internal/artifacts/repositories/AbstractResolutionAwareArtifactRepositoryCustomizer> (0x0000000087c2d148) thrown at [./src/hotspot/share/classfile/systemDictionary.cpp, line 231]
Event: 7.489 Thread 0x00000293362f3000 Exception <a 'java/lang/ClassNotFoundException'{0x0000000087c7f868}: org/gradle/api/internal/artifacts/repositories/AbstractAuthenticationSupportedRepositoryCustomizer> (0x0000000087c7f868) thrown at [./src/hotspot/share/classfile/systemDictionary.cpp, line 231]
Event: 7.492 Thread 0x00000293362f3000 Exception <a 'java/lang/ClassNotFoundException'{0x0000000087cd6878}: org/gradle/api/internal/artifacts/repositories/DefaultMavenArtifactRepositoryCustomizer> (0x0000000087cd6878) thrown at [./src/hotspot/share/classfile/systemDictionary.cpp, line 231]
Event: 7.497 Thread 0x00000293362f3000 Exception <a 'java/lang/ClassNotFoundException'{0x0000000087b3c988}: org/gradle/api/internal/artifacts/repositories/DefaultMavenArtifactRepository_DecoratedCustomizer> (0x0000000087b3c988) thrown at [./src/hotspot/share/classfile/systemDictionary.cpp, line 231]
Event: 7.520 Thread 0x00000293362f3000 Exception <a 'java/lang/ClassNotFoundException'{0x0000000087bea2b8}: org/gradle/initialization/DefaultProjectDescriptorBeanInfo> (0x0000000087bea2b8) thrown at [./src/hotspot/share/classfile/systemDictionary.cpp, line 231]
Event: 7.521 Thread 0x00000293362f3000 Exception <a 'java/lang/ClassNotFoundException'{0x0000000087a12780}: org/gradle/initialization/DefaultProjectDescriptorCustomizer> (0x0000000087a12780) thrown at [./src/hotspot/share/classfile/systemDictionary.cpp, line 231]
Event: 7.527 Thread 0x00000293362f3000 Implicit null exception at 0x0000029325289cec to 0x0000029325289d94

Events (20 events):
Event: 7.578 loading class org/gradle/initialization/NotifyingBuildLoader$2
Event: 7.578 loading class org/gradle/initialization/NotifyingBuildLoader$2 done
Event: 7.578 loading class org/gradle/initialization/NotifyingBuildLoader$2$1
Event: 7.578 loading class org/gradle/initialization/NotifyingBuildLoader$2$1 done
Event: 7.579 loading class org/gradle/initialization/LoadProjectsBuildOperationType$Details
Event: 7.579 loading class org/gradle/initialization/LoadProjectsBuildOperationType$Details done
Event: 7.580 loading class org/gradle/api/internal/project/DefaultProject
Event: 7.580 loading class org/gradle/api/internal/project/DefaultProject done
Event: 7.584 loading class org/gradle/internal/service/scopes/GradleScopeServices$1
Event: 7.584 loading class org/gradle/internal/service/scopes/GradleScopeServices$1 done
Event: 7.586 loading class org/gradle/api/CircularReferenceException
Event: 7.586 loading class org/gradle/api/CircularReferenceException done
Event: 7.588 loading class org/gradle/api/internal/file/DefaultProjectLayout
Event: 7.588 loading class org/gradle/api/internal/file/DefaultProjectLayout done
Event: 7.589 loading class org/gradle/api/internal/file/TaskFileVarFactory
Event: 7.589 loading class org/gradle/api/internal/file/TaskFileVarFactory done
Event: 7.589 loading class org/gradle/api/internal/project/DeferredProjectConfiguration
Event: 7.589 loading class org/gradle/api/internal/project/DeferredProjectConfiguration done
Event: 7.603 loading class org/gradle/internal/instantiation/generator/AsmBackedClassGenerator$ClassBuilderImpl$ReturnTypeEntry
Event: 7.603 loading class org/gradle/internal/instantiation/generator/AsmBackedClassGenerator$ClassBuilderImpl$ReturnTypeEntry done


Dynamic libraries:
0x00007ff73d710000 - 0x00007ff73d71a000 	C:\Program Files\Android\Android Studio\jre\bin\java.exe
0x00007fffceeb0000 - 0x00007fffcf0a5000 	C:\WINDOWS\SYSTEM32\ntdll.dll
0x00007fffcd7b0000 - 0x00007fffcd86e000 	C:\WINDOWS\System32\KERNEL32.DLL
0x00007fffcc9a0000 - 0x00007fffccc69000 	C:\WINDOWS\System32\KERNELBASE.dll
0x00007fffcc840000 - 0x00007fffcc940000 	C:\WINDOWS\System32\ucrtbase.dll
0x00007fffbee70000 - 0x00007fffbee89000 	C:\Program Files\Android\Android Studio\jre\bin\jli.dll
0x00007fffbe070000 - 0x00007fffbe087000 	C:\Program Files\Android\Android Studio\jre\bin\VCRUNTIME140.dll
0x00007fffce0b0000 - 0x00007fffce251000 	C:\WINDOWS\System32\USER32.dll
0x00007fffcc810000 - 0x00007fffcc832000 	C:\WINDOWS\System32\win32u.dll
0x00007fffce020000 - 0x00007fffce04b000 	C:\WINDOWS\System32\GDI32.dll
0x00007fffcc670000 - 0x00007fffcc77b000 	C:\WINDOWS\System32\gdi32full.dll
0x00007fffcc5d0000 - 0x00007fffcc66d000 	C:\WINDOWS\System32\msvcp_win.dll
0x00007fffb60c0000 - 0x00007fffb635a000 	C:\WINDOWS\WinSxS\amd64_microsoft.windows.common-controls_6595b64144ccf1df_6.0.19041.1110_none_60b5254171f9507e\COMCTL32.dll
0x00007fffcd560000 - 0x00007fffcd5fe000 	C:\WINDOWS\System32\msvcrt.dll
0x00007fffcda60000 - 0x00007fffcda90000 	C:\WINDOWS\System32\IMM32.DLL
0x00007fffbdfd0000 - 0x00007fffbe06d000 	C:\Program Files\Android\Android Studio\jre\bin\msvcp140.dll
0x00007fff91d70000 - 0x00007fff9283f000 	C:\Program Files\Android\Android Studio\jre\bin\server\jvm.dll
0x00007fffcd0e0000 - 0x00007fffcd18c000 	C:\WINDOWS\System32\ADVAPI32.dll
0x00007fffcda90000 - 0x00007fffcdb2b000 	C:\WINDOWS\System32\sechost.dll
0x00007fffccfb0000 - 0x00007fffcd0da000 	C:\WINDOWS\System32\RPCRT4.dll
0x00007fffce4e0000 - 0x00007fffce4e8000 	C:\WINDOWS\System32\PSAPI.DLL
0x00007fffbc8c0000 - 0x00007fffbc8e7000 	C:\WINDOWS\SYSTEM32\WINMM.dll
0x00007fffc85e0000 - 0x00007fffc85e9000 	C:\WINDOWS\SYSTEM32\WSOCK32.dll
0x00007fffc1c00000 - 0x00007fffc1c0a000 	C:\WINDOWS\SYSTEM32\VERSION.dll
0x00007fffcdfb0000 - 0x00007fffce01b000 	C:\WINDOWS\System32\WS2_32.dll
0x00007fffcaea0000 - 0x00007fffcaeb2000 	C:\WINDOWS\SYSTEM32\kernel.appcore.dll
0x00007fffc85c0000 - 0x00007fffc85d1000 	C:\Program Files\Android\Android Studio\jre\bin\verify.dll
0x00007fffb8440000 - 0x00007fffb8624000 	C:\WINDOWS\SYSTEM32\DBGHELP.DLL
0x00007fffb7390000 - 0x00007fffb73bc000 	C:\WINDOWS\SYSTEM32\dbgcore.DLL
0x00007fffcc780000 - 0x00007fffcc803000 	C:\WINDOWS\System32\bcryptPrimitives.dll
0x00007fffc8590000 - 0x00007fffc85b9000 	C:\Program Files\Android\Android Studio\jre\bin\java.dll
0x00007fffc8580000 - 0x00007fffc858b000 	C:\Program Files\Android\Android Studio\jre\bin\jimage.dll
0x00007fffc8540000 - 0x00007fffc8558000 	C:\Program Files\Android\Android Studio\jre\bin\zip.dll
0x00007fffce4f0000 - 0x00007fffcec2f000 	C:\WINDOWS\System32\SHELL32.dll
0x00007fffca4a0000 - 0x00007fffcac30000 	C:\WINDOWS\SYSTEM32\windows.storage.dll
0x00007fffcd200000 - 0x00007fffcd555000 	C:\WINDOWS\System32\combase.dll
0x00007fffcbf50000 - 0x00007fffcbf7c000 	C:\WINDOWS\SYSTEM32\Wldp.dll
0x00007fffccf00000 - 0x00007fffccfae000 	C:\WINDOWS\System32\SHCORE.dll
0x00007fffce260000 - 0x00007fffce2b5000 	C:\WINDOWS\System32\shlwapi.dll
0x00007fffcc510000 - 0x00007fffcc52f000 	C:\WINDOWS\SYSTEM32\profapi.dll
0x00007fffc84e0000 - 0x00007fffc84fa000 	C:\Program Files\Android\Android Studio\jre\bin\net.dll
0x00007fffc4a90000 - 0x00007fffc4b98000 	C:\WINDOWS\SYSTEM32\WINHTTP.dll
0x00007fffcbcb0000 - 0x00007fffcbd1a000 	C:\WINDOWS\system32\mswsock.dll
0x00007fffc79a0000 - 0x00007fffc79b4000 	C:\Program Files\Android\Android Studio\jre\bin\nio.dll
0x00007fffbee90000 - 0x00007fffbeeb7000 	C:\Users\TabSan\.gradle\native\8bec1ad78214c89d9ad589b4d07fe93259594b29d510b10fafb7a158f7737e5d\windows-amd64\native-platform.dll
0x00007fffbe0d0000 - 0x00007fffbe20d000 	C:\Users\TabSan\.gradle\native\53dbd7edfb1c66fb8903c78663c9afc45aea4f116125fa6feffd364cf09443e8\windows-amd64\native-platform-file-events.dll
0x00007fffb8d60000 - 0x00007fffb8d6a000 	C:\Program Files\Android\Android Studio\jre\bin\management.dll
0x00007fffb6990000 - 0x00007fffb699c000 	C:\Program Files\Android\Android Studio\jre\bin\management_ext.dll
0x00007fffcbeb0000 - 0x00007fffcbec8000 	C:\WINDOWS\SYSTEM32\CRYPTSP.dll
0x00007fffcb630000 - 0x00007fffcb664000 	C:\WINDOWS\system32\rsaenh.dll
0x00007fffccd20000 - 0x00007fffccd47000 	C:\WINDOWS\System32\bcrypt.dll
0x00007fffcc4d0000 - 0x00007fffcc4fe000 	C:\WINDOWS\SYSTEM32\USERENV.dll
0x00007fffcbea0000 - 0x00007fffcbeac000 	C:\WINDOWS\SYSTEM32\CRYPTBASE.dll
0x00007fffcb9a0000 - 0x00007fffcb9db000 	C:\WINDOWS\SYSTEM32\IPHLPAPI.DLL
0x00007fffce2c0000 - 0x00007fffce2c8000 	C:\WINDOWS\System32\NSI.dll
0x00007fffc54a0000 - 0x00007fffc54b7000 	C:\WINDOWS\SYSTEM32\dhcpcsvc6.DLL
0x00007fffc57a0000 - 0x00007fffc57bd000 	C:\WINDOWS\SYSTEM32\dhcpcsvc.DLL
0x00007fffcba30000 - 0x00007fffcbafc000 	C:\WINDOWS\SYSTEM32\DNSAPI.dll

dbghelp: loaded successfully - version: 4.0.5 - missing functions: none
symbol engine: initialized successfully - sym options: 0x614 - pdb path: .;C:\Program Files\Android\Android Studio\jre\bin;C:\WINDOWS\SYSTEM32;C:\WINDOWS\WinSxS\amd64_microsoft.windows.common-controls_6595b64144ccf1df_6.0.19041.1110_none_60b5254171f9507e;C:\Program Files\Android\Android Studio\jre\bin\server;C:\Users\TabSan\.gradle\native\8bec1ad78214c89d9ad589b4d07fe93259594b29d510b10fafb7a158f7737e5d\windows-amd64;C:\Users\TabSan\.gradle\native\53dbd7edfb1c66fb8903c78663c9afc45aea4f116125fa6feffd364cf09443e8\windows-amd64

VM Arguments:
jvm_args: --add-opens=java.base/java.util=ALL-UNNAMED --add-opens=java.base/java.lang=ALL-UNNAMED --add-opens=java.base/java.lang.invoke=ALL-UNNAMED --add-opens=java.base/java.util=ALL-UNNAMED --add-opens=java.prefs/java.util.prefs=ALL-UNNAMED --add-opens=java.prefs/java.util.prefs=ALL-UNNAMED --add-opens=java.base/java.nio.charset=ALL-UNNAMED --add-opens=java.base/java.net=ALL-UNNAMED --add-opens=java.base/java.util.concurrent.atomic=ALL-UNNAMED -Xmx2048m -Dfile.encoding=UTF-8 -Duser.country=MX -Duser.language=es -Duser.variant 
java_command: org.gradle.launcher.daemon.bootstrap.GradleDaemon 7.0.2
java_class_path (initial): C:\Users\TabSan\.gradle\wrapper\dists\gradle-7.0.2-bin\857tjihv64xamwrf0h14cai3r\gradle-7.0.2\lib\gradle-launcher-7.0.2.jar
Launcher Type: SUN_STANDARD

[Global flags]
     intx CICompilerCount                          = 3                                         {product} {ergonomic}
     uint ConcGCThreads                            = 1                                         {product} {ergonomic}
     uint G1ConcRefinementThreads                  = 4                                         {product} {ergonomic}
   size_t G1HeapRegionSize                         = 1048576                                   {product} {ergonomic}
    uintx GCDrainStackTargetSize                   = 64                                        {product} {ergonomic}
   size_t InitialHeapSize                          = 201326592                                 {product} {ergonomic}
   size_t MarkStackSize                            = 4194304                                   {product} {ergonomic}
   size_t MaxHeapSize                              = 2147483648                                {product} {command line}
   size_t MaxNewSize                               = 1287651328                                {product} {ergonomic}
   size_t MinHeapDeltaBytes                        = 1048576                                   {product} {ergonomic}
    uintx NonNMethodCodeHeapSize                   = 5830732                                {pd product} {ergonomic}
    uintx NonProfiledCodeHeapSize                  = 122913754                              {pd product} {ergonomic}
    uintx ProfiledCodeHeapSize                     = 122913754                              {pd product} {ergonomic}
    uintx ReservedCodeCacheSize                    = 251658240                              {pd product} {ergonomic}
     bool SegmentedCodeCache                       = true                                      {product} {ergonomic}
     bool UseCompressedClassPointers               = true                                 {lp64_product} {ergonomic}
     bool UseCompressedOops                        = true                                 {lp64_product} {ergonomic}
     bool UseG1GC                                  = true                                      {product} {ergonomic}
     bool UseLargePagesIndividualAllocation        = false                                  {pd product} {ergonomic}

Logging:
Log output configuration:
 #0: stdout all=warning uptime,level,tags
 #1: stderr all=off uptime,level,tags

Environment Variables:
JAVA_HOME=C:\Program Files\AdoptOpenJDK\jdk-11.0.11.9-hotspot\
PATH=C:\kotlinc\bin;C:\ProgramData\Oracle\Java\javapath;C:\WINDOWS\system32;C:\WINDOWS;C:\WINDOWS\System32\Wbem;C:\WINDOWS\System32\WindowsPowerShell\v1.0\;C:\Program Files\Java\jdk1.8.0_144\bin;C:\WINDOWS\System32\OpenSSH\;C:\Program Files\Common Files\Autodesk Shared\;C:\Program Files (x86)\Microsoft SQL Server\100\Tools\Binn\;C:\Program Files\Microsoft SQL Server\100\Tools\Binn\;C:\Program Files\Microsoft SQL Server\100\DTS\Binn\;C:\Program Files (x86)\Microsoft SQL Server\100\Tools\Binn\VSShell\Common7\IDE\;C:\Program Files (x86)\Microsoft SQL Server\100\DTS\Binn\;C:\Program Files (x86)\Microsoft Visual Studio 9.0\Common7\IDE\PrivateAssemblies\;C:\Program Files\Git\cmd;C:\Program Files\dotnet\;C:\Program Files\nodejs\;C:\ProgramData\chocolatey\bin;C:\Program Files (x86)\PDFtk Server\bin\;C:\Users\TabSan\AppData\Local\Programs\Python\Python35\Scripts\;C:\Users\TabSan\AppData\Local\Programs\Python\Python35\;C:\Users\TabSan\AppData\Local\Programs\Python\Python39\Scripts\;C:\Users\TabSan\AppData\Local\Programs\Python\Python39\;C:\Users\TabSan\AppData\Local\Programs\Python\Python38\Scripts\;C:\Users\TabSan\AppData\Local\Programs\Python\Python38\;C:\Users\TabSan\AppData\Local\Microsoft\WindowsApps;C:\Users\TabSan\AppData\Local\atom\bin;C:\Users\TabSan\AppData\Local\Microsoft\WindowsApps;C:\Users\TabSan\.dotnet\tools;E:\DOCUMENTOS\SQLite\sqlite-tools-win32-x86-3360000;C:\Users\TabSan\AppData\Local\Programs\Microsoft VS Code\bin;C:\Users\TabSan\AppData\Roaming\npm;C:\Program Files\MongoDB\Server\4.2\bin;C:\kotlinc\bin;
USERNAME=TabSan
OS=Windows_NT
PROCESSOR_IDENTIFIER=Intel64 Family 6 Model 58 Stepping 9, GenuineIntel



---------------  S Y S T E M  ---------------

OS: Windows 10 , 64 bit Build 19041 (10.0.19041.1202)
OS uptime: 0 days 0:29 hours

CPU:total 4 (initial active 4) (2 cores per cpu, 2 threads per core) family 6 model 58 stepping 9 microcode 0x21, cmov, cx8, fxsr, mmx, sse, sse2, sse3, ssse3, sse4.1, sse4.2, popcnt, avx, aes, clmul, erms, ht, tsc, tscinvbit, tscinv

Memory: 4k page, system-wide physical 12170M (6775M free)
TotalPageFile size 14986M (AvailPageFile size 9644M)
current process WorkingSet (physical memory assigned to process): 301M, peak: 302M
current process commit charge ("private bytes"): 378M, peak: 378M

vm_info: OpenJDK 64-Bit Server VM (11.0.10+0-b96-7249189) for windows-amd64 JRE (11.0.10+0-b96-7249189), built on Mar 31 2021 21:44:00 by "builder" with MS VC++ 14.0 (VS2015)

END.
